
 o  Retrieving project data
 o  Retrieving project data
 o  Retrieving project data
 o  Retrieving project data
 o  Retrieving project data
 o  Retrieving project data
 o  Retrieving project data
 o  Retrieving project data
 o  Retrieving project data
 o  Retrieving project data
 o  Retrieving project data
 o  Retrieving project data
 o  Retrieving project data
 o  Retrieving project data
 o  Retrieving project data
 o  Retrieving project data
 o  Retrieving project data
 o  Retrieving project data
 o  Retrieving project data
 o  Retrieving project data
 o  Retrieving project data
 o  Retrieving project data
 o  Retrieving project data
 o  Retrieving project data
 o  Retrieving project data
 o  Retrieving project data
 o  Retrieving project data
 o  Retrieving project dataStart of evolution
  Evaluated 10 individuals
-- Generation 1 --
  Evaluated 6 individuals
  Min 2694.1216743040186
  Max 8485.335654659228
  Avg 5772.0733840521625
  Std 2072.059195664226
-- Generation 2 --
  Evaluated 5 individuals
  Min 1672.9645259580252
  Max 6782.140472509596
  Avg 3000.807839289977
  Std 1296.6917744075627
-- Generation 3 --
  Evaluated 5 individuals
  Min 1672.5624322754295
  Max 2694.1216743040186
  Avg 2489.8500352665606
  Std 408.54328796856146
-- Generation 4 --
  Evaluated 2 individuals
  Min 1672.5624322754295
  Max 2694.1216743040186
  Avg 2285.5783962291025
  Std 500.36130072001833
-- End of (successful) evolution --
Total evaluations: 18 

Best individual is [0.81180127 0.44671639 0.10949525 0.44455905 0.70346263 0.18342741
 0.36034442 0.87466215 0.         0.16956667 0.        ], (1672.5624322754295,)

 o  Retrieving project data
 o  Retrieving project data
 o  Retrieving project data
 o  Retrieving project data
 o  Retrieving project data
 o  Retrieving project data
 o  Retrieving project data
 o  Retrieving project data
 o  Retrieving project data
 o  Retrieving project data
 o  Retrieving project data
 o  Retrieving project data
 o  Retrieving project data
 o  Retrieving project data
 o  Retrieving project data
 o  Retrieving project data
 o  Retrieving project data
 o  Retrieving project data
 o  Retrieving project data
 o  Retrieving project data
 o  Retrieving project data
 o  Retrieving project data
 o  Retrieving project data
 o  Retrieving project dataStart of evolution
  Evaluated 10 individuals
-- Generation 1 --
  Evaluated 0 individuals
  Min 5498.406578763153
  Max 8486.211604665623
  Avg 7143.910320368578
  Std 1139.0756922831006
-- Generation 2 --
  Evaluated 5 individuals
  Min 5498.406578763153
  Max 8229.503974653215
  Avg 6523.536517085173
  Std 1038.810847441491
-- Generation 3 --
  Evaluated 4 individuals
  Min 5498.406578763153
  Max 8014.100726639098
  Avg 6055.675946097512
  Std 928.2535021705277
-- Generation 4 --
  Evaluated 5 individuals
  Min 5498.406578763153
  Max 174230000000000.0
  Avg 17423000004948.566
  Std 52268999998350.48
-- End of (successful) evolution --
Total evaluations: 14 

Best individual is [0.60847119 0.44697814 0.57953933 0.83680862 0.75439265 0.7018445
 0.49687769 0.47207651 0.02782853 0.50250275 0.91826589], (5498.406578763153,)

 o  Retrieving project data
 o  Retrieving project data
 o  Retrieving project data
 o  Retrieving project data
 o  Retrieving project data
 o  Retrieving project data
 o  Retrieving project data
 o  Retrieving project data
 o  Retrieving project data
 o  Retrieving project data
 o  Retrieving project data
 o  Retrieving project data
 o  Retrieving project data
 o  Retrieving project data
 o  Retrieving project data
 o  Retrieving project data
 o  Retrieving project data
 o  Retrieving project data
 o  Retrieving project data
 o  Retrieving project data
 o  Retrieving project data
 o  Retrieving project dataStart of evolution
  Evaluated 10 individuals
-- Generation 1 --
  Evaluated 0 individuals
  Min 4650.8523524090015
  Max 7859.827015241333
  Avg 6733.0748798361965
  Std 769.7967158710654
-- Generation 2 --
  Evaluated 2 individuals
  Min 6643.902123645549
  Max 7487.160493515204
  Avg 6827.4062603118555
  Std 239.38200875385112
-- Generation 3 --
  Evaluated 2 individuals
  Min 6643.902123645549
  Max 147570000000325.44
  Avg 14757000006053.844
  Std 44270999998090.53
-- Generation 4 --
  Evaluated 8 individuals
  Min 4896.128064232372
  Max 98499000000000.0
  Avg 9849900005632.791
  Std 29549699998122.402
-- End of (successful) evolution --
Total evaluations: 12 

Best individual is [0.58204895 0.88384519 0.05642998 0.37725799 0.02469345 0.11958693
 0.9556042  0.62801997 0.88329498 0.6860521  0.19259773], (4896.128064232372,)

 o  Retrieving project data
 o  Retrieving project data
 o  Retrieving project data
 o  Retrieving project data
 o  Retrieving project data
 o  Retrieving project data
 o  Retrieving project data
 o  Retrieving project data
 o  Retrieving project data
 o  Retrieving project data
 o  Retrieving project data
 o  Retrieving project data
 o  Retrieving project data
 o  Retrieving project data
 o  Retrieving project data
 o  Retrieving project data
 o  Retrieving project data
 o  Retrieving project data
 o  Retrieving project data
 o  Retrieving project data
 o  Retrieving project data
 o  Retrieving project data
 o  Retrieving project data
 o  Retrieving project data
 o  Retrieving project data
 o  Retrieving project data
 o  Retrieving project data
 o  Retrieving project data
 o  Retrieving project data
 o  Retrieving project data
 o  Retrieving project data
 o  Retrieving project dataStart of evolution
  Evaluated 10 individuals
-- Generation 1 --
  Evaluated 8 individuals
  Min 5613.8759849411545
  Max 80479000004515.56
  Avg 12269700007228.846
  Std 25988023363891.055
-- Generation 2 --
  Evaluated 4 individuals
  Min 7498.366684652494
  Max 8347.388565538939
  Avg 7716.587872021459
  Std 332.46965350671815
-- Generation 3 --
  Evaluated 2 individuals
  Min 7498.366684652494
  Max 42218000001133.75
  Avg 4221800006867.043
  Std 12665399998088.902
-- Generation 4 --
  Evaluated 8 individuals
  Min 7498.366684652494
  Max 7506.929957132632
  Avg 7500.07933914852
  Std 3.4253089953351457
-- End of (successful) evolution --
Total evaluations: 22 

Best individual is [0.96502171 0.75084942 0.07668684 0.92864998 0.47208082 0.64458557
 0.47638871 0.43914083 0.39240734 0.19924815 0.43377898], (7498.366684652494,)

 o  Retrieving project data
 o  Retrieving project data
 o  Retrieving project data
 o  Retrieving project data
 o  Retrieving project data
 o  Retrieving project data
 o  Retrieving project data
 o  Retrieving project data
 o  Retrieving project data
 o  Retrieving project data
 o  Retrieving project data
 o  Retrieving project data
 o  Retrieving project data
 o  Retrieving project data
 o  Retrieving project data
 o  Retrieving project data
 o  Retrieving project data
 o  Retrieving project data
 o  Retrieving project data
 o  Retrieving project data
 o  Retrieving project data
 o  Retrieving project data
 o  Retrieving project data
 o  Retrieving project dataStart of evolution
  Evaluated 10 individuals
-- Generation 1 --
  Evaluated 5 individuals
  Min 5452.58000545158
  Max 8267.578289456194
  Avg 7275.368905615037
  Std 941.8014378066231
-- Generation 2 --
  Evaluated 2 individuals
  Min 5452.58000545158
  Max 2664000004431.247
  Avg 266400006412.86807
  Std 799199999339.4596
-- Generation 3 --
  Evaluated 4 individuals
  Min 5452.58000545158
  Max 5452.58000545158
  Avg 5452.580005451579
  Std 0.0001220703125
-- Generation 4 --
  Evaluated 3 individuals
  Min 5452.58000545158
  Max 5452.58000545158
  Avg 5452.580005451579
  Std 0.0001220703125
-- End of (successful) evolution --
Total evaluations: 14 

Best individual is [0.93433517 0.27622085 0.45892811 0.72162767 0.0175906  0.46941725
 0.94527645 0.60747795 0.97760676 0.92681864 0.94364213], (5452.58000545158,)

 o  Retrieving project data
 o  Retrieving project data
 o  Retrieving project data
 o  Retrieving project data
 o  Retrieving project data
 o  Retrieving project data
 o  Retrieving project data
 o  Retrieving project data
 o  Retrieving project data
 o  Retrieving project data
 o  Retrieving project data
 o  Retrieving project data
 o  Retrieving project data
 o  Retrieving project data
 o  Retrieving project data
 o  Retrieving project data
 o  Retrieving project data
 o  Retrieving project data
 o  Retrieving project data
 o  Retrieving project data
 o  Retrieving project data
 o  Retrieving project data
 o  Retrieving project data
 o  Retrieving project data
 o  Retrieving project data
 o  Retrieving project dataStart of evolution
  Evaluated 10 individuals
-- Generation 1 --
  Evaluated 7 individuals
  Min 4379.8368597082
  Max 8441.27677160818
  Avg 6587.928830192616
  Std 1584.8151085130341
-- Generation 2 --
  Evaluated 5 individuals
  Min 4379.8368597082
  Max 6998.443403671707
  Avg 5039.564697180775
  Std 1018.4542972847856
-- Generation 3 --
  Evaluated 1 individuals
  Min 4379.8368597082
  Max 4379.8368597082
  Avg 4379.8368597082
  Std 6.103515625e-05
-- Generation 4 --
  Evaluated 3 individuals
  Min 4379.8368597082
  Max 93665000003635.62
  Avg 9366500004305.418
  Std 28099499999776.734
-- End of (successful) evolution --
Total evaluations: 16 

Best individual is [0.07930653 0.05813641 0.90232405 0.27406462 0.30958751 0.71947356
 0.60002621 0.21987947 0.91350739 0.17967575 0.00132334], (4379.8368597082,)

 o  Retrieving project data
 o  Retrieving project data
 o  Retrieving project data
 o  Retrieving project data
 o  Retrieving project data
 o  Retrieving project data
 o  Retrieving project data
 o  Retrieving project data
 o  Retrieving project data
 o  Retrieving project data
 o  Retrieving project data
 o  Retrieving project data
 o  Retrieving project data
 o  Retrieving project data
 o  Retrieving project data
 o  Retrieving project data
 o  Retrieving project data
 o  Retrieving project data
 o  Retrieving project data
 o  Retrieving project data
 o  Retrieving project data
 o  Retrieving project data
 o  Retrieving project data
 o  Retrieving project data
 o  Retrieving project data
 o  Retrieving project data
 o  Retrieving project data
 o  Retrieving project dataStart of evolution
  Evaluated 10 individuals
-- Generation 1 --
  Evaluated 2 individuals
  Min 5113.527972505026
  Max 8528.375370931235
  Avg 7105.77390645749
  Std 1131.0202855952305
-- Generation 2 --
  Evaluated 5 individuals
  Min 4420.252629807286
  Max 82401000003185.84
  Avg 8240100005627.631
  Std 24720299999186.07
-- Generation 3 --
  Evaluated 5 individuals
  Min 4420.252629807286
  Max 98171000000108.14
  Avg 9817100004716.271
  Std 29451299998463.957
-- Generation 4 --
  Evaluated 6 individuals
  Min 4420.252629807286
  Max 83673000002669.66
  Avg 8367300004591.83
  Std 25101899999359.277
-- End of (successful) evolution --
Total evaluations: 18 

Best individual is [0.29927118 0.64432361 0.5584911  0.05068129 0.8003377  0.17851858
 0.66958861 0.86693795 0.26270645 0.30770553 0.        ], (4420.252629807286,)

 o  Retrieving project data
 o  Retrieving project data
 o  Retrieving project data
 o  Retrieving project data
 o  Retrieving project data
 o  Retrieving project data
 o  Retrieving project data
 o  Retrieving project data
 o  Retrieving project data
 o  Retrieving project data
 o  Retrieving project data
 o  Retrieving project data
 o  Retrieving project data
 o  Retrieving project data
 o  Retrieving project data
 o  Retrieving project data
 o  Retrieving project data
 o  Retrieving project data
 o  Retrieving project data
 o  Retrieving project data
 o  Retrieving project dataStart of evolution
  Evaluated 10 individuals
-- Generation 1 --
  Evaluated 2 individuals
  Min 5975.272970451416
  Max 8187.228923159683
  Avg 6901.127088829885
  Std 777.4890945935497
-- Generation 2 --
  Evaluated 5 individuals
  Min 5975.272970451416
  Max 191288000000000.0
  Avg 23379700005450.035
  Std 57386418516897.51
-- Generation 3 --
  Evaluated 2 individuals
  Min 5975.272970451416
  Max 5975.272970451416
  Avg 5975.272970451415
  Std 0.00014950498918354357
-- Generation 4 --
  Evaluated 2 individuals
  Min 5975.272970451416
  Max 5975.272970451416
  Avg 5975.272970451415
  Std 0.00014950498918354357
-- End of (successful) evolution --
Total evaluations: 11 

Best individual is [0.09655108 0.02384117 0.14057379 0.08858442 0.86457493 0.91751672
 0.80258466 0.07983292 0.22560312 0.88563567 0.26464693], (5975.272970451416,)

 o  Retrieving project data
 o  Retrieving project data
 o  Retrieving project data
 o  Retrieving project data
 o  Retrieving project data
 o  Retrieving project data
 o  Retrieving project data
 o  Retrieving project data
 o  Retrieving project data
 o  Retrieving project data
 o  Retrieving project data
 o  Retrieving project data
 o  Retrieving project data
 o  Retrieving project data
 o  Retrieving project data
 o  Retrieving project data
 o  Retrieving project data
 o  Retrieving project data
 o  Retrieving project data
 o  Retrieving project data
 o  Retrieving project data
 o  Retrieving project data
 o  Retrieving project data
 o  Retrieving project data
 o  Retrieving project data
 o  Retrieving project data
 o  Retrieving project data
 o  Retrieving project data
 o  Retrieving project data
 o  Retrieving project data
 o  Retrieving project dataStart of evolution
  Evaluated 10 individuals
-- Generation 1 --
  Evaluated 4 individuals
  Min 3871.1013414102144
  Max 98014000001323.77
  Avg 9801400006596.37
  Std 29404199998242.465
-- Generation 2 --
  Evaluated 7 individuals
  Min 3871.1013414102144
  Max 92906000003394.3
  Avg 13512500005337.613
  Std 29305446991855.51
-- Generation 3 --
  Evaluated 4 individuals
  Min 3871.1013414102144
  Max 76087000001239.55
  Avg 7608700004371.318
  Std 22826099998956.08
-- Generation 4 --
  Evaluated 6 individuals
  Min 3871.1013414102144
  Max 170138000001092.8
  Avg 25487100003330.84
  Std 54434086442031.234
-- End of (successful) evolution --
Total evaluations: 21 

Best individual is [0.03184638 0.12143402 0.53086086 0.43230685 0.82827681 0.02790289
 0.47125017 0.62774734 0.64737171 0.60775256 0.52034105], (3871.1013414102144,)

 o  Retrieving project data
 o  Retrieving project data
 o  Retrieving project data
 o  Retrieving project data
 o  Retrieving project data
 o  Retrieving project data
 o  Retrieving project data
 o  Retrieving project data
 o  Retrieving project data
 o  Retrieving project data
 o  Retrieving project data
 o  Retrieving project data
 o  Retrieving project data
 o  Retrieving project data
 o  Retrieving project data
 o  Retrieving project data
 o  Retrieving project data
 o  Retrieving project data
 o  Retrieving project data
 o  Retrieving project data
 o  Retrieving project data
 o  Retrieving project data
 o  Retrieving project data
 o  Retrieving project data
 o  Retrieving project data
 o  Retrieving project data
 o  Retrieving project data
 o  Retrieving project data
 o  Retrieving project data
 o  Retrieving project data
 o  Retrieving project dataStart of evolution
  Evaluated 10 individuals
-- Generation 1 --
  Evaluated 4 individuals
  Min 3871.1013414102144
  Max 98014000001323.77
  Avg 9801400006596.37
  Std 29404199998242.465
-- Generation 2 --
  Evaluated 7 individuals
  Min 3871.1013414102144
  Max 92906000003394.3
  Avg 13512500005337.613
  Std 29305446991855.51
-- Generation 3 --
  Evaluated 4 individuals
  Min 3871.1013414102144
  Max 76087000001239.55
  Avg 7608700004371.318
  Std 22826099998956.08
-- Generation 4 --
  Evaluated 6 individuals
  Min 3871.1013414102144
  Max 170138000001092.8
  Avg 25487100003330.84
  Std 54434086442031.234
-- End of (successful) evolution --
Total evaluations: 21 

Best individual is [0.03184638 0.12143402 0.53086086 0.43230685 0.82827681 0.02790289
 0.47125017 0.62774734 0.64737171 0.60775256 0.52034105], (3871.1013414102144,)
