
 o  Retrieving project data
 o  Retrieving project data
 o  Retrieving project data
 o  Retrieving project data
 o  Retrieving project data
 o  Retrieving project data
 o  Retrieving project data
 o  Retrieving project data
 o  Retrieving project data
 o  Retrieving project data
 o  Retrieving project data
 o  Retrieving project data
 o  Retrieving project data
 o  Retrieving project data
 o  Retrieving project data
 o  Retrieving project data
 o  Retrieving project data
 o  Retrieving project data
 o  Retrieving project data
 o  Retrieving project data
 o  Retrieving project data
 o  Retrieving project data
 o  Retrieving project data
 o  Retrieving project data
 o  Retrieving project data
 o  Retrieving project data
 o  Retrieving project data
 o  Retrieving project data
 o  Retrieving project data
 o  Retrieving project data
 o  Retrieving project data
 o  Retrieving project dataStart of evolution
  Evaluated 10 individuals
-- Generation 1 --
  Evaluated 2 individuals
  Min 5847.632829539732
  Max 8419.878799966313
  Avg 6943.941470811718
  Std 971.7643232683107
-- Generation 2 --
  Evaluated 8 individuals
  Min 5119.902962565672
  Max 7299.17325291812
  Avg 5920.013885180165
  Std 508.34734068659907
-- Generation 3 --
  Evaluated 8 individuals
  Min 5119.902962565672
  Max 77677000002407.53
  Avg 7767700005285.31
  Std 23303099999040.742
-- Generation 4 --
  Evaluated 4 individuals
  Min 5119.902962565672
  Max 5847.632829539732
  Avg 5338.22192265789
  Std 333.48772008887937
-- End of (successful) evolution --
Total evaluations: 22 

Best individual is [0.52343621 0.75819693 0.0331133  0.76215982 0.20461025 0.97332395
 0.91800513 0.5739909  0.46135195 0.57235891 0.54707011], (5119.902962565672,)

 o  Retrieving project data
 o  Retrieving project data
 o  Retrieving project data
 o  Retrieving project data
 o  Retrieving project data
 o  Retrieving project data
 o  Retrieving project data
 o  Retrieving project data
 o  Retrieving project data
 o  Retrieving project data
 o  Retrieving project data
 o  Retrieving project data
 o  Retrieving project data
 o  Retrieving project data
 o  Retrieving project data
 o  Retrieving project data
 o  Retrieving project data
 o  Retrieving project data
 o  Retrieving project data
 o  Retrieving project data
 o  Retrieving project data
 o  Retrieving project data
 o  Retrieving project data
 o  Retrieving project data
 o  Retrieving project data
 o  Retrieving project data
 o  Retrieving project dataStart of evolution
  Evaluated 10 individuals
-- Generation 1 --
  Evaluated 5 individuals
  Min 5708.592221249358
  Max 8279.977391979131
  Avg 6665.377655483879
  Std 1066.4884698829565
-- Generation 2 --
  Evaluated 4 individuals
  Min 5747.281701565043
  Max 6174.622481274363
  Avg 5930.714488770551
  Std 162.9706702695501
-- Generation 3 --
  Evaluated 5 individuals
  Min 4090.852171114838
  Max 5783.884630622303
  Avg 5599.940213048653
  Std 503.32519498262883
-- Generation 4 --
  Evaluated 3 individuals
  Min 4090.852171114838
  Max 70297000003828.9
  Avg 10574000004634.64
  Std 22538366617093.44
-- End of (successful) evolution --
Total evaluations: 17 

Best individual is [0.50174065 0.75712282 0.03269252 0.23558832 0.41102689 0.41437368
 0.80621798 0.61989355 0.13323529 0.62867257 0.        ], (4090.852171114838,)

 o  Retrieving project data
 o  Retrieving project data
 o  Retrieving project data
 o  Retrieving project data
 o  Retrieving project data
 o  Retrieving project data
 o  Retrieving project data
 o  Retrieving project data
 o  Retrieving project data
 o  Retrieving project data
 o  Retrieving project data
 o  Retrieving project data
 o  Retrieving project data
 o  Retrieving project data
 o  Retrieving project data
 o  Retrieving project data
 o  Retrieving project data
 o  Retrieving project data
 o  Retrieving project data
 o  Retrieving project data
 o  Retrieving project data
 o  Retrieving project data
 o  Retrieving project data
 o  Retrieving project data
 o  Retrieving project data
 o  Retrieving project data
 o  Retrieving project data
 o  Retrieving project data
 o  Retrieving project data
 o  Retrieving project data
 o  Retrieving project dataStart of evolution
  Evaluated 10 individuals
-- Generation 1 --
  Evaluated 3 individuals
  Min 5754.773793736421
  Max 70313000005064.805
  Avg 7031300006366.733
  Std 21093899999566.023
-- Generation 2 --
  Evaluated 6 individuals
  Min 5754.773793736421
  Max 97671000000057.55
  Avg 9767100005944.088
  Std 29301299998037.82
-- Generation 3 --
  Evaluated 3 individuals
  Min 4393.814925856542
  Max 8096.7211321991945
  Avg 5960.434611838381
  Std 898.3830150136467
-- Generation 4 --
  Evaluated 9 individuals
  Min 4393.814925856542
  Max 81045000001907.03
  Avg 11129800004403.277
  Std 24989620951546.934
-- End of (successful) evolution --
Total evaluations: 21 

Best individual is [0.98027465 0.84158956 0.46947239 0.24347413 0.62426504 0.15353933
 0.98081824 0.67473779 0.03458506 0.78161579 0.99926326], (4393.814925856542,)

 o  Retrieving project data
 o  Retrieving project data
 o  Retrieving project data
 o  Retrieving project data
 o  Retrieving project data
 o  Retrieving project data
 o  Retrieving project data
 o  Retrieving project data
 o  Retrieving project data
 o  Retrieving project data
 o  Retrieving project data
 o  Retrieving project data
 o  Retrieving project data
 o  Retrieving project data
 o  Retrieving project data
 o  Retrieving project data
 o  Retrieving project data
 o  Retrieving project data
 o  Retrieving project data
 o  Retrieving project data
 o  Retrieving project data
 o  Retrieving project data
 o  Retrieving project data
 o  Retrieving project data
 o  Retrieving project data
 o  Retrieving project data
 o  Retrieving project data
 o  Retrieving project data
 o  Retrieving project data
 o  Retrieving project data
 o  Retrieving project data
 o  Retrieving project data
 o  Retrieving project data
 o  Retrieving project data
 o  Retrieving project data
 o  Retrieving project dataStart of evolution
  Evaluated 10 individuals
-- Generation 1 --
  Evaluated 6 individuals
  Min 4309.236997159768
  Max 151899000002770.3
  Avg 15189900006637.166
  Std 45569699998711.05
-- Generation 2 --
  Evaluated 6 individuals
  Min 4309.236997159768
  Max 79271000001374.31
  Avg 13830400005750.852
  Std 28028533474972.91
-- Generation 3 --
  Evaluated 7 individuals
  Min 4309.236997159768
  Max 6359.361689122624
  Avg 5408.520264749285
  Std 922.3847617663691
-- Generation 4 --
  Evaluated 7 individuals
  Min 457.68811082773124
  Max 42843000002899.83
  Avg 8302500003758.409
  Std 16615657405861.33
-- End of (successful) evolution --
Total evaluations: 26 

Best individual is [0.48900249 0.34479276 0.44332244 0.63369124 0.00288389 0.12481795
 0.92730986 0.41385809 0.         0.28926898 0.4418273 ], (457.68811082773124,)

 o  Retrieving project data
 o  Retrieving project data
 o  Retrieving project data
 o  Retrieving project data
 o  Retrieving project data
 o  Retrieving project data
 o  Retrieving project data
 o  Retrieving project data
 o  Retrieving project data
 o  Retrieving project data
 o  Retrieving project data
 o  Retrieving project data
 o  Retrieving project data
 o  Retrieving project data
 o  Retrieving project data
 o  Retrieving project data
 o  Retrieving project data
 o  Retrieving project data
 o  Retrieving project data
 o  Retrieving project data
 o  Retrieving project data
 o  Retrieving project data
 o  Retrieving project data
 o  Retrieving project data
 o  Retrieving project data
 o  Retrieving project data
 o  Retrieving project data
 o  Retrieving project data
 o  Retrieving project data
 o  Retrieving project dataStart of evolution
  Evaluated 10 individuals
-- Generation 1 --
  Evaluated 5 individuals
  Min 5790.244038532647
  Max 14290000001206.287
  Avg 2311800006517.794
  Std 4782190830468.783
-- Generation 2 --
  Evaluated 5 individuals
  Min 5790.244038532647
  Max 8292.739333792148
  Avg 7194.36986891239
  Std 1152.9603393692446
-- Generation 3 --
  Evaluated 4 individuals
  Min 5790.244038532647
  Max 8000.16703443993
  Avg 6438.033292374827
  Std 989.7086683373864
-- Generation 4 --
  Evaluated 6 individuals
  Min 5790.244038532647
  Max 7924.22880978991
  Avg 6003.642515658374
  Std 640.1954313771713
-- End of (successful) evolution --
Total evaluations: 20 

Best individual is [0.11755634 0.04739955 0.048363   0.41955092 0.50781926 0.45433452
 0.83293293 0.80615993 0.9533943  0.93911744 0.68010378], (5790.244038532647,)

 o  Retrieving project data
 o  Retrieving project data
 o  Retrieving project data
 o  Retrieving project data
 o  Retrieving project data
 o  Retrieving project data
 o  Retrieving project data
 o  Retrieving project data
 o  Retrieving project data
 o  Retrieving project data
 o  Retrieving project data
 o  Retrieving project data
 o  Retrieving project data
 o  Retrieving project data
 o  Retrieving project data
 o  Retrieving project data
 o  Retrieving project data
 o  Retrieving project data
 o  Retrieving project data
 o  Retrieving project data
 o  Retrieving project data
 o  Retrieving project dataStart of evolution
  Evaluated 10 individuals
-- Generation 1 --
  Evaluated 5 individuals
  Min 4487.671046206432
  Max 92796000002655.03
  Avg 18559200006344.83
  Std 37118399998155.1
-- Generation 2 --
  Evaluated 1 individuals
  Min 4487.671046206432
  Max 7901.747904313516
  Avg 5934.697202079444
  Std 1476.0774387768329
-- Generation 3 --
  Evaluated 1 individuals
  Min 3959.8294393269034
  Max 4487.671046206432
  Avg 4434.886885518479
  Std 158.35248206386254
-- Generation 4 --
  Evaluated 5 individuals
  Min 3959.8294393269034
  Max 81962000000907.7
  Avg 16131500003695.36
  Std 32268274093367.684
-- End of (successful) evolution --
Total evaluations: 12 

Best individual is [0.74182554 0.63149169 0.4175899  0.18495593 0.16189726 0.44756118
 0.6771404  0.30054907 0.01497298 0.46054954 0.        ], (3959.8294393269034,)

 o  Retrieving project data
 o  Retrieving project data
 o  Retrieving project data
 o  Retrieving project data
 o  Retrieving project data
 o  Retrieving project data
 o  Retrieving project data
 o  Retrieving project data
 o  Retrieving project data
 o  Retrieving project data
 o  Retrieving project data
 o  Retrieving project data
 o  Retrieving project data
 o  Retrieving project data
 o  Retrieving project data
 o  Retrieving project data
 o  Retrieving project data
 o  Retrieving project data
 o  Retrieving project data
 o  Retrieving project data
 o  Retrieving project data
 o  Retrieving project data
 o  Retrieving project data
 o  Retrieving project dataStart of evolution
  Evaluated 10 individuals
-- Generation 1 --
  Evaluated 5 individuals
  Min 3493.1504549822107
  Max 84211000000712.84
  Avg 12678700005118.12
  Std 27012430396487.8
-- Generation 2 --
  Evaluated 2 individuals
  Min 3493.1504549822107
  Max 8334.758341330007
  Avg 5167.884217163549
  Std 1372.6756681785712
-- Generation 3 --
  Evaluated 1 individuals
  Min 3493.1504549822107
  Max 4956.387057946319
  Avg 4434.674155043049
  Std 619.5373315124583
-- Generation 4 --
  Evaluated 6 individuals
  Min 2344.977377699202
  Max 4790.903213918243
  Avg 3508.108423147513
  Std 547.7432090503046
-- End of (successful) evolution --
Total evaluations: 14 

Best individual is [0.45519539 0.20058174 0.02870028 0.02766679 0.94174271 0.87979262
 0.02151694 0.72744941 0.57769196 0.54548248 0.03997085], (2344.977377699202,)

 o  Retrieving project data
 o  Retrieving project data
 o  Retrieving project data
 o  Retrieving project data
 o  Retrieving project data
 o  Retrieving project data
 o  Retrieving project data
 o  Retrieving project data
 o  Retrieving project data
 o  Retrieving project data
 o  Retrieving project data
 o  Retrieving project data
 o  Retrieving project data
 o  Retrieving project data
 o  Retrieving project data
 o  Retrieving project data
 o  Retrieving project data
 o  Retrieving project data
 o  Retrieving project data
 o  Retrieving project data
 o  Retrieving project data
 o  Retrieving project data
 o  Retrieving project data
 o  Retrieving project dataStart of evolution
  Evaluated 10 individuals
-- Generation 1 --
  Evaluated 4 individuals
  Min 4629.903780922994
  Max 82295000004219.28
  Avg 12480800006023.729
  Std 26499280192426.22
-- Generation 2 --
  Evaluated 4 individuals
  Min 4007.48754127173
  Max 108892000000472.38
  Avg 10889200004705.004
  Std 32667599998589.12
-- Generation 3 --
  Evaluated 5 individuals
  Min 4007.48754127173
  Max 95282000003743.17
  Avg 18894700004522.93
  Std 37791129736436.88
-- Generation 4 --
  Evaluated 1 individuals
  Min 4007.48754127173
  Max 5441.733482973282
  Avg 4562.244571712448
  Std 621.9674096278115
-- End of (successful) evolution --
Total evaluations: 14 

Best individual is [0.10114431 0.4763603  0.13093149 0.70697355 0.81987905 0.01223546
 0.76239488 0.98037126 0.12808989 0.6256717  0.77718923], (4007.48754127173,)

 o  Retrieving project data
 o  Retrieving project data
 o  Retrieving project data
 o  Retrieving project data
 o  Retrieving project data
 o  Retrieving project data
 o  Retrieving project data
 o  Retrieving project data
 o  Retrieving project data
 o  Retrieving project data
 o  Retrieving project data
 o  Retrieving project data
 o  Retrieving project data
 o  Retrieving project data
 o  Retrieving project data
 o  Retrieving project data
 o  Retrieving project data
 o  Retrieving project data
 o  Retrieving project data
 o  Retrieving project data
 o  Retrieving project data
 o  Retrieving project data
 o  Retrieving project data
 o  Retrieving project data
 o  Retrieving project dataStart of evolution
  Evaluated 10 individuals
-- Generation 1 --
  Evaluated 2 individuals
  Min 3966.690634826273
  Max 7934.0403983016495
  Avg 6162.817337591018
  Std 1474.8803322808456
-- Generation 2 --
  Evaluated 4 individuals
  Min 3966.690634826273
  Max 7684.300985954158
  Avg 4832.802679822131
  Std 1202.7145689518852
-- Generation 3 --
  Evaluated 5 individuals
  Min 3966.690634826273
  Max 93845000002454.83
  Avg 9384500003815.504
  Std 28153499999546.44
-- Generation 4 --
  Evaluated 4 individuals
  Min 3966.690634826273
  Max 3966.690634826273
  Avg 3966.690634826272
  Std 7.475249459177179e-05
-- End of (successful) evolution --
Total evaluations: 15 

Best individual is [0.16678135 0.86756639 0.07563389 0.03059538 0.90762395 0.11918057
 0.59991996 0.95629845 0.65683104 0.14844437 0.21540685], (3966.690634826273,)

 o  Retrieving project data
 o  Retrieving project data
 o  Retrieving project data
 o  Retrieving project data
 o  Retrieving project data
 o  Retrieving project data
 o  Retrieving project data
 o  Retrieving project data
 o  Retrieving project data
 o  Retrieving project data
 o  Retrieving project data
 o  Retrieving project data
 o  Retrieving project data
 o  Retrieving project data
 o  Retrieving project data
 o  Retrieving project data
 o  Retrieving project data
 o  Retrieving project data
 o  Retrieving project data
 o  Retrieving project data
 o  Retrieving project data
 o  Retrieving project data
 o  Retrieving project data
 o  Retrieving project data
 o  Retrieving project dataStart of evolution
  Evaluated 10 individuals
-- Generation 1 --
  Evaluated 2 individuals
  Min 3966.690634826273
  Max 7934.0403983016495
  Avg 6162.817337591018
  Std 1474.8803322808456
-- Generation 2 --
  Evaluated 4 individuals
  Min 3966.690634826273
  Max 7684.300985954158
  Avg 4832.802679822131
  Std 1202.7145689518852
-- Generation 3 --
  Evaluated 5 individuals
  Min 3966.690634826273
  Max 93845000002454.83
  Avg 9384500003815.504
  Std 28153499999546.44
-- Generation 4 --
  Evaluated 4 individuals
  Min 3966.690634826273
  Max 3966.690634826273
  Avg 3966.690634826272
  Std 7.475249459177179e-05
-- End of (successful) evolution --
Total evaluations: 15 

Best individual is [0.16678135 0.86756639 0.07563389 0.03059538 0.90762395 0.11918057
 0.59991996 0.95629845 0.65683104 0.14844437 0.21540685], (3966.690634826273,)
