
 o  Retrieving project data
 o  Retrieving project data
 o  Retrieving project data
 o  Retrieving project data
 o  Retrieving project data
 o  Retrieving project data
 o  Retrieving project data
 o  Retrieving project data
 o  Retrieving project data
 o  Retrieving project data
 o  Retrieving project data
 o  Retrieving project data
 o  Retrieving project data
 o  Retrieving project data
 o  Retrieving project data
 o  Retrieving project data
 o  Retrieving project data
 o  Retrieving project data
 o  Retrieving project data
 o  Retrieving project data
 o  Retrieving project dataStart of evolution
  Evaluated 10 individuals
-- Generation 1 --
  Evaluated 2 individuals
  Min 2498.623780775884
  Max 7746.3598889490495
  Avg 6145.941947305684
  Std 1823.3320073045127
-- Generation 2 --
  Evaluated 2 individuals
  Min 2498.623780775884
  Max 6800.929846435392
  Avg 3530.8428318675587
  Std 1301.0609146441934
-- Generation 3 --
  Evaluated 1 individuals
  Min 2498.623780775884
  Max 94958000000402.0
  Avg 9495800002583.434
  Std 28487399999272.855
-- Generation 4 --
  Evaluated 6 individuals
  Min 2498.623780775884
  Max 42505000002362.945
  Avg 4250500002485.056
  Std 12751499999959.297
-- End of (successful) evolution --
Total evaluations: 11 

Best individual is [0.75531117 0.53988324 0.47007145 0.09741092 0.83062145 0.4223151
 0.48273926 0.30428066 0.00759076 0.19697792 0.        ], (2498.623780775884,)

 o  Retrieving project data
 o  Retrieving project data
 o  Retrieving project data
 o  Retrieving project data
 o  Retrieving project data
 o  Retrieving project data
 o  Retrieving project data
 o  Retrieving project data
 o  Retrieving project data
 o  Retrieving project data
 o  Retrieving project data
 o  Retrieving project data
 o  Retrieving project data
 o  Retrieving project data
 o  Retrieving project data
 o  Retrieving project data
 o  Retrieving project data
 o  Retrieving project data
 o  Retrieving project data
 o  Retrieving project data
 o  Retrieving project data
 o  Retrieving project data
 o  Retrieving project dataStart of evolution
  Evaluated 10 individuals
-- Generation 1 --
  Evaluated 5 individuals
  Min 4823.827842948605
  Max 57262000004249.875
  Avg 5726200006503.869
  Std 17178599999248.668
-- Generation 2 --
  Evaluated 4 individuals
  Min 4823.827842948605
  Max 101112000000198.5
  Avg 10111200005903.89
  Std 30333599998098.203
-- Generation 3 --
  Evaluated 4 individuals
  Min 4782.077144136634
  Max 8286.536278913341
  Avg 6655.1243690806095
  Std 1474.1365994000726
-- Generation 4 --
  Evaluated 0 individuals
  Min 4782.077144136634
  Max 8000.588196966654
  Avg 5211.553272915289
  Std 959.5119174042705
-- End of (successful) evolution --
Total evaluations: 13 

Best individual is [0.7094767  0.14569852 0.87019088 0.94105946 0.43633037 0.25869142
 0.54731405 0.21268457 0.01713112 0.33184473 0.82223272], (4782.077144136634,)

 o  Retrieving project data
 o  Retrieving project data
 o  Retrieving project data
 o  Retrieving project data
 o  Retrieving project data
 o  Retrieving project data
 o  Retrieving project data
 o  Retrieving project data
 o  Retrieving project data
 o  Retrieving project data
 o  Retrieving project data
 o  Retrieving project data
 o  Retrieving project data
 o  Retrieving project data
 o  Retrieving project data
 o  Retrieving project data
 o  Retrieving project data
 o  Retrieving project data
 o  Retrieving project data
 o  Retrieving project data
 o  Retrieving project data
 o  Retrieving project data
 o  Retrieving project data
 o  Retrieving project data
 o  Retrieving project dataStart of evolution
  Evaluated 10 individuals
-- Generation 1 --
  Evaluated 3 individuals
  Min 7417.394060393988
  Max 98394000001077.1
  Avg 16869100006745.396
  Std 34318190651024.04
-- Generation 2 --
  Evaluated 6 individuals
  Min 7417.394060393988
  Max 98228000001359.06
  Avg 9822800006829.635
  Std 29468399998176.477
-- Generation 3 --
  Evaluated 3 individuals
  Min 7417.394060393988
  Max 7417.394060393988
  Avg 7417.394060393986
  Std 0.00019301011109426145
-- Generation 4 --
  Evaluated 3 individuals
  Min 7417.394060393988
  Max 163091000004333.0
  Avg 16309100007108.959
  Std 48927299999074.68
-- End of (successful) evolution --
Total evaluations: 15 

Best individual is [0.87779139 0.02879235 0.89185355 0.66108455 0.77106878 0.17834918
 0.41587436 0.43803522 0.64265557 0.17592481 0.85994677], (7417.394060393988,)

 o  Retrieving project data
 o  Retrieving project data
 o  Retrieving project data
 o  Retrieving project data
 o  Retrieving project data
 o  Retrieving project data
 o  Retrieving project data
 o  Retrieving project data
 o  Retrieving project data
 o  Retrieving project data
 o  Retrieving project data
 o  Retrieving project data
 o  Retrieving project data
 o  Retrieving project data
 o  Retrieving project data
 o  Retrieving project data
 o  Retrieving project data
 o  Retrieving project data
 o  Retrieving project data
 o  Retrieving project data
 o  Retrieving project data
 o  Retrieving project data
 o  Retrieving project data
 o  Retrieving project data
 o  Retrieving project data
 o  Retrieving project data
 o  Retrieving project data
 o  Retrieving project dataStart of evolution
  Evaluated 10 individuals
-- Generation 1 --
  Evaluated 3 individuals
  Min 1749.9789574582849
  Max 8764.761543686465
  Avg 5615.5450769734
  Std 1953.0822184456833
-- Generation 2 --
  Evaluated 6 individuals
  Min 4529.108391463137
  Max 92794000004949.47
  Avg 9279400004571.145
  Std 27838200000126.11
-- Generation 3 --
  Evaluated 4 individuals
  Min 4529.108391463137
  Max 4529.108391463137
  Avg 4529.108391463137
  Std 0.0
-- Generation 4 --
  Evaluated 5 individuals
  Min 3772.3889807277856
  Max 82468000000111.4
  Avg 8246800004011.667
  Std 24740399998699.91
-- End of (successful) evolution --
Total evaluations: 18 

Best individual is [0.17913542 0.58977115 0.14058087 0.80369583 0.23462097 0.29654641
 0.3194073  0.14964927 0.01571412 0.08654034 0.        ], (3772.3889807277856,)

 o  Retrieving project data
 o  Retrieving project data
 o  Retrieving project data
 o  Retrieving project data
 o  Retrieving project data
 o  Retrieving project data
 o  Retrieving project data
 o  Retrieving project data
 o  Retrieving project data
 o  Retrieving project data
 o  Retrieving project data
 o  Retrieving project data
 o  Retrieving project data
 o  Retrieving project data
 o  Retrieving project data
 o  Retrieving project data
 o  Retrieving project data
 o  Retrieving project data
 o  Retrieving project data
 o  Retrieving project data
 o  Retrieving project data
 o  Retrieving project data
 o  Retrieving project data
 o  Retrieving project dataStart of evolution
  Evaluated 10 individuals
-- Generation 1 --
  Evaluated 6 individuals
  Min 3398.6350178150724
  Max 6009000004373.022
  Avg 600900005501.893
  Std 1802699999623.7097
-- Generation 2 --
  Evaluated 4 individuals
  Min 3398.6350178150724
  Max 155005000000020.88
  Avg 15500500004581.646
  Std 46501499998479.75
-- Generation 3 --
  Evaluated 1 individuals
  Min 3398.6350178150724
  Max 42234000002789.445
  Avg 4223400003864.9023
  Std 12670199999641.514
-- Generation 4 --
  Evaluated 3 individuals
  Min 3398.6350178150724
  Max 84624000000251.5
  Avg 8462400003083.927
  Std 25387199999055.855
-- End of (successful) evolution --
Total evaluations: 14 

Best individual is [0.5759623  0.82818099 0.02636871 0.26744003 0.33269276 0.09142655
 0.64014162 0.4587994  0.03864422 0.78690103 0.431072  ], (3398.6350178150724,)

 o  Retrieving project data
 o  Retrieving project data
 o  Retrieving project data
 o  Retrieving project data
 o  Retrieving project data
 o  Retrieving project data
 o  Retrieving project data
 o  Retrieving project data
 o  Retrieving project data
 o  Retrieving project data
 o  Retrieving project data
 o  Retrieving project data
 o  Retrieving project data
 o  Retrieving project data
 o  Retrieving project data
 o  Retrieving project data
 o  Retrieving project data
 o  Retrieving project data
 o  Retrieving project data
 o  Retrieving project data
 o  Retrieving project data
 o  Retrieving project data
 o  Retrieving project data
 o  Retrieving project data
 o  Retrieving project data
 o  Retrieving project data
 o  Retrieving project data
 o  Retrieving project dataStart of evolution
  Evaluated 10 individuals
-- Generation 1 --
  Evaluated 4 individuals
  Min 3686.7248488166365
  Max 70320000004681.84
  Avg 11919800006503.695
  Std 24316959027370.508
-- Generation 2 --
  Evaluated 2 individuals
  Min 3686.7248488166365
  Max 8061.454839279964
  Avg 6015.440489236495
  Std 1273.2233062938633
-- Generation 3 --
  Evaluated 6 individuals
  Min 3686.7248488166365
  Max 6495.238074418531
  Avg 5376.706438402378
  Std 1238.99441138288
-- Generation 4 --
  Evaluated 6 individuals
  Min 3634.7153097193923
  Max 84033000000000.0
  Avg 8403300004242.763
  Std 25209899998585.746
-- End of (successful) evolution --
Total evaluations: 18 

Best individual is [0.02634338 0.78136906 0.27260638 0.0955924  0.66368431 0.65638003
 0.14645868 0.3255072  0.99832467 0.01844594 0.77508636], (3634.7153097193923,)

 o  Retrieving project data
 o  Retrieving project data
 o  Retrieving project data
 o  Retrieving project data
 o  Retrieving project data
 o  Retrieving project data
 o  Retrieving project data
 o  Retrieving project data
 o  Retrieving project data
 o  Retrieving project data
 o  Retrieving project data
 o  Retrieving project data
 o  Retrieving project data
 o  Retrieving project data
 o  Retrieving project data
 o  Retrieving project data
 o  Retrieving project data
 o  Retrieving project data
 o  Retrieving project data
 o  Retrieving project data
 o  Retrieving project data
 o  Retrieving project data
 o  Retrieving project data
 o  Retrieving project data
 o  Retrieving project data
 o  Retrieving project data
 o  Retrieving project data
 o  Retrieving project dataStart of evolution
  Evaluated 10 individuals
-- Generation 1 --
  Evaluated 6 individuals
  Min 4526.888036091759
  Max 126349000000000.0
  Avg 34269700004550.03
  Std 46171447523031.62
-- Generation 2 --
  Evaluated 2 individuals
  Min 4526.888036091759
  Max 8065.395352685776
  Avg 5391.285048817125
  Std 1371.0550996690315
-- Generation 3 --
  Evaluated 4 individuals
  Min 4526.888036091759
  Max 42218000004236.11
  Avg 4221800004851.6616
  Std 12665399999794.816
-- Generation 4 --
  Evaluated 6 individuals
  Min 4526.888036091759
  Max 97541000000006.47
  Avg 19368100003623.355
  Std 38737466751841.19
-- End of (successful) evolution --
Total evaluations: 18 

Best individual is [0.5944726  0.77420004 0.27805753 0.65678795 0.57371764 0.9456821
 0.62030234 0.36112655 0.01735128 0.73268039 0.50597108], (4526.888036091759,)

 o  Retrieving project data
 o  Retrieving project data
 o  Retrieving project data
 o  Retrieving project data
 o  Retrieving project data
 o  Retrieving project data
 o  Retrieving project data
 o  Retrieving project data
 o  Retrieving project data
 o  Retrieving project data
 o  Retrieving project data
 o  Retrieving project data
 o  Retrieving project data
 o  Retrieving project data
 o  Retrieving project data
 o  Retrieving project data
 o  Retrieving project data
 o  Retrieving project data
 o  Retrieving project data
 o  Retrieving project data
 o  Retrieving project data
 o  Retrieving project data
 o  Retrieving project data
 o  Retrieving project data
 o  Retrieving project data
 o  Retrieving project data
 o  Retrieving project data
 o  Retrieving project dataStart of evolution
  Evaluated 10 individuals
-- Generation 1 --
  Evaluated 8 individuals
  Min 4713.497084830897
  Max 3298000002964.4526
  Avg 329800006503.4165
  Std 989399998820.3453
-- Generation 2 --
  Evaluated 2 individuals
  Min 4713.497084830897
  Max 42512000006739.64
  Avg 4251200006140.215
  Std 12753600000199.809
-- Generation 3 --
  Evaluated 6 individuals
  Min 4713.497084830897
  Max 7981.2448259473485
  Avg 5040.271858942541
  Std 980.3243223349388
-- Generation 4 --
  Evaluated 2 individuals
  Min 4713.497084830897
  Max 4713.497084830897
  Avg 4713.497084830896
  Std 8.631674575031098e-05
-- End of (successful) evolution --
Total evaluations: 18 

Best individual is [0.21399066 0.13301598 0.96338695 0.21717376 0.01196265 0.76902346
 0.88685167 0.46382263 0.36209842 0.67879305 0.27481448], (4713.497084830897,)

 o  Retrieving project data
 o  Retrieving project data
 o  Retrieving project data
 o  Retrieving project data
 o  Retrieving project data
 o  Retrieving project data
 o  Retrieving project data
 o  Retrieving project data
 o  Retrieving project data
 o  Retrieving project data
 o  Retrieving project data
 o  Retrieving project data
 o  Retrieving project data
 o  Retrieving project data
 o  Retrieving project data
 o  Retrieving project data
 o  Retrieving project data
 o  Retrieving project data
 o  Retrieving project data
 o  Retrieving project data
 o  Retrieving project data
 o  Retrieving project data
 o  Retrieving project data
 o  Retrieving project data
 o  Retrieving project data
 o  Retrieving project data
 o  Retrieving project data
 o  Retrieving project dataStart of evolution
  Evaluated 10 individuals
-- Generation 1 --
  Evaluated 1 individuals
  Min 903.035310120844
  Max 5560000004440.407
  Avg 556000006484.3145
  Std 1667999999318.6975
-- Generation 2 --
  Evaluated 5 individuals
  Min 903.035310120844
  Max 8152.395639455463
  Avg 5952.834195095957
  Std 1953.6909598285956
-- Generation 3 --
  Evaluated 4 individuals
  Min 1556.5444267524567
  Max 115452000002124.12
  Avg 18575000004723.79
  Std 38497619221534.74
-- Generation 4 --
  Evaluated 8 individuals
  Min 1556.5444267524567
  Max 84401000002127.25
  Avg 8440100004131.81
  Std 25320299999331.812
-- End of (successful) evolution --
Total evaluations: 18 

Best individual is [0.48419898 0.44608069 0.72521975 0.86172809 0.03517397 0.50070993
 0.84029053 0.2263119  0.         0.25212968 0.74065979], (1556.5444267524567,)

 o  Retrieving project data
 o  Retrieving project data
 o  Retrieving project data
 o  Retrieving project data
 o  Retrieving project data
 o  Retrieving project data
 o  Retrieving project data
 o  Retrieving project data
 o  Retrieving project data
 o  Retrieving project data
 o  Retrieving project data
 o  Retrieving project data
 o  Retrieving project data
 o  Retrieving project data
 o  Retrieving project data
 o  Retrieving project data
 o  Retrieving project data
 o  Retrieving project data
 o  Retrieving project data
 o  Retrieving project data
 o  Retrieving project data
 o  Retrieving project data
 o  Retrieving project data
 o  Retrieving project data
 o  Retrieving project data
 o  Retrieving project data
 o  Retrieving project data
 o  Retrieving project dataStart of evolution
  Evaluated 10 individuals
-- Generation 1 --
  Evaluated 1 individuals
  Min 903.035310120844
  Max 5560000004440.407
  Avg 556000006484.3145
  Std 1667999999318.6975
-- Generation 2 --
  Evaluated 5 individuals
  Min 903.035310120844
  Max 8152.395639455463
  Avg 5952.834195095957
  Std 1953.6909598285956
-- Generation 3 --
  Evaluated 4 individuals
  Min 1556.5444267524567
  Max 115452000002124.12
  Avg 18575000004723.79
  Std 38497619221534.74
-- Generation 4 --
  Evaluated 8 individuals
  Min 1556.5444267524567
  Max 84401000002127.25
  Avg 8440100004131.81
  Std 25320299999331.812
-- End of (successful) evolution --
Total evaluations: 18 

Best individual is [0.48419898 0.44608069 0.72521975 0.86172809 0.03517397 0.50070993
 0.84029053 0.2263119  0.         0.25212968 0.74065979], (1556.5444267524567,)
