
 o  Retrieving project data
 o  Retrieving project data
 o  Retrieving project data
 o  Retrieving project data
 o  Retrieving project data
 o  Retrieving project data
 o  Retrieving project data
 o  Retrieving project data
 o  Retrieving project data
 o  Retrieving project data
 o  Retrieving project data
 o  Retrieving project data
 o  Retrieving project data
 o  Retrieving project data
 o  Retrieving project data
 o  Retrieving project data
 o  Retrieving project data
 o  Retrieving project data
 o  Retrieving project data
 o  Retrieving project data
 o  Retrieving project data
 o  Retrieving project data
 o  Retrieving project data
 o  Retrieving project data
 o  Retrieving project data
 o  Retrieving project data
 o  Retrieving project data
 o  Retrieving project data
 o  Retrieving project data
 o  Retrieving project data
 o  Retrieving project data
 o  Retrieving project data
 o  Retrieving project data
 o  Retrieving project data
 o  Retrieving project dataStart of evolution
  Evaluated 10 individuals
-- Generation 1 --
  Evaluated 5 individuals
  Min 3813.507854227322
  Max 32564000003858.86
  Avg 3256400005347.7886
  Std 9769199999503.691
-- Generation 2 --
  Evaluated 9 individuals
  Min 1394.5426842410484
  Max 93946000001471.77
  Avg 9394600003847.68
  Std 28183799999208.027
-- Generation 3 --
  Evaluated 6 individuals
  Min 1394.5426842410484
  Max 5503.538140687115
  Avg 3078.8488052350417
  Std 1355.5812159142208
-- Generation 4 --
  Evaluated 5 individuals
  Min 1394.5426842410484
  Max 3824.2873625818015
  Avg 1880.491619909199
  Std 971.8978713363017
-- End of (successful) evolution --
Total evaluations: 25 

Best individual is [0.48142527 0.83915188 0.02737685 0.4206294  0.78485312 0.11244059
 0.4643061  0.958691   0.01125965 0.66031815 0.67748867], (1394.5426842410484,)

 o  Retrieving project data
 o  Retrieving project data
 o  Retrieving project data
 o  Retrieving project data
 o  Retrieving project data
 o  Retrieving project data
 o  Retrieving project data
 o  Retrieving project data
 o  Retrieving project data
 o  Retrieving project data
 o  Retrieving project data
 o  Retrieving project data
 o  Retrieving project data
 o  Retrieving project data
 o  Retrieving project data
 o  Retrieving project data
 o  Retrieving project data
 o  Retrieving project data
 o  Retrieving project data
 o  Retrieving project data
 o  Retrieving project data
 o  Retrieving project data
 o  Retrieving project data
 o  Retrieving project data
 o  Retrieving project data
 o  Retrieving project dataStart of evolution
  Evaluated 10 individuals
-- Generation 1 --
  Evaluated 4 individuals
  Min 6287.312002190099
  Max 89221000000000.0
  Avg 21350400005944.906
  Std 34514480043918.086
-- Generation 2 --
  Evaluated 6 individuals
  Min 4504.613766421122
  Max 7719.764831306131
  Avg 6351.908553655896
  Std 741.623279179364
-- Generation 3 --
  Evaluated 3 individuals
  Min 4504.613766421122
  Max 82055000002700.9
  Avg 8205500005552.217
  Std 24616499999049.562
-- Generation 4 --
  Evaluated 3 individuals
  Min 4504.613766421122
  Max 70315000005072.34
  Avg 7031500005096.197
  Std 21094499999992.047
-- End of (successful) evolution --
Total evaluations: 16 

Best individual is [0.45242642 0.76231105 0.63698031 0.18521962 0.60816643 0.48102626
 0.00680149 0.65335303 0.0914796  0.30644644 0.00352224], (4504.613766421122,)

 o  Retrieving project data
 o  Retrieving project data
 o  Retrieving project data
 o  Retrieving project data
 o  Retrieving project data
 o  Retrieving project data
 o  Retrieving project data
 o  Retrieving project data
 o  Retrieving project data
 o  Retrieving project data
 o  Retrieving project data
 o  Retrieving project data
 o  Retrieving project data
 o  Retrieving project data
 o  Retrieving project data
 o  Retrieving project data
 o  Retrieving project data
 o  Retrieving project data
 o  Retrieving project data
 o  Retrieving project data
 o  Retrieving project data
 o  Retrieving project data
 o  Retrieving project data
 o  Retrieving project data
 o  Retrieving project data
 o  Retrieving project data
 o  Retrieving project data
 o  Retrieving project data
 o  Retrieving project data
 o  Retrieving project data
 o  Retrieving project dataStart of evolution
  Evaluated 10 individuals
-- Generation 1 --
  Evaluated 6 individuals
  Min 6030.886458773213
  Max 165440000000757.3
  Avg 32075800005602.97
  Std 54062790337943.875
-- Generation 2 --
  Evaluated 5 individuals
  Min 6030.886458773213
  Max 93049000005622.27
  Avg 17568900006006.557
  Std 35214803035557.016
-- Generation 3 --
  Evaluated 3 individuals
  Min 6030.886458773213
  Max 82640000002995.16
  Avg 8264000006149.9
  Std 24791999998948.418
-- Generation 4 --
  Evaluated 7 individuals
  Min 6030.886458773213
  Max 70303000004941.08
  Avg 7030300005921.903
  Std 21090899999673.06
-- End of (successful) evolution --
Total evaluations: 21 

Best individual is [0.86545313 0.93902022 0.0664488  0.14329695 0.70347087 0.57144718
 0.019106   0.70489366 0.94393231 0.42311035 0.34749052], (6030.886458773213,)

 o  Retrieving project data
 o  Retrieving project data
 o  Retrieving project data
 o  Retrieving project data
 o  Retrieving project data
 o  Retrieving project data
 o  Retrieving project data
 o  Retrieving project data
 o  Retrieving project data
 o  Retrieving project data
 o  Retrieving project data
 o  Retrieving project data
 o  Retrieving project data
 o  Retrieving project data
 o  Retrieving project data
 o  Retrieving project data
 o  Retrieving project data
 o  Retrieving project data
 o  Retrieving project data
 o  Retrieving project data
 o  Retrieving project data
 o  Retrieving project data
 o  Retrieving project data
 o  Retrieving project data
 o  Retrieving project data
 o  Retrieving project data
 o  Retrieving project dataStart of evolution
  Evaluated 10 individuals
-- Generation 1 --
  Evaluated 6 individuals
  Min 7492.713801679608
  Max 176117000002885.0
  Avg 17611700007529.742
  Std 52835099998451.75
-- Generation 2 --
  Evaluated 0 individuals
  Min 7492.713801679608
  Max 8314.111952834543
  Avg 7843.372131249215
  Std 319.46766705301695
-- Generation 3 --
  Evaluated 9 individuals
  Min 7492.713801679608
  Max 8024.576359005799
  Avg 7594.2507266237835
  Std 172.70763037661806
-- Generation 4 --
  Evaluated 2 individuals
  Min 7492.713801679608
  Max 94628000002770.47
  Avg 9462800007039.54
  Std 28388399998576.977
-- End of (successful) evolution --
Total evaluations: 17 

Best individual is [0.09488891 0.30316253 0.21601149 0.57563216 0.47624675 0.32106023
 0.09477697 0.75102997 0.62398543 0.62322416 0.70293957], (7492.713801679608,)

 o  Retrieving project data
 o  Retrieving project data
 o  Retrieving project data
 o  Retrieving project data
 o  Retrieving project data
 o  Retrieving project data
 o  Retrieving project data
 o  Retrieving project data
 o  Retrieving project data
 o  Retrieving project data
 o  Retrieving project data
 o  Retrieving project data
 o  Retrieving project data
 o  Retrieving project data
 o  Retrieving project data
 o  Retrieving project data
 o  Retrieving project data
 o  Retrieving project data
 o  Retrieving project data
 o  Retrieving project data
 o  Retrieving project data
 o  Retrieving project data
 o  Retrieving project data
 o  Retrieving project data
 o  Retrieving project dataStart of evolution
  Evaluated 10 individuals
-- Generation 1 --
  Evaluated 5 individuals
  Min 6147.364335041589
  Max 70302000006155.18
  Avg 11286600006551.998
  Std 23409809704924.547
-- Generation 2 --
  Evaluated 0 individuals
  Min 6147.364335041589
  Max 8307.712107031555
  Avg 6831.25170884434
  Std 821.3118951104831
-- Generation 3 --
  Evaluated 4 individuals
  Min 5650.637322107087
  Max 7414.124149911786
  Avg 6238.141038006438
  Std 421.7225882827432
-- Generation 4 --
  Evaluated 6 individuals
  Min 5650.637322107087
  Max 95051000003835.02
  Avg 9505100005618.094
  Std 28515299999405.64
-- End of (successful) evolution --
Total evaluations: 15 

Best individual is [0.38992852 0.23942937 0.79312879 0.00918411 0.79054768 0.84633754
 0.4869139  0.62867849 0.67491457 0.51239652 0.5562152 ], (5650.637322107087,)

 o  Retrieving project data
 o  Retrieving project data
 o  Retrieving project data
 o  Retrieving project data
 o  Retrieving project data
 o  Retrieving project data
 o  Retrieving project data
 o  Retrieving project data
 o  Retrieving project data
 o  Retrieving project data
 o  Retrieving project data
 o  Retrieving project data
 o  Retrieving project data
 o  Retrieving project data
 o  Retrieving project data
 o  Retrieving project data
 o  Retrieving project data
 o  Retrieving project data
 o  Retrieving project data
 o  Retrieving project data
 o  Retrieving project data
 o  Retrieving project data
 o  Retrieving project data
 o  Retrieving project data
 o  Retrieving project data
 o  Retrieving project dataStart of evolution
  Evaluated 10 individuals
-- Generation 1 --
  Evaluated 2 individuals
  Min 3607.3584125687785
  Max 8519.947965007585
  Avg 6681.209762043902
  Std 1799.187675999579
-- Generation 2 --
  Evaluated 3 individuals
  Min 3607.3584125687785
  Max 42337000003149.81
  Avg 4233700005265.9985
  Std 12701099999294.605
-- Generation 3 --
  Evaluated 5 individuals
  Min 3607.3584125687785
  Max 5228.400536637287
  Avg 4120.57205307842
  Std 619.3120234047943
-- Generation 4 --
  Evaluated 6 individuals
  Min 3607.3584125687785
  Max 83741000000480.34
  Avg 16562700003088.75
  Std 33127996865495.113
-- End of (successful) evolution --
Total evaluations: 16 

Best individual is [0.0731023  0.1032478  0.31913915 0.95003911 0.44940076 0.66227881
 0.30100895 0.04432105 0.02714448 0.21963597 0.50664021], (3607.3584125687785,)

 o  Retrieving project data
 o  Retrieving project data
 o  Retrieving project data
 o  Retrieving project data
 o  Retrieving project data
 o  Retrieving project data
 o  Retrieving project data
 o  Retrieving project data
 o  Retrieving project data
 o  Retrieving project data
 o  Retrieving project data
 o  Retrieving project data
 o  Retrieving project data
 o  Retrieving project data
 o  Retrieving project data
 o  Retrieving project data
 o  Retrieving project data
 o  Retrieving project data
 o  Retrieving project data
 o  Retrieving project data
 o  Retrieving project data
 o  Retrieving project data
 o  Retrieving project data
 o  Retrieving project data
 o  Retrieving project data
 o  Retrieving project data
 o  Retrieving project data
 o  Retrieving project data
 o  Retrieving project dataStart of evolution
  Evaluated 10 individuals
-- Generation 1 --
  Evaluated 8 individuals
  Min 4087.7268625535953
  Max 93167000004255.5
  Avg 25032900005123.71
  Std 38601501568724.0
-- Generation 2 --
  Evaluated 4 individuals
  Min 4087.7268625535953
  Max 4508.514033115428
  Avg 4256.041730778328
  Std 206.14277163718796
-- Generation 3 --
  Evaluated 4 individuals
  Min 4087.7268625535953
  Max 4087.7268625535953
  Avg 4087.7268625535953
  Std 4.315837287515549e-05
-- Generation 4 --
  Evaluated 3 individuals
  Min 4087.7268625535953
  Max 98359000001466.6
  Avg 16091100003534.635
  Std 33163248622833.0
-- End of (successful) evolution --
Total evaluations: 19 

Best individual is [0.02668971 0.91594691 0.62069411 0.90395167 0.30095059 0.86041317
 0.80435015 0.67179303 0.66975506 0.70168451 0.46065583], (4087.7268625535953,)

 o  Retrieving project data
 o  Retrieving project data
 o  Retrieving project data
 o  Retrieving project data
 o  Retrieving project data
 o  Retrieving project data
 o  Retrieving project data
 o  Retrieving project data
 o  Retrieving project data
 o  Retrieving project data
 o  Retrieving project data
 o  Retrieving project data
 o  Retrieving project data
 o  Retrieving project data
 o  Retrieving project data
 o  Retrieving project data
 o  Retrieving project data
 o  Retrieving project data
 o  Retrieving project data
 o  Retrieving project data
 o  Retrieving project data
 o  Retrieving project data
 o  Retrieving project data
 o  Retrieving project data
 o  Retrieving project data
 o  Retrieving project dataStart of evolution
  Evaluated 10 individuals
-- Generation 1 --
  Evaluated 2 individuals
  Min 5584.708486767726
  Max 8068.033278399721
  Avg 6746.438910287923
  Std 808.2917690694975
-- Generation 2 --
  Evaluated 6 individuals
  Min 5584.708486767726
  Max 84146000001194.27
  Avg 8414600005408.498
  Std 25243799998595.258
-- Generation 3 --
  Evaluated 4 individuals
  Min 5584.708486767726
  Max 5584.708486767726
  Avg 5584.708486767726
  Std 8.631674575031098e-05
-- Generation 4 --
  Evaluated 4 individuals
  Min 1844.3508674564298
  Max 5584.708486767726
  Avg 5210.672724836596
  Std 1122.1072857933893
-- End of (successful) evolution --
Total evaluations: 16 

Best individual is [0.30736829 0.43452814 0.33541039 0.4262449  0.88800504 0.19136565
 0.07408081 0.96727903 0.         0.27795736 0.05276661], (1844.3508674564298,)

 o  Retrieving project data
 o  Retrieving project data
 o  Retrieving project data
 o  Retrieving project data
 o  Retrieving project data
 o  Retrieving project data
 o  Retrieving project data
 o  Retrieving project data
 o  Retrieving project data
 o  Retrieving project data
 o  Retrieving project data
 o  Retrieving project data
 o  Retrieving project data
 o  Retrieving project data
 o  Retrieving project data
 o  Retrieving project data
 o  Retrieving project data
 o  Retrieving project data
 o  Retrieving project data
 o  Retrieving project data
 o  Retrieving project data
 o  Retrieving project data
 o  Retrieving project data
 o  Retrieving project data
 o  Retrieving project data
 o  Retrieving project data
 o  Retrieving project data
 o  Retrieving project data
 o  Retrieving project dataStart of evolution
  Evaluated 10 individuals
-- Generation 1 --
  Evaluated 5 individuals
  Min 6831.581940305224
  Max 126517000003085.23
  Avg 19681400007136.57
  Std 41321476785380.29
-- Generation 2 --
  Evaluated 4 individuals
  Min 6831.581940305224
  Max 7916.829199085518
  Avg 7258.888594875301
  Std 523.3783632305449
-- Generation 3 --
  Evaluated 4 individuals
  Min 6831.581940305224
  Max 7894.18836927872
  Avg 6937.842583202573
  Std 318.7819286920381
-- Generation 4 --
  Evaluated 6 individuals
  Min 6831.581940305224
  Max 42507000005762.06
  Avg 4250700006724.63
  Std 12752099999679.143
-- End of (successful) evolution --
Total evaluations: 19 

Best individual is [0.6220997  0.62728503 0.68289594 0.91614927 0.29736004 0.08507102
 0.95751238 0.68324786 0.70240894 0.86672737 0.18802288], (6831.581940305224,)

 o  Retrieving project data
 o  Retrieving project data
 o  Retrieving project data
 o  Retrieving project data
 o  Retrieving project data
 o  Retrieving project data
 o  Retrieving project data
 o  Retrieving project data
 o  Retrieving project data
 o  Retrieving project data
 o  Retrieving project data
 o  Retrieving project data
 o  Retrieving project data
 o  Retrieving project data
 o  Retrieving project data
 o  Retrieving project data
 o  Retrieving project data
 o  Retrieving project data
 o  Retrieving project data
 o  Retrieving project data
 o  Retrieving project data
 o  Retrieving project data
 o  Retrieving project data
 o  Retrieving project data
 o  Retrieving project data
 o  Retrieving project data
 o  Retrieving project data
 o  Retrieving project data
 o  Retrieving project dataStart of evolution
  Evaluated 10 individuals
-- Generation 1 --
  Evaluated 5 individuals
  Min 6831.581940305224
  Max 126517000003085.23
  Avg 19681400007136.57
  Std 41321476785380.29
-- Generation 2 --
  Evaluated 4 individuals
  Min 6831.581940305224
  Max 7916.829199085518
  Avg 7258.888594875301
  Std 523.3783632305449
-- Generation 3 --
  Evaluated 4 individuals
  Min 6831.581940305224
  Max 7894.18836927872
  Avg 6937.842583202573
  Std 318.7819286920381
-- Generation 4 --
  Evaluated 6 individuals
  Min 6831.581940305224
  Max 42507000005762.06
  Avg 4250700006724.63
  Std 12752099999679.143
-- End of (successful) evolution --
Total evaluations: 19 

Best individual is [0.6220997  0.62728503 0.68289594 0.91614927 0.29736004 0.08507102
 0.95751238 0.68324786 0.70240894 0.86672737 0.18802288], (6831.581940305224,)
