
 o  Retrieving project data
 o  Retrieving project data
 o  Retrieving project data
 o  Retrieving project data
 o  Retrieving project data
 o  Retrieving project data
 o  Retrieving project data
 o  Retrieving project data
 o  Retrieving project data
 o  Retrieving project data
 o  Retrieving project data
 o  Retrieving project data
 o  Retrieving project data
 o  Retrieving project data
 o  Retrieving project data
 o  Retrieving project data
 o  Retrieving project data
 o  Retrieving project data
 o  Retrieving project data
 o  Retrieving project data
 o  Retrieving project data
 o  Retrieving project data
 o  Retrieving project data
 o  Retrieving project data
 o  Retrieving project data
 o  Retrieving project data
 o  Retrieving project data
 o  Retrieving project data
 o  Retrieving project data
 o  Retrieving project data
 o  Retrieving project dataStart of evolution
  Evaluated 10 individuals
-- Generation 1 --
  Evaluated 6 individuals
  Min 3813.507854227322
  Max 32564000003858.86
  Avg 3256400005347.7886
  Std 9769199999503.691
-- Generation 2 --
  Evaluated 8 individuals
  Min 366.65187208828377
  Max 5710.0913604881125
  Avg 4158.618562775073
  Std 1511.9576547051515
-- Generation 3 --
  Evaluated 7 individuals
  Min 366.65187208828377
  Max 5710.0913604881125
  Avg 3320.899659681386
  Std 2080.1634973134524
-- End of (successful) evolution --
Total evaluations: 21 

Best individual is [0.83050719 0.83915188 0.02737685 0.4206294  0.08722507 0.58522602
 0.58009013 0.56073222 0.         0.22491164 0.7288449 ], (366.65187208828377,)

 o  Retrieving project data
 o  Retrieving project data
 o  Retrieving project data
 o  Retrieving project data
 o  Retrieving project data
 o  Retrieving project data
 o  Retrieving project data
 o  Retrieving project data
 o  Retrieving project data
 o  Retrieving project data
 o  Retrieving project data
 o  Retrieving project data
 o  Retrieving project data
 o  Retrieving project data
 o  Retrieving project data
 o  Retrieving project data
 o  Retrieving project data
 o  Retrieving project data
 o  Retrieving project data
 o  Retrieving project data
 o  Retrieving project data
 o  Retrieving project data
 o  Retrieving project data
 o  Retrieving project data
 o  Retrieving project data
 o  Retrieving project data
 o  Retrieving project dataStart of evolution
  Evaluated 10 individuals
-- Generation 1 --
  Evaluated 6 individuals
  Min 6287.312002190099
  Max 93643000004346.42
  Avg 9364300006689.963
  Std 28092899999218.82
-- Generation 2 --
  Evaluated 7 individuals
  Min 6287.312002190099
  Max 81983000004339.55
  Avg 8198300006491.875
  Std 24594899999282.56
-- Generation 3 --
  Evaluated 4 individuals
  Min 6287.312002190099
  Max 70300000004576.125
  Avg 7030000006168.54
  Std 21089999999469.195
-- End of (successful) evolution --
Total evaluations: 17 

Best individual is [0.99594909 0.57258221 0.63103862 0.06215244 0.8620792  0.64179432
 0.63362509 0.16494895 0.58129974 0.60593988 0.15676993], (6287.312002190099,)

 o  Retrieving project data
 o  Retrieving project data
 o  Retrieving project data
 o  Retrieving project data
 o  Retrieving project data
 o  Retrieving project data
 o  Retrieving project data
 o  Retrieving project data
 o  Retrieving project data
 o  Retrieving project data
 o  Retrieving project data
 o  Retrieving project data
 o  Retrieving project data
 o  Retrieving project data
 o  Retrieving project data
 o  Retrieving project data
 o  Retrieving project data
 o  Retrieving project data
 o  Retrieving project data
 o  Retrieving project data
 o  Retrieving project data
 o  Retrieving project data
 o  Retrieving project data
 o  Retrieving project data
 o  Retrieving project data
 o  Retrieving project data
 o  Retrieving project data
 o  Retrieving project data
 o  Retrieving project data
 o  Retrieving project data
 o  Retrieving project data
 o  Retrieving project dataStart of evolution
  Evaluated 10 individuals
-- Generation 1 --
  Evaluated 7 individuals
  Min 1327.5357170281668
  Max 90473000002143.9
  Avg 17421800005392.947
  Std 34876062851915.348
-- Generation 2 --
  Evaluated 8 individuals
  Min 216.93021014692997
  Max 98119000001124.7
  Avg 9811900003746.834
  Std 29435699999125.957
-- Generation 3 --
  Evaluated 7 individuals
  Min 216.93021014692997
  Max 126095000000000.0
  Avg 29957000000730.04
  Std 47003819746943.32
-- End of (successful) evolution --
Total evaluations: 22 

Best individual is [0.86545313 0.93902022 0.0664488  0.14329695 0.70347087 0.57144718
 0.019106   0.70489366 0.         0.42311035 0.34749052], (216.93021014692997,)

 o  Retrieving project data
 o  Retrieving project data
 o  Retrieving project data
 o  Retrieving project data
 o  Retrieving project data
 o  Retrieving project data
 o  Retrieving project data
 o  Retrieving project data
 o  Retrieving project data
 o  Retrieving project data
 o  Retrieving project data
 o  Retrieving project data
 o  Retrieving project data
 o  Retrieving project data
 o  Retrieving project data
 o  Retrieving project data
 o  Retrieving project data
 o  Retrieving project data
 o  Retrieving project data
 o  Retrieving project data
 o  Retrieving project data
 o  Retrieving project data
 o  Retrieving project data
 o  Retrieving project data
 o  Retrieving project data
 o  Retrieving project data
 o  Retrieving project data
 o  Retrieving project data
 o  Retrieving project data
 o  Retrieving project data
 o  Retrieving project data
 o  Retrieving project data
 o  Retrieving project data
 o  Retrieving project data
 o  Retrieving project dataStart of evolution
  Evaluated 10 individuals
-- Generation 1 --
  Evaluated 9 individuals
  Min 7487.292767863
  Max 103477000001291.81
  Avg 10347700007333.395
  Std 31043099997986.137
-- Generation 2 --
  Evaluated 9 individuals
  Min 1717.4568408360892
  Max 95183000003147.84
  Avg 17448100006423.916
  Std 35076508315295.742
-- Generation 3 --
  Evaluated 7 individuals
  Min 1717.4568408360892
  Max 93485000000936.31
  Avg 13578700005629.516
  Std 29470482675500.02
-- End of (successful) evolution --
Total evaluations: 25 

Best individual is [0.28813325 0.48558984 0.86728996 0.49242672 0.96462214 0.40786395
 0.45406682 0.64497919 0.         0.67194414 0.26875328], (1717.4568408360892,)

 o  Retrieving project data
 o  Retrieving project data
 o  Retrieving project data
 o  Retrieving project data
 o  Retrieving project data
 o  Retrieving project data
 o  Retrieving project data
 o  Retrieving project data
 o  Retrieving project data
 o  Retrieving project data
 o  Retrieving project data
 o  Retrieving project data
 o  Retrieving project data
 o  Retrieving project data
 o  Retrieving project data
 o  Retrieving project data
 o  Retrieving project data
 o  Retrieving project data
 o  Retrieving project data
 o  Retrieving project data
 o  Retrieving project data
 o  Retrieving project data
 o  Retrieving project data
 o  Retrieving project data
 o  Retrieving project data
 o  Retrieving project data
 o  Retrieving project data
 o  Retrieving project data
 o  Retrieving project dataStart of evolution
  Evaluated 10 individuals
-- Generation 1 --
  Evaluated 9 individuals
  Min 6147.364335041589
  Max 98304000001470.03
  Avg 19576000005713.44
  Std 39152459169648.62
-- Generation 2 --
  Evaluated 4 individuals
  Min 6147.364335041589
  Max 85619000004160.94
  Avg 8561900006425.675
  Std 25685699999245.086
-- Generation 3 --
  Evaluated 6 individuals
  Min 6147.364335041589
  Max 98427000000207.81
  Avg 10121400004990.83
  Std 29446925675583.746
-- End of (successful) evolution --
Total evaluations: 19 

Best individual is [0.38992852 0.23942937 0.79312879 0.00918411 0.79054768 0.16677637
 0.30614199 0.62867849 0.67491457 0.51239652 0.5562152 ], (6147.364335041589,)

 o  Retrieving project data
 o  Retrieving project data
 o  Retrieving project data
 o  Retrieving project data
 o  Retrieving project data
 o  Retrieving project data
 o  Retrieving project data
 o  Retrieving project data
 o  Retrieving project data
 o  Retrieving project data
 o  Retrieving project data
 o  Retrieving project data
 o  Retrieving project data
 o  Retrieving project data
 o  Retrieving project data
 o  Retrieving project data
 o  Retrieving project data
 o  Retrieving project data
 o  Retrieving project data
 o  Retrieving project data
 o  Retrieving project data
 o  Retrieving project data
 o  Retrieving project data
 o  Retrieving project data
 o  Retrieving project data
 o  Retrieving project data
 o  Retrieving project data
 o  Retrieving project data
 o  Retrieving project data
 o  Retrieving project dataStart of evolution
  Evaluated 10 individuals
-- Generation 1 --
  Evaluated 5 individuals
  Min 3916.386792392436
  Max 144394000003356.0
  Avg 21203000006169.19
  Std 45747768951503.76
-- Generation 2 --
  Evaluated 8 individuals
  Min 3759.3710801445673
  Max 42366000006687.42
  Avg 4236600006629.6
  Std 12709800000019.273
-- Generation 3 --
  Evaluated 7 individuals
  Min 1251.0303126934198
  Max 30887000002511.645
  Avg 3088700004359.7056
  Std 9266099999383.98
-- End of (successful) evolution --
Total evaluations: 20 

Best individual is [0.58036149 0.74723873 0.09326257 0.2573115  0.08591819 0.66227881
 0.30100895 0.04432105 0.         0.88421367 0.0019998 ], (1251.0303126934198,)

 o  Retrieving project data
 o  Retrieving project data
 o  Retrieving project data
 o  Retrieving project data
 o  Retrieving project data
 o  Retrieving project data
 o  Retrieving project data
 o  Retrieving project data
 o  Retrieving project data
 o  Retrieving project data
 o  Retrieving project data
 o  Retrieving project data
 o  Retrieving project data
 o  Retrieving project data
 o  Retrieving project data
 o  Retrieving project data
 o  Retrieving project data
 o  Retrieving project data
 o  Retrieving project data
 o  Retrieving project data
 o  Retrieving project data
 o  Retrieving project data
 o  Retrieving project data
 o  Retrieving project data
 o  Retrieving project data
 o  Retrieving project data
 o  Retrieving project data
 o  Retrieving project data
 o  Retrieving project data
 o  Retrieving project data
 o  Retrieving project data
 o  Retrieving project data
 o  Retrieving project data
 o  Retrieving project data
 o  Retrieving project data
 o  Retrieving project dataStart of evolution
  Evaluated 10 individuals
-- Generation 1 --
  Evaluated 9 individuals
  Min 4508.514033115428
  Max 182181000000517.75
  Avg 45289500004584.07
  Std 61692556706269.18
-- Generation 2 --
  Evaluated 8 individuals
  Min 4508.514033115428
  Max 70327000004096.3
  Avg 7032700006399.412
  Std 21098099999232.293
-- Generation 3 --
  Evaluated 9 individuals
  Min 4508.514033115428
  Max 171695000002541.2
  Avg 49991600005284.16
  Std 67218592541378.29
-- End of (successful) evolution --
Total evaluations: 26 

Best individual is [0.29897034 0.9637291  0.96361996 0.29848716 0.21292188 0.00518105
 0.12358829 0.07211412 0.9822355  0.94648918 0.33716597], (4508.514033115428,)

 o  Retrieving project data
 o  Retrieving project data
 o  Retrieving project data
 o  Retrieving project data
 o  Retrieving project data
 o  Retrieving project data
 o  Retrieving project data
 o  Retrieving project data
 o  Retrieving project data
 o  Retrieving project data
 o  Retrieving project data
 o  Retrieving project data
 o  Retrieving project data
 o  Retrieving project data
 o  Retrieving project data
 o  Retrieving project data
 o  Retrieving project data
 o  Retrieving project data
 o  Retrieving project data
 o  Retrieving project data
 o  Retrieving project data
 o  Retrieving project data
 o  Retrieving project data
 o  Retrieving project data
 o  Retrieving project data
 o  Retrieving project data
 o  Retrieving project data
 o  Retrieving project data
 o  Retrieving project data
 o  Retrieving project data
 o  Retrieving project data
 o  Retrieving project data
 o  Retrieving project data
 o  Retrieving project data
 o  Retrieving project dataStart of evolution
  Evaluated 10 individuals
-- Generation 1 --
  Evaluated 7 individuals
  Min 5584.708486767726
  Max 84146000001523.48
  Avg 8414600006091.984
  Std 25243799998477.168
-- Generation 2 --
  Evaluated 9 individuals
  Min 5584.708486767726
  Max 95836000001198.94
  Avg 17482700005458.7
  Std 35167696800529.75
-- Generation 3 --
  Evaluated 9 individuals
  Min 4409.476881964905
  Max 83908000000599.0
  Avg 8390800005231.447
  Std 25172399998455.85
-- End of (successful) evolution --
Total evaluations: 25 

Best individual is [0.30736829 0.43452814 0.33541039 0.4262449  0.01201815 0.06968006
 0.50223331 0.96727903 0.02890825 0.27795736 0.05276661], (4409.476881964905,)

 o  Retrieving project data
 o  Retrieving project data
 o  Retrieving project data
 o  Retrieving project data
 o  Retrieving project data
 o  Retrieving project data
 o  Retrieving project data
 o  Retrieving project data
 o  Retrieving project data
 o  Retrieving project data
 o  Retrieving project data
 o  Retrieving project data
 o  Retrieving project data
 o  Retrieving project data
 o  Retrieving project data
 o  Retrieving project data
 o  Retrieving project data
 o  Retrieving project data
 o  Retrieving project data
 o  Retrieving project data
 o  Retrieving project data
 o  Retrieving project data
 o  Retrieving project data
 o  Retrieving project data
 o  Retrieving project data
 o  Retrieving project data
 o  Retrieving project data
 o  Retrieving project data
 o  Retrieving project data
 o  Retrieving project dataStart of evolution
  Evaluated 10 individuals
-- Generation 1 --
  Evaluated 7 individuals
  Min 6831.581940305224
  Max 83195000003999.9
  Avg 23352600007000.375
  Std 35798153753228.54
-- Generation 2 --
  Evaluated 10 individuals
  Min 4952.884417663634
  Max 80034000004536.81
  Avg 8003400007012.498
  Std 24010199999174.77
-- Generation 3 --
  Evaluated 3 individuals
  Min 4952.884417663634
  Max 166615000002636.0
  Avg 21550600006357.04
  Std 50504063698860.75
-- End of (successful) evolution --
Total evaluations: 20 

Best individual is [0.6220997  0.62728503 0.68289594 0.91614927 0.29736004 0.08507102
 0.95751238 0.68324786 0.70240894 0.86672737 0.        ], (4952.884417663634,)

 o  Retrieving project data
 o  Retrieving project data
 o  Retrieving project data
 o  Retrieving project data
 o  Retrieving project data
 o  Retrieving project data
 o  Retrieving project data
 o  Retrieving project data
 o  Retrieving project data
 o  Retrieving project data
 o  Retrieving project data
 o  Retrieving project data
 o  Retrieving project data
 o  Retrieving project data
 o  Retrieving project data
 o  Retrieving project data
 o  Retrieving project data
 o  Retrieving project data
 o  Retrieving project data
 o  Retrieving project data
 o  Retrieving project data
 o  Retrieving project data
 o  Retrieving project data
 o  Retrieving project data
 o  Retrieving project data
 o  Retrieving project data
 o  Retrieving project data
 o  Retrieving project data
 o  Retrieving project data
 o  Retrieving project dataStart of evolution
  Evaluated 10 individuals
-- Generation 1 --
  Evaluated 7 individuals
  Min 6831.581940305224
  Max 83195000003999.9
  Avg 23352600007000.375
  Std 35798153753228.54
-- Generation 2 --
  Evaluated 10 individuals
  Min 4952.884417663634
  Max 80034000004536.81
  Avg 8003400007012.498
  Std 24010199999174.77
-- Generation 3 --
  Evaluated 3 individuals
  Min 4952.884417663634
  Max 166615000002636.0
  Avg 21550600006357.04
  Std 50504063698860.75
-- End of (successful) evolution --
Total evaluations: 20 

Best individual is [0.6220997  0.62728503 0.68289594 0.91614927 0.29736004 0.08507102
 0.95751238 0.68324786 0.70240894 0.86672737 0.        ], (4952.884417663634,)

 o  Retrieving project data
 o  Retrieving project data
 o  Retrieving project data
 o  Retrieving project data
 o  Retrieving project data
 o  Retrieving project data
 o  Retrieving project data
 o  Retrieving project data
 o  Retrieving project data
 o  Retrieving project data
 o  Retrieving project data
 o  Retrieving project data
 o  Retrieving project data
 o  Retrieving project data
 o  Retrieving project data
 o  Retrieving project data
 o  Retrieving project data
 o  Retrieving project data
 o  Retrieving project data
 o  Retrieving project data
 o  Retrieving project data
 o  Retrieving project data
 o  Retrieving project data
 o  Retrieving project data
 o  Retrieving project data
 o  Retrieving project data
 o  Retrieving project data
 o  Retrieving project data
 o  Retrieving project data
 o  Retrieving project data
 o  Retrieving project dataStart of evolution
  Evaluated 10 individuals
-- Generation 1 --
  Evaluated 9 individuals
  Min 4255.429036970517
  Max 135233000001268.84
  Avg 26011500005357.367
  Std 44808719329212.16
-- Generation 2 --
  Evaluated 5 individuals
  Min 1887.5474691678644
  Max 42895000004490.66
  Avg 4289500004675.1265
  Std 12868499999938.51
-- Generation 3 --
  Evaluated 7 individuals
  Min 1887.5474691678644
  Max 97810000001480.48
  Avg 36189900002662.93
  Std 40256742106373.83
-- End of (successful) evolution --
Total evaluations: 21 

Best individual is [0.96031736 0.47322325 0.95510345 0.94457287 0.06061222 0.53343522
 0.11595894 0.71290435 0.         0.94119818 0.19938042], (1887.5474691678644,)

 o  Retrieving project data
 o  Retrieving project data
 o  Retrieving project data
 o  Retrieving project data
 o  Retrieving project data
 o  Retrieving project data
 o  Retrieving project data
 o  Retrieving project data
 o  Retrieving project data
 o  Retrieving project data
 o  Retrieving project data
 o  Retrieving project data
 o  Retrieving project data
 o  Retrieving project data
 o  Retrieving project data
 o  Retrieving project data
 o  Retrieving project data
 o  Retrieving project data
 o  Retrieving project data
 o  Retrieving project data
 o  Retrieving project data
 o  Retrieving project data
 o  Retrieving project data
 o  Retrieving project data
 o  Retrieving project data
 o  Retrieving project data
 o  Retrieving project data
 o  Retrieving project data
 o  Retrieving project dataStart of evolution
  Evaluated 10 individuals
-- Generation 1 --
  Evaluated 5 individuals
  Min 4123.358913243184
  Max 117107000001023.06
  Avg 19628200004952.723
  Std 40162255564158.08
-- Generation 2 --
  Evaluated 6 individuals
  Min 4123.358913243184
  Max 117107000001023.06
  Avg 22948900003706.383
  Std 38926694896686.97
-- Generation 3 --
  Evaluated 8 individuals
  Min 2469.292143446037
  Max 117107000001023.06
  Avg 15973400002789.715
  Std 35206912846419.21
-- End of (successful) evolution --
Total evaluations: 19 

Best individual is [0.66029965 0.03706217 0.02330385 0.47372688 0.81966807 0.08116015
 0.42542023 0.08601889 0.30980693 0.00566794 0.        ], (2469.292143446037,)

 o  Retrieving project data
 o  Retrieving project data
 o  Retrieving project data
 o  Retrieving project data
 o  Retrieving project data
 o  Retrieving project data
 o  Retrieving project data
 o  Retrieving project data
 o  Retrieving project data
 o  Retrieving project data
 o  Retrieving project data
 o  Retrieving project data
 o  Retrieving project data
 o  Retrieving project data
 o  Retrieving project data
 o  Retrieving project data
 o  Retrieving project data
 o  Retrieving project data
 o  Retrieving project data
 o  Retrieving project data
 o  Retrieving project data
 o  Retrieving project data
 o  Retrieving project data
 o  Retrieving project data
 o  Retrieving project data
 o  Retrieving project data
 o  Retrieving project data
 o  Retrieving project data
 o  Retrieving project data
 o  Retrieving project data
 o  Retrieving project data
 o  Retrieving project dataStart of evolution
  Evaluated 10 individuals
-- Generation 1 --
  Evaluated 7 individuals
  Min 4936.7220417274675
  Max 97436000001012.25
  Avg 33312600003786.55
  Std 36924498264705.01
-- Generation 2 --
  Evaluated 7 individuals
  Min 4469.651614142614
  Max 95735000003849.62
  Avg 25346300003790.62
  Std 32808353780259.367
-- Generation 3 --
  Evaluated 8 individuals
  Min 4469.651614142614
  Max 83743000002478.75
  Avg 22356000003597.46
  Std 32179313120937.797
-- End of (successful) evolution --
Total evaluations: 22 

Best individual is [0.03893317 0.41622332 0.0233628  0.80956327 0.68720536 0.97373565
 0.80496374 0.94882812 0.53859612 0.54899347 0.25841852], (4469.651614142614,)

 o  Retrieving project data
 o  Retrieving project data
 o  Retrieving project data
 o  Retrieving project data
 o  Retrieving project data
 o  Retrieving project data
 o  Retrieving project data
 o  Retrieving project data
 o  Retrieving project data
 o  Retrieving project data
 o  Retrieving project data
 o  Retrieving project data
 o  Retrieving project data
 o  Retrieving project data
 o  Retrieving project data
 o  Retrieving project data
 o  Retrieving project data
 o  Retrieving project data
 o  Retrieving project data
 o  Retrieving project data
 o  Retrieving project data
 o  Retrieving project data
 o  Retrieving project data
 o  Retrieving project data
 o  Retrieving project data
 o  Retrieving project data
 o  Retrieving project data
 o  Retrieving project data
 o  Retrieving project data
 o  Retrieving project data
 o  Retrieving project data
 o  Retrieving project data
 o  Retrieving project data
 o  Retrieving project data
 o  Retrieving project dataStart of evolution
  Evaluated 10 individuals
-- Generation 1 --
  Evaluated 9 individuals
  Min 5260.146080627291
  Max 83617000000388.34
  Avg 12640200005205.164
  Std 26878639014499.555
-- Generation 2 --
  Evaluated 8 individuals
  Min 203.61817874908485
  Max 7345.437167613812
  Avg 4915.213494865837
  Std 1715.9433287184524
-- Generation 3 --
  Evaluated 8 individuals
  Min 203.61817874908485
  Max 114729000000000.0
  Avg 24565900003458.316
  Std 40483428498019.32
-- End of (successful) evolution --
Total evaluations: 25 

Best individual is [0.7169611  0.03187307 0.36235691 0.17188099 0.67276544 0.08290318
 0.95456217 0.02534471 0.         0.02114487 0.25569005], (203.61817874908485,)

 o  Retrieving project data
 o  Retrieving project data
 o  Retrieving project data
 o  Retrieving project data
 o  Retrieving project data
 o  Retrieving project data
 o  Retrieving project data
 o  Retrieving project data
 o  Retrieving project data
 o  Retrieving project data
 o  Retrieving project data
 o  Retrieving project data
 o  Retrieving project data
 o  Retrieving project data
 o  Retrieving project data
 o  Retrieving project data
 o  Retrieving project data
 o  Retrieving project data
 o  Retrieving project data
 o  Retrieving project data
 o  Retrieving project data
 o  Retrieving project data
 o  Retrieving project data
 o  Retrieving project data
 o  Retrieving project data
 o  Retrieving project data
 o  Retrieving project data
 o  Retrieving project data
 o  Retrieving project data
 o  Retrieving project data
 o  Retrieving project dataStart of evolution
  Evaluated 10 individuals
-- Generation 1 --
  Evaluated 8 individuals
  Min 3068.286536703626
  Max 80093000000637.78
  Avg 14508700004193.11
  Std 29213156158460.37
-- Generation 2 --
  Evaluated 6 individuals
  Min 3068.286536703626
  Max 95759000000728.75
  Avg 9575900003342.59
  Std 28727699999128.72
-- Generation 3 --
  Evaluated 7 individuals
  Min 3068.286536703626
  Max 98455000000521.58
  Avg 26451500002450.098
  Std 40998274577956.734
-- End of (successful) evolution --
Total evaluations: 21 

Best individual is [0.03407006 0.32892935 0.49755232 0.11580981 0.95196412 0.36844664
 0.15481306 0.81750944 0.1248771  0.92794386 0.45312759], (3068.286536703626,)

 o  Retrieving project data
 o  Retrieving project data
 o  Retrieving project data
 o  Retrieving project data
 o  Retrieving project data
 o  Retrieving project data
 o  Retrieving project data
 o  Retrieving project data
 o  Retrieving project data
 o  Retrieving project data
 o  Retrieving project data
 o  Retrieving project data
 o  Retrieving project data
 o  Retrieving project data
 o  Retrieving project data
 o  Retrieving project data
 o  Retrieving project data
 o  Retrieving project data
 o  Retrieving project data
 o  Retrieving project data
 o  Retrieving project data
 o  Retrieving project data
 o  Retrieving project data
 o  Retrieving project data
 o  Retrieving project data
 o  Retrieving project data
 o  Retrieving project data
 o  Retrieving project data
 o  Retrieving project data
 o  Retrieving project data
 o  Retrieving project data
 o  Retrieving project data
 o  Retrieving project dataStart of evolution
  Evaluated 10 individuals
-- Generation 1 --
  Evaluated 8 individuals
  Min 2325.8668604682007
  Max 83745000002281.12
  Avg 15404200005158.318
  Std 30954804889073.562
-- Generation 2 --
  Evaluated 5 individuals
  Min 233.5693279209665
  Max 8110.20041342369
  Avg 4071.321545297629
  Std 2447.655979810679
-- Generation 3 --
  Evaluated 10 individuals
  Min 228.53281321093368
  Max 74830000000308.25
  Avg 7483000001500.677
  Std 22448999999602.523
-- End of (successful) evolution --
Total evaluations: 23 

Best individual is [0.04332423 0.51670511 0.18451769 0.69740126 0.81238103 0.65656402
 0.67114059 0.15082175 0.         0.04619369 0.54744516], (228.53281321093368,)

 o  Retrieving project data
 o  Retrieving project data
 o  Retrieving project data
 o  Retrieving project data
 o  Retrieving project data
 o  Retrieving project data
 o  Retrieving project data
 o  Retrieving project data
 o  Retrieving project data
 o  Retrieving project data
 o  Retrieving project data
 o  Retrieving project data
 o  Retrieving project data
 o  Retrieving project data
 o  Retrieving project data
 o  Retrieving project data
 o  Retrieving project data
 o  Retrieving project data
 o  Retrieving project data
 o  Retrieving project data
 o  Retrieving project data
 o  Retrieving project data
 o  Retrieving project data
 o  Retrieving project data
 o  Retrieving project data
 o  Retrieving project data
 o  Retrieving project data
 o  Retrieving project data
 o  Retrieving project data
 o  Retrieving project data
 o  Retrieving project data
 o  Retrieving project data
 o  Retrieving project data
 o  Retrieving project data
 o  Retrieving project dataStart of evolution
  Evaluated 10 individuals
-- Generation 1 --
  Evaluated 9 individuals
  Min 1480.9123315121874
  Max 94825000003283.45
  Avg 35439000005294.76
  Std 43538689400663.46
-- Generation 2 --
  Evaluated 7 individuals
  Min 369.5497747210666
  Max 84190000004029.8
  Avg 24703100004699.797
  Std 37755648165868.13
-- Generation 3 --
  Evaluated 9 individuals
  Min 369.5497747210666
  Max 93669000002827.78
  Avg 17599600004635.098
  Std 35290448123595.234
-- End of (successful) evolution --
Total evaluations: 25 

Best individual is [0.1703492  0.50223856 0.02148971 0.83757798 0.55645432 0.64229436
 0.23217613 0.51377166 0.         0.57779481 0.45913173], (369.5497747210666,)

 o  Retrieving project data
 o  Retrieving project data
 o  Retrieving project data
 o  Retrieving project data
 o  Retrieving project data
 o  Retrieving project data
 o  Retrieving project data
 o  Retrieving project data
 o  Retrieving project data
 o  Retrieving project data
 o  Retrieving project data
 o  Retrieving project data
 o  Retrieving project data
 o  Retrieving project data
 o  Retrieving project data
 o  Retrieving project data
 o  Retrieving project data
 o  Retrieving project data
 o  Retrieving project data
 o  Retrieving project data
 o  Retrieving project data
 o  Retrieving project data
 o  Retrieving project data
 o  Retrieving project data
 o  Retrieving project data
 o  Retrieving project data
 o  Retrieving project data
 o  Retrieving project data
 o  Retrieving project data
 o  Retrieving project data
 o  Retrieving project dataStart of evolution
  Evaluated 10 individuals
-- Generation 1 --
  Evaluated 9 individuals
  Min 4255.429036970517
  Max 135233000001268.84
  Avg 26011500005357.367
  Std 44808719329212.16
-- Generation 2 --
  Evaluated 5 individuals
  Min 1887.5474691678644
  Max 42895000004490.66
  Avg 4289500004675.1265
  Std 12868499999938.51
-- Generation 3 --
  Evaluated 7 individuals
  Min 1887.5474691678644
  Max 97810000001480.48
  Avg 36189900002662.93
  Std 40256742106373.83
-- End of (successful) evolution --
Total evaluations: 21 

Best individual is [0.96031736 0.47322325 0.95510345 0.94457287 0.06061222 0.53343522
 0.11595894 0.71290435 0.         0.94119818 0.19938042], (1887.5474691678644,)

 o  Retrieving project data
 o  Retrieving project data
 o  Retrieving project data
 o  Retrieving project data
 o  Retrieving project data
 o  Retrieving project data
 o  Retrieving project data
 o  Retrieving project data
 o  Retrieving project data
 o  Retrieving project data
 o  Retrieving project data
 o  Retrieving project data
 o  Retrieving project data
 o  Retrieving project data
 o  Retrieving project data
 o  Retrieving project data
 o  Retrieving project data
 o  Retrieving project data
 o  Retrieving project data
 o  Retrieving project data
 o  Retrieving project data
 o  Retrieving project data
 o  Retrieving project data
 o  Retrieving project data
 o  Retrieving project data
 o  Retrieving project data
 o  Retrieving project data
 o  Retrieving project data
 o  Retrieving project data
 o  Retrieving project dataStart of evolution
  Evaluated 10 individuals
-- Generation 1 --
  Evaluated 5 individuals
  Min 3550.5927988018925
  Max 70308000004611.38
  Avg 11282700005456.23
  Std 23405313567321.34
-- Generation 2 --
  Evaluated 8 individuals
  Min 3550.5927988018925
  Max 87699000003348.94
  Avg 13039500004182.84
  Std 27953134733606.68
-- Generation 3 --
  Evaluated 7 individuals
  Min 378.85164771895154
  Max 5995.787632229132
  Avg 3427.7655903664563
  Std 1270.4244651509669
-- End of (successful) evolution --
Total evaluations: 20 

Best individual is [0.95971198 0.86965416 0.72450554 0.75978346 0.30785247 0.0073969
 0.62788336 0.88222257 0.         0.5148163  0.00836111], (378.85164771895154,)

 o  Retrieving project data
 o  Retrieving project data
 o  Retrieving project data
 o  Retrieving project data
 o  Retrieving project data
 o  Retrieving project data
 o  Retrieving project data
 o  Retrieving project data
 o  Retrieving project data
 o  Retrieving project data
 o  Retrieving project data
 o  Retrieving project data
 o  Retrieving project data
 o  Retrieving project data
 o  Retrieving project data
 o  Retrieving project data
 o  Retrieving project data
 o  Retrieving project data
 o  Retrieving project data
 o  Retrieving project data
 o  Retrieving project data
 o  Retrieving project data
 o  Retrieving project data
 o  Retrieving project data
 o  Retrieving project data
 o  Retrieving project data
 o  Retrieving project data
 o  Retrieving project data
 o  Retrieving project data
 o  Retrieving project data
 o  Retrieving project data
 o  Retrieving project data
 o  Retrieving project dataStart of evolution
  Evaluated 10 individuals
-- Generation 1 --
  Evaluated 10 individuals
  Min 6735.526322270138
  Max 165724000001172.56
  Avg 38996500005923.766
  Std 62435796840464.266
-- Generation 2 --
  Evaluated 7 individuals
  Min 6514.249457585771
  Max 92999000005559.11
  Avg 9299900007044.59
  Std 27899699999504.84
-- Generation 3 --
  Evaluated 6 individuals
  Min 5888.611468524205
  Max 7510.236799660394
  Avg 6938.591341383211
  Std 524.8408802274129
-- End of (successful) evolution --
Total evaluations: 23 

Best individual is [0.65578147 0.91022315 0.0686109  0.58006674 0.02348106 0.35187301
 0.0340566  0.52666338 0.21324382 0.41696284 0.00878404], (5888.611468524205,)

 o  Retrieving project data
 o  Retrieving project data
 o  Retrieving project data
 o  Retrieving project data
 o  Retrieving project data
 o  Retrieving project data
 o  Retrieving project data
 o  Retrieving project data
 o  Retrieving project data
 o  Retrieving project data
 o  Retrieving project data
 o  Retrieving project data
 o  Retrieving project data
 o  Retrieving project data
 o  Retrieving project data
 o  Retrieving project data
 o  Retrieving project data
 o  Retrieving project data
 o  Retrieving project data
 o  Retrieving project data
 o  Retrieving project data
 o  Retrieving project data
 o  Retrieving project data
 o  Retrieving project data
 o  Retrieving project data
 o  Retrieving project data
 o  Retrieving project data
 o  Retrieving project data
 o  Retrieving project data
 o  Retrieving project data
 o  Retrieving project data
 o  Retrieving project data
 o  Retrieving project data
 o  Retrieving project data
 o  Retrieving project dataStart of evolution
  Evaluated 10 individuals
-- Generation 1 --
  Evaluated 9 individuals
  Min 1480.9123315121874
  Max 94825000003283.45
  Avg 35439000005294.76
  Std 43538689400663.46
-- Generation 2 --
  Evaluated 7 individuals
  Min 369.5497747210666
  Max 84190000004029.8
  Avg 24703100004699.797
  Std 37755648165868.13
-- Generation 3 --
  Evaluated 9 individuals
  Min 369.5497747210666
  Max 93669000002827.78
  Avg 17599600004635.098
  Std 35290448123595.234
-- End of (successful) evolution --
Total evaluations: 25 

Best individual is [0.1703492  0.50223856 0.02148971 0.83757798 0.55645432 0.64229436
 0.23217613 0.51377166 0.         0.57779481 0.45913173], (369.5497747210666,)

 o  Retrieving project data
 o  Retrieving project data
 o  Retrieving project data
 o  Retrieving project data
 o  Retrieving project data
 o  Retrieving project data
 o  Retrieving project data
 o  Retrieving project data
 o  Retrieving project data
 o  Retrieving project data
 o  Retrieving project data
 o  Retrieving project data
 o  Retrieving project data
 o  Retrieving project data
 o  Retrieving project data
 o  Retrieving project data
 o  Retrieving project data
 o  Retrieving project data
 o  Retrieving project data
 o  Retrieving project data
 o  Retrieving project data
 o  Retrieving project data
 o  Retrieving project data
 o  Retrieving project data
 o  Retrieving project data
 o  Retrieving project data
 o  Retrieving project data
 o  Retrieving project data
 o  Retrieving project data
 o  Retrieving project data
 o  Retrieving project data
 o  Retrieving project data
 o  Retrieving project data
 o  Retrieving project data
 o  Retrieving project data
 o  Retrieving project data
 o  Retrieving project dataStart of evolution
  Evaluated 10 individuals
-- Generation 1 --
  Evaluated 10 individuals
  Min 4878.1881551984225
  Max 179608000001559.72
  Avg 26334900005371.543
  Std 56865032456782.63
-- Generation 2 --
  Evaluated 9 individuals
  Min 3047.267005093851
  Max 84822000002573.55
  Avg 8482200004874.724
  Std 25446599999232.94
-- Generation 3 --
  Evaluated 8 individuals
  Min 3047.267005093851
  Max 176488000001581.9
  Avg 33058600004379.105
  Std 56716188564456.47
-- End of (successful) evolution --
Total evaluations: 27 

Best individual is [0.30737454 0.49342608 0.03685826 0.58144397 0.01269299 0.54091162
 0.39787972 0.08642777 0.97094396 0.62035898 0.        ], (3047.267005093851,)

 o  Retrieving project data
 o  Retrieving project data
 o  Retrieving project data
 o  Retrieving project data
 o  Retrieving project data
 o  Retrieving project data
 o  Retrieving project data
 o  Retrieving project data
 o  Retrieving project data
 o  Retrieving project data
 o  Retrieving project data
 o  Retrieving project data
 o  Retrieving project data
 o  Retrieving project data
 o  Retrieving project data
 o  Retrieving project data
 o  Retrieving project data
 o  Retrieving project data
 o  Retrieving project data
 o  Retrieving project data
 o  Retrieving project data
 o  Retrieving project data
 o  Retrieving project data
 o  Retrieving project data
 o  Retrieving project data
 o  Retrieving project data
 o  Retrieving project data
 o  Retrieving project data
 o  Retrieving project data
 o  Retrieving project data
 o  Retrieving project data
 o  Retrieving project dataStart of evolution
  Evaluated 10 individuals
-- Generation 1 --
  Evaluated 8 individuals
  Min 1441.4552626996162
  Max 83741000002257.6
  Avg 15487100005080.193
  Std 31102297851174.766
-- Generation 2 --
  Evaluated 8 individuals
  Min 1441.4552626996162
  Max 82431000003916.03
  Avg 8243100003889.706
  Std 24729300000008.777
-- Generation 3 --
  Evaluated 6 individuals
  Min 1441.4552626996162
  Max 84748000000000.0
  Avg 16895800001967.043
  Std 33791814137494.324
-- End of (successful) evolution --
Total evaluations: 22 

Best individual is [0.15500576 0.73046366 0.92807037 0.53224125 0.35897059 0.73632784
 0.81034008 0.06593144 0.         0.72946029 0.91469237], (1441.4552626996162,)

 o  Retrieving project data
 o  Retrieving project data
 o  Retrieving project data
 o  Retrieving project data
 o  Retrieving project data
 o  Retrieving project data
 o  Retrieving project data
 o  Retrieving project data
 o  Retrieving project data
 o  Retrieving project data
 o  Retrieving project data
 o  Retrieving project data
 o  Retrieving project data
 o  Retrieving project data
 o  Retrieving project data
 o  Retrieving project data
 o  Retrieving project data
 o  Retrieving project data
 o  Retrieving project data
 o  Retrieving project data
 o  Retrieving project data
 o  Retrieving project data
 o  Retrieving project data
 o  Retrieving project data
 o  Retrieving project data
 o  Retrieving project data
 o  Retrieving project data
 o  Retrieving project data
 o  Retrieving project data
 o  Retrieving project dataStart of evolution
  Evaluated 10 individuals
-- Generation 1 --
  Evaluated 5 individuals
  Min 3916.386792392436
  Max 144394000003356.0
  Avg 21203000006169.19
  Std 45747768951503.76
-- Generation 2 --
  Evaluated 8 individuals
  Min 3759.3710801445673
  Max 42366000006687.42
  Avg 4236600006629.6
  Std 12709800000019.273
-- Generation 3 --
  Evaluated 7 individuals
  Min 1251.0303126934198
  Max 30887000002511.645
  Avg 3088700004359.7056
  Std 9266099999383.98
-- End of (successful) evolution --
Total evaluations: 20 

Best individual is [0.58036149 0.74723873 0.09326257 0.2573115  0.08591819 0.66227881
 0.30100895 0.04432105 0.         0.88421367 0.0019998 ], (1251.0303126934198,)

 o  Retrieving project data
 o  Retrieving project data
 o  Retrieving project data
 o  Retrieving project data
 o  Retrieving project data
 o  Retrieving project data
 o  Retrieving project data
 o  Retrieving project data
 o  Retrieving project data
 o  Retrieving project data
 o  Retrieving project data
 o  Retrieving project data
 o  Retrieving project data
 o  Retrieving project data
 o  Retrieving project data
 o  Retrieving project data
 o  Retrieving project data
 o  Retrieving project data
 o  Retrieving project data
 o  Retrieving project data
 o  Retrieving project data
 o  Retrieving project data
 o  Retrieving project data
 o  Retrieving project data
 o  Retrieving project data
 o  Retrieving project data
 o  Retrieving project data
 o  Retrieving project data
 o  Retrieving project data
 o  Retrieving project data
 o  Retrieving project data
 o  Retrieving project data
 o  Retrieving project data
 o  Retrieving project data
 o  Retrieving project dataStart of evolution
  Evaluated 10 individuals
-- Generation 1 --
  Evaluated 9 individuals
  Min 2891.482653060522
  Max 34912000001485.625
  Avg 3491200004520.9463
  Std 10473599998988.227
-- Generation 2 --
  Evaluated 8 individuals
  Min 2891.482653060522
  Max 5220.994381535527
  Avg 3476.3733873755396
  Std 905.468162252238
-- Generation 3 --
  Evaluated 8 individuals
  Min 2891.482653060522
  Max 98573000000136.03
  Avg 25509700002337.617
  Std 39407871413446.8
-- End of (successful) evolution --
Total evaluations: 25 

Best individual is [0.04826569 0.3020079  0.3846228  0.19351367 0.03636473 0.00673844
 0.95162915 0.68870119 0.95179237 0.49170637 0.95441445], (2891.482653060522,)
