
 o  Retrieving project data
 o  Retrieving project data
 o  Retrieving project data
 o  Retrieving project data
 o  Retrieving project data
 o  Retrieving project data
 o  Retrieving project data
 o  Retrieving project data
 o  Retrieving project data
 o  Retrieving project data
 o  Retrieving project data
 o  Retrieving project data
 o  Retrieving project data
 o  Retrieving project data
 o  Retrieving project data
 o  Retrieving project data
 o  Retrieving project data
 o  Retrieving project data
 o  Retrieving project data
 o  Retrieving project data
 o  Retrieving project data
 o  Retrieving project data
 o  Retrieving project data
 o  Retrieving project data
 o  Retrieving project data
 o  Retrieving project data
 o  Retrieving project data
 o  Retrieving project data
 o  Retrieving project data
 o  Retrieving project data
 o  Retrieving project data
 o  Retrieving project data
 o  Retrieving project dataStart of evolution
  Evaluated 10 individuals
-- Generation 1 --
  Evaluated 7 individuals
  Min 3016.836949919097
  Max 95545000000000.0
  Avg 9554500004931.082
  Std 28663499998356.305
-- Generation 2 --
  Evaluated 7 individuals
  Min 3016.836949919097
  Max 95534000000699.05
  Avg 16587000002993.6
  Std 33649089677747.215
-- Generation 3 --
  Evaluated 9 individuals
  Min 2036.3390766319042
  Max 98749000000000.0
  Avg 18250300002627.02
  Std 36654280807581.7
-- End of (successful) evolution --
Total evaluations: 23 

Best individual is [0.04367619 0.56277432 0.72899029 0.11097981 0.52213499 0.66487774
 0.94685076 0.62071504 0.02770374 0.99163045 0.96676511], (2036.3390766319042,)

 o  Retrieving project data
 o  Retrieving project data
 o  Retrieving project data
 o  Retrieving project data
 o  Retrieving project data
 o  Retrieving project data
 o  Retrieving project data
 o  Retrieving project data
 o  Retrieving project data
 o  Retrieving project data
 o  Retrieving project data
 o  Retrieving project data
 o  Retrieving project data
 o  Retrieving project data
 o  Retrieving project data
 o  Retrieving project data
 o  Retrieving project data
 o  Retrieving project data
 o  Retrieving project data
 o  Retrieving project data
 o  Retrieving project data
 o  Retrieving project data
 o  Retrieving project data
 o  Retrieving project data
 o  Retrieving project data
 o  Retrieving project data
 o  Retrieving project data
 o  Retrieving project data
 o  Retrieving project data
 o  Retrieving project data
 o  Retrieving project data
 o  Retrieving project data
 o  Retrieving project data
 o  Retrieving project data
 o  Retrieving project dataStart of evolution
  Evaluated 10 individuals
-- Generation 1 --
  Evaluated 8 individuals
  Min 3978.791288334855
  Max 109861000002418.66
  Avg 17410100005928.271
  Std 36283744431830.72
-- Generation 2 --
  Evaluated 9 individuals
  Min 4747.406797378535
  Max 106756000003735.38
  Avg 25501400004367.438
  Std 40099166375155.18
-- Generation 3 --
  Evaluated 8 individuals
  Min 34.4167637206189
  Max 6536.268398776808
  Avg 4454.99395415257
  Std 1567.075243167386
-- End of (successful) evolution --
Total evaluations: 25 

Best individual is [0.56486712 0.86209428 0.04137695 0.79680105 0.02425673 0.66526998
 0.41906408 0.07560978 0.         0.69462257 0.55929889], (34.4167637206189,)

 o  Retrieving project data
 o  Retrieving project data
 o  Retrieving project data
 o  Retrieving project data
 o  Retrieving project data
 o  Retrieving project data
 o  Retrieving project data
 o  Retrieving project data
 o  Retrieving project data
 o  Retrieving project data
 o  Retrieving project data
 o  Retrieving project data
 o  Retrieving project data
 o  Retrieving project data
 o  Retrieving project data
 o  Retrieving project data
 o  Retrieving project data
 o  Retrieving project data
 o  Retrieving project data
 o  Retrieving project data
 o  Retrieving project data
 o  Retrieving project data
 o  Retrieving project data
 o  Retrieving project data
 o  Retrieving project data
 o  Retrieving project data
 o  Retrieving project data
 o  Retrieving project data
 o  Retrieving project data
 o  Retrieving project data
 o  Retrieving project data
 o  Retrieving project data
 o  Retrieving project dataStart of evolution
  Evaluated 10 individuals
-- Generation 1 --
  Evaluated 10 individuals
  Min 4540.349469252015
  Max 163406000000000.0
  Avg 23370300005637.613
  Std 51167841289252.5
-- Generation 2 --
  Evaluated 8 individuals
  Min 4496.628850042773
  Max 140367000000000.0
  Avg 22215400004633.152
  Std 46321274283716.38
-- Generation 3 --
  Evaluated 5 individuals
  Min 4496.628850042773
  Max 6044.257619989682
  Avg 4949.295768922122
  Std 652.0341036619085
-- End of (successful) evolution --
Total evaluations: 23 

Best individual is [0.86498326 0.85492593 0.44422696 0.058923   0.63225854 0.06672289
 0.18988596 0.84867509 0.0414414  0.74302294 0.        ], (4496.628850042773,)

 o  Retrieving project data
 o  Retrieving project data
 o  Retrieving project data
 o  Retrieving project data
 o  Retrieving project data
 o  Retrieving project data
 o  Retrieving project data
 o  Retrieving project data
 o  Retrieving project data
 o  Retrieving project data
 o  Retrieving project data
 o  Retrieving project data
 o  Retrieving project data
 o  Retrieving project data
 o  Retrieving project data
 o  Retrieving project data
 o  Retrieving project data
 o  Retrieving project data
 o  Retrieving project data
 o  Retrieving project data
 o  Retrieving project data
 o  Retrieving project data
 o  Retrieving project data
 o  Retrieving project data
 o  Retrieving project data
 o  Retrieving project data
 o  Retrieving project data
 o  Retrieving project data
 o  Retrieving project data
 o  Retrieving project data
 o  Retrieving project dataStart of evolution
  Evaluated 10 individuals
-- Generation 1 --
  Evaluated 7 individuals
  Min 4517.172555188286
  Max 70477000005895.78
  Avg 14079800006372.26
  Std 28159621604779.74
-- Generation 2 --
  Evaluated 5 individuals
  Min 252.8299807884228
  Max 177696000000158.12
  Avg 27136100003920.848
  Std 57432848969359.23
-- Generation 3 --
  Evaluated 9 individuals
  Min 4517.172555188286
  Max 94870000003608.14
  Avg 34154200003727.43
  Std 42305978480882.91
-- End of (successful) evolution --
Total evaluations: 21 

Best individual is [0.27253502 0.47028774 0.93455917 0.86379394 0.00603174 0.97193664
 0.93453155 0.85311197 0.38504084 0.7049649  0.79018952], (4517.172555188286,)

 o  Retrieving project data
 o  Retrieving project data
 o  Retrieving project data
 o  Retrieving project data
 o  Retrieving project data
 o  Retrieving project data
 o  Retrieving project data
 o  Retrieving project data
 o  Retrieving project data
 o  Retrieving project data
 o  Retrieving project data
 o  Retrieving project data
 o  Retrieving project data
 o  Retrieving project data
 o  Retrieving project data
 o  Retrieving project data
 o  Retrieving project data
 o  Retrieving project data
 o  Retrieving project data
 o  Retrieving project data
 o  Retrieving project data
 o  Retrieving project data
 o  Retrieving project data
 o  Retrieving project data
 o  Retrieving project data
 o  Retrieving project data
 o  Retrieving project data
 o  Retrieving project data
 o  Retrieving project data
 o  Retrieving project data
 o  Retrieving project dataStart of evolution
  Evaluated 10 individuals
-- Generation 1 --
  Evaluated 8 individuals
  Min 5419.792652090013
  Max 92794000005131.94
  Avg 16375600006022.994
  Std 33113032367996.97
-- Generation 2 --
  Evaluated 7 individuals
  Min 5757.069103415865
  Max 84022000001797.72
  Avg 8402200005547.692
  Std 25206599998750.01
-- Generation 3 --
  Evaluated 6 individuals
  Min 5757.069103415865
  Max 106547000000819.25
  Avg 17940000004936.96
  Std 36662496937288.06
-- End of (successful) evolution --
Total evaluations: 21 

Best individual is [0.74393991 0.02768019 0.38293548 0.54167704 0.11656986 0.97544229
 0.39362259 0.35046157 0.62009309 0.61620721 0.48772811], (5757.069103415865,)

 o  Retrieving project data
 o  Retrieving project data
 o  Retrieving project data
 o  Retrieving project data
 o  Retrieving project data
 o  Retrieving project data
 o  Retrieving project data
 o  Retrieving project data
 o  Retrieving project data
 o  Retrieving project data
 o  Retrieving project data
 o  Retrieving project data
 o  Retrieving project data
 o  Retrieving project data
 o  Retrieving project data
 o  Retrieving project data
 o  Retrieving project data
 o  Retrieving project data
 o  Retrieving project data
 o  Retrieving project data
 o  Retrieving project data
 o  Retrieving project data
 o  Retrieving project data
 o  Retrieving project data
 o  Retrieving project data
 o  Retrieving project data
 o  Retrieving project data
 o  Retrieving project data
 o  Retrieving project data
 o  Retrieving project data
 o  Retrieving project data
 o  Retrieving project dataStart of evolution
  Evaluated 10 individuals
-- Generation 1 --
  Evaluated 9 individuals
  Min 1836.5609953118922
  Max 154512000004441.47
  Avg 30930700004754.53
  Std 51365214099930.766
-- Generation 2 --
  Evaluated 4 individuals
  Min 1834.8780614989623
  Max 98808000000153.5
  Avg 9880800003784.676
  Std 29642399998789.61
-- Generation 3 --
  Evaluated 9 individuals
  Min 0.0
  Max 4849.08896059203
  Avg 2823.4922595230614
  Std 1672.9421457760923
-- End of (successful) evolution --
Total evaluations: 22 

Best individual is [0.07050525 0.71474637 0.07261432 0.11243225 0.43685684 0.39449281
 0.01726383 0.48002089 0.         0.01566333 0.02804542], (0.0,)

 o  Retrieving project data
 o  Retrieving project data
 o  Retrieving project data
 o  Retrieving project data
 o  Retrieving project data
 o  Retrieving project data
 o  Retrieving project data
 o  Retrieving project data
 o  Retrieving project data
 o  Retrieving project data
 o  Retrieving project data
 o  Retrieving project data
 o  Retrieving project data
 o  Retrieving project data
 o  Retrieving project data
 o  Retrieving project data
 o  Retrieving project data
 o  Retrieving project data
 o  Retrieving project data
 o  Retrieving project data
 o  Retrieving project data
 o  Retrieving project data
 o  Retrieving project data
 o  Retrieving project data
 o  Retrieving project data
 o  Retrieving project data
 o  Retrieving project data
 o  Retrieving project data
 o  Retrieving project data
 o  Retrieving project data
 o  Retrieving project data
 o  Retrieving project data
 o  Retrieving project data
 o  Retrieving project data
 o  Retrieving project data
 o  Retrieving project dataStart of evolution
  Evaluated 10 individuals
-- Generation 1 --
  Evaluated 7 individuals
  Min 6291.91119350509
  Max 96319000001219.83
  Avg 13862200006510.324
  Std 30241176697623.027
-- Generation 2 --
  Evaluated 9 individuals
  Min 6291.91119350509
  Max 161046000000864.5
  Avg 25409500006235.438
  Std 53044795798058.84
-- Generation 3 --
  Evaluated 10 individuals
  Min 824.4884412555999
  Max 141032000001730.3
  Avg 34782200004456.29
  Std 55370230029660.625
-- End of (successful) evolution --
Total evaluations: 26 

Best individual is [0.52894355 0.20002965 0.05188299 0.66155627 0.77025966 0.85390699
 0.45720359 0.50895277 0.         0.41567737 0.61608235], (824.4884412555999,)

 o  Retrieving project data
 o  Retrieving project data
 o  Retrieving project data
 o  Retrieving project data
 o  Retrieving project data
 o  Retrieving project data
 o  Retrieving project data
 o  Retrieving project data
 o  Retrieving project data
 o  Retrieving project data
 o  Retrieving project data
 o  Retrieving project data
 o  Retrieving project data
 o  Retrieving project data
 o  Retrieving project data
 o  Retrieving project data
 o  Retrieving project data
 o  Retrieving project data
 o  Retrieving project data
 o  Retrieving project data
 o  Retrieving project data
 o  Retrieving project data
 o  Retrieving project data
 o  Retrieving project data
 o  Retrieving project data
 o  Retrieving project data
 o  Retrieving project data
 o  Retrieving project data
 o  Retrieving project data
 o  Retrieving project data
 o  Retrieving project data
 o  Retrieving project data
 o  Retrieving project data
 o  Retrieving project dataStart of evolution
  Evaluated 10 individuals
-- Generation 1 --
  Evaluated 7 individuals
  Min 1616.6889466114171
  Max 98615000000002.88
  Avg 9861500004513.988
  Std 29584499998496.297
-- Generation 2 --
  Evaluated 10 individuals
  Min 0.2162939679453022
  Max 84222000000424.12
  Avg 8422200003337.447
  Std 25266599999028.89
-- Generation 3 --
  Evaluated 7 individuals
  Min 0.2162939679453022
  Max 94004000000000.0
  Avg 26202500001204.992
  Std 40339745038917.37
-- End of (successful) evolution --
Total evaluations: 24 

Best individual is [0.32089256 0.95779812 0.67163591 0.01487723 0.97076477 0.81234262
 0.7230005  0.26113092 0.         0.33314218 0.49834957], (0.2162939679453022,)

 o  Retrieving project data
 o  Retrieving project data
 o  Retrieving project data
 o  Retrieving project data
 o  Retrieving project data
 o  Retrieving project data
 o  Retrieving project data
 o  Retrieving project data
 o  Retrieving project data
 o  Retrieving project data
 o  Retrieving project data
 o  Retrieving project data
 o  Retrieving project data
 o  Retrieving project data
 o  Retrieving project data
 o  Retrieving project data
 o  Retrieving project data
 o  Retrieving project data
 o  Retrieving project data
 o  Retrieving project data
 o  Retrieving project data
 o  Retrieving project data
 o  Retrieving project data
 o  Retrieving project data
 o  Retrieving project data
 o  Retrieving project data
 o  Retrieving project data
 o  Retrieving project data
 o  Retrieving project data
 o  Retrieving project data
 o  Retrieving project data
 o  Retrieving project data
 o  Retrieving project dataStart of evolution
  Evaluated 10 individuals
-- Generation 1 --
  Evaluated 8 individuals
  Min 6216.630802459635
  Max 83872000002629.3
  Avg 16761300006712.098
  Std 33522612796036.3
-- Generation 2 --
  Evaluated 6 individuals
  Min 6216.630802459635
  Max 8219.253367927313
  Avg 7077.062085674914
  Std 811.4198355001864
-- Generation 3 --
  Evaluated 9 individuals
  Min 6216.630802459635
  Max 94426000003475.4
  Avg 36649100004778.4
  Std 44971920225007.86
-- End of (successful) evolution --
Total evaluations: 23 

Best individual is [0.321696   0.37275602 0.99717722 0.14786213 0.07101542 0.87018375
 0.14384202 0.32370881 0.97315045 0.91669282 0.65004877], (6216.630802459635,)

 o  Retrieving project data
 o  Retrieving project data
 o  Retrieving project data
 o  Retrieving project data
 o  Retrieving project data
 o  Retrieving project data
 o  Retrieving project data
 o  Retrieving project data
 o  Retrieving project data
 o  Retrieving project data
 o  Retrieving project data
 o  Retrieving project data
 o  Retrieving project data
 o  Retrieving project data
 o  Retrieving project data
 o  Retrieving project data
 o  Retrieving project data
 o  Retrieving project data
 o  Retrieving project data
 o  Retrieving project data
 o  Retrieving project data
 o  Retrieving project data
 o  Retrieving project data
 o  Retrieving project data
 o  Retrieving project data
 o  Retrieving project data
 o  Retrieving project data
 o  Retrieving project data
 o  Retrieving project data
 o  Retrieving project data
 o  Retrieving project data
 o  Retrieving project data
 o  Retrieving project dataStart of evolution
  Evaluated 10 individuals
-- Generation 1 --
  Evaluated 8 individuals
  Min 6216.630802459635
  Max 83872000002629.3
  Avg 16761300006712.098
  Std 33522612796036.3
-- Generation 2 --
  Evaluated 6 individuals
  Min 6216.630802459635
  Max 8219.253367927313
  Avg 7077.062085674914
  Std 811.4198355001864
-- Generation 3 --
  Evaluated 9 individuals
  Min 6216.630802459635
  Max 94426000003475.4
  Avg 36649100004778.4
  Std 44971920225007.86
-- End of (successful) evolution --
Total evaluations: 23 

Best individual is [0.321696   0.37275602 0.99717722 0.14786213 0.07101542 0.87018375
 0.14384202 0.32370881 0.97315045 0.91669282 0.65004877], (6216.630802459635,)

 o  Retrieving project data
 o  Retrieving project data
 o  Retrieving project data
 o  Retrieving project data
 o  Retrieving project data
 o  Retrieving project data
 o  Retrieving project data
 o  Retrieving project data
 o  Retrieving project data
 o  Retrieving project data
 o  Retrieving project data
 o  Retrieving project data
 o  Retrieving project data
 o  Retrieving project data
 o  Retrieving project data
 o  Retrieving project data
 o  Retrieving project data
 o  Retrieving project data
 o  Retrieving project data
 o  Retrieving project data
 o  Retrieving project data
 o  Retrieving project data
 o  Retrieving project data
 o  Retrieving project data
 o  Retrieving project data
 o  Retrieving project data
 o  Retrieving project data
 o  Retrieving project data
 o  Retrieving project data
 o  Retrieving project data
 o  Retrieving project data
 o  Retrieving project data
 o  Retrieving project dataStart of evolution
  Evaluated 10 individuals
-- Generation 1 --
  Evaluated 8 individuals
  Min 6231.77864049595
  Max 84761000003039.19
  Avg 9426000006775.766
  Std 25270859426005.82
-- Generation 2 --
  Evaluated 10 individuals
  Min 6231.77864049595
  Max 163091000003414.12
  Avg 17259000006507.87
  Std 48693094449746.02
-- Generation 3 --
  Evaluated 5 individuals
  Min 1849.6973192078708
  Max 7379.5820152742135
  Avg 6254.4708343335815
  Std 1544.8638735347
-- End of (successful) evolution --
Total evaluations: 23 

Best individual is [0.60191089 0.7053742  0.67192457 0.18080981 0.754827   0.782624
 0.12677308 0.07593181 0.         0.76870628 0.11033653], (1849.6973192078708,)

 o  Retrieving project data
 o  Retrieving project data
 o  Retrieving project data
 o  Retrieving project data
 o  Retrieving project data
 o  Retrieving project data
 o  Retrieving project data
 o  Retrieving project data
 o  Retrieving project data
 o  Retrieving project data
 o  Retrieving project data
 o  Retrieving project data
 o  Retrieving project data
 o  Retrieving project data
 o  Retrieving project data
 o  Retrieving project data
 o  Retrieving project data
 o  Retrieving project data
 o  Retrieving project data
 o  Retrieving project data
 o  Retrieving project data
 o  Retrieving project data
 o  Retrieving project data
 o  Retrieving project data
 o  Retrieving project data
 o  Retrieving project data
 o  Retrieving project data
 o  Retrieving project data
 o  Retrieving project data
 o  Retrieving project data
 o  Retrieving project data
 o  Retrieving project data
 o  Retrieving project dataStart of evolution
  Evaluated 10 individuals
-- Generation 1 --
  Evaluated 5 individuals
  Min 4287.866866827809
  Max 83741000002081.84
  Avg 17149600004881.45
  Std 28152638056747.973
-- Generation 2 --
  Evaluated 8 individuals
  Min 4162.04950036875
  Max 87890000001460.94
  Avg 17164400004489.322
  Std 34341255570442.266
-- Generation 3 --
  Evaluated 10 individuals
  Min 184.22520163097036
  Max 181113000000077.2
  Avg 36170800004119.664
  Std 60039573560904.98
-- End of (successful) evolution --
Total evaluations: 23 

Best individual is [0.05286995 0.8439162  0.61701625 0.57528648 0.66399456 0.426663
 0.46135045 0.63669556 0.         0.430353   0.67275378], (184.22520163097036,)

 o  Retrieving project data
 o  Retrieving project data
 o  Retrieving project data
 o  Retrieving project data
 o  Retrieving project data
 o  Retrieving project data
 o  Retrieving project data
 o  Retrieving project data
 o  Retrieving project data
 o  Retrieving project data
 o  Retrieving project data
 o  Retrieving project data
 o  Retrieving project data
 o  Retrieving project data
 o  Retrieving project data
 o  Retrieving project data
 o  Retrieving project data
 o  Retrieving project data
 o  Retrieving project data
 o  Retrieving project data
 o  Retrieving project data
 o  Retrieving project data
 o  Retrieving project data
 o  Retrieving project data
 o  Retrieving project data
 o  Retrieving project data
 o  Retrieving project data
 o  Retrieving project data
 o  Retrieving project data
 o  Retrieving project data
 o  Retrieving project data
 o  Retrieving project data
 o  Retrieving project data
 o  Retrieving project data
 o  Retrieving project data
 o  Retrieving project dataStart of evolution
  Evaluated 10 individuals
-- Generation 1 --
  Evaluated 10 individuals
  Min 1527.4089823153984
  Max 136102000000145.28
  Avg 21148800003379.54
  Std 41100561415133.15
-- Generation 2 --
  Evaluated 8 individuals
  Min 2673.570797216694
  Max 81564000000856.53
  Avg 8156400004060.023
  Std 24469199998932.168
-- Generation 3 --
  Evaluated 8 individuals
  Min 2673.570797216694
  Max 84021000000975.9
  Avg 20834400002950.527
  Std 33767715131084.805
-- End of (successful) evolution --
Total evaluations: 26 

Best individual is [0.04524233 0.17052609 0.06268819 0.37631882 0.04698402 0.87982061
 0.91678871 0.6602535  0.85609682 0.86206848 0.94145338], (2673.570797216694,)

 o  Retrieving project data
 o  Retrieving project data
 o  Retrieving project data
 o  Retrieving project data
 o  Retrieving project data
 o  Retrieving project data
 o  Retrieving project data
 o  Retrieving project data
 o  Retrieving project data
 o  Retrieving project data
 o  Retrieving project data
 o  Retrieving project data
 o  Retrieving project data
 o  Retrieving project data
 o  Retrieving project data
 o  Retrieving project data
 o  Retrieving project data
 o  Retrieving project data
 o  Retrieving project data
 o  Retrieving project data
 o  Retrieving project data
 o  Retrieving project data
 o  Retrieving project data
 o  Retrieving project data
 o  Retrieving project data
 o  Retrieving project data
 o  Retrieving project data
 o  Retrieving project data
 o  Retrieving project data
 o  Retrieving project data
 o  Retrieving project data
 o  Retrieving project data
 o  Retrieving project data
 o  Retrieving project data
 o  Retrieving project dataStart of evolution
  Evaluated 10 individuals
-- Generation 1 --
  Evaluated 8 individuals
  Min 5086.412418090577
  Max 12203000004717.867
  Avg 1220300005979.876
  Std 3660899999579.3306
-- Generation 2 --
  Evaluated 8 individuals
  Min 5086.412418090577
  Max 75572000003283.22
  Avg 12196400005313.514
  Std 25250392309648.383
-- Generation 3 --
  Evaluated 9 individuals
  Min 4493.390770534384
  Max 46392000003355.94
  Avg 4639200005306.334
  Std 13917599999349.87
-- End of (successful) evolution --
Total evaluations: 25 

Best individual is [0.75957063 0.14548231 0.35716187 0.094426   0.87482097 0.03560776
 0.70555175 0.64994348 0.06750383 0.18453835 0.        ], (4493.390770534384,)

 o  Retrieving project data
 o  Retrieving project data
 o  Retrieving project data
 o  Retrieving project data
 o  Retrieving project data
 o  Retrieving project data
 o  Retrieving project data
 o  Retrieving project data
 o  Retrieving project data
 o  Retrieving project data
 o  Retrieving project data
 o  Retrieving project data
 o  Retrieving project data
 o  Retrieving project data
 o  Retrieving project data
 o  Retrieving project data
 o  Retrieving project data
 o  Retrieving project data
 o  Retrieving project data
 o  Retrieving project data
 o  Retrieving project data
 o  Retrieving project data
 o  Retrieving project data
 o  Retrieving project data
 o  Retrieving project data
 o  Retrieving project data
 o  Retrieving project data
 o  Retrieving project data
 o  Retrieving project data
 o  Retrieving project data
 o  Retrieving project data
 o  Retrieving project data
 o  Retrieving project data
 o  Retrieving project data
 o  Retrieving project data
 o  Retrieving project dataStart of evolution
  Evaluated 10 individuals
-- Generation 1 --
  Evaluated 8 individuals
  Min 6430.480397275572
  Max 149694000000000.0
  Avg 22830400006434.95
  Std 48348272039305.98
-- Generation 2 --
  Evaluated 9 individuals
  Min 6267.763070295995
  Max 70312000005338.17
  Avg 7031200006848.074
  Std 21093599999496.7
-- Generation 3 --
  Evaluated 9 individuals
  Min 6267.763070295995
  Max 7653.91353404233
  Avg 6504.008512858374
  Std 390.14812415613085
-- End of (successful) evolution --
Total evaluations: 26 

Best individual is [0.36120945 0.35895788 0.44841517 0.99245145 0.31021083 0.59965432
 0.65405195 0.91777556 0.29443479 0.7057054  0.        ], (6267.763070295995,)

 o  Retrieving project data
 o  Retrieving project data
 o  Retrieving project data
 o  Retrieving project data
 o  Retrieving project data
 o  Retrieving project data
 o  Retrieving project data
 o  Retrieving project data
 o  Retrieving project data
 o  Retrieving project data
 o  Retrieving project data
 o  Retrieving project data
 o  Retrieving project data
 o  Retrieving project data
 o  Retrieving project data
 o  Retrieving project data
 o  Retrieving project data
 o  Retrieving project data
 o  Retrieving project data
 o  Retrieving project data
 o  Retrieving project data
 o  Retrieving project data
 o  Retrieving project data
 o  Retrieving project data
 o  Retrieving project data
 o  Retrieving project data
 o  Retrieving project data
 o  Retrieving project data
 o  Retrieving project data
 o  Retrieving project data
 o  Retrieving project dataStart of evolution
  Evaluated 10 individuals
-- Generation 1 --
  Evaluated 8 individuals
  Min 5094.629376374758
  Max 174120000001229.56
  Avg 17412000006582.715
  Std 52235999998215.62
-- Generation 2 --
  Evaluated 7 individuals
  Min 5094.629376374758
  Max 122746000002463.11
  Avg 12274600006244.326
  Std 36823799998739.59
-- Generation 3 --
  Evaluated 6 individuals
  Min 5094.629376374758
  Max 93048000004109.6
  Avg 30760200004704.03
  Std 38501009701970.36
-- End of (successful) evolution --
Total evaluations: 21 

Best individual is [0.10532894 0.73555271 0.72200824 0.87514218 0.41681088 0.81518838
 0.51698571 0.80309623 0.66249527 0.62818352 0.        ], (5094.629376374758,)

 o  Retrieving project data
 o  Retrieving project data
 o  Retrieving project data
 o  Retrieving project data
 o  Retrieving project data
 o  Retrieving project data
 o  Retrieving project data
 o  Retrieving project data
 o  Retrieving project data
 o  Retrieving project data
 o  Retrieving project data
 o  Retrieving project data
 o  Retrieving project data
 o  Retrieving project data
 o  Retrieving project data
 o  Retrieving project data
 o  Retrieving project data
 o  Retrieving project data
 o  Retrieving project data
 o  Retrieving project data
 o  Retrieving project data
 o  Retrieving project data
 o  Retrieving project data
 o  Retrieving project data
 o  Retrieving project data
 o  Retrieving project data
 o  Retrieving project data
 o  Retrieving project data
 o  Retrieving project data
 o  Retrieving project dataStart of evolution
  Evaluated 10 individuals
-- Generation 1 --
  Evaluated 7 individuals
  Min 6065.1093752910365
  Max 8359.011739289353
  Avg 7647.9999664296865
  Std 819.2570428139933
-- Generation 2 --
  Evaluated 7 individuals
  Min 6065.1093752910365
  Max 93614000000875.88
  Avg 9361400006196.252
  Std 28084199998226.54
-- Generation 3 --
  Evaluated 6 individuals
  Min 1773.8817335978551
  Max 98324000000827.61
  Avg 27854400004351.414
  Std 42753570485313.04
-- End of (successful) evolution --
Total evaluations: 20 

Best individual is [0.65909073 0.988604   0.51914083 0.72512775 0.86994679 0.89658985
 0.2046693  0.65637307 0.         0.52831702 0.        ], (1773.8817335978551,)

 o  Retrieving project data
 o  Retrieving project data
 o  Retrieving project data
 o  Retrieving project data
 o  Retrieving project data
 o  Retrieving project data
 o  Retrieving project data
 o  Retrieving project data
 o  Retrieving project data
 o  Retrieving project data
 o  Retrieving project data
 o  Retrieving project data
 o  Retrieving project data
 o  Retrieving project data
 o  Retrieving project data
 o  Retrieving project data
 o  Retrieving project data
 o  Retrieving project data
 o  Retrieving project data
 o  Retrieving project data
 o  Retrieving project data
 o  Retrieving project data
 o  Retrieving project data
 o  Retrieving project data
 o  Retrieving project data
 o  Retrieving project data
 o  Retrieving project data
 o  Retrieving project data
 o  Retrieving project data
 o  Retrieving project data
 o  Retrieving project data
 o  Retrieving project data
 o  Retrieving project dataStart of evolution
  Evaluated 10 individuals
-- Generation 1 --
  Evaluated 8 individuals
  Min 6231.77864049595
  Max 84761000003039.19
  Avg 9426000006775.766
  Std 25270859426005.82
-- Generation 2 --
  Evaluated 10 individuals
  Min 6231.77864049595
  Max 163091000003414.12
  Avg 17259000006507.87
  Std 48693094449746.02
-- Generation 3 --
  Evaluated 5 individuals
  Min 1849.6973192078708
  Max 7379.5820152742135
  Avg 6254.4708343335815
  Std 1544.8638735347
-- End of (successful) evolution --
Total evaluations: 23 

Best individual is [0.60191089 0.7053742  0.67192457 0.18080981 0.754827   0.782624
 0.12677308 0.07593181 0.         0.76870628 0.11033653], (1849.6973192078708,)

 o  Retrieving project data
 o  Retrieving project data
 o  Retrieving project data
 o  Retrieving project data
 o  Retrieving project data
 o  Retrieving project data
 o  Retrieving project data
 o  Retrieving project data
 o  Retrieving project data
 o  Retrieving project data
 o  Retrieving project data
 o  Retrieving project data
 o  Retrieving project data
 o  Retrieving project data
 o  Retrieving project data
 o  Retrieving project data
 o  Retrieving project data
 o  Retrieving project data
 o  Retrieving project data
 o  Retrieving project data
 o  Retrieving project data
 o  Retrieving project data
 o  Retrieving project data
 o  Retrieving project data
 o  Retrieving project data
 o  Retrieving project data
 o  Retrieving project data
 o  Retrieving project data
 o  Retrieving project data
 o  Retrieving project data
 o  Retrieving project data
 o  Retrieving project data
 o  Retrieving project data
 o  Retrieving project data
 o  Retrieving project data
 o  Retrieving project data
 o  Retrieving project dataStart of evolution
  Evaluated 10 individuals
-- Generation 1 --
  Evaluated 10 individuals
  Min 1422.8480351983999
  Max 200649000001041.2
  Avg 20433600004239.86
  Std 60081856728251.09
-- Generation 2 --
  Evaluated 8 individuals
  Min 1422.8480351983999
  Max 84008000001793.62
  Avg 8400800002236.748
  Std 25202399999852.293
-- Generation 3 --
  Evaluated 9 individuals
  Min 1422.8480351983999
  Max 81971000000277.44
  Avg 14429000001448.562
  Std 29190652941699.434
-- End of (successful) evolution --
Total evaluations: 27 

Best individual is [0.05397868 0.48936868 0.92581674 0.01155328 0.28979887 0.52216255
 0.50742667 0.60252142 0.33120308 0.39717649 0.02691065], (1422.8480351983999,)

 o  Retrieving project data
 o  Retrieving project data
 o  Retrieving project data
 o  Retrieving project data
 o  Retrieving project data
 o  Retrieving project data
 o  Retrieving project data
 o  Retrieving project data
 o  Retrieving project data
 o  Retrieving project data
 o  Retrieving project data
 o  Retrieving project data
 o  Retrieving project data
 o  Retrieving project data
 o  Retrieving project data
 o  Retrieving project data
 o  Retrieving project data
 o  Retrieving project data
 o  Retrieving project data
 o  Retrieving project data
 o  Retrieving project data
 o  Retrieving project data
 o  Retrieving project data
 o  Retrieving project data
 o  Retrieving project data
 o  Retrieving project data
 o  Retrieving project data
 o  Retrieving project data
 o  Retrieving project data
 o  Retrieving project data
 o  Retrieving project data
 o  Retrieving project data
 o  Retrieving project dataStart of evolution
  Evaluated 10 individuals
-- Generation 1 --
  Evaluated 7 individuals
  Min 1512.623661568908
  Max 42310000007263.125
  Avg 4231000003732.883
  Std 12693000001176.746
-- Generation 2 --
  Evaluated 8 individuals
  Min 1512.623661568908
  Max 191578000001927.28
  Avg 43870500001715.85
  Std 70554603292717.7
-- Generation 3 --
  Evaluated 8 individuals
  Min 1512.623661568908
  Max 135084000000023.6
  Avg 32240500001271.99
  Std 50396197509411.02
-- End of (successful) evolution --
Total evaluations: 23 

Best individual is [0.8469682  0.03148191 0.21951299 0.45306334 0.67061145 0.14135665
 0.71539875 0.50849087 0.00090567 0.65649101 0.23939882], (1512.623661568908,)

 o  Retrieving project data
 o  Retrieving project data
 o  Retrieving project data
 o  Retrieving project data
 o  Retrieving project data
 o  Retrieving project data
 o  Retrieving project data
 o  Retrieving project data
 o  Retrieving project data
 o  Retrieving project data
 o  Retrieving project data
 o  Retrieving project data
 o  Retrieving project data
 o  Retrieving project data
 o  Retrieving project data
 o  Retrieving project data
 o  Retrieving project data
 o  Retrieving project data
 o  Retrieving project data
 o  Retrieving project data
 o  Retrieving project data
 o  Retrieving project data
 o  Retrieving project data
 o  Retrieving project data
 o  Retrieving project data
 o  Retrieving project data
 o  Retrieving project data
 o  Retrieving project data
 o  Retrieving project data
 o  Retrieving project dataStart of evolution
  Evaluated 10 individuals
-- Generation 1 --
  Evaluated 7 individuals
  Min 6065.1093752910365
  Max 8359.011739289353
  Avg 7647.9999664296865
  Std 819.2570428139933
-- Generation 2 --
  Evaluated 7 individuals
  Min 6065.1093752910365
  Max 93614000000875.88
  Avg 9361400006196.252
  Std 28084199998226.54
-- Generation 3 --
  Evaluated 6 individuals
  Min 1773.8817335978551
  Max 98324000000827.61
  Avg 27854400004351.414
  Std 42753570485313.04
-- End of (successful) evolution --
Total evaluations: 20 

Best individual is [0.65909073 0.988604   0.51914083 0.72512775 0.86994679 0.89658985
 0.2046693  0.65637307 0.         0.52831702 0.        ], (1773.8817335978551,)

 o  Retrieving project data
 o  Retrieving project data
 o  Retrieving project data
 o  Retrieving project data
 o  Retrieving project data
 o  Retrieving project data
 o  Retrieving project data
 o  Retrieving project data
 o  Retrieving project data
 o  Retrieving project data
 o  Retrieving project data
 o  Retrieving project data
 o  Retrieving project data
 o  Retrieving project data
 o  Retrieving project data
 o  Retrieving project data
 o  Retrieving project data
 o  Retrieving project data
 o  Retrieving project data
 o  Retrieving project data
 o  Retrieving project data
 o  Retrieving project data
 o  Retrieving project data
 o  Retrieving project data
 o  Retrieving project data
 o  Retrieving project data
 o  Retrieving project data
 o  Retrieving project data
 o  Retrieving project data
 o  Retrieving project data
 o  Retrieving project data
 o  Retrieving project data
 o  Retrieving project data
 o  Retrieving project data
 o  Retrieving project data
 o  Retrieving project data
 o  Retrieving project dataStart of evolution
  Evaluated 10 individuals
-- Generation 1 --
  Evaluated 9 individuals
  Min 5633.755398913365
  Max 163967000003397.94
  Avg 28871100005730.926
  Std 52088066082139.33
-- Generation 2 --
  Evaluated 10 individuals
  Min 5187.401105274914
  Max 148606000000000.0
  Avg 38085600004809.8
  Std 50633680139094.375
-- Generation 3 --
  Evaluated 8 individuals
  Min 5187.401105274914
  Max 218424000001061.9
  Avg 56818500004264.516
  Std 78364830856320.36
-- End of (successful) evolution --
Total evaluations: 27 

Best individual is [0.1163766  0.08999639 0.43709758 0.89286742 0.38571677 0.00864423
 0.44528815 0.87812753 0.47244864 0.53785614 0.9094931 ], (5187.401105274914,)

 o  Retrieving project data
 o  Retrieving project data
 o  Retrieving project data
 o  Retrieving project data
 o  Retrieving project data
 o  Retrieving project data
 o  Retrieving project data
 o  Retrieving project data
 o  Retrieving project data
 o  Retrieving project data
 o  Retrieving project data
 o  Retrieving project data
 o  Retrieving project data
 o  Retrieving project data
 o  Retrieving project data
 o  Retrieving project data
 o  Retrieving project data
 o  Retrieving project data
 o  Retrieving project data
 o  Retrieving project data
 o  Retrieving project data
 o  Retrieving project data
 o  Retrieving project data
 o  Retrieving project data
 o  Retrieving project data
 o  Retrieving project data
 o  Retrieving project data
 o  Retrieving project data
 o  Retrieving project data
 o  Retrieving project dataStart of evolution
  Evaluated 10 individuals
-- Generation 1 --
  Evaluated 9 individuals
  Min 6802.2423721912255
  Max 93696000001771.34
  Avg 21568700006356.098
  Std 34999049099436.04
-- Generation 2 --
  Evaluated 2 individuals
  Min 6802.2423721912255
  Max 72975000002782.6
  Avg 7297500006876.002
  Std 21892499998635.53
-- Generation 3 --
  Evaluated 9 individuals
  Min 1630.9986858407306
  Max 92794000005424.5
  Avg 9279400006419.176
  Std 27838199999668.44
-- End of (successful) evolution --
Total evaluations: 20 

Best individual is [0.580987   0.05629014 0.2376512  0.26836636 0.42663891 0.38355124
 0.53712663 0.15397976 0.         0.03140625 0.0237508 ], (1630.9986858407306,)

 o  Retrieving project data
 o  Retrieving project data
 o  Retrieving project data
 o  Retrieving project data
 o  Retrieving project data
 o  Retrieving project data
 o  Retrieving project data
 o  Retrieving project data
 o  Retrieving project data
 o  Retrieving project data
 o  Retrieving project data
 o  Retrieving project data
 o  Retrieving project data
 o  Retrieving project data
 o  Retrieving project data
 o  Retrieving project data
 o  Retrieving project data
 o  Retrieving project data
 o  Retrieving project data
 o  Retrieving project data
 o  Retrieving project data
 o  Retrieving project data
 o  Retrieving project data
 o  Retrieving project data
 o  Retrieving project data
 o  Retrieving project data
 o  Retrieving project data
 o  Retrieving project data
 o  Retrieving project data
 o  Retrieving project data
 o  Retrieving project data
 o  Retrieving project dataStart of evolution
  Evaluated 10 individuals
-- Generation 1 --
  Evaluated 9 individuals
  Min 1836.5609953118922
  Max 154512000004441.47
  Avg 30930700004754.53
  Std 51365214099930.766
-- Generation 2 --
  Evaluated 4 individuals
  Min 1834.8780614989623
  Max 98808000000153.5
  Avg 9880800003784.676
  Std 29642399998789.61
-- Generation 3 --
  Evaluated 9 individuals
  Min 0.0
  Max 4849.08896059203
  Avg 2823.4922595230614
  Std 1672.9421457760923
-- End of (successful) evolution --
Total evaluations: 22 

Best individual is [0.07050525 0.71474637 0.07261432 0.11243225 0.43685684 0.39449281
 0.01726383 0.48002089 0.         0.01566333 0.02804542], (0.0,)

 o  Retrieving project data
 o  Retrieving project data
 o  Retrieving project data
 o  Retrieving project data
 o  Retrieving project data
 o  Retrieving project data
 o  Retrieving project data
 o  Retrieving project data
 o  Retrieving project data
 o  Retrieving project data
 o  Retrieving project data
 o  Retrieving project data
 o  Retrieving project data
 o  Retrieving project data
 o  Retrieving project data
 o  Retrieving project data
 o  Retrieving project data
 o  Retrieving project data
 o  Retrieving project data
 o  Retrieving project data
 o  Retrieving project data
 o  Retrieving project data
 o  Retrieving project data
 o  Retrieving project data
 o  Retrieving project data
 o  Retrieving project data
 o  Retrieving project data
 o  Retrieving project data
 o  Retrieving project data
 o  Retrieving project data
 o  Retrieving project data
 o  Retrieving project data
 o  Retrieving project dataStart of evolution
  Evaluated 10 individuals
-- Generation 1 --
  Evaluated 9 individuals
  Min 4677.028576901026
  Max 95435000003527.33
  Avg 18015400005147.6
  Std 36110388828412.0
-- Generation 2 --
  Evaluated 8 individuals
  Min 4418.17278214301
  Max 82570000001432.31
  Avg 8257000004780.264
  Std 24770999998884.016
-- Generation 3 --
  Evaluated 6 individuals
  Min 4400.96564213769
  Max 175777000002428.88
  Avg 35648400004112.2
  Std 58796551095330.09
-- End of (successful) evolution --
Total evaluations: 23 

Best individual is [0.08071124 0.9467982  0.03557751 0.85737795 0.67225961 0.08229081
 0.27924555 0.99320467 0.05807534 0.12497298 0.96414671], (4400.96564213769,)
