
 o  Retrieving project data
 o  Retrieving project data
 o  Retrieving project data
 o  Retrieving project data
 o  Retrieving project data
 o  Retrieving project data
 o  Retrieving project data
 o  Retrieving project data
 o  Retrieving project data
 o  Retrieving project data
 o  Retrieving project data
 o  Retrieving project data
 o  Retrieving project data
 o  Retrieving project data
 o  Retrieving project data
 o  Retrieving project data
 o  Retrieving project data
 o  Retrieving project data
 o  Retrieving project data
 o  Retrieving project data
 o  Retrieving project data
 o  Retrieving project data
 o  Retrieving project data
 o  Retrieving project data
 o  Retrieving project data
 o  Retrieving project data
 o  Retrieving project data
 o  Retrieving project data
 o  Retrieving project data
 o  Retrieving project data
 o  Retrieving project data
 o  Retrieving project data
 o  Retrieving project data
 o  Retrieving project data
 o  Retrieving project data
 o  Retrieving project data
 o  Retrieving project data
 o  Retrieving project dataStart of evolution
  Evaluated 10 individuals
-- Generation 1 --
  Evaluated 10 individuals
  Min 5847.632829539732
  Max 166252000000791.06
  Avg 33461200005493.625
  Std 55678746955162.4
-- Generation 2 --
  Evaluated 9 individuals
  Min 5847.632829539732
  Max 164780000000734.9
  Avg 33664900005172.04
  Std 55443130271059.43
-- Generation 3 --
  Evaluated 9 individuals
  Min 439.66585679448883
  Max 185969000000055.8
  Avg 18596900004701.76
  Std 55790699998451.35
-- End of (successful) evolution --
Total evaluations: 28 

Best individual is [0.52343621 0.75819693 0.0331133  0.76215982 0.68797554 0.06611603
 0.43816275 0.58154691 0.         0.1106834  0.54707011], (439.66585679448883,)

 o  Retrieving project data
 o  Retrieving project data
 o  Retrieving project data
 o  Retrieving project data
 o  Retrieving project data
 o  Retrieving project data
 o  Retrieving project data
 o  Retrieving project data
 o  Retrieving project data
 o  Retrieving project data
 o  Retrieving project data
 o  Retrieving project data
 o  Retrieving project data
 o  Retrieving project data
 o  Retrieving project data
 o  Retrieving project data
 o  Retrieving project data
 o  Retrieving project data
 o  Retrieving project data
 o  Retrieving project data
 o  Retrieving project data
 o  Retrieving project data
 o  Retrieving project data
 o  Retrieving project data
 o  Retrieving project data
 o  Retrieving project data
 o  Retrieving project data
 o  Retrieving project data
 o  Retrieving project data
 o  Retrieving project data
 o  Retrieving project dataStart of evolution
  Evaluated 10 individuals
-- Generation 1 --
  Evaluated 6 individuals
  Min 5708.592221249358
  Max 77430000002240.1
  Avg 7743000006286.614
  Std 23228999998651.16
-- Generation 2 --
  Evaluated 8 individuals
  Min 5708.592221249358
  Max 93579000006411.33
  Avg 34172000005221.332
  Std 42267278603420.74
-- Generation 3 --
  Evaluated 7 individuals
  Min 341.3327201158323
  Max 94051000003635.44
  Avg 18736900004607.723
  Std 37474158440935.39
-- End of (successful) evolution --
Total evaluations: 21 

Best individual is [0.67950701 0.08914212 0.03269252 0.23558832 0.41102689 0.13429571
 0.56918754 0.61989355 0.         0.70852858 0.76679766], (341.3327201158323,)

 o  Retrieving project data
 o  Retrieving project data
 o  Retrieving project data
 o  Retrieving project data
 o  Retrieving project data
 o  Retrieving project data
 o  Retrieving project data
 o  Retrieving project data
 o  Retrieving project data
 o  Retrieving project data
 o  Retrieving project data
 o  Retrieving project data
 o  Retrieving project data
 o  Retrieving project data
 o  Retrieving project data
 o  Retrieving project data
 o  Retrieving project data
 o  Retrieving project data
 o  Retrieving project data
 o  Retrieving project data
 o  Retrieving project data
 o  Retrieving project data
 o  Retrieving project data
 o  Retrieving project data
 o  Retrieving project data
 o  Retrieving project data
 o  Retrieving project data
 o  Retrieving project data
 o  Retrieving project data
 o  Retrieving project data
 o  Retrieving project data
 o  Retrieving project data
 o  Retrieving project data
 o  Retrieving project dataStart of evolution
  Evaluated 10 individuals
-- Generation 1 --
  Evaluated 8 individuals
  Min 5754.773793736421
  Max 79282000004288.86
  Avg 11704700006108.498
  Std 25182991735861.94
-- Generation 2 --
  Evaluated 8 individuals
  Min 5754.773793736421
  Max 92794000006176.84
  Avg 25681200005305.543
  Std 39346297565358.96
-- Generation 3 --
  Evaluated 8 individuals
  Min 5754.773793736421
  Max 93776000001402.62
  Avg 27165000005014.414
  Std 41554718751277.95
-- End of (successful) evolution --
Total evaluations: 24 

Best individual is [0.98027465 0.84158956 0.46947239 0.26391218 0.26344353 0.54328706
 0.43898452 0.26425169 0.03458506 0.78161579 0.99926326], (5754.773793736421,)

 o  Retrieving project data
 o  Retrieving project data
 o  Retrieving project data
 o  Retrieving project data
 o  Retrieving project data
 o  Retrieving project data
 o  Retrieving project data
 o  Retrieving project data
 o  Retrieving project data
 o  Retrieving project data
 o  Retrieving project data
 o  Retrieving project data
 o  Retrieving project data
 o  Retrieving project data
 o  Retrieving project data
 o  Retrieving project data
 o  Retrieving project data
 o  Retrieving project data
 o  Retrieving project data
 o  Retrieving project data
 o  Retrieving project data
 o  Retrieving project data
 o  Retrieving project data
 o  Retrieving project data
 o  Retrieving project data
 o  Retrieving project data
 o  Retrieving project data
 o  Retrieving project data
 o  Retrieving project data
 o  Retrieving project data
 o  Retrieving project data
 o  Retrieving project data
 o  Retrieving project data
 o  Retrieving project data
 o  Retrieving project dataStart of evolution
  Evaluated 10 individuals
-- Generation 1 --
  Evaluated 10 individuals
  Min 4309.236997159768
  Max 172592000002716.44
  Avg 34500100005931.855
  Std 57307910957800.53
-- Generation 2 --
  Evaluated 8 individuals
  Min 4309.236997159768
  Max 98429000000224.03
  Avg 9842900005371.932
  Std 29528699998284.035
-- Generation 3 --
  Evaluated 7 individuals
  Min 4309.236997159768
  Max 83741000001138.53
  Avg 8374100004419.722
  Std 25122299998906.27
-- End of (successful) evolution --
Total evaluations: 25 

Best individual is [0.57530033 0.23974462 0.92918569 0.45420513 0.13858515 0.39042397
 0.1116593  0.41385809 0.01297001 0.28926898 0.4418273 ], (4309.236997159768,)

 o  Retrieving project data
 o  Retrieving project data
 o  Retrieving project data
 o  Retrieving project data
 o  Retrieving project data
 o  Retrieving project data
 o  Retrieving project data
 o  Retrieving project data
 o  Retrieving project data
 o  Retrieving project data
 o  Retrieving project data
 o  Retrieving project data
 o  Retrieving project data
 o  Retrieving project data
 o  Retrieving project data
 o  Retrieving project data
 o  Retrieving project data
 o  Retrieving project data
 o  Retrieving project data
 o  Retrieving project data
 o  Retrieving project data
 o  Retrieving project data
 o  Retrieving project data
 o  Retrieving project data
 o  Retrieving project data
 o  Retrieving project data
 o  Retrieving project data
 o  Retrieving project data
 o  Retrieving project data
 o  Retrieving project data
 o  Retrieving project data
 o  Retrieving project data
 o  Retrieving project data
 o  Retrieving project data
 o  Retrieving project data
 o  Retrieving project dataStart of evolution
  Evaluated 10 individuals
-- Generation 1 --
  Evaluated 8 individuals
  Min 5790.244038532647
  Max 14290000001206.287
  Avg 2180100006518.9304
  Std 4616176563980.252
-- Generation 2 --
  Evaluated 10 individuals
  Min 3831.53782436857
  Max 85440000001499.08
  Avg 8544000006575.607
  Std 25631999998307.824
-- Generation 3 --
  Evaluated 8 individuals
  Min 3831.53782436857
  Max 101650000001379.8
  Avg 10165000004982.6
  Std 30494999998799.066
-- End of (successful) evolution --
Total evaluations: 26 

Best individual is [0.11755634 0.04739955 0.048363   0.41955092 0.50781926 0.45433452
 0.83293293 0.80615993 0.9533943  0.93911744 0.        ], (3831.53782436857,)

 o  Retrieving project data
 o  Retrieving project data
 o  Retrieving project data
 o  Retrieving project data
 o  Retrieving project data
 o  Retrieving project data
 o  Retrieving project data
 o  Retrieving project data
 o  Retrieving project data
 o  Retrieving project data
 o  Retrieving project data
 o  Retrieving project data
 o  Retrieving project data
 o  Retrieving project data
 o  Retrieving project data
 o  Retrieving project data
 o  Retrieving project data
 o  Retrieving project data
 o  Retrieving project data
 o  Retrieving project data
 o  Retrieving project data
 o  Retrieving project data
 o  Retrieving project data
 o  Retrieving project data
 o  Retrieving project data
 o  Retrieving project data
 o  Retrieving project data
 o  Retrieving project data
 o  Retrieving project data
 o  Retrieving project data
 o  Retrieving project data
 o  Retrieving project data
 o  Retrieving project data
 o  Retrieving project data
 o  Retrieving project data
 o  Retrieving project data
 o  Retrieving project dataStart of evolution
  Evaluated 10 individuals
-- Generation 1 --
  Evaluated 10 individuals
  Min 4487.671046206432
  Max 163099000001255.3
  Avg 33249400005432.53
  Std 53982849312412.26
-- Generation 2 --
  Evaluated 8 individuals
  Min 3393.1476406436177
  Max 6285000004100.456
  Avg 628500005429.0198
  Std 1885499999557.1455
-- Generation 3 --
  Evaluated 9 individuals
  Min 1081.5836793876595
  Max 83988000000014.06
  Avg 8398800003300.143
  Std 25196399998904.64
-- End of (successful) evolution --
Total evaluations: 27 

Best individual is [0.09919694 0.97657526 0.24759024 0.18495593 0.16189726 0.44756118
 0.6771404  0.30054907 0.         0.46054954 0.83661527], (1081.5836793876595,)

 o  Retrieving project data
 o  Retrieving project data
 o  Retrieving project data
 o  Retrieving project data
 o  Retrieving project data
 o  Retrieving project data
 o  Retrieving project data
 o  Retrieving project data
 o  Retrieving project data
 o  Retrieving project data
 o  Retrieving project data
 o  Retrieving project data
 o  Retrieving project data
 o  Retrieving project data
 o  Retrieving project data
 o  Retrieving project data
 o  Retrieving project data
 o  Retrieving project data
 o  Retrieving project data
 o  Retrieving project data
 o  Retrieving project data
 o  Retrieving project data
 o  Retrieving project data
 o  Retrieving project data
 o  Retrieving project data
 o  Retrieving project data
 o  Retrieving project data
 o  Retrieving project data
 o  Retrieving project data
 o  Retrieving project dataStart of evolution
  Evaluated 10 individuals
-- Generation 1 --
  Evaluated 7 individuals
  Min 3493.1504549822107
  Max 84211000000712.84
  Avg 29330300004344.695
  Std 37639273186863.49
-- Generation 2 --
  Evaluated 5 individuals
  Min 2000.7067805730198
  Max 43587000002033.17
  Avg 8616300005649.325
  Std 17234082765359.049
-- Generation 3 --
  Evaluated 8 individuals
  Min 2000.7067805730198
  Max 6834.120489464817
  Avg 3710.0777899491354
  Std 2162.747110881751
-- End of (successful) evolution --
Total evaluations: 20 

Best individual is [0.75873383 0.23470163 0.45756883 0.12961744 0.53229647 0.64534487
 0.67863217 0.16505812 0.         0.77013276 0.91990723], (2000.7067805730198,)

 o  Retrieving project data
 o  Retrieving project data
 o  Retrieving project data
 o  Retrieving project data
 o  Retrieving project data
 o  Retrieving project data
 o  Retrieving project data
 o  Retrieving project data
 o  Retrieving project data
 o  Retrieving project data
 o  Retrieving project data
 o  Retrieving project data
 o  Retrieving project data
 o  Retrieving project data
 o  Retrieving project data
 o  Retrieving project data
 o  Retrieving project data
 o  Retrieving project data
 o  Retrieving project data
 o  Retrieving project data
 o  Retrieving project data
 o  Retrieving project data
 o  Retrieving project data
 o  Retrieving project data
 o  Retrieving project data
 o  Retrieving project data
 o  Retrieving project data
 o  Retrieving project data
 o  Retrieving project dataStart of evolution
  Evaluated 10 individuals
-- Generation 1 --
  Evaluated 5 individuals
  Min 63.733158411555806
  Max 82295000004219.28
  Avg 15939600005150.184
  Std 26898779630541.438
-- Generation 2 --
  Evaluated 5 individuals
  Min 976.2785961905649
  Max 124016000003665.33
  Avg 25139800005310.67
  Std 43436078316496.24
-- Generation 3 --
  Evaluated 9 individuals
  Min 976.2785961905649
  Max 163961000002960.3
  Avg 16396100004374.291
  Std 49188299999528.67
-- End of (successful) evolution --
Total evaluations: 19 

Best individual is [0.10114431 0.02416215 0.13093149 0.23008612 0.61259879 0.26316956
 0.5234702  0.17968829 0.         0.76522942 0.77718923], (976.2785961905649,)

 o  Retrieving project data
 o  Retrieving project data
 o  Retrieving project data
 o  Retrieving project data
 o  Retrieving project data
 o  Retrieving project data
 o  Retrieving project data
 o  Retrieving project data
 o  Retrieving project data
 o  Retrieving project data
 o  Retrieving project data
 o  Retrieving project data
 o  Retrieving project data
 o  Retrieving project data
 o  Retrieving project data
 o  Retrieving project data
 o  Retrieving project data
 o  Retrieving project data
 o  Retrieving project data
 o  Retrieving project data
 o  Retrieving project data
 o  Retrieving project data
 o  Retrieving project data
 o  Retrieving project data
 o  Retrieving project data
 o  Retrieving project data
 o  Retrieving project data
 o  Retrieving project data
 o  Retrieving project data
 o  Retrieving project data
 o  Retrieving project data
 o  Retrieving project data
 o  Retrieving project dataStart of evolution
  Evaluated 10 individuals
-- Generation 1 --
  Evaluated 5 individuals
  Min 3966.690634826273
  Max 73704000006022.16
  Avg 7370400005971.63
  Std 22111200000016.84
-- Generation 2 --
  Evaluated 8 individuals
  Min 3966.690634826273
  Max 84388000002554.62
  Avg 8438800005360.106
  Std 25316399999064.84
-- Generation 3 --
  Evaluated 10 individuals
  Min 3953.31752357844
  Max 5614.527334436506
  Avg 4954.055343467629
  Std 808.9179743888861
-- End of (successful) evolution --
Total evaluations: 23 

Best individual is [0.16678135 0.86756639 0.07563389 0.03059538 0.90762395 0.11918057
 0.89602662 0.95629845 0.65683104 0.14844437 0.21540685], (3953.31752357844,)

 o  Retrieving project data
 o  Retrieving project data
 o  Retrieving project data
 o  Retrieving project data
 o  Retrieving project data
 o  Retrieving project data
 o  Retrieving project data
 o  Retrieving project data
 o  Retrieving project data
 o  Retrieving project data
 o  Retrieving project data
 o  Retrieving project data
 o  Retrieving project data
 o  Retrieving project data
 o  Retrieving project data
 o  Retrieving project data
 o  Retrieving project data
 o  Retrieving project data
 o  Retrieving project data
 o  Retrieving project data
 o  Retrieving project data
 o  Retrieving project data
 o  Retrieving project data
 o  Retrieving project data
 o  Retrieving project data
 o  Retrieving project data
 o  Retrieving project data
 o  Retrieving project data
 o  Retrieving project data
 o  Retrieving project data
 o  Retrieving project data
 o  Retrieving project data
 o  Retrieving project dataStart of evolution
  Evaluated 10 individuals
-- Generation 1 --
  Evaluated 5 individuals
  Min 3966.690634826273
  Max 73704000006022.16
  Avg 7370400005971.63
  Std 22111200000016.84
-- Generation 2 --
  Evaluated 8 individuals
  Min 3966.690634826273
  Max 84388000002554.62
  Avg 8438800005360.106
  Std 25316399999064.84
-- Generation 3 --
  Evaluated 10 individuals
  Min 3953.31752357844
  Max 5614.527334436506
  Avg 4954.055343467629
  Std 808.9179743888861
-- End of (successful) evolution --
Total evaluations: 23 

Best individual is [0.16678135 0.86756639 0.07563389 0.03059538 0.90762395 0.11918057
 0.89602662 0.95629845 0.65683104 0.14844437 0.21540685], (3953.31752357844,)

 o  Retrieving project data
 o  Retrieving project data
 o  Retrieving project data
 o  Retrieving project data
 o  Retrieving project data
 o  Retrieving project data
 o  Retrieving project data
 o  Retrieving project data
 o  Retrieving project data
 o  Retrieving project data
 o  Retrieving project data
 o  Retrieving project data
 o  Retrieving project data
 o  Retrieving project data
 o  Retrieving project data
 o  Retrieving project data
 o  Retrieving project data
 o  Retrieving project data
 o  Retrieving project data
 o  Retrieving project data
 o  Retrieving project data
 o  Retrieving project data
 o  Retrieving project data
 o  Retrieving project data
 o  Retrieving project data
 o  Retrieving project data
 o  Retrieving project data
 o  Retrieving project data
 o  Retrieving project data
 o  Retrieving project data
 o  Retrieving project data
 o  Retrieving project data
 o  Retrieving project data
 o  Retrieving project data
 o  Retrieving project dataStart of evolution
  Evaluated 10 individuals
-- Generation 1 --
  Evaluated 8 individuals
  Min 6319.347145141966
  Max 70311000005247.73
  Avg 11298300007158.445
  Std 23426524445096.63
-- Generation 2 --
  Evaluated 9 individuals
  Min 6319.347145141966
  Max 93746000003993.56
  Avg 28642400005070.258
  Std 37059896423373.62
-- Generation 3 --
  Evaluated 8 individuals
  Min 6319.347145141966
  Max 147575000000150.16
  Avg 30230800005344.25
  Std 45984513908438.61
-- End of (successful) evolution --
Total evaluations: 25 

Best individual is [0.84875799 0.71234864 0.42395838 0.83951185 0.58697165 0.22448527
 0.36989871 0.11427239 0.04148609 0.57104098 0.08742535], (6319.347145141966,)

 o  Retrieving project data
 o  Retrieving project data
 o  Retrieving project data
 o  Retrieving project data
 o  Retrieving project data
 o  Retrieving project data
 o  Retrieving project data
 o  Retrieving project data
 o  Retrieving project data
 o  Retrieving project data
 o  Retrieving project data
 o  Retrieving project data
 o  Retrieving project data
 o  Retrieving project data
 o  Retrieving project data
 o  Retrieving project data
 o  Retrieving project data
 o  Retrieving project data
 o  Retrieving project data
 o  Retrieving project data
 o  Retrieving project data
 o  Retrieving project data
 o  Retrieving project data
 o  Retrieving project data
 o  Retrieving project data
 o  Retrieving project data
 o  Retrieving project data
 o  Retrieving project data
 o  Retrieving project data
 o  Retrieving project data
 o  Retrieving project data
 o  Retrieving project data
 o  Retrieving project data
 o  Retrieving project dataStart of evolution
  Evaluated 10 individuals
-- Generation 1 --
  Evaluated 8 individuals
  Min 4958.647505107496
  Max 193330000000000.0
  Avg 27523400005191.906
  Std 60422991185702.4
-- Generation 2 --
  Evaluated 6 individuals
  Min 4958.647505107496
  Max 82322000003541.6
  Avg 24652800005302.41
  Std 37657921643427.586
-- Generation 3 --
  Evaluated 10 individuals
  Min 365.6582722074662
  Max 93633000003283.92
  Avg 17767400003934.855
  Std 35599470981698.01
-- End of (successful) evolution --
Total evaluations: 24 

Best individual is [0.95890878 0.21551259 0.33764252 0.03538258 0.94326634 0.69285
 0.53141202 0.56723481 0.         0.91434804 0.23087729], (365.6582722074662,)

 o  Retrieving project data
 o  Retrieving project data
 o  Retrieving project data
 o  Retrieving project data
 o  Retrieving project data
 o  Retrieving project data
 o  Retrieving project data
 o  Retrieving project data
 o  Retrieving project data
 o  Retrieving project data
 o  Retrieving project data
 o  Retrieving project data
 o  Retrieving project data
 o  Retrieving project data
 o  Retrieving project data
 o  Retrieving project data
 o  Retrieving project data
 o  Retrieving project data
 o  Retrieving project data
 o  Retrieving project data
 o  Retrieving project data
 o  Retrieving project data
 o  Retrieving project data
 o  Retrieving project data
 o  Retrieving project data
 o  Retrieving project data
 o  Retrieving project data
 o  Retrieving project data
 o  Retrieving project data
 o  Retrieving project data
 o  Retrieving project data
 o  Retrieving project data
 o  Retrieving project data
 o  Retrieving project data
 o  Retrieving project data
 o  Retrieving project data
 o  Retrieving project dataStart of evolution
  Evaluated 10 individuals
-- Generation 1 --
  Evaluated 8 individuals
  Min 295.5252395571311
  Max 87829000000736.89
  Avg 8782900004134.453
  Std 26348699998867.477
-- Generation 2 --
  Evaluated 10 individuals
  Min 295.5252395571311
  Max 99892000000008.84
  Avg 26844700002851.15
  Std 41227831443826.1
-- Generation 3 --
  Evaluated 9 individuals
  Min 0.0
  Max 93661000003385.55
  Avg 17229400001579.434
  Std 29859991873104.562
-- End of (successful) evolution --
Total evaluations: 27 

Best individual is [0.48613647 0.66847022 0.02123597 0.03184131 0.75417317 0.18146492
 0.82019018 0.91364591 0.         0.17012689 0.33691615], (0.0,)

 o  Retrieving project data
 o  Retrieving project data
 o  Retrieving project data
 o  Retrieving project data
 o  Retrieving project data
 o  Retrieving project data
 o  Retrieving project data
 o  Retrieving project data
 o  Retrieving project data
 o  Retrieving project data
 o  Retrieving project data
 o  Retrieving project data
 o  Retrieving project data
 o  Retrieving project data
 o  Retrieving project data
 o  Retrieving project data
 o  Retrieving project data
 o  Retrieving project data
 o  Retrieving project data
 o  Retrieving project data
 o  Retrieving project data
 o  Retrieving project data
 o  Retrieving project data
 o  Retrieving project data
 o  Retrieving project data
 o  Retrieving project data
 o  Retrieving project data
 o  Retrieving project data
 o  Retrieving project data
 o  Retrieving project data
 o  Retrieving project data
 o  Retrieving project data
 o  Retrieving project dataStart of evolution
  Evaluated 10 individuals
-- Generation 1 --
  Evaluated 9 individuals
  Min 5451.526069493403
  Max 95016000001923.39
  Avg 12759700006229.098
  Std 29088592910260.938
-- Generation 2 --
  Evaluated 10 individuals
  Min 5451.526069493403
  Max 80166000004308.0
  Avg 8016600006731.716
  Std 24049799999192.094
-- Generation 3 --
  Evaluated 4 individuals
  Min 3753.177206940791
  Max 154052000001583.62
  Avg 15405200005733.629
  Std 46215599998616.664
-- End of (successful) evolution --
Total evaluations: 23 

Best individual is [0.07241963 0.85806102 0.88273213 0.3844705  0.25472301 0.68448488
 0.94011092 0.21309056 0.44783206 0.66268104 0.        ], (3753.177206940791,)

 o  Retrieving project data
 o  Retrieving project data
 o  Retrieving project data
 o  Retrieving project data
 o  Retrieving project data
 o  Retrieving project data
 o  Retrieving project data
 o  Retrieving project data
 o  Retrieving project data
 o  Retrieving project data
 o  Retrieving project data
 o  Retrieving project data
 o  Retrieving project data
 o  Retrieving project data
 o  Retrieving project data
 o  Retrieving project data
 o  Retrieving project data
 o  Retrieving project data
 o  Retrieving project data
 o  Retrieving project data
 o  Retrieving project data
 o  Retrieving project data
 o  Retrieving project data
 o  Retrieving project data
 o  Retrieving project data
 o  Retrieving project data
 o  Retrieving project data
 o  Retrieving project data
 o  Retrieving project dataStart of evolution
  Evaluated 10 individuals
-- Generation 1 --
  Evaluated 7 individuals
  Min 6692.007583960592
  Max 92827000005451.0
  Avg 25246100006087.32
  Std 34741165371395.32
-- Generation 2 --
  Evaluated 6 individuals
  Min 6692.007583960592
  Max 168514000000000.0
  Avg 29359800005762.383
  Std 53303095002795.42
-- Generation 3 --
  Evaluated 6 individuals
  Min 6692.007583960592
  Max 70297000004424.48
  Avg 11268700006781.555
  Std 23385346505281.402
-- End of (successful) evolution --
Total evaluations: 19 

Best individual is [0.08730149 0.58380809 0.39775149 0.91466086 0.61448119 0.52252456
 0.93816924 0.28568024 0.8485934  0.42213488 0.67602414], (6692.007583960592,)

 o  Retrieving project data
 o  Retrieving project data
 o  Retrieving project data
 o  Retrieving project data
 o  Retrieving project data
 o  Retrieving project data
 o  Retrieving project data
 o  Retrieving project data
 o  Retrieving project data
 o  Retrieving project data
 o  Retrieving project data
 o  Retrieving project data
 o  Retrieving project data
 o  Retrieving project data
 o  Retrieving project data
 o  Retrieving project data
 o  Retrieving project data
 o  Retrieving project data
 o  Retrieving project data
 o  Retrieving project data
 o  Retrieving project data
 o  Retrieving project data
 o  Retrieving project data
 o  Retrieving project data
 o  Retrieving project data
 o  Retrieving project data
 o  Retrieving project dataStart of evolution
  Evaluated 10 individuals
-- Generation 1 --
  Evaluated 8 individuals
  Min 1835.9079697892487
  Max 98454000000017.86
  Avg 19411400005226.145
  Std 38827826638710.15
-- Generation 2 --
  Evaluated 5 individuals
  Min 1835.9079697892487
  Max 83950000000784.34
  Avg 15198000003729.984
  Std 30603743821659.004
-- Generation 3 --
  Evaluated 4 individuals
  Min 1835.9079697892487
  Max 84587000000063.28
  Avg 19514600002031.11
  Std 31278684719459.1
-- End of (successful) evolution --
Total evaluations: 17 

Best individual is [0.16744068 0.51292945 0.26621037 0.80190449 0.90325082 0.76490335
 0.45297331 0.47056775 0.         0.24699554 0.75895749], (1835.9079697892487,)

 o  Retrieving project data
 o  Retrieving project data
 o  Retrieving project data
 o  Retrieving project data
 o  Retrieving project data
 o  Retrieving project data
 o  Retrieving project data
 o  Retrieving project data
 o  Retrieving project data
 o  Retrieving project data
 o  Retrieving project data
 o  Retrieving project data
 o  Retrieving project data
 o  Retrieving project data
 o  Retrieving project data
 o  Retrieving project data
 o  Retrieving project data
 o  Retrieving project data
 o  Retrieving project data
 o  Retrieving project data
 o  Retrieving project data
 o  Retrieving project data
 o  Retrieving project data
 o  Retrieving project data
 o  Retrieving project data
 o  Retrieving project data
 o  Retrieving project data
 o  Retrieving project data
 o  Retrieving project data
 o  Retrieving project data
 o  Retrieving project data
 o  Retrieving project data
 o  Retrieving project data
 o  Retrieving project data
 o  Retrieving project dataStart of evolution
  Evaluated 10 individuals
-- Generation 1 --
  Evaluated 10 individuals
  Min 4756.475487387196
  Max 74220000004233.62
  Avg 11673100006211.459
  Std 24399141141980.938
-- Generation 2 --
  Evaluated 10 individuals
  Min 4756.475487387196
  Max 83741000002416.86
  Avg 8374100004865.737
  Std 25122299999183.707
-- Generation 3 --
  Evaluated 5 individuals
  Min 4756.475487387196
  Max 79384000002852.8
  Avg 7938400004566.1045
  Std 23815199999428.9
-- End of (successful) evolution --
Total evaluations: 25 

Best individual is [0.09062902 0.93725949 0.25001822 0.2044381  0.11219264 0.98103137
 0.90105037 0.31915521 0.09562496 0.65330967 0.88757472], (4756.475487387196,)

 o  Retrieving project data
 o  Retrieving project data
 o  Retrieving project data
 o  Retrieving project data
 o  Retrieving project data
 o  Retrieving project data
 o  Retrieving project data
 o  Retrieving project data
 o  Retrieving project data
 o  Retrieving project data
 o  Retrieving project data
 o  Retrieving project data
 o  Retrieving project data
 o  Retrieving project data
 o  Retrieving project data
 o  Retrieving project data
 o  Retrieving project data
 o  Retrieving project data
 o  Retrieving project data
 o  Retrieving project data
 o  Retrieving project data
 o  Retrieving project data
 o  Retrieving project data
 o  Retrieving project data
 o  Retrieving project data
 o  Retrieving project data
 o  Retrieving project data
 o  Retrieving project data
 o  Retrieving project data
 o  Retrieving project data
 o  Retrieving project data
 o  Retrieving project data
 o  Retrieving project data
 o  Retrieving project data
 o  Retrieving project dataStart of evolution
  Evaluated 10 individuals
-- Generation 1 --
  Evaluated 8 individuals
  Min 6319.347145141966
  Max 70311000005247.73
  Avg 11298300007158.445
  Std 23426524445096.63
-- Generation 2 --
  Evaluated 9 individuals
  Min 6319.347145141966
  Max 93746000003993.56
  Avg 28642400005070.258
  Std 37059896423373.62
-- Generation 3 --
  Evaluated 8 individuals
  Min 6319.347145141966
  Max 147575000000150.16
  Avg 30230800005344.25
  Std 45984513908438.61
-- End of (successful) evolution --
Total evaluations: 25 

Best individual is [0.84875799 0.71234864 0.42395838 0.83951185 0.58697165 0.22448527
 0.36989871 0.11427239 0.04148609 0.57104098 0.08742535], (6319.347145141966,)

 o  Retrieving project data
 o  Retrieving project data
 o  Retrieving project data
 o  Retrieving project data
 o  Retrieving project data
 o  Retrieving project data
 o  Retrieving project data
 o  Retrieving project data
 o  Retrieving project data
 o  Retrieving project data
 o  Retrieving project data
 o  Retrieving project data
 o  Retrieving project data
 o  Retrieving project data
 o  Retrieving project data
 o  Retrieving project data
 o  Retrieving project data
 o  Retrieving project data
 o  Retrieving project data
 o  Retrieving project data
 o  Retrieving project data
 o  Retrieving project data
 o  Retrieving project data
 o  Retrieving project data
 o  Retrieving project data
 o  Retrieving project data
 o  Retrieving project data
 o  Retrieving project data
 o  Retrieving project data
 o  Retrieving project data
 o  Retrieving project dataStart of evolution
  Evaluated 10 individuals
-- Generation 1 --
  Evaluated 6 individuals
  Min 6880.668384421133
  Max 95878000003578.5
  Avg 17557100006643.613
  Std 35300208962392.11
-- Generation 2 --
  Evaluated 8 individuals
  Min 6880.668384421133
  Max 85955000003992.03
  Avg 8595500006811.114
  Std 25786499999060.305
-- Generation 3 --
  Evaluated 7 individuals
  Min 1960.4792504755692
  Max 83741000001234.72
  Avg 8374100006025.151
  Std 25122299998403.19
-- End of (successful) evolution --
Total evaluations: 21 

Best individual is [0.7296946  0.70371957 0.41853819 0.69238488 0.62634238 0.71652961
 0.90522755 0.48428505 0.         0.61859006 0.326877  ], (1960.4792504755692,)

 o  Retrieving project data
 o  Retrieving project data
 o  Retrieving project data
 o  Retrieving project data
 o  Retrieving project data
 o  Retrieving project data
 o  Retrieving project data
 o  Retrieving project data
 o  Retrieving project data
 o  Retrieving project data
 o  Retrieving project data
 o  Retrieving project data
 o  Retrieving project data
 o  Retrieving project data
 o  Retrieving project data
 o  Retrieving project data
 o  Retrieving project data
 o  Retrieving project data
 o  Retrieving project data
 o  Retrieving project data
 o  Retrieving project data
 o  Retrieving project data
 o  Retrieving project data
 o  Retrieving project data
 o  Retrieving project data
 o  Retrieving project data
 o  Retrieving project data
 o  Retrieving project data
 o  Retrieving project data
 o  Retrieving project data
 o  Retrieving project data
 o  Retrieving project data
 o  Retrieving project data
 o  Retrieving project data
 o  Retrieving project data
 o  Retrieving project data
 o  Retrieving project dataStart of evolution
  Evaluated 10 individuals
-- Generation 1 --
  Evaluated 7 individuals
  Min 792.7686739363177
  Max 169865000000446.56
  Avg 33832400002670.68
  Std 56554815843540.66
-- Generation 2 --
  Evaluated 10 individuals
  Min 593.6977607134924
  Max 98840000000000.0
  Avg 28160200001295.32
  Std 43180240076764.83
-- Generation 3 --
  Evaluated 10 individuals
  Min 0.0
  Max 84620000000302.47
  Avg 22079600001304.234
  Std 29182375804503.152
-- End of (successful) evolution --
Total evaluations: 27 

Best individual is [0.04263066 0.78129208 0.78100091 0.03859716 0.78595192 0.09883465
 0.95167236 0.76052101 0.01334206 0.7200083  0.31874824], (0.0,)

 o  Retrieving project data
 o  Retrieving project data
 o  Retrieving project data
 o  Retrieving project data
 o  Retrieving project data
 o  Retrieving project data
 o  Retrieving project data
 o  Retrieving project data
 o  Retrieving project data
 o  Retrieving project data
 o  Retrieving project data
 o  Retrieving project data
 o  Retrieving project data
 o  Retrieving project data
 o  Retrieving project data
 o  Retrieving project data
 o  Retrieving project data
 o  Retrieving project data
 o  Retrieving project data
 o  Retrieving project data
 o  Retrieving project data
 o  Retrieving project data
 o  Retrieving project data
 o  Retrieving project data
 o  Retrieving project data
 o  Retrieving project data
 o  Retrieving project data
 o  Retrieving project data
 o  Retrieving project data
 o  Retrieving project data
 o  Retrieving project data
 o  Retrieving project data
 o  Retrieving project data
 o  Retrieving project data
 o  Retrieving project dataStart of evolution
  Evaluated 10 individuals
-- Generation 1 --
  Evaluated 10 individuals
  Min 4756.475487387196
  Max 74220000004233.62
  Avg 11673100006211.459
  Std 24399141141980.938
-- Generation 2 --
  Evaluated 10 individuals
  Min 4756.475487387196
  Max 83741000002416.86
  Avg 8374100004865.737
  Std 25122299999183.707
-- Generation 3 --
  Evaluated 5 individuals
  Min 4756.475487387196
  Max 79384000002852.8
  Avg 7938400004566.1045
  Std 23815199999428.9
-- End of (successful) evolution --
Total evaluations: 25 

Best individual is [0.09062902 0.93725949 0.25001822 0.2044381  0.11219264 0.98103137
 0.90105037 0.31915521 0.09562496 0.65330967 0.88757472], (4756.475487387196,)

 o  Retrieving project data
 o  Retrieving project data
 o  Retrieving project data
 o  Retrieving project data
 o  Retrieving project data
 o  Retrieving project data
 o  Retrieving project data
 o  Retrieving project data
 o  Retrieving project data
 o  Retrieving project data
 o  Retrieving project data
 o  Retrieving project data
 o  Retrieving project data
 o  Retrieving project data
 o  Retrieving project data
 o  Retrieving project data
 o  Retrieving project data
 o  Retrieving project data
 o  Retrieving project data
 o  Retrieving project data
 o  Retrieving project data
 o  Retrieving project data
 o  Retrieving project data
 o  Retrieving project data
 o  Retrieving project data
 o  Retrieving project data
 o  Retrieving project data
 o  Retrieving project data
 o  Retrieving project data
 o  Retrieving project data
 o  Retrieving project data
 o  Retrieving project data
 o  Retrieving project data
 o  Retrieving project data
 o  Retrieving project data
 o  Retrieving project data
 o  Retrieving project data
 o  Retrieving project dataStart of evolution
  Evaluated 10 individuals
-- Generation 1 --
  Evaluated 9 individuals
  Min 6287.6324471449325
  Max 83494000000643.66
  Avg 18104900005668.492
  Std 29206850312067.72
-- Generation 2 --
  Evaluated 10 individuals
  Min 6644.5312026976835
  Max 94282000002405.67
  Avg 27210200005234.14
  Std 37027803694882.95
-- Generation 3 --
  Evaluated 9 individuals
  Min 6644.5312026976835
  Max 166568000001078.66
  Avg 30813300005570.35
  Std 50070724123336.02
-- End of (successful) evolution --
Total evaluations: 28 

Best individual is [0.65834816 0.144309   0.0648247  0.62560772 0.48499941 0.07369092
 0.540332   0.61092358 0.57834626 0.02209878 0.88888329], (6644.5312026976835,)

 o  Retrieving project data
 o  Retrieving project data
 o  Retrieving project data
 o  Retrieving project data
 o  Retrieving project data
 o  Retrieving project data
 o  Retrieving project data
 o  Retrieving project data
 o  Retrieving project data
 o  Retrieving project data
 o  Retrieving project data
 o  Retrieving project data
 o  Retrieving project data
 o  Retrieving project data
 o  Retrieving project data
 o  Retrieving project data
 o  Retrieving project data
 o  Retrieving project data
 o  Retrieving project data
 o  Retrieving project data
 o  Retrieving project data
 o  Retrieving project data
 o  Retrieving project data
 o  Retrieving project data
 o  Retrieving project data
 o  Retrieving project data
 o  Retrieving project data
 o  Retrieving project dataStart of evolution
  Evaluated 10 individuals
-- Generation 1 --
  Evaluated 7 individuals
  Min 4088.6108641899527
  Max 93048000004518.55
  Avg 13527600005020.125
  Std 29344803067077.406
-- Generation 2 --
  Evaluated 6 individuals
  Min 4643.44620044607
  Max 163438000003722.75
  Avg 16343800004616.35
  Std 49031399999702.125
-- Generation 3 --
  Evaluated 5 individuals
  Min 4643.44620044607
  Max 193287000000000.0
  Avg 33448100003636.145
  Std 61131951294699.66
-- End of (successful) evolution --
Total evaluations: 18 

Best individual is [0.39451988 0.67253738 0.24432166 0.84109055 0.62332919 0.0203458
 0.71515762 0.37915203 0.03490639 0.67041214 0.21940805], (4643.44620044607,)

 o  Retrieving project data
 o  Retrieving project data
 o  Retrieving project data
 o  Retrieving project data
 o  Retrieving project data
 o  Retrieving project data
 o  Retrieving project data
 o  Retrieving project data
 o  Retrieving project data
 o  Retrieving project data
 o  Retrieving project data
 o  Retrieving project data
 o  Retrieving project data
 o  Retrieving project data
 o  Retrieving project data
 o  Retrieving project data
 o  Retrieving project data
 o  Retrieving project data
 o  Retrieving project data
 o  Retrieving project data
 o  Retrieving project data
 o  Retrieving project data
 o  Retrieving project data
 o  Retrieving project data
 o  Retrieving project data
 o  Retrieving project data
 o  Retrieving project data
 o  Retrieving project data
 o  Retrieving project data
 o  Retrieving project data
 o  Retrieving project data
 o  Retrieving project data
 o  Retrieving project data
 o  Retrieving project data
 o  Retrieving project data
 o  Retrieving project data
 o  Retrieving project dataStart of evolution
  Evaluated 10 individuals
-- Generation 1 --
  Evaluated 10 individuals
  Min 4487.671046206432
  Max 163099000001255.3
  Avg 33249400005432.53
  Std 53982849312412.26
-- Generation 2 --
  Evaluated 8 individuals
  Min 3393.1476406436177
  Max 6285000004100.456
  Avg 628500005429.0198
  Std 1885499999557.1455
-- Generation 3 --
  Evaluated 9 individuals
  Min 1081.5836793876595
  Max 83988000000014.06
  Avg 8398800003300.143
  Std 25196399998904.64
-- End of (successful) evolution --
Total evaluations: 27 

Best individual is [0.09919694 0.97657526 0.24759024 0.18495593 0.16189726 0.44756118
 0.6771404  0.30054907 0.         0.46054954 0.83661527], (1081.5836793876595,)

 o  Retrieving project data
 o  Retrieving project data
 o  Retrieving project data
 o  Retrieving project data
 o  Retrieving project data
 o  Retrieving project data
 o  Retrieving project data
 o  Retrieving project data
 o  Retrieving project data
 o  Retrieving project data
 o  Retrieving project data
 o  Retrieving project data
 o  Retrieving project data
 o  Retrieving project data
 o  Retrieving project data
 o  Retrieving project data
 o  Retrieving project data
 o  Retrieving project data
 o  Retrieving project data
 o  Retrieving project data
 o  Retrieving project data
 o  Retrieving project data
 o  Retrieving project data
 o  Retrieving project data
 o  Retrieving project data
 o  Retrieving project data
 o  Retrieving project data
 o  Retrieving project data
 o  Retrieving project data
 o  Retrieving project dataStart of evolution
  Evaluated 10 individuals
-- Generation 1 --
  Evaluated 8 individuals
  Min 5180.416905574722
  Max 93600000005075.39
  Avg 17437700006014.012
  Std 34993070621700.062
-- Generation 2 --
  Evaluated 5 individuals
  Min 5180.416905574722
  Max 82711000004099.47
  Avg 15301400005580.781
  Std 30728314157854.64
-- Generation 3 --
  Evaluated 7 individuals
  Min 5180.416905574722
  Max 98601000000024.42
  Avg 24968100004514.793
  Std 38672383636813.71
-- End of (successful) evolution --
Total evaluations: 20 

Best individual is [0.41242883 0.4077221  0.89775843 0.89809103 0.30710113 0.84858451
 0.95823637 0.83592694 0.02490464 0.98016963 0.2595496 ], (5180.416905574722,)
