
 o  Retrieving project data
 o  Retrieving project data
 o  Retrieving project data
 o  Retrieving project data
 o  Retrieving project data
 o  Retrieving project data
 o  Retrieving project data
 o  Retrieving project data
 o  Retrieving project data
 o  Retrieving project data
 o  Retrieving project data
 o  Retrieving project data
 o  Retrieving project data
 o  Retrieving project data
 o  Retrieving project data
 o  Retrieving project data
 o  Retrieving project data
 o  Retrieving project data
 o  Retrieving project data
 o  Retrieving project data
 o  Retrieving project data
 o  Retrieving project data
 o  Retrieving project data
 o  Retrieving project data
 o  Retrieving project dataStart of evolution
  Evaluated 10 individuals
-- Generation 1 --
  Evaluated 5 individuals
  Min 3970.9770744379534
  Max 93756000001226.36
  Avg 9908400005481.842
  Std 27994305159408.89
-- Generation 2 --
  Evaluated 4 individuals
  Min 3970.9770744379534
  Max 7742.960004631571
  Avg 5481.623655177464
  Std 1597.7839815641812
-- Generation 3 --
  Evaluated 6 individuals
  Min 2292.2127193017327
  Max 3970.9770744379534
  Avg 3803.1006389243316
  Std 503.62930654086404
-- End of (successful) evolution --
Total evaluations: 15 

Best individual is [0.0404045  0.12866762 0.73444078 0.04348769 0.09492499 0.77771606
 0.71375659 0.2987645  0.17065285 0.88237432 0.        ], (2292.2127193017327,)

 o  Retrieving project data
 o  Retrieving project data
 o  Retrieving project data
 o  Retrieving project data
 o  Retrieving project data
 o  Retrieving project data
 o  Retrieving project data
 o  Retrieving project data
 o  Retrieving project data
 o  Retrieving project data
 o  Retrieving project data
 o  Retrieving project data
 o  Retrieving project data
 o  Retrieving project data
 o  Retrieving project data
 o  Retrieving project data
 o  Retrieving project data
 o  Retrieving project data
 o  Retrieving project data
 o  Retrieving project data
 o  Retrieving project data
 o  Retrieving project data
 o  Retrieving project data
 o  Retrieving project data
 o  Retrieving project data
 o  Retrieving project data
 o  Retrieving project data
 o  Retrieving project data
 o  Retrieving project data
 o  Retrieving project data
 o  Retrieving project data
 o  Retrieving project data
 o  Retrieving project dataStart of evolution
  Evaluated 10 individuals
-- Generation 1 --
  Evaluated 9 individuals
  Min 1891.923963209613
  Max 194494000000000.0
  Avg 25175600005400.316
  Std 58965027197625.875
-- Generation 2 --
  Evaluated 8 individuals
  Min 1891.923963209613
  Max 99169000001243.47
  Avg 16961100005372.88
  Std 34525029749415.188
-- Generation 3 --
  Evaluated 6 individuals
  Min 1891.923963209613
  Max 100593000000000.0
  Avg 26899600004972.62
  Std 41307718613785.234
-- End of (successful) evolution --
Total evaluations: 23 

Best individual is [0.5257384  0.32476708 0.90779793 0.24794821 0.94867116 0.5742866
 0.88018895 0.94366244 0.         0.29409668 0.90529383], (1891.923963209613,)

 o  Retrieving project data
 o  Retrieving project data
 o  Retrieving project data
 o  Retrieving project data
 o  Retrieving project data
 o  Retrieving project data
 o  Retrieving project data
 o  Retrieving project data
 o  Retrieving project data
 o  Retrieving project data
 o  Retrieving project data
 o  Retrieving project data
 o  Retrieving project data
 o  Retrieving project data
 o  Retrieving project data
 o  Retrieving project data
 o  Retrieving project data
 o  Retrieving project data
 o  Retrieving project data
 o  Retrieving project data
 o  Retrieving project data
 o  Retrieving project data
 o  Retrieving project data
 o  Retrieving project data
 o  Retrieving project data
 o  Retrieving project data
 o  Retrieving project data
 o  Retrieving project data
 o  Retrieving project data
 o  Retrieving project dataStart of evolution
  Evaluated 10 individuals
-- Generation 1 --
  Evaluated 3 individuals
  Min 7417.394060393988
  Max 98394000001077.1
  Avg 16869100006745.396
  Std 34318190651024.04
-- Generation 2 --
  Evaluated 9 individuals
  Min 7417.394060393988
  Max 180144000000000.0
  Avg 49316700005205.195
  Std 57208478753794.516
-- Generation 3 --
  Evaluated 8 individuals
  Min 7417.394060393988
  Max 89555000000000.0
  Avg 38156000005742.086
  Std 38556167193466.516
-- End of (successful) evolution --
Total evaluations: 20 

Best individual is [0.87779139 0.02879235 0.89185355 0.66108455 0.77106878 0.17834918
 0.41587436 0.43803522 0.64265557 0.17592481 0.85994677], (7417.394060393988,)

 o  Retrieving project data
 o  Retrieving project data
 o  Retrieving project data
 o  Retrieving project data
 o  Retrieving project data
 o  Retrieving project data
 o  Retrieving project data
 o  Retrieving project data
 o  Retrieving project data
 o  Retrieving project data
 o  Retrieving project data
 o  Retrieving project data
 o  Retrieving project data
 o  Retrieving project data
 o  Retrieving project data
 o  Retrieving project data
 o  Retrieving project data
 o  Retrieving project data
 o  Retrieving project data
 o  Retrieving project data
 o  Retrieving project data
 o  Retrieving project data
 o  Retrieving project data
 o  Retrieving project data
 o  Retrieving project data
 o  Retrieving project data
 o  Retrieving project data
 o  Retrieving project data
 o  Retrieving project data
 o  Retrieving project data
 o  Retrieving project data
 o  Retrieving project data
 o  Retrieving project data
 o  Retrieving project data
 o  Retrieving project data
 o  Retrieving project data
 o  Retrieving project dataStart of evolution
  Evaluated 10 individuals
-- Generation 1 --
  Evaluated 10 individuals
  Min 1749.9789574582849
  Max 98016000000000.0
  Avg 18206100004591.023
  Std 36545967639715.195
-- Generation 2 --
  Evaluated 7 individuals
  Min 1749.9789574582849
  Max 210536000000000.0
  Avg 21053600004202.492
  Std 63160799998599.17
-- Generation 3 --
  Evaluated 10 individuals
  Min 1740.672788872602
  Max 82519000001264.45
  Avg 16131700003748.219
  Std 32274126967790.836
-- End of (successful) evolution --
Total evaluations: 27 

Best individual is [0.17913542 0.58977115 0.14058087 0.80369583 0.97593467 0.29654641
 0.3194073  0.14964927 0.         0.08654034 0.60140494], (1740.672788872602,)

 o  Retrieving project data
 o  Retrieving project data
 o  Retrieving project data
 o  Retrieving project data
 o  Retrieving project data
 o  Retrieving project data
 o  Retrieving project data
 o  Retrieving project data
 o  Retrieving project data
 o  Retrieving project data
 o  Retrieving project data
 o  Retrieving project data
 o  Retrieving project data
 o  Retrieving project data
 o  Retrieving project data
 o  Retrieving project data
 o  Retrieving project data
 o  Retrieving project data
 o  Retrieving project data
 o  Retrieving project data
 o  Retrieving project data
 o  Retrieving project data
 o  Retrieving project data
 o  Retrieving project data
 o  Retrieving project data
 o  Retrieving project data
 o  Retrieving project data
 o  Retrieving project data
 o  Retrieving project data
 o  Retrieving project data
 o  Retrieving project data
 o  Retrieving project data
 o  Retrieving project data
 o  Retrieving project data
 o  Retrieving project data
 o  Retrieving project dataStart of evolution
  Evaluated 10 individuals
-- Generation 1 --
  Evaluated 10 individuals
  Min 3398.6350178150724
  Max 106588000000000.0
  Avg 10658800005468.844
  Std 31976399998177.05
-- Generation 2 --
  Evaluated 8 individuals
  Min 1013.7331296728314
  Max 92794000001597.17
  Avg 17298500002420.418
  Std 34711585809350.773
-- Generation 3 --
  Evaluated 8 individuals
  Min 1013.7331296728314
  Max 80614000002362.1
  Avg 16080500002264.707
  Std 32161139087713.73
-- End of (successful) evolution --
Total evaluations: 26 

Best individual is [0.8409031  0.11450338 0.20761954 0.05724595 0.78322033 0.3801042
 0.85454909 0.818708   0.         0.95114257 0.79079531], (1013.7331296728314,)

 o  Retrieving project data
 o  Retrieving project data
 o  Retrieving project data
 o  Retrieving project data
 o  Retrieving project data
 o  Retrieving project data
 o  Retrieving project data
 o  Retrieving project data
 o  Retrieving project data
 o  Retrieving project data
 o  Retrieving project data
 o  Retrieving project data
 o  Retrieving project data
 o  Retrieving project data
 o  Retrieving project data
 o  Retrieving project data
 o  Retrieving project data
 o  Retrieving project data
 o  Retrieving project data
 o  Retrieving project data
 o  Retrieving project data
 o  Retrieving project data
 o  Retrieving project data
 o  Retrieving project data
 o  Retrieving project data
 o  Retrieving project data
 o  Retrieving project data
 o  Retrieving project data
 o  Retrieving project data
 o  Retrieving project dataStart of evolution
  Evaluated 10 individuals
-- Generation 1 --
  Evaluated 7 individuals
  Min 3686.7248488166365
  Max 142806000002660.8
  Avg 21312600006074.004
  Std 45602836367082.87
-- Generation 2 --
  Evaluated 7 individuals
  Min 3686.7248488166365
  Max 80755000000667.66
  Avg 12326000005050.168
  Std 26093566811208.02
-- Generation 3 --
  Evaluated 6 individuals
  Min 3686.7248488166365
  Max 98901000001271.12
  Avg 9890100004203.494
  Std 29670299999022.543
-- End of (successful) evolution --
Total evaluations: 20 

Best individual is [0.02634338 0.78136906 0.27260638 0.0955924  0.66368431 0.65638003
 0.03021984 0.3255072  0.99832467 0.01844594 0.77508636], (3686.7248488166365,)

 o  Retrieving project data
 o  Retrieving project data
 o  Retrieving project data
 o  Retrieving project data
 o  Retrieving project data
 o  Retrieving project data
 o  Retrieving project data
 o  Retrieving project data
 o  Retrieving project data
 o  Retrieving project data
 o  Retrieving project data
 o  Retrieving project data
 o  Retrieving project data
 o  Retrieving project data
 o  Retrieving project data
 o  Retrieving project data
 o  Retrieving project data
 o  Retrieving project data
 o  Retrieving project data
 o  Retrieving project data
 o  Retrieving project data
 o  Retrieving project data
 o  Retrieving project data
 o  Retrieving project data
 o  Retrieving project data
 o  Retrieving project data
 o  Retrieving project data
 o  Retrieving project data
 o  Retrieving project data
 o  Retrieving project data
 o  Retrieving project data
 o  Retrieving project data
 o  Retrieving project data
 o  Retrieving project data
 o  Retrieving project data
 o  Retrieving project dataStart of evolution
  Evaluated 10 individuals
-- Generation 1 --
  Evaluated 8 individuals
  Min 3922.271595182678
  Max 92794000006424.27
  Avg 18558800005680.79
  Std 37117599999485.23
-- Generation 2 --
  Evaluated 10 individuals
  Min 3822.611941740618
  Max 98248000000000.0
  Avg 9824800005356.55
  Std 29474399998214.48
-- Generation 3 --
  Evaluated 8 individuals
  Min 3822.611941740618
  Max 172577000001877.84
  Avg 32465300003937.55
  Std 55562880538154.64
-- End of (successful) evolution --
Total evaluations: 26 

Best individual is [0.99129576 0.93333234 0.27805753 0.65678795 0.80907834 0.49164183
 0.01760122 0.36112655 0.01735128 0.73268039 0.06827611], (3822.611941740618,)

 o  Retrieving project data
 o  Retrieving project data
 o  Retrieving project data
 o  Retrieving project data
 o  Retrieving project data
 o  Retrieving project data
 o  Retrieving project data
 o  Retrieving project data
 o  Retrieving project data
 o  Retrieving project data
 o  Retrieving project data
 o  Retrieving project data
 o  Retrieving project data
 o  Retrieving project data
 o  Retrieving project data
 o  Retrieving project data
 o  Retrieving project data
 o  Retrieving project data
 o  Retrieving project data
 o  Retrieving project data
 o  Retrieving project data
 o  Retrieving project data
 o  Retrieving project data
 o  Retrieving project data
 o  Retrieving project data
 o  Retrieving project data
 o  Retrieving project data
 o  Retrieving project data
 o  Retrieving project data
 o  Retrieving project data
 o  Retrieving project data
 o  Retrieving project data
 o  Retrieving project data
 o  Retrieving project dataStart of evolution
  Evaluated 10 individuals
-- Generation 1 --
  Evaluated 8 individuals
  Min 4713.497084830897
  Max 95485000000002.56
  Avg 23079100005765.22
  Std 37694738672664.58
-- Generation 2 --
  Evaluated 9 individuals
  Min 4713.497084830897
  Max 97920000000384.33
  Avg 16856400004716.006
  Std 34260062646654.89
-- Generation 3 --
  Evaluated 7 individuals
  Min 4713.497084830897
  Max 170407000000515.0
  Avg 35261200004010.72
  Std 57656876126047.44
-- End of (successful) evolution --
Total evaluations: 24 

Best individual is [0.21399066 0.13301598 0.96338695 0.21717376 0.01196265 0.76902346
 0.88685167 0.46382263 0.36209842 0.67879305 0.27481448], (4713.497084830897,)

 o  Retrieving project data
 o  Retrieving project data
 o  Retrieving project data
 o  Retrieving project data
 o  Retrieving project data
 o  Retrieving project data
 o  Retrieving project data
 o  Retrieving project data
 o  Retrieving project data
 o  Retrieving project data
 o  Retrieving project data
 o  Retrieving project data
 o  Retrieving project data
 o  Retrieving project data
 o  Retrieving project data
 o  Retrieving project data
 o  Retrieving project data
 o  Retrieving project data
 o  Retrieving project data
 o  Retrieving project data
 o  Retrieving project data
 o  Retrieving project data
 o  Retrieving project data
 o  Retrieving project data
 o  Retrieving project data
 o  Retrieving project dataStart of evolution
  Evaluated 10 individuals
-- Generation 1 --
  Evaluated 5 individuals
  Min 903.035310120844
  Max 81672000004630.69
  Avg 15753300005916.1
  Std 30268457469630.445
-- Generation 2 --
  Evaluated 5 individuals
  Min 903.035310120844
  Max 140018000000000.0
  Avg 14001800004984.363
  Std 42005399998338.55
-- Generation 3 --
  Evaluated 6 individuals
  Min 903.035310120844
  Max 93665000000845.62
  Avg 26951000003155.656
  Std 41231958031610.45
-- End of (successful) evolution --
Total evaluations: 16 

Best individual is [0.06961967 0.04913023 0.99564741 0.13965486 0.92431303 0.36222321
 0.3698808  0.20766062 0.07612208 0.18752548 0.0360962 ], (903.035310120844,)

 o  Retrieving project data
 o  Retrieving project data
 o  Retrieving project data
 o  Retrieving project data
 o  Retrieving project data
 o  Retrieving project data
 o  Retrieving project data
 o  Retrieving project data
 o  Retrieving project data
 o  Retrieving project data
 o  Retrieving project data
 o  Retrieving project data
 o  Retrieving project data
 o  Retrieving project data
 o  Retrieving project data
 o  Retrieving project data
 o  Retrieving project data
 o  Retrieving project data
 o  Retrieving project data
 o  Retrieving project data
 o  Retrieving project data
 o  Retrieving project data
 o  Retrieving project data
 o  Retrieving project data
 o  Retrieving project data
 o  Retrieving project dataStart of evolution
  Evaluated 10 individuals
-- Generation 1 --
  Evaluated 5 individuals
  Min 903.035310120844
  Max 81672000004630.69
  Avg 15753300005916.1
  Std 30268457469630.445
-- Generation 2 --
  Evaluated 5 individuals
  Min 903.035310120844
  Max 140018000000000.0
  Avg 14001800004984.363
  Std 42005399998338.55
-- Generation 3 --
  Evaluated 6 individuals
  Min 903.035310120844
  Max 93665000000845.62
  Avg 26951000003155.656
  Std 41231958031610.45
-- End of (successful) evolution --
Total evaluations: 16 

Best individual is [0.06961967 0.04913023 0.99564741 0.13965486 0.92431303 0.36222321
 0.3698808  0.20766062 0.07612208 0.18752548 0.0360962 ], (903.035310120844,)

 o  Retrieving project data
 o  Retrieving project data
 o  Retrieving project data
 o  Retrieving project data
 o  Retrieving project data
 o  Retrieving project data
 o  Retrieving project data
 o  Retrieving project data
 o  Retrieving project data
 o  Retrieving project data
 o  Retrieving project data
 o  Retrieving project data
 o  Retrieving project data
 o  Retrieving project data
 o  Retrieving project data
 o  Retrieving project data
 o  Retrieving project data
 o  Retrieving project data
 o  Retrieving project data
 o  Retrieving project data
 o  Retrieving project data
 o  Retrieving project data
 o  Retrieving project data
 o  Retrieving project data
 o  Retrieving project data
 o  Retrieving project data
 o  Retrieving project data
 o  Retrieving project data
 o  Retrieving project data
 o  Retrieving project data
 o  Retrieving project data
 o  Retrieving project data
 o  Retrieving project dataStart of evolution
  Evaluated 10 individuals
-- Generation 1 --
  Evaluated 6 individuals
  Min 3473.9669735908456
  Max 1000005110.7787207
  Avg 100005927.3630878
  Std 299999727.8085236
-- Generation 2 --
  Evaluated 9 individuals
  Min 705.4147443022653
  Max 88284000003835.81
  Avg 15859400004092.178
  Std 31972417912618.273
-- Generation 3 --
  Evaluated 8 individuals
  Min 705.4147443022653
  Max 5084.53928171625
  Avg 3770.801920492055
  Std 2006.766967033805
-- End of (successful) evolution --
Total evaluations: 23 

Best individual is [0.94424279 0.30901499 0.30879449 0.06788458 0.93588579 0.86312519
 0.11276565 0.07741521 0.         0.99104796 0.73204668], (705.4147443022653,)

 o  Retrieving project data
 o  Retrieving project data
 o  Retrieving project data
 o  Retrieving project data
 o  Retrieving project data
 o  Retrieving project data
 o  Retrieving project data
 o  Retrieving project data
 o  Retrieving project data
 o  Retrieving project data
 o  Retrieving project data
 o  Retrieving project data
 o  Retrieving project data
 o  Retrieving project data
 o  Retrieving project data
 o  Retrieving project data
 o  Retrieving project data
 o  Retrieving project data
 o  Retrieving project data
 o  Retrieving project data
 o  Retrieving project data
 o  Retrieving project data
 o  Retrieving project data
 o  Retrieving project data
 o  Retrieving project data
 o  Retrieving project data
 o  Retrieving project data
 o  Retrieving project data
 o  Retrieving project data
 o  Retrieving project dataStart of evolution
  Evaluated 10 individuals
-- Generation 1 --
  Evaluated 9 individuals
  Min 5221.46116227417
  Max 179567000003010.5
  Avg 27269800005998.4
  Std 57863002625460.98
-- Generation 2 --
  Evaluated 6 individuals
  Min 5221.46116227417
  Max 98567000000000.0
  Avg 18230800004851.785
  Std 36612003334942.75
-- Generation 3 --
  Evaluated 5 individuals
  Min 5631.298928744522
  Max 70304000003805.77
  Avg 12464800005436.73
  Std 25183745473966.562
-- End of (successful) evolution --
Total evaluations: 20 

Best individual is [0.05900625 0.66784901 0.54471424 0.26071642 0.19451044 0.21694042
 0.61879022 0.85443684 0.66062622 0.1333311  0.35114363], (5631.298928744522,)

 o  Retrieving project data
 o  Retrieving project data
 o  Retrieving project data
 o  Retrieving project data
 o  Retrieving project data
 o  Retrieving project data
 o  Retrieving project data
 o  Retrieving project data
 o  Retrieving project data
 o  Retrieving project data
 o  Retrieving project data
 o  Retrieving project data
 o  Retrieving project data
 o  Retrieving project data
 o  Retrieving project data
 o  Retrieving project data
 o  Retrieving project data
 o  Retrieving project data
 o  Retrieving project data
 o  Retrieving project data
 o  Retrieving project data
 o  Retrieving project data
 o  Retrieving project data
 o  Retrieving project data
 o  Retrieving project data
 o  Retrieving project data
 o  Retrieving project data
 o  Retrieving project data
 o  Retrieving project data
 o  Retrieving project data
 o  Retrieving project data
 o  Retrieving project data
 o  Retrieving project data
 o  Retrieving project dataStart of evolution
  Evaluated 10 individuals
-- Generation 1 --
  Evaluated 5 individuals
  Min 7295.691789634238
  Max 95866000002526.86
  Avg 16627000006778.666
  Std 33737874682533.992
-- Generation 2 --
  Evaluated 10 individuals
  Min 4096.880619622459
  Max 228464000000134.1
  Avg 32125800006080.055
  Std 71053399266156.19
-- Generation 3 --
  Evaluated 9 individuals
  Min 4096.880619622459
  Max 83741000002695.44
  Avg 28029300004371.387
  Std 35942117134541.76
-- End of (successful) evolution --
Total evaluations: 24 

Best individual is [0.91653514 0.06587459 0.07612183 0.46123772 0.60180661 0.07281036
 0.89505748 0.72732658 0.57597711 0.99115782 0.        ], (4096.880619622459,)

 o  Retrieving project data
 o  Retrieving project data
 o  Retrieving project data
 o  Retrieving project data
 o  Retrieving project data
 o  Retrieving project data
 o  Retrieving project data
 o  Retrieving project data
 o  Retrieving project data
 o  Retrieving project data
 o  Retrieving project data
 o  Retrieving project data
 o  Retrieving project data
 o  Retrieving project data
 o  Retrieving project data
 o  Retrieving project data
 o  Retrieving project data
 o  Retrieving project data
 o  Retrieving project data
 o  Retrieving project data
 o  Retrieving project data
 o  Retrieving project data
 o  Retrieving project data
 o  Retrieving project data
 o  Retrieving project data
 o  Retrieving project data
 o  Retrieving project data
 o  Retrieving project data
 o  Retrieving project data
 o  Retrieving project data
 o  Retrieving project data
 o  Retrieving project data
 o  Retrieving project data
 o  Retrieving project dataStart of evolution
  Evaluated 10 individuals
-- Generation 1 --
  Evaluated 10 individuals
  Min 3473.569092038249
  Max 8205.16599431204
  Avg 6779.189349742107
  Std 1446.9780466727984
-- Generation 2 --
  Evaluated 5 individuals
  Min 3473.569092038249
  Max 121831000002318.1
  Avg 20239300005205.473
  Std 41517147973935.33
-- Generation 3 --
  Evaluated 9 individuals
  Min 3473.569092038249
  Max 183562000001383.25
  Avg 48979700003591.086
  Std 64718675000251.81
-- End of (successful) evolution --
Total evaluations: 24 

Best individual is [0.90159498 0.5177837  0.84232197 0.54205263 0.38183291 0.53672608
 0.00558864 0.93428436 0.02795804 0.55395956 0.45430261], (3473.569092038249,)

 o  Retrieving project data
 o  Retrieving project data
 o  Retrieving project data
 o  Retrieving project data
 o  Retrieving project data
 o  Retrieving project data
 o  Retrieving project data
 o  Retrieving project data
 o  Retrieving project data
 o  Retrieving project data
 o  Retrieving project data
 o  Retrieving project data
 o  Retrieving project data
 o  Retrieving project data
 o  Retrieving project data
 o  Retrieving project data
 o  Retrieving project data
 o  Retrieving project data
 o  Retrieving project data
 o  Retrieving project data
 o  Retrieving project data
 o  Retrieving project data
 o  Retrieving project data
 o  Retrieving project data
 o  Retrieving project data
 o  Retrieving project data
 o  Retrieving project data
 o  Retrieving project data
 o  Retrieving project data
 o  Retrieving project data
 o  Retrieving project data
 o  Retrieving project data
 o  Retrieving project data
 o  Retrieving project data
 o  Retrieving project dataStart of evolution
  Evaluated 10 individuals
-- Generation 1 --
  Evaluated 7 individuals
  Min 6135.286159596156
  Max 209293000000014.75
  Avg 20929300006445.4
  Std 62787899997856.445
-- Generation 2 --
  Evaluated 8 individuals
  Min 5878.45497211342
  Max 161770000000182.5
  Avg 36833600004642.31
  Std 53866923934732.6
-- Generation 3 --
  Evaluated 10 individuals
  Min 5878.45497211342
  Max 93760000000386.0
  Avg 9376000005801.223
  Std 28127999998194.926
-- End of (successful) evolution --
Total evaluations: 25 

Best individual is [0.94104408 0.02622129 0.77862855 0.62742824 0.02345377 0.54822266
 0.77800815 0.31434857 0.64118532 0.0129658  0.43433148], (5878.45497211342,)

 o  Retrieving project data
 o  Retrieving project data
 o  Retrieving project data
 o  Retrieving project data
 o  Retrieving project data
 o  Retrieving project data
 o  Retrieving project data
 o  Retrieving project data
 o  Retrieving project data
 o  Retrieving project data
 o  Retrieving project data
 o  Retrieving project data
 o  Retrieving project data
 o  Retrieving project data
 o  Retrieving project data
 o  Retrieving project data
 o  Retrieving project data
 o  Retrieving project data
 o  Retrieving project data
 o  Retrieving project data
 o  Retrieving project data
 o  Retrieving project data
 o  Retrieving project data
 o  Retrieving project data
 o  Retrieving project data
 o  Retrieving project data
 o  Retrieving project data
 o  Retrieving project data
 o  Retrieving project data
 o  Retrieving project data
 o  Retrieving project dataStart of evolution
  Evaluated 10 individuals
-- Generation 1 --
  Evaluated 7 individuals
  Min 4703.618969586887
  Max 70300000006173.77
  Avg 11280900006829.441
  Std 23401961526051.094
-- Generation 2 --
  Evaluated 6 individuals
  Min 4703.618969586887
  Max 97474000000924.66
  Avg 9747400005942.709
  Std 29242199998327.316
-- Generation 3 --
  Evaluated 8 individuals
  Min 4609.017878572361
  Max 95579000002991.55
  Avg 13809200005473.84
  Std 30059541518455.402
-- End of (successful) evolution --
Total evaluations: 21 

Best individual is [0.56814362 0.06052656 0.13904491 0.13191646 0.19443749 0.98280574
 0.25731779 0.34147042 0.04422981 0.68394721 0.57172378], (4609.017878572361,)

 o  Retrieving project data
 o  Retrieving project data
 o  Retrieving project data
 o  Retrieving project data
 o  Retrieving project data
 o  Retrieving project data
 o  Retrieving project data
 o  Retrieving project data
 o  Retrieving project data
 o  Retrieving project data
 o  Retrieving project data
 o  Retrieving project data
 o  Retrieving project data
 o  Retrieving project data
 o  Retrieving project data
 o  Retrieving project data
 o  Retrieving project data
 o  Retrieving project data
 o  Retrieving project data
 o  Retrieving project data
 o  Retrieving project data
 o  Retrieving project data
 o  Retrieving project data
 o  Retrieving project data
 o  Retrieving project data
 o  Retrieving project data
 o  Retrieving project data
 o  Retrieving project data
 o  Retrieving project data
 o  Retrieving project data
 o  Retrieving project data
 o  Retrieving project data
 o  Retrieving project data
 o  Retrieving project data
 o  Retrieving project dataStart of evolution
  Evaluated 10 individuals
-- Generation 1 --
  Evaluated 9 individuals
  Min 119.9935179604355
  Max 6721.099604159066
  Avg 3134.6482441163052
  Std 2428.317645885103
-- Generation 2 --
  Evaluated 8 individuals
  Min 119.9935179604355
  Max 72127000000000.0
  Avg 7212700001069.894
  Std 21638099999643.367
-- Generation 3 --
  Evaluated 8 individuals
  Min 119.9935179604355
  Max 81922000000000.0
  Avg 8192200000307.896
  Std 24576599999897.367
-- End of (successful) evolution --
Total evaluations: 25 

Best individual is [0.05605856 0.58192358 0.81335555 0.98650966 0.96101949 0.6513543
 0.66242097 0.67820705 0.00658548 0.02474815 0.06523522], (119.9935179604355,)

 o  Retrieving project data
 o  Retrieving project data
 o  Retrieving project data
 o  Retrieving project data
 o  Retrieving project data
 o  Retrieving project data
 o  Retrieving project data
 o  Retrieving project data
 o  Retrieving project data
 o  Retrieving project data
 o  Retrieving project data
 o  Retrieving project data
 o  Retrieving project data
 o  Retrieving project data
 o  Retrieving project data
 o  Retrieving project data
 o  Retrieving project data
 o  Retrieving project data
 o  Retrieving project data
 o  Retrieving project data
 o  Retrieving project data
 o  Retrieving project data
 o  Retrieving project data
 o  Retrieving project data
 o  Retrieving project data
 o  Retrieving project data
 o  Retrieving project data
 o  Retrieving project data
 o  Retrieving project data
 o  Retrieving project data
 o  Retrieving project data
 o  Retrieving project data
 o  Retrieving project dataStart of evolution
  Evaluated 10 individuals
-- Generation 1 --
  Evaluated 6 individuals
  Min 3473.9669735908456
  Max 1000005110.7787207
  Avg 100005927.3630878
  Std 299999727.8085236
-- Generation 2 --
  Evaluated 9 individuals
  Min 705.4147443022653
  Max 88284000003835.81
  Avg 15859400004092.178
  Std 31972417912618.273
-- Generation 3 --
  Evaluated 8 individuals
  Min 705.4147443022653
  Max 5084.53928171625
  Avg 3770.801920492055
  Std 2006.766967033805
-- End of (successful) evolution --
Total evaluations: 23 

Best individual is [0.94424279 0.30901499 0.30879449 0.06788458 0.93588579 0.86312519
 0.11276565 0.07741521 0.         0.99104796 0.73204668], (705.4147443022653,)

 o  Retrieving project data
 o  Retrieving project data
 o  Retrieving project data
 o  Retrieving project data
 o  Retrieving project data
 o  Retrieving project data
 o  Retrieving project data
 o  Retrieving project data
 o  Retrieving project data
 o  Retrieving project data
 o  Retrieving project data
 o  Retrieving project data
 o  Retrieving project data
 o  Retrieving project data
 o  Retrieving project data
 o  Retrieving project data
 o  Retrieving project data
 o  Retrieving project data
 o  Retrieving project data
 o  Retrieving project data
 o  Retrieving project data
 o  Retrieving project data
 o  Retrieving project data
 o  Retrieving project data
 o  Retrieving project data
 o  Retrieving project data
 o  Retrieving project data
 o  Retrieving project data
 o  Retrieving project data
 o  Retrieving project data
 o  Retrieving project dataStart of evolution
  Evaluated 10 individuals
-- Generation 1 --
  Evaluated 4 individuals
  Min 5370.419898180989
  Max 126903000003964.58
  Avg 16929300006567.094
  Std 38775342066171.664
-- Generation 2 --
  Evaluated 8 individuals
  Min 5370.419898180989
  Max 190099000000000.0
  Avg 36516800005176.54
  Std 61792204230615.89
-- Generation 3 --
  Evaluated 9 individuals
  Min 5370.419898180989
  Max 112536000003002.56
  Avg 19448800004822.543
  Std 39494206391229.08
-- End of (successful) evolution --
Total evaluations: 21 

Best individual is [0.90857765 0.7261713  0.50481958 0.98019215 0.48361921 0.22080894
 0.73381475 0.95918645 0.02683173 0.31565967 0.8209233 ], (5370.419898180989,)

 o  Retrieving project data
 o  Retrieving project data
 o  Retrieving project data
 o  Retrieving project data
 o  Retrieving project data
 o  Retrieving project data
 o  Retrieving project data
 o  Retrieving project data
 o  Retrieving project data
 o  Retrieving project data
 o  Retrieving project data
 o  Retrieving project data
 o  Retrieving project data
 o  Retrieving project data
 o  Retrieving project data
 o  Retrieving project data
 o  Retrieving project data
 o  Retrieving project data
 o  Retrieving project data
 o  Retrieving project data
 o  Retrieving project data
 o  Retrieving project data
 o  Retrieving project data
 o  Retrieving project data
 o  Retrieving project data
 o  Retrieving project data
 o  Retrieving project data
 o  Retrieving project data
 o  Retrieving project data
 o  Retrieving project data
 o  Retrieving project data
 o  Retrieving project data
 o  Retrieving project data
 o  Retrieving project data
 o  Retrieving project dataStart of evolution
  Evaluated 10 individuals
-- Generation 1 --
  Evaluated 10 individuals
  Min 2587.42858747166
  Max 93863000001315.4
  Avg 26602000002513.395
  Std 40826050915143.23
-- Generation 2 --
  Evaluated 7 individuals
  Min 2587.42858747166
  Max 93663000000125.47
  Avg 9366300002920.115
  Std 28098899999068.45
-- Generation 3 --
  Evaluated 8 individuals
  Min 2587.42858747166
  Max 42852000001954.53
  Avg 4901900002329.426
  Std 12782955670919.525
-- End of (successful) evolution --
Total evaluations: 25 

Best individual is [0.06369106 0.50363587 0.92499335 0.43736152 0.54965909 0.74262355
 0.7442123  0.26684608 0.67941099 0.7766424  0.31580922], (2587.42858747166,)

 o  Retrieving project data
 o  Retrieving project data
 o  Retrieving project data
 o  Retrieving project data
 o  Retrieving project data
 o  Retrieving project data
 o  Retrieving project data
 o  Retrieving project data
 o  Retrieving project data
 o  Retrieving project data
 o  Retrieving project data
 o  Retrieving project data
 o  Retrieving project data
 o  Retrieving project data
 o  Retrieving project data
 o  Retrieving project data
 o  Retrieving project data
 o  Retrieving project data
 o  Retrieving project data
 o  Retrieving project data
 o  Retrieving project data
 o  Retrieving project data
 o  Retrieving project data
 o  Retrieving project data
 o  Retrieving project data
 o  Retrieving project data
 o  Retrieving project data
 o  Retrieving project data
 o  Retrieving project data
 o  Retrieving project data
 o  Retrieving project data
 o  Retrieving project data
 o  Retrieving project data
 o  Retrieving project data
 o  Retrieving project dataStart of evolution
  Evaluated 10 individuals
-- Generation 1 --
  Evaluated 9 individuals
  Min 119.9935179604355
  Max 6721.099604159066
  Avg 3134.6482441163052
  Std 2428.317645885103
-- Generation 2 --
  Evaluated 8 individuals
  Min 119.9935179604355
  Max 72127000000000.0
  Avg 7212700001069.894
  Std 21638099999643.367
-- Generation 3 --
  Evaluated 8 individuals
  Min 119.9935179604355
  Max 81922000000000.0
  Avg 8192200000307.896
  Std 24576599999897.367
-- End of (successful) evolution --
Total evaluations: 25 

Best individual is [0.05605856 0.58192358 0.81335555 0.98650966 0.96101949 0.6513543
 0.66242097 0.67820705 0.00658548 0.02474815 0.06523522], (119.9935179604355,)

 o  Retrieving project data
 o  Retrieving project data
 o  Retrieving project data
 o  Retrieving project data
 o  Retrieving project data
 o  Retrieving project data
 o  Retrieving project data
 o  Retrieving project data
 o  Retrieving project data
 o  Retrieving project data
 o  Retrieving project data
 o  Retrieving project data
 o  Retrieving project data
 o  Retrieving project data
 o  Retrieving project data
 o  Retrieving project data
 o  Retrieving project data
 o  Retrieving project data
 o  Retrieving project data
 o  Retrieving project data
 o  Retrieving project data
 o  Retrieving project data
 o  Retrieving project data
 o  Retrieving project data
 o  Retrieving project data
 o  Retrieving project data
 o  Retrieving project data
 o  Retrieving project data
 o  Retrieving project data
 o  Retrieving project dataStart of evolution
  Evaluated 10 individuals
-- Generation 1 --
  Evaluated 4 individuals
  Min 6695.1085571346075
  Max 189282000002234.9
  Avg 18928200007208.85
  Std 56784599998342.016
-- Generation 2 --
  Evaluated 7 individuals
  Min 5726.862757425586
  Max 83872000002600.19
  Avg 8387200006758.089
  Std 25161599998614.03
-- Generation 3 --
  Evaluated 9 individuals
  Min 873.3445077879447
  Max 154309000001094.25
  Avg 36111200004765.64
  Std 51312617078453.86
-- End of (successful) evolution --
Total evaluations: 20 

Best individual is [0.20387605 0.47145481 0.90205487 0.08221806 0.84653044 0.81391152
 0.06984263 0.5871635  0.         0.09160436 0.30807029], (873.3445077879447,)

 o  Retrieving project data
 o  Retrieving project data
 o  Retrieving project data
 o  Retrieving project data
 o  Retrieving project data
 o  Retrieving project data
 o  Retrieving project data
 o  Retrieving project data
 o  Retrieving project data
 o  Retrieving project data
 o  Retrieving project data
 o  Retrieving project data
 o  Retrieving project data
 o  Retrieving project data
 o  Retrieving project data
 o  Retrieving project data
 o  Retrieving project data
 o  Retrieving project data
 o  Retrieving project data
 o  Retrieving project data
 o  Retrieving project data
 o  Retrieving project data
 o  Retrieving project data
 o  Retrieving project data
 o  Retrieving project data
 o  Retrieving project data
 o  Retrieving project data
 o  Retrieving project data
 o  Retrieving project dataStart of evolution
  Evaluated 10 individuals
-- Generation 1 --
  Evaluated 7 individuals
  Min 3232.0049773288174
  Max 118985000001517.55
  Avg 16150100004867.05
  Std 36546933086150.64
-- Generation 2 --
  Evaluated 7 individuals
  Min 3232.0049773288174
  Max 84040000000000.0
  Avg 8404000003595.49
  Std 25211999998801.504
-- Generation 3 --
  Evaluated 5 individuals
  Min 3232.0049773288174
  Max 70291000002085.73
  Avg 7029100003117.378
  Std 21087299999656.117
-- End of (successful) evolution --
Total evaluations: 19 

Best individual is [0.53365598 0.61836672 0.60050279 0.46633162 0.82114256 0.00774224
 0.54953704 0.72859454 0.01805291 0.49944211 0.61174072], (3232.0049773288174,)

 o  Retrieving project data
 o  Retrieving project data
 o  Retrieving project data
 o  Retrieving project data
 o  Retrieving project data
 o  Retrieving project data
 o  Retrieving project data
 o  Retrieving project data
 o  Retrieving project data
 o  Retrieving project data
 o  Retrieving project data
 o  Retrieving project data
 o  Retrieving project data
 o  Retrieving project data
 o  Retrieving project data
 o  Retrieving project data
 o  Retrieving project data
 o  Retrieving project data
 o  Retrieving project data
 o  Retrieving project data
 o  Retrieving project data
 o  Retrieving project data
 o  Retrieving project data
 o  Retrieving project data
 o  Retrieving project data
 o  Retrieving project data
 o  Retrieving project data
 o  Retrieving project data
 o  Retrieving project data
 o  Retrieving project dataStart of evolution
  Evaluated 10 individuals
-- Generation 1 --
  Evaluated 7 individuals
  Min 3686.7248488166365
  Max 142806000002660.8
  Avg 21312600006074.004
  Std 45602836367082.87
-- Generation 2 --
  Evaluated 7 individuals
  Min 3686.7248488166365
  Max 80755000000667.66
  Avg 12326000005050.168
  Std 26093566811208.02
-- Generation 3 --
  Evaluated 6 individuals
  Min 3686.7248488166365
  Max 98901000001271.12
  Avg 9890100004203.494
  Std 29670299999022.543
-- End of (successful) evolution --
Total evaluations: 20 

Best individual is [0.02634338 0.78136906 0.27260638 0.0955924  0.66368431 0.65638003
 0.03021984 0.3255072  0.99832467 0.01844594 0.77508636], (3686.7248488166365,)

 o  Retrieving project data
 o  Retrieving project data
 o  Retrieving project data
 o  Retrieving project data
 o  Retrieving project data
 o  Retrieving project data
 o  Retrieving project data
 o  Retrieving project data
 o  Retrieving project data
 o  Retrieving project data
 o  Retrieving project data
 o  Retrieving project data
 o  Retrieving project data
 o  Retrieving project data
 o  Retrieving project data
 o  Retrieving project data
 o  Retrieving project data
 o  Retrieving project data
 o  Retrieving project data
 o  Retrieving project data
 o  Retrieving project data
 o  Retrieving project data
 o  Retrieving project data
 o  Retrieving project data
 o  Retrieving project data
 o  Retrieving project data
 o  Retrieving project data
 o  Retrieving project data
 o  Retrieving project data
 o  Retrieving project data
 o  Retrieving project dataStart of evolution
  Evaluated 10 individuals
-- Generation 1 --
  Evaluated 6 individuals
  Min 4570.273651695859
  Max 111749000001695.27
  Avg 29529300004901.074
  Std 45551756574428.516
-- Generation 2 --
  Evaluated 6 individuals
  Min 3006.2771330406963
  Max 188933000000000.0
  Avg 36818600004391.88
  Std 73669005311473.11
-- Generation 3 --
  Evaluated 9 individuals
  Min 3006.2771330406963
  Max 128604000001007.62
  Avg 12860400004029.324
  Std 38581199998992.766
-- End of (successful) evolution --
Total evaluations: 21 

Best individual is [0.04863314 0.274857   0.58573832 0.82469233 0.13577302 0.38342669
 0.83895331 0.18903751 0.78865903 0.18719678 0.        ], (3006.2771330406963,)
