
 o  Retrieving project data
 o  Retrieving project data
 o  Retrieving project data
 o  Retrieving project data
 o  Retrieving project data
 o  Retrieving project data
 o  Retrieving project data
 o  Retrieving project data
 o  Retrieving project data
 o  Retrieving project data
 o  Retrieving project data
 o  Retrieving project data
 o  Retrieving project data
 o  Retrieving project data
 o  Retrieving project data
 o  Retrieving project data
 o  Retrieving project data
 o  Retrieving project data
 o  Retrieving project data
 o  Retrieving project data
 o  Retrieving project data
 o  Retrieving project data
 o  Retrieving project data
 o  Retrieving project data
 o  Retrieving project data
 o  Retrieving project data
 o  Retrieving project data
 o  Retrieving project data
 o  Retrieving project data
 o  Retrieving project data
 o  Retrieving project data
 o  Retrieving project data
 o  Retrieving project data
 o  Retrieving project data
 o  Retrieving project dataStart of evolution
  Evaluated 10 individuals
-- Generation 1 --
  Evaluated 9 individuals
  Min 1559.3170985911156
  Max 85069000003034.8
  Avg 8506900004075.648
  Std 25520699999653.047
-- Generation 2 --
  Evaluated 8 individuals
  Min 1559.3170985911156
  Max 126575000000105.25
  Avg 16892900002649.475
  Std 38679957647558.5
-- Generation 3 --
  Evaluated 8 individuals
  Min 1559.3170985911156
  Max 84304000000000.0
  Avg 8430400002376.581
  Std 25291199999207.81
-- End of (successful) evolution --
Total evaluations: 25 

Best individual is [0.09814693 0.5900018  0.37249879 0.76820995 0.04260015 0.63817963
 0.43726824 0.00447978 0.01353687 0.97531272 0.69975096], (1559.3170985911156,)

 o  Retrieving project data
 o  Retrieving project data
 o  Retrieving project data
 o  Retrieving project data
 o  Retrieving project data
 o  Retrieving project data
 o  Retrieving project data
 o  Retrieving project data
 o  Retrieving project data
 o  Retrieving project data
 o  Retrieving project data
 o  Retrieving project data
 o  Retrieving project data
 o  Retrieving project data
 o  Retrieving project data
 o  Retrieving project data
 o  Retrieving project data
 o  Retrieving project data
 o  Retrieving project data
 o  Retrieving project data
 o  Retrieving project data
 o  Retrieving project data
 o  Retrieving project data
 o  Retrieving project data
 o  Retrieving project data
 o  Retrieving project data
 o  Retrieving project data
 o  Retrieving project data
 o  Retrieving project data
 o  Retrieving project data
 o  Retrieving project dataStart of evolution
  Evaluated 10 individuals
-- Generation 1 --
  Evaluated 6 individuals
  Min 6152.198919581325
  Max 93629000004337.89
  Avg 26116200005461.812
  Std 39109929770835.52
-- Generation 2 --
  Evaluated 8 individuals
  Min 435.7314214904525
  Max 177646000000807.56
  Avg 24795500004935.684
  Std 55093818703195.984
-- Generation 3 --
  Evaluated 7 individuals
  Min 435.7314214904525
  Max 84020000001280.81
  Avg 16416800004273.244
  Std 32845013443347.863
-- End of (successful) evolution --
Total evaluations: 21 

Best individual is [0.3411008  0.56612714 0.09750883 0.2039792  0.48393574 0.05781042
 0.88662155 0.21989505 0.         0.10742463 0.74285738], (435.7314214904525,)

 o  Retrieving project data
 o  Retrieving project data
 o  Retrieving project data
 o  Retrieving project data
 o  Retrieving project data
 o  Retrieving project data
 o  Retrieving project data
 o  Retrieving project data
 o  Retrieving project data
 o  Retrieving project data
 o  Retrieving project data
 o  Retrieving project data
 o  Retrieving project data
 o  Retrieving project data
 o  Retrieving project data
 o  Retrieving project data
 o  Retrieving project data
 o  Retrieving project data
 o  Retrieving project data
 o  Retrieving project data
 o  Retrieving project data
 o  Retrieving project data
 o  Retrieving project data
 o  Retrieving project data
 o  Retrieving project data
 o  Retrieving project data
 o  Retrieving project data
 o  Retrieving project data
 o  Retrieving project data
 o  Retrieving project data
 o  Retrieving project data
 o  Retrieving project data
 o  Retrieving project data
 o  Retrieving project data
 o  Retrieving project dataStart of evolution
  Evaluated 10 individuals
-- Generation 1 --
  Evaluated 7 individuals
  Min 2897.5572336964983
  Max 80996000002037.12
  Avg 15128700004892.418
  Std 30351937433597.574
-- Generation 2 --
  Evaluated 10 individuals
  Min 2243.283875355929
  Max 70305000002519.78
  Avg 10498000003320.273
  Std 22456777617613.152
-- Generation 3 --
  Evaluated 8 individuals
  Min 568.7140813141934
  Max 5840.542332739861
  Avg 2940.5320094363406
  Std 1208.789067360476
-- End of (successful) evolution --
Total evaluations: 25 

Best individual is [0.99151236 0.17200568 0.16817645 0.04286272 0.84556495 0.3152422
 0.91627143 0.72592739 0.         0.75401535 0.40365434], (568.7140813141934,)

 o  Retrieving project data
 o  Retrieving project data
 o  Retrieving project data
 o  Retrieving project data
 o  Retrieving project data
 o  Retrieving project data
 o  Retrieving project data
 o  Retrieving project data
 o  Retrieving project data
 o  Retrieving project data
 o  Retrieving project data
 o  Retrieving project data
 o  Retrieving project data
 o  Retrieving project data
 o  Retrieving project data
 o  Retrieving project data
 o  Retrieving project data
 o  Retrieving project data
 o  Retrieving project data
 o  Retrieving project data
 o  Retrieving project data
 o  Retrieving project data
 o  Retrieving project data
 o  Retrieving project data
 o  Retrieving project data
 o  Retrieving project data
 o  Retrieving project data
 o  Retrieving project data
 o  Retrieving project data
 o  Retrieving project data
 o  Retrieving project data
 o  Retrieving project data
 o  Retrieving project data
 o  Retrieving project dataStart of evolution
  Evaluated 10 individuals
-- Generation 1 --
  Evaluated 7 individuals
  Min 5022.809815602821
  Max 70317000004611.14
  Avg 7031700005961.878
  Std 21095099999549.754
-- Generation 2 --
  Evaluated 10 individuals
  Min 5022.809815602821
  Max 12824000000677.238
  Avg 1282400004741.7524
  Std 3847199998645.1616
-- Generation 3 --
  Evaluated 7 individuals
  Min 5022.809815602821
  Max 70717000003151.97
  Avg 11377200004792.848
  Std 23580119413079.316
-- End of (successful) evolution --
Total evaluations: 24 

Best individual is [0.20277089 0.43687314 0.04647989 0.42396527 0.96518773 0.91042018
 0.08849758 0.32655647 0.0792713  0.00837463 0.06848107], (5022.809815602821,)

 o  Retrieving project data
 o  Retrieving project data
 o  Retrieving project data
 o  Retrieving project data
 o  Retrieving project data
 o  Retrieving project data
 o  Retrieving project data
 o  Retrieving project data
 o  Retrieving project data
 o  Retrieving project data
 o  Retrieving project data
 o  Retrieving project data
 o  Retrieving project data
 o  Retrieving project data
 o  Retrieving project data
 o  Retrieving project data
 o  Retrieving project data
 o  Retrieving project data
 o  Retrieving project data
 o  Retrieving project data
 o  Retrieving project data
 o  Retrieving project data
 o  Retrieving project data
 o  Retrieving project data
 o  Retrieving project data
 o  Retrieving project data
 o  Retrieving project data
 o  Retrieving project data
 o  Retrieving project data
 o  Retrieving project data
 o  Retrieving project dataStart of evolution
  Evaluated 10 individuals
-- Generation 1 --
  Evaluated 7 individuals
  Min 5064.0162120945315
  Max 83628000004390.08
  Avg 16613100006035.604
  Std 33227152264916.25
-- Generation 2 --
  Evaluated 5 individuals
  Min 5064.0162120945315
  Max 70421000004019.34
  Avg 11420900005791.068
  Std 23605373575723.508
-- Generation 3 --
  Evaluated 9 individuals
  Min 376.0313409130528
  Max 94973000003609.02
  Avg 17907600003940.99
  Std 35897582035389.8
-- End of (successful) evolution --
Total evaluations: 21 

Best individual is [0.34471505 0.92581357 0.91596346 0.02098534 0.50545433 0.96143248
 0.7604328  0.29561516 0.         0.40734247 0.28834798], (376.0313409130528,)

 o  Retrieving project data
 o  Retrieving project data
 o  Retrieving project data
 o  Retrieving project data
 o  Retrieving project data
 o  Retrieving project data
 o  Retrieving project data
 o  Retrieving project data
 o  Retrieving project data
 o  Retrieving project data
 o  Retrieving project data
 o  Retrieving project data
 o  Retrieving project data
 o  Retrieving project data
 o  Retrieving project data
 o  Retrieving project data
 o  Retrieving project data
 o  Retrieving project data
 o  Retrieving project data
 o  Retrieving project data
 o  Retrieving project data
 o  Retrieving project data
 o  Retrieving project data
 o  Retrieving project data
 o  Retrieving project data
 o  Retrieving project data
 o  Retrieving project data
 o  Retrieving project data
 o  Retrieving project data
 o  Retrieving project dataStart of evolution
  Evaluated 10 individuals
-- Generation 1 --
  Evaluated 4 individuals
  Min 5613.26695102855
  Max 57060000002090.8
  Avg 5706000006413.053
  Std 17117999998559.246
-- Generation 2 --
  Evaluated 8 individuals
  Min 5529.510073759921
  Max 196248000000000.0
  Avg 28991600004753.418
  Std 62355306927032.65
-- Generation 3 --
  Evaluated 8 individuals
  Min 3716.793943348333
  Max 126253000000000.0
  Avg 28523900004139.645
  Std 45213672395859.44
-- End of (successful) evolution --
Total evaluations: 20 

Best individual is [0.8057987  0.09573007 0.02808634 0.47035405 0.08893101 0.32412121
 0.54131974 0.35794606 0.26285351 0.06553362 0.        ], (3716.793943348333,)

 o  Retrieving project data
 o  Retrieving project data
 o  Retrieving project data
 o  Retrieving project data
 o  Retrieving project data
 o  Retrieving project data
 o  Retrieving project data
 o  Retrieving project data
 o  Retrieving project data
 o  Retrieving project data
 o  Retrieving project data
 o  Retrieving project data
 o  Retrieving project data
 o  Retrieving project data
 o  Retrieving project data
 o  Retrieving project data
 o  Retrieving project data
 o  Retrieving project data
 o  Retrieving project data
 o  Retrieving project data
 o  Retrieving project data
 o  Retrieving project data
 o  Retrieving project data
 o  Retrieving project data
 o  Retrieving project data
 o  Retrieving project data
 o  Retrieving project data
 o  Retrieving project data
 o  Retrieving project data
 o  Retrieving project data
 o  Retrieving project data
 o  Retrieving project data
 o  Retrieving project data
 o  Retrieving project data
 o  Retrieving project data
 o  Retrieving project data
 o  Retrieving project dataStart of evolution
  Evaluated 10 individuals
-- Generation 1 --
  Evaluated 9 individuals
  Min 3006.468067198992
  Max 120753000000107.38
  Avg 29684300004917.0
  Std 46205833987326.1
-- Generation 2 --
  Evaluated 9 individuals
  Min 3006.468067198992
  Max 92794000002215.52
  Avg 9279400004602.312
  Std 27838199999204.402
-- Generation 3 --
  Evaluated 9 individuals
  Min 11.44748059573137
  Max 85937000000199.16
  Avg 8593700002543.008
  Std 25781099999218.715
-- End of (successful) evolution --
Total evaluations: 27 

Best individual is [0.02695379 0.9557955  0.65051106 0.6955613  0.28949255 0.81119386
 0.07808558 0.2313645  0.         0.87672692 0.07879674], (11.44748059573137,)

 o  Retrieving project data
 o  Retrieving project data
 o  Retrieving project data
 o  Retrieving project data
 o  Retrieving project data
 o  Retrieving project data
 o  Retrieving project data
 o  Retrieving project data
 o  Retrieving project data
 o  Retrieving project data
 o  Retrieving project data
 o  Retrieving project data
 o  Retrieving project data
 o  Retrieving project data
 o  Retrieving project data
 o  Retrieving project data
 o  Retrieving project data
 o  Retrieving project data
 o  Retrieving project data
 o  Retrieving project data
 o  Retrieving project data
 o  Retrieving project data
 o  Retrieving project data
 o  Retrieving project data
 o  Retrieving project data
 o  Retrieving project data
 o  Retrieving project data
 o  Retrieving project data
 o  Retrieving project data
 o  Retrieving project data
 o  Retrieving project dataStart of evolution
  Evaluated 10 individuals
-- Generation 1 --
  Evaluated 8 individuals
  Min 4724.463357031995
  Max 98540000000301.28
  Avg 10351900004669.324
  Std 29433490625493.805
-- Generation 2 --
  Evaluated 5 individuals
  Min 4724.463357031995
  Max 5205.826466506221
  Avg 4818.98654998439
  Std 150.4291350575934
-- Generation 3 --
  Evaluated 8 individuals
  Min 4724.463357031995
  Max 124383000001377.28
  Avg 30699700003841.613
  Std 48583115981511.375
-- End of (successful) evolution --
Total evaluations: 21 

Best individual is [0.57504399 0.30840397 0.02332973 0.9646109  0.96033329 0.53826479
 0.36391064 0.17294158 0.84272946 0.01276388 0.86079041], (4724.463357031995,)

 o  Retrieving project data
 o  Retrieving project data
 o  Retrieving project data
 o  Retrieving project data
 o  Retrieving project data
 o  Retrieving project data
 o  Retrieving project data
 o  Retrieving project data
 o  Retrieving project data
 o  Retrieving project data
 o  Retrieving project data
 o  Retrieving project data
 o  Retrieving project data
 o  Retrieving project data
 o  Retrieving project data
 o  Retrieving project data
 o  Retrieving project data
 o  Retrieving project data
 o  Retrieving project data
 o  Retrieving project data
 o  Retrieving project data
 o  Retrieving project data
 o  Retrieving project data
 o  Retrieving project data
 o  Retrieving project data
 o  Retrieving project data
 o  Retrieving project data
 o  Retrieving project data
 o  Retrieving project data
 o  Retrieving project data
 o  Retrieving project dataStart of evolution
  Evaluated 10 individuals
-- Generation 1 --
  Evaluated 8 individuals
  Min 865.8117791728798
  Max 8081.288557951777
  Avg 5622.852447928015
  Std 1822.9098682899594
-- Generation 2 --
  Evaluated 7 individuals
  Min 5388.254462593742
  Max 84425000002123.31
  Avg 22260700004196.664
  Std 34557464914152.332
-- Generation 3 --
  Evaluated 6 individuals
  Min 5388.254462593742
  Max 92794000003401.28
  Avg 17054700004758.156
  Std 34274812214329.223
-- End of (successful) evolution --
Total evaluations: 21 

Best individual is [0.33934754 0.53601142 0.0217427  0.66227475 0.87140562 0.99780093
 0.24486951 0.37393466 0.89458495 0.11026423 0.49662788], (5388.254462593742,)

 o  Retrieving project data
 o  Retrieving project data
 o  Retrieving project data
 o  Retrieving project data
 o  Retrieving project data
 o  Retrieving project data
 o  Retrieving project data
 o  Retrieving project data
 o  Retrieving project data
 o  Retrieving project data
 o  Retrieving project data
 o  Retrieving project data
 o  Retrieving project data
 o  Retrieving project data
 o  Retrieving project data
 o  Retrieving project data
 o  Retrieving project data
 o  Retrieving project data
 o  Retrieving project data
 o  Retrieving project data
 o  Retrieving project data
 o  Retrieving project data
 o  Retrieving project data
 o  Retrieving project data
 o  Retrieving project data
 o  Retrieving project data
 o  Retrieving project data
 o  Retrieving project data
 o  Retrieving project data
 o  Retrieving project data
 o  Retrieving project dataStart of evolution
  Evaluated 10 individuals
-- Generation 1 --
  Evaluated 8 individuals
  Min 865.8117791728798
  Max 8081.288557951777
  Avg 5622.852447928015
  Std 1822.9098682899594
-- Generation 2 --
  Evaluated 7 individuals
  Min 5388.254462593742
  Max 84425000002123.31
  Avg 22260700004196.664
  Std 34557464914152.332
-- Generation 3 --
  Evaluated 6 individuals
  Min 5388.254462593742
  Max 92794000003401.28
  Avg 17054700004758.156
  Std 34274812214329.223
-- End of (successful) evolution --
Total evaluations: 21 

Best individual is [0.33934754 0.53601142 0.0217427  0.66227475 0.87140562 0.99780093
 0.24486951 0.37393466 0.89458495 0.11026423 0.49662788], (5388.254462593742,)

 o  Retrieving project data
 o  Retrieving project data
 o  Retrieving project data
 o  Retrieving project data
 o  Retrieving project data
 o  Retrieving project data
 o  Retrieving project data
 o  Retrieving project data
 o  Retrieving project data
 o  Retrieving project data
 o  Retrieving project data
 o  Retrieving project data
 o  Retrieving project data
 o  Retrieving project data
 o  Retrieving project data
 o  Retrieving project data
 o  Retrieving project data
 o  Retrieving project data
 o  Retrieving project data
 o  Retrieving project data
 o  Retrieving project data
 o  Retrieving project data
 o  Retrieving project data
 o  Retrieving project data
 o  Retrieving project data
 o  Retrieving project data
 o  Retrieving project data
 o  Retrieving project data
 o  Retrieving project data
 o  Retrieving project data
 o  Retrieving project data
 o  Retrieving project dataStart of evolution
  Evaluated 10 individuals
-- Generation 1 --
  Evaluated 8 individuals
  Min 1697.8060010175157
  Max 84102000001141.34
  Avg 16409600003431.824
  Std 32832052506023.42
-- Generation 2 --
  Evaluated 6 individuals
  Min 3682.099514887341
  Max 82530000000664.44
  Avg 16252400003658.355
  Std 32509746042437.242
-- Generation 3 --
  Evaluated 8 individuals
  Min 3682.099514887341
  Max 97954000000000.0
  Avg 19333600003016.94
  Std 38671476761737.21
-- End of (successful) evolution --
Total evaluations: 22 

Best individual is [0.75716201 0.87326821 0.60853005 0.19426547 0.29672369 0.95965804
 0.24033078 0.62792031 0.01098907 0.24354263 0.30273116], (3682.099514887341,)

 o  Retrieving project data
 o  Retrieving project data
 o  Retrieving project data
 o  Retrieving project data
 o  Retrieving project data
 o  Retrieving project data
 o  Retrieving project data
 o  Retrieving project data
 o  Retrieving project data
 o  Retrieving project data
 o  Retrieving project data
 o  Retrieving project data
 o  Retrieving project data
 o  Retrieving project data
 o  Retrieving project data
 o  Retrieving project data
 o  Retrieving project data
 o  Retrieving project data
 o  Retrieving project data
 o  Retrieving project data
 o  Retrieving project data
 o  Retrieving project data
 o  Retrieving project data
 o  Retrieving project data
 o  Retrieving project data
 o  Retrieving project data
 o  Retrieving project data
 o  Retrieving project data
 o  Retrieving project data
 o  Retrieving project data
 o  Retrieving project data
 o  Retrieving project data
 o  Retrieving project data
 o  Retrieving project data
 o  Retrieving project dataStart of evolution
  Evaluated 10 individuals
-- Generation 1 --
  Evaluated 8 individuals
  Min 5626.037748360046
  Max 95507000002962.8
  Avg 19101400006120.176
  Std 38202799998421.31
-- Generation 2 --
  Evaluated 9 individuals
  Min 5626.037748360046
  Max 127939000002278.0
  Avg 48384100004411.7
  Std 46180013565884.21
-- Generation 3 --
  Evaluated 8 individuals
  Min 5626.037748360046
  Max 173966000002535.94
  Avg 38603000004405.96
  Std 59466113669709.65
-- End of (successful) evolution --
Total evaluations: 25 

Best individual is [0.15055071 0.41209173 0.02224266 0.57739726 0.6244802  0.37061598
 0.46774039 0.65828843 0.6979713  0.29136374 0.21825562], (5626.037748360046,)

 o  Retrieving project data
 o  Retrieving project data
 o  Retrieving project data
 o  Retrieving project data
 o  Retrieving project data
 o  Retrieving project data
 o  Retrieving project data
 o  Retrieving project data
 o  Retrieving project data
 o  Retrieving project data
 o  Retrieving project data
 o  Retrieving project data
 o  Retrieving project data
 o  Retrieving project data
 o  Retrieving project data
 o  Retrieving project data
 o  Retrieving project data
 o  Retrieving project data
 o  Retrieving project data
 o  Retrieving project data
 o  Retrieving project data
 o  Retrieving project data
 o  Retrieving project data
 o  Retrieving project data
 o  Retrieving project data
 o  Retrieving project data
 o  Retrieving project data
 o  Retrieving project data
 o  Retrieving project data
 o  Retrieving project data
 o  Retrieving project data
 o  Retrieving project data
 o  Retrieving project data
 o  Retrieving project dataStart of evolution
  Evaluated 10 individuals
-- Generation 1 --
  Evaluated 7 individuals
  Min 2026.503304058619
  Max 84032000000000.0
  Avg 20536300002704.266
  Std 32992513647066.168
-- Generation 2 --
  Evaluated 9 individuals
  Min 404.5941640768735
  Max 166509000000492.38
  Avg 34989500001466.164
  Std 56919743221407.484
-- Generation 3 --
  Evaluated 8 individuals
  Min 404.5941640768735
  Max 126987000001260.44
  Avg 22061700001644.68
  Std 44749401113094.336
-- End of (successful) evolution --
Total evaluations: 24 

Best individual is [0.72026374 0.17777596 0.93452131 0.04498341 0.9892296  0.27731243
 0.05170819 0.88736391 0.         0.34898006 0.04400922], (404.5941640768735,)

 o  Retrieving project data
 o  Retrieving project data
 o  Retrieving project data
 o  Retrieving project data
 o  Retrieving project data
 o  Retrieving project data
 o  Retrieving project data
 o  Retrieving project data
 o  Retrieving project data
 o  Retrieving project data
 o  Retrieving project data
 o  Retrieving project data
 o  Retrieving project data
 o  Retrieving project data
 o  Retrieving project data
 o  Retrieving project data
 o  Retrieving project data
 o  Retrieving project data
 o  Retrieving project data
 o  Retrieving project data
 o  Retrieving project data
 o  Retrieving project data
 o  Retrieving project data
 o  Retrieving project data
 o  Retrieving project data
 o  Retrieving project data
 o  Retrieving project data
 o  Retrieving project data
 o  Retrieving project data
 o  Retrieving project data
 o  Retrieving project dataStart of evolution
  Evaluated 10 individuals
-- Generation 1 --
  Evaluated 5 individuals
  Min 5439.945722937028
  Max 7889.685476588645
  Avg 6431.8004290047475
  Std 1081.1570626173184
-- Generation 2 --
  Evaluated 9 individuals
  Min 5421.795538237269
  Max 186059000001940.2
  Avg 22674400004988.754
  Std 55796000350397.984
-- Generation 3 --
  Evaluated 7 individuals
  Min 5421.795538237269
  Max 5439.945722937028
  Avg 5436.315685997078
  Std 7.260073878989766
-- End of (successful) evolution --
Total evaluations: 21 

Best individual is [0.07789502 0.99186377 0.74189861 0.97085663 0.82295131 0.98031055
 0.73274435 0.10517665 0.95027333 0.2332999  0.82791982], (5421.795538237269,)

 o  Retrieving project data
 o  Retrieving project data
 o  Retrieving project data
 o  Retrieving project data
 o  Retrieving project data
 o  Retrieving project data
 o  Retrieving project data
 o  Retrieving project data
 o  Retrieving project data
 o  Retrieving project data
 o  Retrieving project data
 o  Retrieving project data
 o  Retrieving project data
 o  Retrieving project data
 o  Retrieving project data
 o  Retrieving project data
 o  Retrieving project data
 o  Retrieving project data
 o  Retrieving project data
 o  Retrieving project data
 o  Retrieving project data
 o  Retrieving project data
 o  Retrieving project data
 o  Retrieving project data
 o  Retrieving project data
 o  Retrieving project data
 o  Retrieving project dataStart of evolution
  Evaluated 10 individuals
-- Generation 1 --
  Evaluated 2 individuals
  Min 4806.5587694985115
  Max 7463.878120198035
  Avg 6228.258359969728
  Std 1059.9825109404887
-- Generation 2 --
  Evaluated 8 individuals
  Min 4806.5587694985115
  Max 82962000002077.33
  Avg 16176400004330.902
  Std 30908844151566.63
-- Generation 3 --
  Evaluated 7 individuals
  Min 4806.5587694985115
  Max 96155000001670.27
  Avg 25642800004283.46
  Std 39908203531189.62
-- End of (successful) evolution --
Total evaluations: 17 

Best individual is [0.05094675 0.57200474 0.14113406 0.02728864 0.33861172 0.1884768
 0.85217532 0.64980093 0.8394736  0.70945199 0.26581031], (4806.5587694985115,)

 o  Retrieving project data
 o  Retrieving project data
 o  Retrieving project data
 o  Retrieving project data
 o  Retrieving project data
 o  Retrieving project data
 o  Retrieving project data
 o  Retrieving project data
 o  Retrieving project data
 o  Retrieving project data
 o  Retrieving project data
 o  Retrieving project data
 o  Retrieving project data
 o  Retrieving project data
 o  Retrieving project data
 o  Retrieving project data
 o  Retrieving project data
 o  Retrieving project data
 o  Retrieving project data
 o  Retrieving project data
 o  Retrieving project data
 o  Retrieving project data
 o  Retrieving project data
 o  Retrieving project data
 o  Retrieving project data
 o  Retrieving project data
 o  Retrieving project data
 o  Retrieving project data
 o  Retrieving project dataStart of evolution
  Evaluated 10 individuals
-- Generation 1 --
  Evaluated 6 individuals
  Min 1327.3739441654216
  Max 84025000001287.03
  Avg 9915200003046.691
  Std 25111580681462.445
-- Generation 2 --
  Evaluated 7 individuals
  Min 1327.3739441654216
  Max 5913.196327498006
  Avg 1785.9561824986802
  Std 1375.7467149997753
-- Generation 3 --
  Evaluated 6 individuals
  Min 1327.3739441654216
  Max 29651000000138.57
  Avg 3250700001119.38
  Std 8841199194893.95
-- End of (successful) evolution --
Total evaluations: 19 

Best individual is [0.51830808 0.59946033 0.66175691 0.65848973 0.40061586 0.0857499
 0.97924869 0.31833825 0.00265697 0.67423565 0.96567637], (1327.3739441654216,)

 o  Retrieving project data
 o  Retrieving project data
 o  Retrieving project data
 o  Retrieving project data
 o  Retrieving project data
 o  Retrieving project data
 o  Retrieving project data
 o  Retrieving project data
 o  Retrieving project data
 o  Retrieving project data
 o  Retrieving project data
 o  Retrieving project data
 o  Retrieving project data
 o  Retrieving project data
 o  Retrieving project data
 o  Retrieving project data
 o  Retrieving project data
 o  Retrieving project data
 o  Retrieving project data
 o  Retrieving project data
 o  Retrieving project data
 o  Retrieving project data
 o  Retrieving project data
 o  Retrieving project data
 o  Retrieving project data
 o  Retrieving project data
 o  Retrieving project dataStart of evolution
  Evaluated 10 individuals
-- Generation 1 --
  Evaluated 5 individuals
  Min 655.8041963393089
  Max 70297000004307.67
  Avg 7029700005059.437
  Std 21089099999749.414
-- Generation 2 --
  Evaluated 6 individuals
  Min 655.8041963393089
  Max 84277000001088.56
  Avg 8427700003585.6455
  Std 25283099999167.637
-- Generation 3 --
  Evaluated 6 individuals
  Min 655.8041963393089
  Max 82089000001035.6
  Avg 12430800002070.84
  Std 26411739805682.926
-- End of (successful) evolution --
Total evaluations: 17 

Best individual is [0.1545322  0.37826823 0.04414074 0.32274798 0.36149807 0.97989682
 0.9355984  0.1151423  0.         0.25112151 0.53990888], (655.8041963393089,)

 o  Retrieving project data
 o  Retrieving project data
 o  Retrieving project data
 o  Retrieving project data
 o  Retrieving project data
 o  Retrieving project data
 o  Retrieving project data
 o  Retrieving project data
 o  Retrieving project data
 o  Retrieving project data
 o  Retrieving project data
 o  Retrieving project data
 o  Retrieving project data
 o  Retrieving project data
 o  Retrieving project data
 o  Retrieving project data
 o  Retrieving project data
 o  Retrieving project data
 o  Retrieving project data
 o  Retrieving project data
 o  Retrieving project data
 o  Retrieving project data
 o  Retrieving project data
 o  Retrieving project data
 o  Retrieving project data
 o  Retrieving project data
 o  Retrieving project data
 o  Retrieving project data
 o  Retrieving project data
 o  Retrieving project data
 o  Retrieving project data
 o  Retrieving project dataStart of evolution
  Evaluated 10 individuals
-- Generation 1 --
  Evaluated 8 individuals
  Min 1697.8060010175157
  Max 84102000001141.34
  Avg 16409600003431.824
  Std 32832052506023.42
-- Generation 2 --
  Evaluated 6 individuals
  Min 3682.099514887341
  Max 82530000000664.44
  Avg 16252400003658.355
  Std 32509746042437.242
-- Generation 3 --
  Evaluated 8 individuals
  Min 3682.099514887341
  Max 97954000000000.0
  Avg 19333600003016.94
  Std 38671476761737.21
-- End of (successful) evolution --
Total evaluations: 22 

Best individual is [0.75716201 0.87326821 0.60853005 0.19426547 0.29672369 0.95965804
 0.24033078 0.62792031 0.01098907 0.24354263 0.30273116], (3682.099514887341,)

 o  Retrieving project data
 o  Retrieving project data
 o  Retrieving project data
 o  Retrieving project data
 o  Retrieving project data
 o  Retrieving project data
 o  Retrieving project data
 o  Retrieving project data
 o  Retrieving project data
 o  Retrieving project data
 o  Retrieving project data
 o  Retrieving project data
 o  Retrieving project data
 o  Retrieving project data
 o  Retrieving project data
 o  Retrieving project data
 o  Retrieving project data
 o  Retrieving project data
 o  Retrieving project data
 o  Retrieving project data
 o  Retrieving project data
 o  Retrieving project data
 o  Retrieving project data
 o  Retrieving project data
 o  Retrieving project data
 o  Retrieving project data
 o  Retrieving project data
 o  Retrieving project data
 o  Retrieving project data
 o  Retrieving project data
 o  Retrieving project data
 o  Retrieving project data
 o  Retrieving project dataStart of evolution
  Evaluated 10 individuals
-- Generation 1 --
  Evaluated 7 individuals
  Min 5888.471606788325
  Max 83741000002382.4
  Avg 12613200006050.74
  Std 26867496755174.41
-- Generation 2 --
  Evaluated 8 individuals
  Min 5888.471606788325
  Max 137463000001858.28
  Avg 25859600005175.348
  Std 44954368258309.66
-- Generation 3 --
  Evaluated 8 individuals
  Min 5888.471606788325
  Max 176981000000000.0
  Avg 45942300004203.82
  Std 55906395667965.36
-- End of (successful) evolution --
Total evaluations: 23 

Best individual is [0.79081974 0.99951873 0.59213356 0.12945156 0.6882604  0.44883383
 0.59786355 0.011587   0.56919009 0.8869537  0.00534176], (5888.471606788325,)

 o  Retrieving project data
 o  Retrieving project data
 o  Retrieving project data
 o  Retrieving project data
 o  Retrieving project data
 o  Retrieving project data
 o  Retrieving project data
 o  Retrieving project data
 o  Retrieving project data
 o  Retrieving project data
 o  Retrieving project data
 o  Retrieving project data
 o  Retrieving project data
 o  Retrieving project data
 o  Retrieving project data
 o  Retrieving project data
 o  Retrieving project data
 o  Retrieving project data
 o  Retrieving project data
 o  Retrieving project data
 o  Retrieving project data
 o  Retrieving project data
 o  Retrieving project data
 o  Retrieving project data
 o  Retrieving project data
 o  Retrieving project data
 o  Retrieving project data
 o  Retrieving project data
 o  Retrieving project data
 o  Retrieving project data
 o  Retrieving project data
 o  Retrieving project data
 o  Retrieving project data
 o  Retrieving project data
 o  Retrieving project data
 o  Retrieving project dataStart of evolution
  Evaluated 10 individuals
-- Generation 1 --
  Evaluated 10 individuals
  Min 1845.3222382458732
  Max 78930000002827.62
  Avg 7893000006229.561
  Std 23678999998866.02
-- Generation 2 --
  Evaluated 6 individuals
  Min 1107.9724150920151
  Max 6758.363984748843
  Avg 4085.924909549328
  Std 2401.4024609193143
-- Generation 3 --
  Evaluated 10 individuals
  Min 1107.9724150920151
  Max 95543000002359.3
  Avg 35333600001497.5
  Std 43458741266093.86
-- End of (successful) evolution --
Total evaluations: 26 

Best individual is [0.27792112 0.9343052  0.58776878 0.93406952 0.15123704 0.1068423
 0.23868084 0.59133546 0.         0.84636756 0.94900656], (1107.9724150920151,)

 o  Retrieving project data
 o  Retrieving project data
 o  Retrieving project data
 o  Retrieving project data
 o  Retrieving project data
 o  Retrieving project data
 o  Retrieving project data
 o  Retrieving project data
 o  Retrieving project data
 o  Retrieving project data
 o  Retrieving project data
 o  Retrieving project data
 o  Retrieving project data
 o  Retrieving project data
 o  Retrieving project data
 o  Retrieving project data
 o  Retrieving project data
 o  Retrieving project data
 o  Retrieving project data
 o  Retrieving project data
 o  Retrieving project data
 o  Retrieving project data
 o  Retrieving project data
 o  Retrieving project data
 o  Retrieving project data
 o  Retrieving project data
 o  Retrieving project dataStart of evolution
  Evaluated 10 individuals
-- Generation 1 --
  Evaluated 5 individuals
  Min 655.8041963393089
  Max 70297000004307.67
  Avg 7029700005059.437
  Std 21089099999749.414
-- Generation 2 --
  Evaluated 6 individuals
  Min 655.8041963393089
  Max 84277000001088.56
  Avg 8427700003585.6455
  Std 25283099999167.637
-- Generation 3 --
  Evaluated 6 individuals
  Min 655.8041963393089
  Max 82089000001035.6
  Avg 12430800002070.84
  Std 26411739805682.926
-- End of (successful) evolution --
Total evaluations: 17 

Best individual is [0.1545322  0.37826823 0.04414074 0.32274798 0.36149807 0.97989682
 0.9355984  0.1151423  0.         0.25112151 0.53990888], (655.8041963393089,)

 o  Retrieving project data
 o  Retrieving project data
 o  Retrieving project data
 o  Retrieving project data
 o  Retrieving project data
 o  Retrieving project data
 o  Retrieving project data
 o  Retrieving project data
 o  Retrieving project data
 o  Retrieving project data
 o  Retrieving project data
 o  Retrieving project data
 o  Retrieving project data
 o  Retrieving project data
 o  Retrieving project data
 o  Retrieving project data
 o  Retrieving project data
 o  Retrieving project data
 o  Retrieving project data
 o  Retrieving project data
 o  Retrieving project data
 o  Retrieving project data
 o  Retrieving project data
 o  Retrieving project data
 o  Retrieving project data
 o  Retrieving project data
 o  Retrieving project data
 o  Retrieving project data
 o  Retrieving project data
 o  Retrieving project dataStart of evolution
  Evaluated 10 individuals
-- Generation 1 --
  Evaluated 7 individuals
  Min 7756.624778769959
  Max 95486000003455.06
  Avg 18923100007020.68
  Std 37848202181266.12
-- Generation 2 --
  Evaluated 5 individuals
  Min 7758.902075429775
  Max 99434000000918.23
  Avg 18177700006804.703
  Std 36555713958895.02
-- Generation 3 --
  Evaluated 8 individuals
  Min 5812.1089903804095
  Max 84020000002538.73
  Avg 12650800006976.355
  Std 26952111488355.363
-- End of (successful) evolution --
Total evaluations: 20 

Best individual is [0.6843554  0.13088994 0.09896833 0.82647947 0.10969812 0.81980505
 0.61253629 0.51701015 0.80666697 0.17511698 0.        ], (5812.1089903804095,)

 o  Retrieving project data
 o  Retrieving project data
 o  Retrieving project data
 o  Retrieving project data
 o  Retrieving project data
 o  Retrieving project data
 o  Retrieving project data
 o  Retrieving project data
 o  Retrieving project data
 o  Retrieving project data
 o  Retrieving project data
 o  Retrieving project data
 o  Retrieving project data
 o  Retrieving project data
 o  Retrieving project data
 o  Retrieving project data
 o  Retrieving project data
 o  Retrieving project data
 o  Retrieving project data
 o  Retrieving project data
 o  Retrieving project data
 o  Retrieving project data
 o  Retrieving project data
 o  Retrieving project data
 o  Retrieving project data
 o  Retrieving project data
 o  Retrieving project data
 o  Retrieving project data
 o  Retrieving project data
 o  Retrieving project data
 o  Retrieving project data
 o  Retrieving project data
 o  Retrieving project data
 o  Retrieving project dataStart of evolution
  Evaluated 10 individuals
-- Generation 1 --
  Evaluated 7 individuals
  Min 1471.3808368436412
  Max 93587000003255.81
  Avg 26414000003800.387
  Std 40406850182397.695
-- Generation 2 --
  Evaluated 7 individuals
  Min 1461.6505105307428
  Max 98753000000672.44
  Avg 14231800002474.438
  Std 31023576391407.312
-- Generation 3 --
  Evaluated 10 individuals
  Min 1471.3808368436412
  Max 93641000001584.72
  Avg 24888700001415.863
  Std 38349338539352.48
-- End of (successful) evolution --
Total evaluations: 24 

Best individual is [0.05905016 0.53815925 0.91968553 0.31431547 0.77438533 0.44794311
 0.1155637  0.5061959  0.57891461 0.02552295 0.00850709], (1471.3808368436412,)

 o  Retrieving project data
 o  Retrieving project data
 o  Retrieving project data
 o  Retrieving project data
 o  Retrieving project data
 o  Retrieving project data
 o  Retrieving project data
 o  Retrieving project data
 o  Retrieving project data
 o  Retrieving project data
 o  Retrieving project data
 o  Retrieving project data
 o  Retrieving project data
 o  Retrieving project data
 o  Retrieving project data
 o  Retrieving project data
 o  Retrieving project data
 o  Retrieving project data
 o  Retrieving project data
 o  Retrieving project data
 o  Retrieving project data
 o  Retrieving project data
 o  Retrieving project data
 o  Retrieving project data
 o  Retrieving project data
 o  Retrieving project data
 o  Retrieving project data
 o  Retrieving project data
 o  Retrieving project data
 o  Retrieving project dataStart of evolution
  Evaluated 10 individuals
-- Generation 1 --
  Evaluated 4 individuals
  Min 5613.26695102855
  Max 57060000002090.8
  Avg 5706000006413.053
  Std 17117999998559.246
-- Generation 2 --
  Evaluated 8 individuals
  Min 5529.510073759921
  Max 196248000000000.0
  Avg 28991600004753.418
  Std 62355306927032.65
-- Generation 3 --
  Evaluated 8 individuals
  Min 3716.793943348333
  Max 126253000000000.0
  Avg 28523900004139.645
  Std 45213672395859.44
-- End of (successful) evolution --
Total evaluations: 20 

Best individual is [0.8057987  0.09573007 0.02808634 0.47035405 0.08893101 0.32412121
 0.54131974 0.35794606 0.26285351 0.06553362 0.        ], (3716.793943348333,)

 o  Retrieving project data
 o  Retrieving project data
 o  Retrieving project data
 o  Retrieving project data
 o  Retrieving project data
 o  Retrieving project data
 o  Retrieving project data
 o  Retrieving project data
 o  Retrieving project data
 o  Retrieving project data
 o  Retrieving project data
 o  Retrieving project data
 o  Retrieving project data
 o  Retrieving project data
 o  Retrieving project data
 o  Retrieving project data
 o  Retrieving project data
 o  Retrieving project data
 o  Retrieving project data
 o  Retrieving project data
 o  Retrieving project data
 o  Retrieving project data
 o  Retrieving project data
 o  Retrieving project data
 o  Retrieving project data
 o  Retrieving project data
 o  Retrieving project data
 o  Retrieving project data
 o  Retrieving project data
 o  Retrieving project data
 o  Retrieving project data
 o  Retrieving project data
 o  Retrieving project data
 o  Retrieving project data
 o  Retrieving project dataStart of evolution
  Evaluated 10 individuals
-- Generation 1 --
  Evaluated 7 individuals
  Min 6456.454309325081
  Max 93208000002391.69
  Avg 9320800006680.785
  Std 27962399998570.3
-- Generation 2 --
  Evaluated 10 individuals
  Min 5233.885674494615
  Max 8505.998288266224
  Avg 6781.909562369439
  Std 789.2234699250256
-- Generation 3 --
  Evaluated 8 individuals
  Min 898.5800825318896
  Max 95749000003558.05
  Avg 32038800004576.977
  Std 39810995562795.37
-- End of (successful) evolution --
Total evaluations: 25 

Best individual is [0.37775351 0.64500745 0.49634245 0.11257455 0.08639308 0.85195461
 0.4834503  0.43760181 0.         0.54736384 0.62921786], (898.5800825318896,)
