
 o  Retrieving project data
 o  Retrieving project data
 o  Retrieving project data
 o  Retrieving project data
 o  Retrieving project data
 o  Retrieving project data
 o  Retrieving project data
 o  Retrieving project data
 o  Retrieving project data
 o  Retrieving project data
 o  Retrieving project data
 o  Retrieving project data
 o  Retrieving project data
 o  Retrieving project data
 o  Retrieving project data
 o  Retrieving project data
 o  Retrieving project data
 o  Retrieving project data
 o  Retrieving project data
 o  Retrieving project data
 o  Retrieving project data
 o  Retrieving project data
 o  Retrieving project data
 o  Retrieving project data
 o  Retrieving project data
 o  Retrieving project data
 o  Retrieving project data
 o  Retrieving project data
 o  Retrieving project data
 o  Retrieving project data
 o  Retrieving project data
 o  Retrieving project data
 o  Retrieving project data
 o  Retrieving project dataStart of evolution
  Evaluated 10 individuals
-- Generation 1 --
  Evaluated 9 individuals
  Min 6502.066002951259
  Max 140019000002680.17
  Avg 36132300006304.27
  Std 57214784788334.34
-- Generation 2 --
  Evaluated 7 individuals
  Min 1701.0229091642418
  Max 84185000003999.19
  Avg 13030800006202.242
  Std 27416104513656.043
-- Generation 3 --
  Evaluated 8 individuals
  Min 1560.9088677490688
  Max 97980000000353.84
  Avg 21792900005050.195
  Std 35573703640937.22
-- End of (successful) evolution --
Total evaluations: 24 

Best individual is [0.31606139 0.83490687 0.96420145 0.1858357  0.90258288 0.98531365
 0.55126799 0.81216975 0.         0.24735082 0.04647015], (1560.9088677490688,)

 o  Retrieving project data
 o  Retrieving project data
 o  Retrieving project data
 o  Retrieving project data
 o  Retrieving project data
 o  Retrieving project data
 o  Retrieving project data
 o  Retrieving project data
 o  Retrieving project data
 o  Retrieving project data
 o  Retrieving project data
 o  Retrieving project data
 o  Retrieving project data
 o  Retrieving project data
 o  Retrieving project data
 o  Retrieving project data
 o  Retrieving project data
 o  Retrieving project data
 o  Retrieving project data
 o  Retrieving project data
 o  Retrieving project data
 o  Retrieving project data
 o  Retrieving project data
 o  Retrieving project data
 o  Retrieving project data
 o  Retrieving project data
 o  Retrieving project data
 o  Retrieving project data
 o  Retrieving project dataStart of evolution
  Evaluated 10 individuals
-- Generation 1 --
  Evaluated 4 individuals
  Min 3967.051213949699
  Max 92794000006115.16
  Avg 9279400006487.553
  Std 27838199999875.867
-- Generation 2 --
  Evaluated 8 individuals
  Min 3967.051213949699
  Max 98663000001305.3
  Avg 23025800004696.33
  Std 36237684733768.805
-- Generation 3 --
  Evaluated 7 individuals
  Min 3967.051213949699
  Max 6017.078590131796
  Avg 5402.070377277167
  Std 939.4405628086149
-- End of (successful) evolution --
Total evaluations: 19 

Best individual is [0.0503051  0.12064362 0.12986999 0.93104366 0.17427201 0.20564232
 0.53730915 0.70767733 0.79737834 0.91044577 0.        ], (3967.051213949699,)

 o  Retrieving project data
 o  Retrieving project data
 o  Retrieving project data
 o  Retrieving project data
 o  Retrieving project data
 o  Retrieving project data
 o  Retrieving project data
 o  Retrieving project data
 o  Retrieving project data
 o  Retrieving project data
 o  Retrieving project data
 o  Retrieving project data
 o  Retrieving project data
 o  Retrieving project data
 o  Retrieving project data
 o  Retrieving project data
 o  Retrieving project data
 o  Retrieving project data
 o  Retrieving project data
 o  Retrieving project data
 o  Retrieving project data
 o  Retrieving project data
 o  Retrieving project data
 o  Retrieving project data
 o  Retrieving project data
 o  Retrieving project data
 o  Retrieving project data
 o  Retrieving project data
 o  Retrieving project data
 o  Retrieving project data
 o  Retrieving project data
 o  Retrieving project data
 o  Retrieving project data
 o  Retrieving project data
 o  Retrieving project data
 o  Retrieving project dataStart of evolution
  Evaluated 10 individuals
-- Generation 1 --
  Evaluated 7 individuals
  Min 4182.290077346876
  Max 84496000003357.94
  Avg 15748800005610.115
  Std 31602466779222.492
-- Generation 2 --
  Evaluated 10 individuals
  Min 4182.290077346876
  Max 139162000002160.42
  Avg 45841100004508.55
  Std 52029859095927.51
-- Generation 3 --
  Evaluated 9 individuals
  Min 4182.290077346876
  Max 81646000000000.0
  Avg 23692200004789.492
  Std 30992605884139.754
-- End of (successful) evolution --
Total evaluations: 26 

Best individual is [0.09396104 0.95894157 0.76799883 0.1961829  0.55526639 0.37014284
 0.54817197 0.22360488 0.86491261 0.81427126 0.        ], (4182.290077346876,)

 o  Retrieving project data
 o  Retrieving project data
 o  Retrieving project data
 o  Retrieving project data
 o  Retrieving project data
 o  Retrieving project data
 o  Retrieving project data
 o  Retrieving project data
 o  Retrieving project data
 o  Retrieving project data
 o  Retrieving project data
 o  Retrieving project data
 o  Retrieving project data
 o  Retrieving project data
 o  Retrieving project data
 o  Retrieving project data
 o  Retrieving project data
 o  Retrieving project data
 o  Retrieving project data
 o  Retrieving project data
 o  Retrieving project data
 o  Retrieving project data
 o  Retrieving project data
 o  Retrieving project data
 o  Retrieving project data
 o  Retrieving project dataStart of evolution
  Evaluated 10 individuals
-- Generation 1 --
  Evaluated 7 individuals
  Min 214.34945593800674
  Max 8255.00782229834
  Avg 5924.6215761432395
  Std 2058.76921802457
-- Generation 2 --
  Evaluated 5 individuals
  Min 214.34945593800674
  Max 127434000000000.0
  Avg 12743400003081.416
  Std 38230199998972.86
-- Generation 3 --
  Evaluated 4 individuals
  Min 214.34945593800674
  Max 85459000000000.0
  Avg 17005700001326.875
  Std 34011944901238.316
-- End of (successful) evolution --
Total evaluations: 16 

Best individual is [0.04775686 0.95738773 0.35660949 0.16903473 0.43200667 0.44821007
 0.41837116 0.78712746 0.         0.89571804 0.47036904], (214.34945593800674,)

 o  Retrieving project data
 o  Retrieving project data
 o  Retrieving project data
 o  Retrieving project data
 o  Retrieving project data
 o  Retrieving project data
 o  Retrieving project data
 o  Retrieving project data
 o  Retrieving project data
 o  Retrieving project data
 o  Retrieving project data
 o  Retrieving project data
 o  Retrieving project data
 o  Retrieving project data
 o  Retrieving project data
 o  Retrieving project data
 o  Retrieving project data
 o  Retrieving project data
 o  Retrieving project data
 o  Retrieving project data
 o  Retrieving project data
 o  Retrieving project data
 o  Retrieving project data
 o  Retrieving project data
 o  Retrieving project data
 o  Retrieving project data
 o  Retrieving project data
 o  Retrieving project data
 o  Retrieving project data
 o  Retrieving project data
 o  Retrieving project data
 o  Retrieving project data
 o  Retrieving project data
 o  Retrieving project data
 o  Retrieving project data
 o  Retrieving project data
 o  Retrieving project data
 o  Retrieving project dataStart of evolution
  Evaluated 10 individuals
-- Generation 1 --
  Evaluated 8 individuals
  Min 5194.7272634849105
  Max 97767000003869.19
  Avg 18171800005953.023
  Std 36474667285930.125
-- Generation 2 --
  Evaluated 10 individuals
  Min 266.60499876179307
  Max 82001000003076.73
  Avg 31521200004347.586
  Std 38731049496485.27
-- Generation 3 --
  Evaluated 10 individuals
  Min 259.3375417561624
  Max 42509000005212.3
  Avg 4250900004050.638
  Std 12752700000387.22
-- End of (successful) evolution --
Total evaluations: 28 

Best individual is [0.12916537 0.50171119 0.93874936 0.12692874 0.01808265 0.32252593
 0.815475   0.86126969 0.         0.75853566 0.44337976], (259.3375417561624,)

 o  Retrieving project data
 o  Retrieving project data
 o  Retrieving project data
 o  Retrieving project data
 o  Retrieving project data
 o  Retrieving project data
 o  Retrieving project data
 o  Retrieving project data
 o  Retrieving project data
 o  Retrieving project data
 o  Retrieving project data
 o  Retrieving project data
 o  Retrieving project data
 o  Retrieving project data
 o  Retrieving project data
 o  Retrieving project data
 o  Retrieving project data
 o  Retrieving project data
 o  Retrieving project data
 o  Retrieving project data
 o  Retrieving project data
 o  Retrieving project data
 o  Retrieving project data
 o  Retrieving project data
 o  Retrieving project data
 o  Retrieving project data
 o  Retrieving project data
 o  Retrieving project data
 o  Retrieving project data
 o  Retrieving project data
 o  Retrieving project data
 o  Retrieving project dataStart of evolution
  Evaluated 10 individuals
-- Generation 1 --
  Evaluated 9 individuals
  Min 2293.084611186421
  Max 8305.785766679788
  Avg 5744.785010300147
  Std 1938.673631534017
-- Generation 2 --
  Evaluated 8 individuals
  Min 575.4508633709195
  Max 128447000002103.69
  Avg 21220000002981.676
  Std 43600817443430.15
-- Generation 3 --
  Evaluated 5 individuals
  Min 575.4508633709195
  Max 2293.084611186421
  Avg 2121.3212364048713
  Std 515.2901243446483
-- End of (successful) evolution --
Total evaluations: 22 

Best individual is [0.47976923 0.17164343 0.4805728  0.49727123 0.02364831 0.85747101
 0.33037326 0.63650745 0.         0.64563749 0.85603363], (575.4508633709195,)

 o  Retrieving project data
 o  Retrieving project data
 o  Retrieving project data
 o  Retrieving project data
 o  Retrieving project data
 o  Retrieving project data
 o  Retrieving project data
 o  Retrieving project data
 o  Retrieving project data
 o  Retrieving project data
 o  Retrieving project data
 o  Retrieving project data
 o  Retrieving project data
 o  Retrieving project data
 o  Retrieving project data
 o  Retrieving project data
 o  Retrieving project data
 o  Retrieving project data
 o  Retrieving project data
 o  Retrieving project data
 o  Retrieving project data
 o  Retrieving project data
 o  Retrieving project data
 o  Retrieving project data
 o  Retrieving project data
 o  Retrieving project data
 o  Retrieving project data
 o  Retrieving project data
 o  Retrieving project data
 o  Retrieving project dataStart of evolution
  Evaluated 10 individuals
-- Generation 1 --
  Evaluated 7 individuals
  Min 5169.617953600978
  Max 43813000005268.125
  Avg 4381300006146.053
  Std 13143899999707.357
-- Generation 2 --
  Evaluated 6 individuals
  Min 5157.609592888446
  Max 86112000001997.19
  Avg 8611200004888.073
  Std 25833599999036.37
-- Generation 3 --
  Evaluated 7 individuals
  Min 5157.609592888446
  Max 186301000000237.94
  Avg 26724300004324.934
  Std 58410433877986.914
-- End of (successful) evolution --
Total evaluations: 20 

Best individual is [0.40779519 0.07709463 0.59925763 0.44872411 0.53749197 0.5345609
 0.76357977 0.55820711 0.02556907 0.10842061 0.71285318], (5157.609592888446,)

 o  Retrieving project data
 o  Retrieving project data
 o  Retrieving project data
 o  Retrieving project data
 o  Retrieving project data
 o  Retrieving project data
 o  Retrieving project data
 o  Retrieving project data
 o  Retrieving project data
 o  Retrieving project data
 o  Retrieving project data
 o  Retrieving project data
 o  Retrieving project data
 o  Retrieving project data
 o  Retrieving project data
 o  Retrieving project data
 o  Retrieving project data
 o  Retrieving project data
 o  Retrieving project data
 o  Retrieving project data
 o  Retrieving project data
 o  Retrieving project data
 o  Retrieving project data
 o  Retrieving project data
 o  Retrieving project data
 o  Retrieving project data
 o  Retrieving project data
 o  Retrieving project data
 o  Retrieving project data
 o  Retrieving project data
 o  Retrieving project data
 o  Retrieving project dataStart of evolution
  Evaluated 10 individuals
-- Generation 1 --
  Evaluated 6 individuals
  Min 4751.6416815660195
  Max 130757000000738.77
  Avg 13075700005383.627
  Std 39227099998451.72
-- Generation 2 --
  Evaluated 7 individuals
  Min 4751.6416815660195
  Max 83743000002355.03
  Avg 19819700003799.625
  Std 30965254633543.2
-- Generation 3 --
  Evaluated 9 individuals
  Min 4751.6416815660195
  Max 178170000001099.8
  Avg 39124900004111.95
  Std 57918207200580.586
-- End of (successful) evolution --
Total evaluations: 22 

Best individual is [0.04484717 0.4559155  0.5040033  0.36273207 0.75452539 0.54549751
 0.90521263 0.79080264 0.71590271 0.0475633  0.11613541], (4751.6416815660195,)

 o  Retrieving project data
 o  Retrieving project data
 o  Retrieving project data
 o  Retrieving project data
 o  Retrieving project data
 o  Retrieving project data
 o  Retrieving project data
 o  Retrieving project data
 o  Retrieving project data
 o  Retrieving project data
 o  Retrieving project data
 o  Retrieving project data
 o  Retrieving project data
 o  Retrieving project data
 o  Retrieving project data
 o  Retrieving project data
 o  Retrieving project data
 o  Retrieving project data
 o  Retrieving project data
 o  Retrieving project data
 o  Retrieving project data
 o  Retrieving project data
 o  Retrieving project data
 o  Retrieving project data
 o  Retrieving project data
 o  Retrieving project data
 o  Retrieving project data
 o  Retrieving project data
 o  Retrieving project data
 o  Retrieving project data
 o  Retrieving project data
 o  Retrieving project dataStart of evolution
  Evaluated 10 individuals
-- Generation 1 --
  Evaluated 8 individuals
  Min 2511.4660958798813
  Max 70309000004856.4
  Avg 11284500006065.3
  Std 23407834958443.99
-- Generation 2 --
  Evaluated 7 individuals
  Min 2493.7286895879492
  Max 139414000000319.88
  Avg 18192500004004.33
  Std 42348291528251.97
-- Generation 3 --
  Evaluated 7 individuals
  Min 2483.0063720219327
  Max 181686000000298.78
  Avg 26094100002595.633
  Std 56993102277121.91
-- End of (successful) evolution --
Total evaluations: 22 

Best individual is [0.4666714  0.0547979  0.68095216 0.33290044 0.64345546 0.83950448
 0.50862501 0.91085513 0.00571762 0.32804886 0.46705551], (2483.0063720219327,)

 o  Retrieving project data
 o  Retrieving project data
 o  Retrieving project data
 o  Retrieving project data
 o  Retrieving project data
 o  Retrieving project data
 o  Retrieving project data
 o  Retrieving project data
 o  Retrieving project data
 o  Retrieving project data
 o  Retrieving project data
 o  Retrieving project data
 o  Retrieving project data
 o  Retrieving project data
 o  Retrieving project data
 o  Retrieving project data
 o  Retrieving project data
 o  Retrieving project data
 o  Retrieving project data
 o  Retrieving project data
 o  Retrieving project data
 o  Retrieving project data
 o  Retrieving project data
 o  Retrieving project data
 o  Retrieving project data
 o  Retrieving project data
 o  Retrieving project data
 o  Retrieving project data
 o  Retrieving project data
 o  Retrieving project data
 o  Retrieving project data
 o  Retrieving project dataStart of evolution
  Evaluated 10 individuals
-- Generation 1 --
  Evaluated 8 individuals
  Min 2511.4660958798813
  Max 70309000004856.4
  Avg 11284500006065.3
  Std 23407834958443.99
-- Generation 2 --
  Evaluated 7 individuals
  Min 2493.7286895879492
  Max 139414000000319.88
  Avg 18192500004004.33
  Std 42348291528251.97
-- Generation 3 --
  Evaluated 7 individuals
  Min 2483.0063720219327
  Max 181686000000298.78
  Avg 26094100002595.633
  Std 56993102277121.91
-- End of (successful) evolution --
Total evaluations: 22 

Best individual is [0.4666714  0.0547979  0.68095216 0.33290044 0.64345546 0.83950448
 0.50862501 0.91085513 0.00571762 0.32804886 0.46705551], (2483.0063720219327,)

 o  Retrieving project data
 o  Retrieving project data
 o  Retrieving project data
 o  Retrieving project data
 o  Retrieving project data
 o  Retrieving project data
 o  Retrieving project data
 o  Retrieving project data
 o  Retrieving project data
 o  Retrieving project data
 o  Retrieving project data
 o  Retrieving project data
 o  Retrieving project data
 o  Retrieving project data
 o  Retrieving project data
 o  Retrieving project data
 o  Retrieving project data
 o  Retrieving project data
 o  Retrieving project data
 o  Retrieving project data
 o  Retrieving project data
 o  Retrieving project data
 o  Retrieving project data
 o  Retrieving project data
 o  Retrieving project data
 o  Retrieving project data
 o  Retrieving project data
 o  Retrieving project data
 o  Retrieving project data
 o  Retrieving project data
 o  Retrieving project data
 o  Retrieving project dataStart of evolution
  Evaluated 10 individuals
-- Generation 1 --
  Evaluated 6 individuals
  Min 4377.46229614703
  Max 176886000001596.38
  Avg 26062700005371.656
  Std 56132493942704.97
-- Generation 2 --
  Evaluated 6 individuals
  Min 4377.46229614703
  Max 92838000003627.72
  Avg 33844800004427.758
  Std 41843948543236.2
-- Generation 3 --
  Evaluated 10 individuals
  Min 4377.46229614703
  Max 125159000001621.61
  Avg 27997400003987.438
  Std 44598542318391.41
-- End of (successful) evolution --
Total evaluations: 22 

Best individual is [0.03297143 0.33287229 0.68629744 0.09342849 0.09858493 0.58173214
 0.53240684 0.35333746 0.27931682 0.43764872 0.83077562], (4377.46229614703,)

 o  Retrieving project data
 o  Retrieving project data
 o  Retrieving project data
 o  Retrieving project data
 o  Retrieving project data
 o  Retrieving project data
 o  Retrieving project data
 o  Retrieving project data
 o  Retrieving project data
 o  Retrieving project data
 o  Retrieving project data
 o  Retrieving project data
 o  Retrieving project data
 o  Retrieving project data
 o  Retrieving project data
 o  Retrieving project data
 o  Retrieving project data
 o  Retrieving project dataStart of evolution
  Evaluated 10 individuals
-- Generation 1 --
  Evaluated 8 individuals
  Min 0.0
  Max 155502000003836.94
  Avg 24829600006033.477
  Std 51600879912779.5
-- End of (successful) evolution --
Total evaluations: 8 

Best individual is [0.04838577 0.17205781 0.66352881 0.70162244 0.65980024 0.77148024
 0.01734636 0.20242977 0.         0.87383189 0.41364547], (0.0,)

 o  Retrieving project data
 o  Retrieving project data
 o  Retrieving project data
 o  Retrieving project data
 o  Retrieving project data
 o  Retrieving project data
 o  Retrieving project data
 o  Retrieving project data
 o  Retrieving project data
 o  Retrieving project data
 o  Retrieving project data
 o  Retrieving project data
 o  Retrieving project data
 o  Retrieving project data
 o  Retrieving project data
 o  Retrieving project data
 o  Retrieving project data
 o  Retrieving project data
 o  Retrieving project data
 o  Retrieving project data
 o  Retrieving project data
 o  Retrieving project data
 o  Retrieving project data
 o  Retrieving project data
 o  Retrieving project data
 o  Retrieving project data
 o  Retrieving project data
 o  Retrieving project data
 o  Retrieving project data
 o  Retrieving project data
 o  Retrieving project data
 o  Retrieving project data
 o  Retrieving project dataStart of evolution
  Evaluated 10 individuals
-- Generation 1 --
  Evaluated 8 individuals
  Min 5437.165685295065
  Max 70297000006577.836
  Avg 11251500006999.16
  Std 23362502456865.11
-- Generation 2 --
  Evaluated 7 individuals
  Min 5437.165685295065
  Max 93647000004627.81
  Avg 9364700005869.707
  Std 28094099999586.035
-- Generation 3 --
  Evaluated 8 individuals
  Min 5437.165685295065
  Max 76945000004417.88
  Avg 11946800005310.293
  Std 25102745370543.195
-- End of (successful) evolution --
Total evaluations: 23 

Best individual is [0.5244658  0.17531474 0.39624727 0.02387639 0.96681356 0.78947911
 0.72176386 0.20706973 0.66926553 0.55664571 0.154378  ], (5437.165685295065,)

 o  Retrieving project data
 o  Retrieving project data
 o  Retrieving project data
 o  Retrieving project data
 o  Retrieving project data
 o  Retrieving project data
 o  Retrieving project data
 o  Retrieving project data
 o  Retrieving project data
 o  Retrieving project data
 o  Retrieving project data
 o  Retrieving project data
 o  Retrieving project data
 o  Retrieving project data
 o  Retrieving project data
 o  Retrieving project data
 o  Retrieving project data
 o  Retrieving project data
 o  Retrieving project data
 o  Retrieving project data
 o  Retrieving project data
 o  Retrieving project data
 o  Retrieving project data
 o  Retrieving project data
 o  Retrieving project data
 o  Retrieving project data
 o  Retrieving project data
 o  Retrieving project data
 o  Retrieving project data
 o  Retrieving project data
 o  Retrieving project dataStart of evolution
  Evaluated 10 individuals
-- Generation 1 --
  Evaluated 5 individuals
  Min 3738.973105425986
  Max 8153.667018809998
  Avg 5927.709517105884
  Std 1244.5752290042312
-- Generation 2 --
  Evaluated 8 individuals
  Min 3738.973105425986
  Max 93886000001684.53
  Avg 12791800004774.027
  Std 28872922517392.42
-- Generation 3 --
  Evaluated 8 individuals
  Min 3738.973105425986
  Max 93886000001684.53
  Avg 20217100003895.918
  Std 33336257174716.438
-- End of (successful) evolution --
Total evaluations: 21 

Best individual is [0.11281019 0.65724341 0.02868668 0.21972684 0.1276436  0.9780839
 0.67897195 0.55400389 0.86244548 0.95240361 0.37720583], (3738.973105425986,)

 o  Retrieving project data
 o  Retrieving project data
 o  Retrieving project data
 o  Retrieving project data
 o  Retrieving project data
 o  Retrieving project data
 o  Retrieving project data
 o  Retrieving project data
 o  Retrieving project data
 o  Retrieving project data
 o  Retrieving project data
 o  Retrieving project data
 o  Retrieving project data
 o  Retrieving project data
 o  Retrieving project data
 o  Retrieving project data
 o  Retrieving project data
 o  Retrieving project data
 o  Retrieving project data
 o  Retrieving project data
 o  Retrieving project data
 o  Retrieving project data
 o  Retrieving project data
 o  Retrieving project data
 o  Retrieving project data
 o  Retrieving project data
 o  Retrieving project data
 o  Retrieving project data
 o  Retrieving project data
 o  Retrieving project dataStart of evolution
  Evaluated 10 individuals
-- Generation 1 --
  Evaluated 9 individuals
  Min 6900.637971596071
  Max 191719000001474.5
  Avg 24092000006550.6
  Std 57769082319049.18
-- Generation 2 --
  Evaluated 7 individuals
  Min 6900.637971596071
  Max 81246000004330.16
  Avg 8124600006760.229
  Std 24373799999189.973
-- Generation 3 --
  Evaluated 4 individuals
  Min 6900.637971596071
  Max 7016.844733646494
  Avg 6947.12067641624
  Std 56.929454337014654
-- End of (successful) evolution --
Total evaluations: 20 

Best individual is [0.78062243 0.4758412  0.29008968 0.13919661 0.15391177 0.91875779
 0.25174294 0.729088   0.93078122 0.83971784 0.77100628], (6900.637971596071,)

 o  Retrieving project data
 o  Retrieving project data
 o  Retrieving project data
 o  Retrieving project data
 o  Retrieving project data
 o  Retrieving project data
 o  Retrieving project data
 o  Retrieving project data
 o  Retrieving project data
 o  Retrieving project data
 o  Retrieving project data
 o  Retrieving project data
 o  Retrieving project data
 o  Retrieving project data
 o  Retrieving project data
 o  Retrieving project data
 o  Retrieving project data
 o  Retrieving project data
 o  Retrieving project data
 o  Retrieving project data
 o  Retrieving project data
 o  Retrieving project data
 o  Retrieving project data
 o  Retrieving project data
 o  Retrieving project data
 o  Retrieving project data
 o  Retrieving project data
 o  Retrieving project data
 o  Retrieving project data
 o  Retrieving project data
 o  Retrieving project dataStart of evolution
  Evaluated 10 individuals
-- Generation 1 --
  Evaluated 7 individuals
  Min 3921.5407938496446
  Max 7266.766015429968
  Avg 5449.800426027681
  Std 1069.9971161371002
-- Generation 2 --
  Evaluated 6 individuals
  Min 3921.5407938496446
  Max 98835000000000.0
  Avg 9883500004000.262
  Std 29650499998666.58
-- Generation 3 --
  Evaluated 8 individuals
  Min 3891.795734276376
  Max 84029000000000.33
  Avg 8402900003526.447
  Std 25208699998824.63
-- End of (successful) evolution --
Total evaluations: 21 

Best individual is [0.16118323 0.69274636 0.90518951 0.02171317 0.02775977 0.88256548
 0.32451681 0.79618366 0.05813917 0.59202074 0.34508958], (3891.795734276376,)

 o  Retrieving project data
 o  Retrieving project data
 o  Retrieving project data
 o  Retrieving project data
 o  Retrieving project data
 o  Retrieving project data
 o  Retrieving project data
 o  Retrieving project data
 o  Retrieving project data
 o  Retrieving project data
 o  Retrieving project data
 o  Retrieving project data
 o  Retrieving project data
 o  Retrieving project data
 o  Retrieving project data
 o  Retrieving project data
 o  Retrieving project data
 o  Retrieving project data
 o  Retrieving project data
 o  Retrieving project data
 o  Retrieving project data
 o  Retrieving project data
 o  Retrieving project data
 o  Retrieving project data
 o  Retrieving project data
 o  Retrieving project data
 o  Retrieving project data
 o  Retrieving project data
 o  Retrieving project data
 o  Retrieving project data
 o  Retrieving project data
 o  Retrieving project data
 o  Retrieving project data
 o  Retrieving project dataStart of evolution
  Evaluated 10 individuals
-- Generation 1 --
  Evaluated 9 individuals
  Min 4662.587509351137
  Max 93857000001393.75
  Avg 9385700005616.14
  Std 28157099998592.535
-- Generation 2 --
  Evaluated 7 individuals
  Min 3084.5727761020707
  Max 95024000003360.11
  Avg 12971100004472.111
  Std 29240817691423.547
-- Generation 3 --
  Evaluated 8 individuals
  Min 3084.5727761020707
  Max 82182000004152.88
  Avg 13301200003790.725
  Std 27510635778831.65
-- End of (successful) evolution --
Total evaluations: 24 

Best individual is [0.21959799 0.59607191 0.02376875 0.95558665 0.77017219 0.01747502
 0.94248399 0.8237551  0.2838199  0.96461893 0.16295416], (3084.5727761020707,)

 o  Retrieving project data
 o  Retrieving project data
 o  Retrieving project data
 o  Retrieving project data
 o  Retrieving project data
 o  Retrieving project data
 o  Retrieving project data
 o  Retrieving project data
 o  Retrieving project data
 o  Retrieving project data
 o  Retrieving project data
 o  Retrieving project data
 o  Retrieving project data
 o  Retrieving project data
 o  Retrieving project data
 o  Retrieving project data
 o  Retrieving project data
 o  Retrieving project data
 o  Retrieving project data
 o  Retrieving project data
 o  Retrieving project data
 o  Retrieving project data
 o  Retrieving project data
 o  Retrieving project data
 o  Retrieving project data
 o  Retrieving project data
 o  Retrieving project data
 o  Retrieving project data
 o  Retrieving project data
 o  Retrieving project data
 o  Retrieving project data
 o  Retrieving project dataStart of evolution
  Evaluated 10 individuals
-- Generation 1 --
  Evaluated 6 individuals
  Min 4377.46229614703
  Max 176886000001596.38
  Avg 26062700005371.656
  Std 56132493942704.97
-- Generation 2 --
  Evaluated 6 individuals
  Min 4377.46229614703
  Max 92838000003627.72
  Avg 33844800004427.758
  Std 41843948543236.2
-- Generation 3 --
  Evaluated 10 individuals
  Min 4377.46229614703
  Max 125159000001621.61
  Avg 27997400003987.438
  Std 44598542318391.41
-- End of (successful) evolution --
Total evaluations: 22 

Best individual is [0.03297143 0.33287229 0.68629744 0.09342849 0.09858493 0.58173214
 0.53240684 0.35333746 0.27931682 0.43764872 0.83077562], (4377.46229614703,)

 o  Retrieving project data
 o  Retrieving project data
 o  Retrieving project data
 o  Retrieving project data
 o  Retrieving project data
 o  Retrieving project data
 o  Retrieving project data
 o  Retrieving project data
 o  Retrieving project data
 o  Retrieving project data
 o  Retrieving project data
 o  Retrieving project data
 o  Retrieving project data
 o  Retrieving project data
 o  Retrieving project data
 o  Retrieving project data
 o  Retrieving project data
 o  Retrieving project data
 o  Retrieving project data
 o  Retrieving project data
 o  Retrieving project data
 o  Retrieving project data
 o  Retrieving project data
 o  Retrieving project data
 o  Retrieving project data
 o  Retrieving project data
 o  Retrieving project data
 o  Retrieving project data
 o  Retrieving project data
 o  Retrieving project data
 o  Retrieving project data
 o  Retrieving project data
 o  Retrieving project dataStart of evolution
  Evaluated 10 individuals
-- Generation 1 --
  Evaluated 8 individuals
  Min 7111.6813861917
  Max 82168000004531.25
  Avg 19198100006655.547
  Std 29697105994113.71
-- Generation 2 --
  Evaluated 9 individuals
  Min 1151.2436762259063
  Max 166009000000026.38
  Avg 31152300005135.625
  Std 54169628634167.06
-- Generation 3 --
  Evaluated 6 individuals
  Min 1151.2436762259063
  Max 97952000001404.64
  Avg 9795200004396.842
  Std 29385599999002.6
-- End of (successful) evolution --
Total evaluations: 23 

Best individual is [0.37423707 0.35871643 0.14758089 0.12543194 0.64062222 0.49573522
 0.02502672 0.83641363 0.         0.11703725 0.59568471], (1151.2436762259063,)

 o  Retrieving project data
 o  Retrieving project data
 o  Retrieving project data
 o  Retrieving project data
 o  Retrieving project data
 o  Retrieving project data
 o  Retrieving project data
 o  Retrieving project data
 o  Retrieving project data
 o  Retrieving project data
 o  Retrieving project data
 o  Retrieving project data
 o  Retrieving project data
 o  Retrieving project data
 o  Retrieving project data
 o  Retrieving project data
 o  Retrieving project data
 o  Retrieving project data
 o  Retrieving project data
 o  Retrieving project data
 o  Retrieving project data
 o  Retrieving project data
 o  Retrieving project data
 o  Retrieving project data
 o  Retrieving project data
 o  Retrieving project data
 o  Retrieving project data
 o  Retrieving project dataStart of evolution
  Evaluated 10 individuals
-- Generation 1 --
  Evaluated 6 individuals
  Min 5666.225837007507
  Max 8329.211374682023
  Avg 6436.068530247934
  Std 896.9958122040721
-- Generation 2 --
  Evaluated 6 individuals
  Min 3076.455572495142
  Max 154331000000944.84
  Avg 15433100005358.088
  Std 46299299998528.914
-- Generation 3 --
  Evaluated 6 individuals
  Min 1697.265230597827
  Max 70389000002404.9
  Avg 7038900005016.573
  Std 21116699999129.445
-- End of (successful) evolution --
Total evaluations: 18 

Best individual is [0.05712418 0.83909858 0.36025691 0.0121981  0.52918201 0.25227305
 0.62686677 0.7710216  0.4566403  0.91209942 0.        ], (1697.265230597827,)

 o  Retrieving project data
 o  Retrieving project data
 o  Retrieving project data
 o  Retrieving project data
 o  Retrieving project data
 o  Retrieving project data
 o  Retrieving project data
 o  Retrieving project data
 o  Retrieving project data
 o  Retrieving project data
 o  Retrieving project data
 o  Retrieving project data
 o  Retrieving project data
 o  Retrieving project data
 o  Retrieving project data
 o  Retrieving project data
 o  Retrieving project data
 o  Retrieving project data
 o  Retrieving project data
 o  Retrieving project data
 o  Retrieving project data
 o  Retrieving project data
 o  Retrieving project data
 o  Retrieving project data
 o  Retrieving project data
 o  Retrieving project data
 o  Retrieving project data
 o  Retrieving project data
 o  Retrieving project data
 o  Retrieving project data
 o  Retrieving project data
 o  Retrieving project data
 o  Retrieving project data
 o  Retrieving project dataStart of evolution
  Evaluated 10 individuals
-- Generation 1 --
  Evaluated 9 individuals
  Min 4662.587509351137
  Max 93857000001393.75
  Avg 9385700005616.14
  Std 28157099998592.535
-- Generation 2 --
  Evaluated 7 individuals
  Min 3084.5727761020707
  Max 95024000003360.11
  Avg 12971100004472.111
  Std 29240817691423.547
-- Generation 3 --
  Evaluated 8 individuals
  Min 3084.5727761020707
  Max 82182000004152.88
  Avg 13301200003790.725
  Std 27510635778831.65
-- End of (successful) evolution --
Total evaluations: 24 

Best individual is [0.21959799 0.59607191 0.02376875 0.95558665 0.77017219 0.01747502
 0.94248399 0.8237551  0.2838199  0.96461893 0.16295416], (3084.5727761020707,)

 o  Retrieving project data
 o  Retrieving project data
 o  Retrieving project data
 o  Retrieving project data
 o  Retrieving project data
 o  Retrieving project data
 o  Retrieving project data
 o  Retrieving project data
 o  Retrieving project data
 o  Retrieving project data
 o  Retrieving project data
 o  Retrieving project data
 o  Retrieving project data
 o  Retrieving project data
 o  Retrieving project data
 o  Retrieving project data
 o  Retrieving project data
 o  Retrieving project data
 o  Retrieving project data
 o  Retrieving project data
 o  Retrieving project data
 o  Retrieving project data
 o  Retrieving project data
 o  Retrieving project data
 o  Retrieving project data
 o  Retrieving project data
 o  Retrieving project data
 o  Retrieving project data
 o  Retrieving project data
 o  Retrieving project dataStart of evolution
  Evaluated 10 individuals
-- Generation 1 --
  Evaluated 8 individuals
  Min 2260.52342276632
  Max 70797000004375.56
  Avg 7079700006519.737
  Std 21239099999285.277
-- Generation 2 --
  Evaluated 7 individuals
  Min 2260.52342276632
  Max 172924000001705.56
  Avg 27106400004037.69
  Std 56733235554508.88
-- Generation 3 --
  Evaluated 5 individuals
  Min 2260.52342276632
  Max 244248000000000.0
  Avg 28675200003546.117
  Std 72966433767656.08
-- End of (successful) evolution --
Total evaluations: 20 

Best individual is [0.80525888 0.50997411 0.02203128 0.05431845 0.97034526 0.81792664
 0.81330985 0.01607782 0.81233122 0.81560974 0.62759177], (2260.52342276632,)

 o  Retrieving project data
 o  Retrieving project data
 o  Retrieving project data
 o  Retrieving project data
 o  Retrieving project data
 o  Retrieving project data
 o  Retrieving project data
 o  Retrieving project data
 o  Retrieving project data
 o  Retrieving project data
 o  Retrieving project data
 o  Retrieving project data
 o  Retrieving project data
 o  Retrieving project data
 o  Retrieving project data
 o  Retrieving project data
 o  Retrieving project data
 o  Retrieving project data
 o  Retrieving project data
 o  Retrieving project data
 o  Retrieving project data
 o  Retrieving project data
 o  Retrieving project data
 o  Retrieving project data
 o  Retrieving project data
 o  Retrieving project data
 o  Retrieving project data
 o  Retrieving project data
 o  Retrieving project dataStart of evolution
  Evaluated 10 individuals
-- Generation 1 --
  Evaluated 9 individuals
  Min 4046.574425451068
  Max 8553.170240237314
  Avg 6633.340974395449
  Std 1371.8513231978106
-- Generation 2 --
  Evaluated 5 individuals
  Min 4046.574425451068
  Max 6746.243634036755
  Avg 5702.653633062166
  Std 1098.458510600899
-- Generation 3 --
  Evaluated 5 individuals
  Min 4046.574425451068
  Max 97505000001434.64
  Avg 14017500004552.584
  Std 30599102702418.95
-- End of (successful) evolution --
Total evaluations: 19 

Best individual is [0.02605008 0.48471441 0.35735828 0.87566441 0.83906091 0.64293955
 0.64791253 0.8812233  0.58084127 0.34168627 0.9475324 ], (4046.574425451068,)

 o  Retrieving project data
 o  Retrieving project data
 o  Retrieving project data
 o  Retrieving project data
 o  Retrieving project data
 o  Retrieving project data
 o  Retrieving project data
 o  Retrieving project data
 o  Retrieving project data
 o  Retrieving project data
 o  Retrieving project data
 o  Retrieving project data
 o  Retrieving project data
 o  Retrieving project data
 o  Retrieving project data
 o  Retrieving project data
 o  Retrieving project data
 o  Retrieving project data
 o  Retrieving project data
 o  Retrieving project data
 o  Retrieving project data
 o  Retrieving project data
 o  Retrieving project data
 o  Retrieving project data
 o  Retrieving project data
 o  Retrieving project data
 o  Retrieving project data
 o  Retrieving project data
 o  Retrieving project data
 o  Retrieving project data
 o  Retrieving project data
 o  Retrieving project dataStart of evolution
  Evaluated 10 individuals
-- Generation 1 --
  Evaluated 9 individuals
  Min 2293.084611186421
  Max 8305.785766679788
  Avg 5744.785010300147
  Std 1938.673631534017
-- Generation 2 --
  Evaluated 8 individuals
  Min 575.4508633709195
  Max 128447000002103.69
  Avg 21220000002981.676
  Std 43600817443430.15
-- Generation 3 --
  Evaluated 5 individuals
  Min 575.4508633709195
  Max 2293.084611186421
  Avg 2121.3212364048713
  Std 515.2901243446483
-- End of (successful) evolution --
Total evaluations: 22 

Best individual is [0.47976923 0.17164343 0.4805728  0.49727123 0.02364831 0.85747101
 0.33037326 0.63650745 0.         0.64563749 0.85603363], (575.4508633709195,)

 o  Retrieving project data
 o  Retrieving project data
 o  Retrieving project data
 o  Retrieving project data
 o  Retrieving project data
 o  Retrieving project data
 o  Retrieving project data
 o  Retrieving project data
 o  Retrieving project data
 o  Retrieving project data
 o  Retrieving project data
 o  Retrieving project data
 o  Retrieving project data
 o  Retrieving project data
 o  Retrieving project data
 o  Retrieving project data
 o  Retrieving project data
 o  Retrieving project data
 o  Retrieving project data
 o  Retrieving project data
 o  Retrieving project data
 o  Retrieving project data
 o  Retrieving project data
 o  Retrieving project data
 o  Retrieving project data
 o  Retrieving project data
 o  Retrieving project data
 o  Retrieving project data
 o  Retrieving project data
 o  Retrieving project data
 o  Retrieving project data
 o  Retrieving project data
 o  Retrieving project data
 o  Retrieving project data
 o  Retrieving project dataStart of evolution
  Evaluated 10 individuals
-- Generation 1 --
  Evaluated 8 individuals
  Min 2301.562806487652
  Max 97927000001291.28
  Avg 18197200005526.656
  Std 36526536208677.72
-- Generation 2 --
  Evaluated 9 individuals
  Min 2301.562806487652
  Max 94728000003603.44
  Avg 17933900005553.6
  Std 35939070121910.41
-- Generation 3 --
  Evaluated 8 individuals
  Min 965.3630211463021
  Max 6865.8556944976635
  Avg 5236.45904875737
  Std 1884.9583045980028
-- End of (successful) evolution --
Total evaluations: 25 

Best individual is [0.12175364 0.37522279 0.88166854 0.02053619 0.70619848 0.38879907
 0.10147374 0.1139959  0.01249029 0.23366038 0.36736439], (965.3630211463021,)
