
 o  Retrieving project data
 o  Retrieving project data
 o  Retrieving project data
 o  Retrieving project data
 o  Retrieving project data
 o  Retrieving project data
 o  Retrieving project data
 o  Retrieving project data
 o  Retrieving project data
 o  Retrieving project data
 o  Retrieving project data
 o  Retrieving project data
 o  Retrieving project data
 o  Retrieving project data
 o  Retrieving project data
 o  Retrieving project data
 o  Retrieving project data
 o  Retrieving project data
 o  Retrieving project data
 o  Retrieving project data
 o  Retrieving project data
 o  Retrieving project data
 o  Retrieving project data
 o  Retrieving project data
 o  Retrieving project data
 o  Retrieving project data
 o  Retrieving project data
 o  Retrieving project dataStart of evolution
  Evaluated 10 individuals
-- Generation 1 --
  Evaluated 8 individuals
  Min 2694.1216743040186
  Max 79947000002821.2
  Avg 7994700005396.658
  Std 23984099999141.516
-- Generation 2 --
  Evaluated 5 individuals
  Min 2694.1216743040186
  Max 98354000000000.0
  Avg 18457300003465.547
  Std 37014194632431.234
-- Generation 3 --
  Evaluated 5 individuals
  Min 1983.3457558382333
  Max 86219000000314.94
  Avg 16866300002573.307
  Std 33743159809578.24
-- End of (successful) evolution --
Total evaluations: 18 

Best individual is [0.81180127 0.44671639 0.10949525 0.21510404 0.97152319 0.30273161
 0.36034442 0.87466215 0.00584097 0.16956667 0.88423567], (1983.3457558382333,)

 o  Retrieving project data
 o  Retrieving project data
 o  Retrieving project data
 o  Retrieving project data
 o  Retrieving project data
 o  Retrieving project data
 o  Retrieving project data
 o  Retrieving project data
 o  Retrieving project data
 o  Retrieving project data
 o  Retrieving project data
 o  Retrieving project data
 o  Retrieving project data
 o  Retrieving project data
 o  Retrieving project data
 o  Retrieving project data
 o  Retrieving project data
 o  Retrieving project data
 o  Retrieving project data
 o  Retrieving project data
 o  Retrieving project data
 o  Retrieving project data
 o  Retrieving project data
 o  Retrieving project data
 o  Retrieving project data
 o  Retrieving project data
 o  Retrieving project data
 o  Retrieving project data
 o  Retrieving project data
 o  Retrieving project data
 o  Retrieving project data
 o  Retrieving project data
 o  Retrieving project data
 o  Retrieving project data
 o  Retrieving project dataStart of evolution
  Evaluated 10 individuals
-- Generation 1 --
  Evaluated 9 individuals
  Min 5498.406578763153
  Max 77499000004314.62
  Avg 14779600006534.719
  Std 29603036073427.043
-- Generation 2 --
  Evaluated 8 individuals
  Min 5498.406578763153
  Max 70772000001918.19
  Avg 7077200005975.078
  Std 21231599998647.703
-- Generation 3 --
  Evaluated 8 individuals
  Min 5498.406578763153
  Max 98619000000690.67
  Avg 21113600005245.367
  Std 34629638859491.562
-- End of (successful) evolution --
Total evaluations: 25 

Best individual is [0.60847119 0.44697814 0.57953933 0.83680862 0.75439265 0.7018445
 0.49687769 0.47207651 0.02782853 0.50250275 0.91826589], (5498.406578763153,)

 o  Retrieving project data
 o  Retrieving project data
 o  Retrieving project data
 o  Retrieving project data
 o  Retrieving project data
 o  Retrieving project data
 o  Retrieving project data
 o  Retrieving project data
 o  Retrieving project data
 o  Retrieving project data
 o  Retrieving project data
 o  Retrieving project data
 o  Retrieving project data
 o  Retrieving project data
 o  Retrieving project data
 o  Retrieving project data
 o  Retrieving project data
 o  Retrieving project data
 o  Retrieving project data
 o  Retrieving project data
 o  Retrieving project data
 o  Retrieving project data
 o  Retrieving project data
 o  Retrieving project data
 o  Retrieving project data
 o  Retrieving project data
 o  Retrieving project data
 o  Retrieving project data
 o  Retrieving project data
 o  Retrieving project data
 o  Retrieving project data
 o  Retrieving project dataStart of evolution
  Evaluated 10 individuals
-- Generation 1 --
  Evaluated 5 individuals
  Min 3372.073969046139
  Max 70363000004372.4
  Avg 7036300006367.6
  Std 21108899999334.934
-- Generation 2 --
  Evaluated 8 individuals
  Min 4924.444871143911
  Max 149045000002148.7
  Avg 18126700005752.105
  Std 44684333696291.18
-- Generation 3 --
  Evaluated 9 individuals
  Min 4924.444871143911
  Max 93676000003179.75
  Avg 12589800005701.234
  Std 28685222012433.008
-- End of (successful) evolution --
Total evaluations: 22 

Best individual is [0.5039265  0.21278252 0.40786225 0.45062882 0.02469345 0.11958693
 0.9556042  0.62801997 0.60108468 0.43060772 0.        ], (4924.444871143911,)

 o  Retrieving project data
 o  Retrieving project data
 o  Retrieving project data
 o  Retrieving project data
 o  Retrieving project data
 o  Retrieving project data
 o  Retrieving project data
 o  Retrieving project data
 o  Retrieving project data
 o  Retrieving project data
 o  Retrieving project data
 o  Retrieving project data
 o  Retrieving project data
 o  Retrieving project data
 o  Retrieving project data
 o  Retrieving project data
 o  Retrieving project data
 o  Retrieving project data
 o  Retrieving project data
 o  Retrieving project data
 o  Retrieving project data
 o  Retrieving project data
 o  Retrieving project data
 o  Retrieving project data
 o  Retrieving project data
 o  Retrieving project data
 o  Retrieving project data
 o  Retrieving project data
 o  Retrieving project data
 o  Retrieving project data
 o  Retrieving project dataStart of evolution
  Evaluated 10 individuals
-- Generation 1 --
  Evaluated 8 individuals
  Min 5613.8759849411545
  Max 80479000004515.56
  Avg 12269700007228.846
  Std 25988023363891.055
-- Generation 2 --
  Evaluated 5 individuals
  Min 7506.929957132632
  Max 8347.388565538939
  Avg 7718.188991272475
  Std 332.5580880543744
-- Generation 3 --
  Evaluated 8 individuals
  Min 7506.929957132632
  Max 70297000005471.06
  Avg 7029700007303.343
  Std 21089099999389.242
-- End of (successful) evolution --
Total evaluations: 21 

Best individual is [0.96502171 0.75084942 0.07668684 0.92864998 0.47208082 0.64458557
 0.05050736 0.78521972 0.56822557 0.19924815 0.43377898], (7506.929957132632,)

 o  Retrieving project data
 o  Retrieving project data
 o  Retrieving project data
 o  Retrieving project data
 o  Retrieving project data
 o  Retrieving project data
 o  Retrieving project data
 o  Retrieving project data
 o  Retrieving project data
 o  Retrieving project data
 o  Retrieving project data
 o  Retrieving project data
 o  Retrieving project data
 o  Retrieving project data
 o  Retrieving project data
 o  Retrieving project data
 o  Retrieving project data
 o  Retrieving project data
 o  Retrieving project data
 o  Retrieving project data
 o  Retrieving project data
 o  Retrieving project data
 o  Retrieving project data
 o  Retrieving project data
 o  Retrieving project data
 o  Retrieving project data
 o  Retrieving project data
 o  Retrieving project data
 o  Retrieving project data
 o  Retrieving project data
 o  Retrieving project data
 o  Retrieving project data
 o  Retrieving project dataStart of evolution
  Evaluated 10 individuals
-- Generation 1 --
  Evaluated 9 individuals
  Min 5452.58000545158
  Max 80477000000010.81
  Avg 8047700006289.975
  Std 24143099997906.945
-- Generation 2 --
  Evaluated 6 individuals
  Min 4466.73124735747
  Max 93665000004646.17
  Avg 17870900005592.09
  Std 35793747348556.3
-- Generation 3 --
  Evaluated 8 individuals
  Min 826.7984809144266
  Max 93664000003709.48
  Avg 17768200004268.16
  Std 35601797576926.51
-- End of (successful) evolution --
Total evaluations: 23 

Best individual is [0.2602224  0.27622085 0.45892811 0.72162767 0.0175906  0.46941725
 0.94527645 0.60747795 0.         0.78424382 0.        ], (826.7984809144266,)

 o  Retrieving project data
 o  Retrieving project data
 o  Retrieving project data
 o  Retrieving project data
 o  Retrieving project data
 o  Retrieving project data
 o  Retrieving project data
 o  Retrieving project data
 o  Retrieving project data
 o  Retrieving project data
 o  Retrieving project data
 o  Retrieving project data
 o  Retrieving project data
 o  Retrieving project data
 o  Retrieving project data
 o  Retrieving project data
 o  Retrieving project data
 o  Retrieving project data
 o  Retrieving project data
 o  Retrieving project data
 o  Retrieving project data
 o  Retrieving project data
 o  Retrieving project data
 o  Retrieving project data
 o  Retrieving project data
 o  Retrieving project data
 o  Retrieving project data
 o  Retrieving project data
 o  Retrieving project data
 o  Retrieving project data
 o  Retrieving project data
 o  Retrieving project dataStart of evolution
  Evaluated 10 individuals
-- Generation 1 --
  Evaluated 8 individuals
  Min 4287.736805230479
  Max 8441.27677160818
  Avg 6367.649927301245
  Std 1725.1852575568444
-- Generation 2 --
  Evaluated 8 individuals
  Min 510.83958603720424
  Max 42507000003339.59
  Avg 4250700004873.572
  Std 12752099999488.674
-- Generation 3 --
  Evaluated 6 individuals
  Min 510.83958603720424
  Max 98963000000765.55
  Avg 26292900001941.64
  Std 40738031727998.2
-- End of (successful) evolution --
Total evaluations: 22 

Best individual is [0.07930653 0.05813641 0.90232405 0.27406462 0.30958751 0.71947356
 0.60002621 0.21987947 0.         0.17967575 0.00132334], (510.83958603720424,)

 o  Retrieving project data
 o  Retrieving project data
 o  Retrieving project data
 o  Retrieving project data
 o  Retrieving project data
 o  Retrieving project data
 o  Retrieving project data
 o  Retrieving project data
 o  Retrieving project data
 o  Retrieving project data
 o  Retrieving project data
 o  Retrieving project data
 o  Retrieving project data
 o  Retrieving project data
 o  Retrieving project data
 o  Retrieving project data
 o  Retrieving project data
 o  Retrieving project data
 o  Retrieving project data
 o  Retrieving project data
 o  Retrieving project data
 o  Retrieving project data
 o  Retrieving project data
 o  Retrieving project data
 o  Retrieving project data
 o  Retrieving project data
 o  Retrieving project data
 o  Retrieving project data
 o  Retrieving project data
 o  Retrieving project data
 o  Retrieving project data
 o  Retrieving project data
 o  Retrieving project data
 o  Retrieving project data
 o  Retrieving project dataStart of evolution
  Evaluated 10 individuals
-- Generation 1 --
  Evaluated 8 individuals
  Min 4988.54478918149
  Max 95679000002594.12
  Avg 9567900006834.484
  Std 28703699998586.547
-- Generation 2 --
  Evaluated 8 individuals
  Min 1339.6874625773257
  Max 94829000002937.9
  Avg 17722400005430.953
  Std 35553678638843.586
-- Generation 3 --
  Evaluated 9 individuals
  Min 1339.6874625773257
  Max 84321000004349.6
  Avg 21110100004558.523
  Std 34001026614937.77
-- End of (successful) evolution --
Total evaluations: 25 

Best individual is [0.59228427 0.39023876 0.08873656 0.42969006 0.39860531 0.44083213
 0.93162532 0.1851817  0.         0.88849501 0.31668384], (1339.6874625773257,)

 o  Retrieving project data
 o  Retrieving project data
 o  Retrieving project data
 o  Retrieving project data
 o  Retrieving project data
 o  Retrieving project data
 o  Retrieving project data
 o  Retrieving project data
 o  Retrieving project data
 o  Retrieving project data
 o  Retrieving project data
 o  Retrieving project data
 o  Retrieving project data
 o  Retrieving project data
 o  Retrieving project data
 o  Retrieving project data
 o  Retrieving project data
 o  Retrieving project data
 o  Retrieving project data
 o  Retrieving project data
 o  Retrieving project data
 o  Retrieving project data
 o  Retrieving project data
 o  Retrieving project data
 o  Retrieving project data
 o  Retrieving project data
 o  Retrieving project data
 o  Retrieving project data
 o  Retrieving project dataStart of evolution
  Evaluated 10 individuals
-- Generation 1 --
  Evaluated 7 individuals
  Min 5975.272970451416
  Max 191288000000000.0
  Avg 23350600006228.32
  Std 57376783860730.35
-- Generation 2 --
  Evaluated 7 individuals
  Min 5968.307280084518
  Max 167648000000000.0
  Avg 34420000005054.97
  Std 65908270027859.586
-- Generation 3 --
  Evaluated 5 individuals
  Min 4069.701786779136
  Max 97407000000260.42
  Avg 13991600005315.307
  Std 30557306856751.035
-- End of (successful) evolution --
Total evaluations: 19 

Best individual is [0.09655108 0.02384117 0.14057379 0.08858442 0.86457493 0.91751672
 0.80258466 0.07983292 0.22560312 0.88563567 0.        ], (4069.701786779136,)

 o  Retrieving project data
 o  Retrieving project data
 o  Retrieving project data
 o  Retrieving project data
 o  Retrieving project data
 o  Retrieving project data
 o  Retrieving project data
 o  Retrieving project data
 o  Retrieving project data
 o  Retrieving project data
 o  Retrieving project data
 o  Retrieving project data
 o  Retrieving project data
 o  Retrieving project data
 o  Retrieving project data
 o  Retrieving project data
 o  Retrieving project data
 o  Retrieving project data
 o  Retrieving project data
 o  Retrieving project data
 o  Retrieving project data
 o  Retrieving project data
 o  Retrieving project data
 o  Retrieving project data
 o  Retrieving project data
 o  Retrieving project data
 o  Retrieving project data
 o  Retrieving project data
 o  Retrieving project data
 o  Retrieving project data
 o  Retrieving project data
 o  Retrieving project dataStart of evolution
  Evaluated 10 individuals
-- Generation 1 --
  Evaluated 8 individuals
  Min 3871.1013414102144
  Max 70291000002383.45
  Avg 12032200006763.744
  Std 24487113494007.203
-- Generation 2 --
  Evaluated 7 individuals
  Min 3871.1013414102144
  Max 70297000006420.12
  Avg 7029700006377.025
  Std 21089100000014.363
-- Generation 3 --
  Evaluated 7 individuals
  Min 3871.1013414102144
  Max 179406000000255.97
  Avg 17940600003966.547
  Std 53821799998763.14
-- End of (successful) evolution --
Total evaluations: 22 

Best individual is [0.03184638 0.12143402 0.53086086 0.43230685 0.82827681 0.02790289
 0.47125017 0.62774734 0.64737171 0.60775256 0.52034105], (3871.1013414102144,)

 o  Retrieving project data
 o  Retrieving project data
 o  Retrieving project data
 o  Retrieving project data
 o  Retrieving project data
 o  Retrieving project data
 o  Retrieving project data
 o  Retrieving project data
 o  Retrieving project data
 o  Retrieving project data
 o  Retrieving project data
 o  Retrieving project data
 o  Retrieving project data
 o  Retrieving project data
 o  Retrieving project data
 o  Retrieving project data
 o  Retrieving project data
 o  Retrieving project data
 o  Retrieving project data
 o  Retrieving project data
 o  Retrieving project data
 o  Retrieving project data
 o  Retrieving project data
 o  Retrieving project data
 o  Retrieving project data
 o  Retrieving project data
 o  Retrieving project data
 o  Retrieving project data
 o  Retrieving project data
 o  Retrieving project data
 o  Retrieving project data
 o  Retrieving project dataStart of evolution
  Evaluated 10 individuals
-- Generation 1 --
  Evaluated 8 individuals
  Min 3871.1013414102144
  Max 70291000002383.45
  Avg 12032200006763.744
  Std 24487113494007.203
-- Generation 2 --
  Evaluated 7 individuals
  Min 3871.1013414102144
  Max 70297000006420.12
  Avg 7029700006377.025
  Std 21089100000014.363
-- Generation 3 --
  Evaluated 7 individuals
  Min 3871.1013414102144
  Max 179406000000255.97
  Avg 17940600003966.547
  Std 53821799998763.14
-- End of (successful) evolution --
Total evaluations: 22 

Best individual is [0.03184638 0.12143402 0.53086086 0.43230685 0.82827681 0.02790289
 0.47125017 0.62774734 0.64737171 0.60775256 0.52034105], (3871.1013414102144,)

 o  Retrieving project data
 o  Retrieving project data
 o  Retrieving project data
 o  Retrieving project data
 o  Retrieving project data
 o  Retrieving project data
 o  Retrieving project data
 o  Retrieving project data
 o  Retrieving project data
 o  Retrieving project data
 o  Retrieving project data
 o  Retrieving project data
 o  Retrieving project data
 o  Retrieving project data
 o  Retrieving project data
 o  Retrieving project data
 o  Retrieving project data
 o  Retrieving project data
 o  Retrieving project data
 o  Retrieving project data
 o  Retrieving project data
 o  Retrieving project data
 o  Retrieving project data
 o  Retrieving project data
 o  Retrieving project data
 o  Retrieving project data
 o  Retrieving project data
 o  Retrieving project dataStart of evolution
  Evaluated 10 individuals
-- Generation 1 --
  Evaluated 6 individuals
  Min 5938.066121110432
  Max 126067000003346.7
  Avg 12606700006684.586
  Std 37820099998887.37
-- Generation 2 --
  Evaluated 7 individuals
  Min 436.96890199911525
  Max 8071.020853871527
  Avg 5818.405697977319
  Std 1980.3879649623277
-- Generation 3 --
  Evaluated 5 individuals
  Min 5938.066121110432
  Max 80945000004111.17
  Avg 8094500005776.216
  Std 24283499999444.984
-- End of (successful) evolution --
Total evaluations: 18 

Best individual is [0.06746216 0.46514823 0.41104813 0.54942806 0.58370798 0.97203054
 0.5960685  0.54166136 0.44649328 0.79026511 0.83242351], (5938.066121110432,)

 o  Retrieving project data
 o  Retrieving project data
 o  Retrieving project data
 o  Retrieving project data
 o  Retrieving project data
 o  Retrieving project data
 o  Retrieving project data
 o  Retrieving project data
 o  Retrieving project data
 o  Retrieving project data
 o  Retrieving project data
 o  Retrieving project data
 o  Retrieving project data
 o  Retrieving project data
 o  Retrieving project data
 o  Retrieving project data
 o  Retrieving project data
 o  Retrieving project data
 o  Retrieving project data
 o  Retrieving project data
 o  Retrieving project data
 o  Retrieving project data
 o  Retrieving project data
 o  Retrieving project data
 o  Retrieving project data
 o  Retrieving project data
 o  Retrieving project data
 o  Retrieving project data
 o  Retrieving project data
 o  Retrieving project data
 o  Retrieving project dataStart of evolution
  Evaluated 10 individuals
-- Generation 1 --
  Evaluated 3 individuals
  Min 6042.613022648638
  Max 8602.70335518758
  Avg 7330.943712886115
  Std 963.4876025811884
-- Generation 2 --
  Evaluated 8 individuals
  Min 6042.613022648638
  Max 183400000002578.0
  Avg 18340000006377.836
  Std 55019999998733.39
-- Generation 3 --
  Evaluated 10 individuals
  Min 766.8433537347867
  Max 174782000000392.12
  Avg 25979800004726.836
  Std 52357528178972.266
-- End of (successful) evolution --
Total evaluations: 21 

Best individual is [0.80839301 0.40143923 0.67024501 0.19825803 0.12322108 0.98778395
 0.04441364 0.69876372 0.         0.18940359 0.06277684], (766.8433537347867,)

 o  Retrieving project data
 o  Retrieving project data
 o  Retrieving project data
 o  Retrieving project data
 o  Retrieving project data
 o  Retrieving project data
 o  Retrieving project data
 o  Retrieving project data
 o  Retrieving project data
 o  Retrieving project data
 o  Retrieving project data
 o  Retrieving project data
 o  Retrieving project data
 o  Retrieving project data
 o  Retrieving project data
 o  Retrieving project data
 o  Retrieving project data
 o  Retrieving project data
 o  Retrieving project data
 o  Retrieving project data
 o  Retrieving project data
 o  Retrieving project data
 o  Retrieving project data
 o  Retrieving project data
 o  Retrieving project data
 o  Retrieving project data
 o  Retrieving project data
 o  Retrieving project data
 o  Retrieving project data
 o  Retrieving project data
 o  Retrieving project data
 o  Retrieving project data
 o  Retrieving project data
 o  Retrieving project data
 o  Retrieving project data
 o  Retrieving project dataStart of evolution
  Evaluated 10 individuals
-- Generation 1 --
  Evaluated 8 individuals
  Min 5000.14927957937
  Max 5289000003372.593
  Avg 528900006436.0402
  Std 1586699998978.8508
-- Generation 2 --
  Evaluated 10 individuals
  Min 4464.912742980399
  Max 112790000002788.6
  Avg 11279000005299.371
  Std 33836999999163.08
-- Generation 3 --
  Evaluated 8 individuals
  Min 4415.248300054853
  Max 162274000000703.34
  Avg 24602000004304.414
  Std 52243334072637.055
-- End of (successful) evolution --
Total evaluations: 26 

Best individual is [0.53868393 0.14903195 0.10144342 0.92080936 0.00831389 0.59667375
 0.00946141 0.22720474 0.158425   0.78852535 0.00592241], (4415.248300054853,)

 o  Retrieving project data
 o  Retrieving project data
 o  Retrieving project data
 o  Retrieving project data
 o  Retrieving project data
 o  Retrieving project data
 o  Retrieving project data
 o  Retrieving project data
 o  Retrieving project data
 o  Retrieving project data
 o  Retrieving project data
 o  Retrieving project data
 o  Retrieving project data
 o  Retrieving project data
 o  Retrieving project data
 o  Retrieving project data
 o  Retrieving project data
 o  Retrieving project data
 o  Retrieving project data
 o  Retrieving project data
 o  Retrieving project data
 o  Retrieving project data
 o  Retrieving project data
 o  Retrieving project data
 o  Retrieving project data
 o  Retrieving project data
 o  Retrieving project data
 o  Retrieving project data
 o  Retrieving project data
 o  Retrieving project dataStart of evolution
  Evaluated 10 individuals
-- Generation 1 --
  Evaluated 8 individuals
  Min 1971.8387228067802
  Max 180358000000035.44
  Avg 18035800004517.09
  Std 54107399998506.11
-- Generation 2 --
  Evaluated 7 individuals
  Min 1971.8387228067802
  Max 94306000000088.03
  Avg 17838100003071.023
  Std 35749474323157.51
-- Generation 3 --
  Evaluated 5 individuals
  Min 1971.8387228067802
  Max 84075000000000.0
  Avg 31988900001666.96
  Std 39342729729919.43
-- End of (successful) evolution --
Total evaluations: 20 

Best individual is [0.55705997 0.13369473 0.05453928 0.01552312 0.34696045 0.64996023
 0.46585785 0.60413327 0.02636875 0.70794441 0.56542615], (1971.8387228067802,)

 o  Retrieving project data
 o  Retrieving project data
 o  Retrieving project data
 o  Retrieving project data
 o  Retrieving project data
 o  Retrieving project data
 o  Retrieving project data
 o  Retrieving project data
 o  Retrieving project data
 o  Retrieving project data
 o  Retrieving project data
 o  Retrieving project data
 o  Retrieving project data
 o  Retrieving project data
 o  Retrieving project data
 o  Retrieving project data
 o  Retrieving project data
 o  Retrieving project data
 o  Retrieving project data
 o  Retrieving project data
 o  Retrieving project data
 o  Retrieving project data
 o  Retrieving project data
 o  Retrieving project data
 o  Retrieving project data
 o  Retrieving project data
 o  Retrieving project data
 o  Retrieving project data
 o  Retrieving project data
 o  Retrieving project data
 o  Retrieving project dataStart of evolution
  Evaluated 10 individuals
-- Generation 1 --
  Evaluated 6 individuals
  Min 4572.604610950492
  Max 8357.291989654695
  Avg 5385.72108763468
  Std 1490.1219489989196
-- Generation 2 --
  Evaluated 7 individuals
  Min 4572.604610950492
  Max 93667000002944.42
  Avg 17524700004293.172
  Std 35153452444536.176
-- Generation 3 --
  Evaluated 8 individuals
  Min 4572.604610950492
  Max 95310000002670.73
  Avg 17950000004163.72
  Std 33163586147472.78
-- End of (successful) evolution --
Total evaluations: 21 

Best individual is [0.76817041 0.82219581 0.07222285 0.50871275 0.02649279 0.93957632
 0.7496475  0.05298854 0.96190741 0.18551689 0.63577518], (4572.604610950492,)

 o  Retrieving project data
 o  Retrieving project data
 o  Retrieving project data
 o  Retrieving project data
 o  Retrieving project data
 o  Retrieving project data
 o  Retrieving project data
 o  Retrieving project data
 o  Retrieving project data
 o  Retrieving project data
 o  Retrieving project data
 o  Retrieving project data
 o  Retrieving project data
 o  Retrieving project data
 o  Retrieving project data
 o  Retrieving project data
 o  Retrieving project data
 o  Retrieving project data
 o  Retrieving project data
 o  Retrieving project data
 o  Retrieving project data
 o  Retrieving project data
 o  Retrieving project data
 o  Retrieving project data
 o  Retrieving project data
 o  Retrieving project data
 o  Retrieving project data
 o  Retrieving project data
 o  Retrieving project data
 o  Retrieving project data
 o  Retrieving project data
 o  Retrieving project data
 o  Retrieving project data
 o  Retrieving project data
 o  Retrieving project dataStart of evolution
  Evaluated 10 individuals
-- Generation 1 --
  Evaluated 7 individuals
  Min 2852.726673355109
  Max 98320000000314.84
  Avg 9832000005781.066
  Std 29495999998177.926
-- Generation 2 --
  Evaluated 9 individuals
  Min 2812.4299986465912
  Max 95484000000000.0
  Avg 9548400004879.393
  Std 28645199998373.535
-- Generation 3 --
  Evaluated 9 individuals
  Min 2852.726673355109
  Max 95181000000163.8
  Avg 23080600003734.164
  Std 35978472203520.67
-- End of (successful) evolution --
Total evaluations: 25 

Best individual is [0.32888934 0.95369782 0.9245156  0.09964881 0.15860073 0.46471455
 0.53979394 0.09852074 0.00962782 0.07728725 0.87210861], (2852.726673355109,)

 o  Retrieving project data
 o  Retrieving project data
 o  Retrieving project data
 o  Retrieving project data
 o  Retrieving project data
 o  Retrieving project data
 o  Retrieving project data
 o  Retrieving project data
 o  Retrieving project data
 o  Retrieving project data
 o  Retrieving project data
 o  Retrieving project data
 o  Retrieving project data
 o  Retrieving project data
 o  Retrieving project data
 o  Retrieving project data
 o  Retrieving project data
 o  Retrieving project data
 o  Retrieving project data
 o  Retrieving project data
 o  Retrieving project data
 o  Retrieving project data
 o  Retrieving project data
 o  Retrieving project data
 o  Retrieving project data
 o  Retrieving project data
 o  Retrieving project data
 o  Retrieving project data
 o  Retrieving project data
 o  Retrieving project data
 o  Retrieving project data
 o  Retrieving project data
 o  Retrieving project dataStart of evolution
  Evaluated 10 individuals
-- Generation 1 --
  Evaluated 7 individuals
  Min 5651.364430446124
  Max 216188000002097.8
  Avg 25930300006152.027
  Std 64708847916116.7
-- Generation 2 --
  Evaluated 7 individuals
  Min 429.41935037296764
  Max 84016000002345.12
  Avg 16622100004491.688
  Std 33246666292729.008
-- Generation 3 --
  Evaluated 9 individuals
  Min 429.41935037296764
  Max 93049000003677.36
  Avg 9304900004751.305
  Std 27914699999642.02
-- End of (successful) evolution --
Total evaluations: 23 

Best individual is [0.7531446  0.66554856 0.0304226  0.575491   0.07810956 0.64352763
 0.40737213 0.53857387 0.         0.77880715 0.        ], (429.41935037296764,)

 o  Retrieving project data
 o  Retrieving project data
 o  Retrieving project data
 o  Retrieving project data
 o  Retrieving project data
 o  Retrieving project data
 o  Retrieving project data
 o  Retrieving project data
 o  Retrieving project data
 o  Retrieving project data
 o  Retrieving project data
 o  Retrieving project data
 o  Retrieving project data
 o  Retrieving project data
 o  Retrieving project data
 o  Retrieving project data
 o  Retrieving project data
 o  Retrieving project data
 o  Retrieving project data
 o  Retrieving project data
 o  Retrieving project data
 o  Retrieving project data
 o  Retrieving project data
 o  Retrieving project data
 o  Retrieving project data
 o  Retrieving project data
 o  Retrieving project data
 o  Retrieving project dataStart of evolution
  Evaluated 10 individuals
-- Generation 1 --
  Evaluated 6 individuals
  Min 5938.066121110432
  Max 126067000003346.7
  Avg 12606700006684.586
  Std 37820099998887.37
-- Generation 2 --
  Evaluated 7 individuals
  Min 436.96890199911525
  Max 8071.020853871527
  Avg 5818.405697977319
  Std 1980.3879649623277
-- Generation 3 --
  Evaluated 5 individuals
  Min 5938.066121110432
  Max 80945000004111.17
  Avg 8094500005776.216
  Std 24283499999444.984
-- End of (successful) evolution --
Total evaluations: 18 

Best individual is [0.06746216 0.46514823 0.41104813 0.54942806 0.58370798 0.97203054
 0.5960685  0.54166136 0.44649328 0.79026511 0.83242351], (5938.066121110432,)

 o  Retrieving project data
 o  Retrieving project data
 o  Retrieving project data
 o  Retrieving project data
 o  Retrieving project data
 o  Retrieving project data
 o  Retrieving project data
 o  Retrieving project data
 o  Retrieving project data
 o  Retrieving project data
 o  Retrieving project data
 o  Retrieving project data
 o  Retrieving project data
 o  Retrieving project data
 o  Retrieving project data
 o  Retrieving project data
 o  Retrieving project data
 o  Retrieving project data
 o  Retrieving project data
 o  Retrieving project data
 o  Retrieving project data
 o  Retrieving project data
 o  Retrieving project data
 o  Retrieving project data
 o  Retrieving project data
 o  Retrieving project data
 o  Retrieving project data
 o  Retrieving project data
 o  Retrieving project data
 o  Retrieving project dataStart of evolution
  Evaluated 10 individuals
-- Generation 1 --
  Evaluated 6 individuals
  Min 4548.362688856107
  Max 84003000000267.22
  Avg 8400300005560.127
  Std 25200899998235.695
-- Generation 2 --
  Evaluated 8 individuals
  Min 4548.362688856107
  Max 42413000002561.695
  Avg 4291700005849.4844
  Std 12707988416028.014
-- Generation 3 --
  Evaluated 6 individuals
  Min 5783.819307538561
  Max 99124000000382.52
  Avg 26293700005312.152
  Std 40435752479947.42
-- End of (successful) evolution --
Total evaluations: 20 

Best individual is [0.24744813 0.81789414 0.98388629 0.02014135 0.38577065 0.17378248
 0.12482288 0.93437647 0.25252517 0.94151659 0.33689588], (5783.819307538561,)

 o  Retrieving project data
 o  Retrieving project data
 o  Retrieving project data
 o  Retrieving project data
 o  Retrieving project data
 o  Retrieving project data
 o  Retrieving project data
 o  Retrieving project data
 o  Retrieving project data
 o  Retrieving project data
 o  Retrieving project data
 o  Retrieving project data
 o  Retrieving project data
 o  Retrieving project data
 o  Retrieving project data
 o  Retrieving project data
 o  Retrieving project data
 o  Retrieving project data
 o  Retrieving project data
 o  Retrieving project data
 o  Retrieving project data
 o  Retrieving project data
 o  Retrieving project data
 o  Retrieving project data
 o  Retrieving project data
 o  Retrieving project data
 o  Retrieving project data
 o  Retrieving project data
 o  Retrieving project data
 o  Retrieving project data
 o  Retrieving project data
 o  Retrieving project data
 o  Retrieving project data
 o  Retrieving project dataStart of evolution
  Evaluated 10 individuals
-- Generation 1 --
  Evaluated 6 individuals
  Min 5654.78072338375
  Max 93665000003382.19
  Avg 21869200006036.387
  Std 35506772264512.56
-- Generation 2 --
  Evaluated 10 individuals
  Min 6788.512720608233
  Max 82812000003942.47
  Avg 16320700006578.262
  Std 32645873986290.36
-- Generation 3 --
  Evaluated 8 individuals
  Min 6788.512720608233
  Max 140033000000516.72
  Avg 18309400006240.94
  Std 42557196247806.23
-- End of (successful) evolution --
Total evaluations: 24 

Best individual is [0.23366789 0.74875001 0.55502503 0.73731474 0.21660837 0.97153862
 0.92220811 0.4561099  0.23369047 0.23009182 0.91531233], (6788.512720608233,)

 o  Retrieving project data
 o  Retrieving project data
 o  Retrieving project data
 o  Retrieving project data
 o  Retrieving project data
 o  Retrieving project data
 o  Retrieving project data
 o  Retrieving project data
 o  Retrieving project data
 o  Retrieving project data
 o  Retrieving project data
 o  Retrieving project data
 o  Retrieving project data
 o  Retrieving project data
 o  Retrieving project data
 o  Retrieving project data
 o  Retrieving project data
 o  Retrieving project data
 o  Retrieving project data
 o  Retrieving project data
 o  Retrieving project data
 o  Retrieving project data
 o  Retrieving project data
 o  Retrieving project data
 o  Retrieving project data
 o  Retrieving project data
 o  Retrieving project data
 o  Retrieving project data
 o  Retrieving project data
 o  Retrieving project data
 o  Retrieving project data
 o  Retrieving project data
 o  Retrieving project dataStart of evolution
  Evaluated 10 individuals
-- Generation 1 --
  Evaluated 7 individuals
  Min 5651.364430446124
  Max 216188000002097.8
  Avg 25930300006152.027
  Std 64708847916116.7
-- Generation 2 --
  Evaluated 7 individuals
  Min 429.41935037296764
  Max 84016000002345.12
  Avg 16622100004491.688
  Std 33246666292729.008
-- Generation 3 --
  Evaluated 9 individuals
  Min 429.41935037296764
  Max 93049000003677.36
  Avg 9304900004751.305
  Std 27914699999642.02
-- End of (successful) evolution --
Total evaluations: 23 

Best individual is [0.7531446  0.66554856 0.0304226  0.575491   0.07810956 0.64352763
 0.40737213 0.53857387 0.         0.77880715 0.        ], (429.41935037296764,)

 o  Retrieving project data
 o  Retrieving project data
 o  Retrieving project data
 o  Retrieving project data
 o  Retrieving project data
 o  Retrieving project data
 o  Retrieving project data
 o  Retrieving project data
 o  Retrieving project data
 o  Retrieving project data
 o  Retrieving project data
 o  Retrieving project data
 o  Retrieving project data
 o  Retrieving project data
 o  Retrieving project data
 o  Retrieving project data
 o  Retrieving project data
 o  Retrieving project data
 o  Retrieving project data
 o  Retrieving project data
 o  Retrieving project data
 o  Retrieving project data
 o  Retrieving project data
 o  Retrieving project data
 o  Retrieving project data
 o  Retrieving project data
 o  Retrieving project data
 o  Retrieving project data
 o  Retrieving project data
 o  Retrieving project dataStart of evolution
  Evaluated 10 individuals
-- Generation 1 --
  Evaluated 7 individuals
  Min 3475.9297054636004
  Max 142973000002819.06
  Avg 45706000004047.4
  Std 57388808780168.47
-- Generation 2 --
  Evaluated 4 individuals
  Min 3475.9297054636004
  Max 95019000000555.31
  Avg 18879300003683.47
  Std 37759626257934.66
-- Generation 3 --
  Evaluated 9 individuals
  Min 22.67872226927309
  Max 177658000000810.75
  Avg 53538700002061.11
  Std 54449838509717.125
-- End of (successful) evolution --
Total evaluations: 20 

Best individual is [0.80606371 0.02879666 0.01683725 0.8229863  0.5103015  0.54867415
 0.14448363 0.62262031 0.         0.22480217 0.25800616], (22.67872226927309,)

 o  Retrieving project data
 o  Retrieving project data
 o  Retrieving project data
 o  Retrieving project data
 o  Retrieving project data
 o  Retrieving project data
 o  Retrieving project data
 o  Retrieving project data
 o  Retrieving project data
 o  Retrieving project data
 o  Retrieving project data
 o  Retrieving project data
 o  Retrieving project data
 o  Retrieving project data
 o  Retrieving project data
 o  Retrieving project data
 o  Retrieving project data
 o  Retrieving project data
 o  Retrieving project data
 o  Retrieving project data
 o  Retrieving project data
 o  Retrieving project data
 o  Retrieving project data
 o  Retrieving project data
 o  Retrieving project data
 o  Retrieving project data
 o  Retrieving project data
 o  Retrieving project dataStart of evolution
  Evaluated 10 individuals
-- Generation 1 --
  Evaluated 8 individuals
  Min 2512.662887498289
  Max 84009000002622.06
  Avg 20991000005374.95
  Std 33745664745420.96
-- Generation 2 --
  Evaluated 10 individuals
  Min 0.0
  Max 93646000002401.38
  Avg 22180000004212.883
  Std 30536188926199.8
-- End of (successful) evolution --
Total evaluations: 18 

Best individual is [0.06875293 0.22032189 0.99481021 0.86986366 0.10436656 0.80057308
 0.21105064 0.64744551 0.         0.60637716 0.06151349], (0.0,)

 o  Retrieving project data
 o  Retrieving project data
 o  Retrieving project data
 o  Retrieving project data
 o  Retrieving project data
 o  Retrieving project data
 o  Retrieving project data
 o  Retrieving project data
 o  Retrieving project data
 o  Retrieving project data
 o  Retrieving project data
 o  Retrieving project data
 o  Retrieving project data
 o  Retrieving project data
 o  Retrieving project data
 o  Retrieving project data
 o  Retrieving project data
 o  Retrieving project data
 o  Retrieving project data
 o  Retrieving project data
 o  Retrieving project data
 o  Retrieving project data
 o  Retrieving project data
 o  Retrieving project data
 o  Retrieving project data
 o  Retrieving project data
 o  Retrieving project data
 o  Retrieving project data
 o  Retrieving project data
 o  Retrieving project data
 o  Retrieving project data
 o  Retrieving project dataStart of evolution
  Evaluated 10 individuals
-- Generation 1 --
  Evaluated 8 individuals
  Min 4287.736805230479
  Max 8441.27677160818
  Avg 6367.649927301245
  Std 1725.1852575568444
-- Generation 2 --
  Evaluated 8 individuals
  Min 510.83958603720424
  Max 42507000003339.59
  Avg 4250700004873.572
  Std 12752099999488.674
-- Generation 3 --
  Evaluated 6 individuals
  Min 510.83958603720424
  Max 98963000000765.55
  Avg 26292900001941.64
  Std 40738031727998.2
-- End of (successful) evolution --
Total evaluations: 22 

Best individual is [0.07930653 0.05813641 0.90232405 0.27406462 0.30958751 0.71947356
 0.60002621 0.21987947 0.         0.17967575 0.00132334], (510.83958603720424,)

 o  Retrieving project data
 o  Retrieving project data
 o  Retrieving project data
 o  Retrieving project data
 o  Retrieving project data
 o  Retrieving project data
 o  Retrieving project data
 o  Retrieving project data
 o  Retrieving project data
 o  Retrieving project data
 o  Retrieving project data
 o  Retrieving project data
 o  Retrieving project data
 o  Retrieving project data
 o  Retrieving project data
 o  Retrieving project data
 o  Retrieving project data
 o  Retrieving project data
 o  Retrieving project data
 o  Retrieving project data
 o  Retrieving project data
 o  Retrieving project data
 o  Retrieving project data
 o  Retrieving project data
 o  Retrieving project data
 o  Retrieving project data
 o  Retrieving project dataStart of evolution
  Evaluated 10 individuals
-- Generation 1 --
  Evaluated 5 individuals
  Min 5687.421865641647
  Max 98340000001452.89
  Avg 26445100005829.523
  Std 40599790910051.75
-- Generation 2 --
  Evaluated 7 individuals
  Min 1304.5994072523115
  Max 6799.213491986254
  Avg 5215.782274221933
  Std 1655.1644998544532
-- Generation 3 --
  Evaluated 5 individuals
  Min 1132.2582076498252
  Max 168515000000040.88
  Avg 24793400003155.516
  Std 53439270157392.63
-- End of (successful) evolution --
Total evaluations: 17 

Best individual is [0.06788053 0.36583328 0.88109234 0.07744588 0.66508853 0.04296951
 0.92276334 0.16396803 0.21145891 0.06009651 0.0175419 ], (1132.2582076498252,)
