
 o  Retrieving project data
 o  Retrieving project data
 o  Retrieving project data
 o  Retrieving project data
 o  Retrieving project data
 o  Retrieving project data
 o  Retrieving project data
 o  Retrieving project data
 o  Retrieving project data
 o  Retrieving project data
 o  Retrieving project data
 o  Retrieving project data
 o  Retrieving project data
 o  Retrieving project data
 o  Retrieving project data
 o  Retrieving project data
 o  Retrieving project data
 o  Retrieving project data
 o  Retrieving project data
 o  Retrieving project data
 o  Retrieving project data
 o  Retrieving project data
 o  Retrieving project data
 o  Retrieving project data
 o  Retrieving project data
 o  Retrieving project data
 o  Retrieving project data
 o  Retrieving project data
 o  Retrieving project data
 o  Retrieving project data
 o  Retrieving project dataStart of evolution
  Evaluated 10 individuals
-- Generation 1 --
  Evaluated 6 individuals
  Min 5865.681023076462
  Max 12855000003652.65
  Avg 1285500006818.4265
  Std 3856499998944.741
-- Generation 2 --
  Evaluated 8 individuals
  Min 4832.752301700425
  Max 70297000006810.89
  Avg 7029700006257.61
  Std 21089100000184.426
-- Generation 3 --
  Evaluated 7 individuals
  Min 839.3370484154954
  Max 12855000003652.65
  Avg 1285500004935.158
  Std 3856499999572.4976
-- End of (successful) evolution --
Total evaluations: 21 

Best individual is [0.32748857 0.24895345 0.92244817 0.07314046 0.86499428 0.16474939
 0.7895921  0.04970411 0.         0.64149481 0.02123067], (839.3370484154954,)

 o  Retrieving project data
 o  Retrieving project data
 o  Retrieving project data
 o  Retrieving project data
 o  Retrieving project data
 o  Retrieving project data
 o  Retrieving project data
 o  Retrieving project data
 o  Retrieving project data
 o  Retrieving project data
 o  Retrieving project data
 o  Retrieving project data
 o  Retrieving project data
 o  Retrieving project data
 o  Retrieving project data
 o  Retrieving project data
 o  Retrieving project data
 o  Retrieving project data
 o  Retrieving project data
 o  Retrieving project data
 o  Retrieving project data
 o  Retrieving project data
 o  Retrieving project data
 o  Retrieving project data
 o  Retrieving project data
 o  Retrieving project data
 o  Retrieving project data
 o  Retrieving project data
 o  Retrieving project data
 o  Retrieving project data
 o  Retrieving project data
 o  Retrieving project dataStart of evolution
  Evaluated 10 individuals
-- Generation 1 --
  Evaluated 7 individuals
  Min 4625.764006197615
  Max 8640.921942761992
  Avg 6194.560441804142
  Std 1532.1952544068122
-- Generation 2 --
  Evaluated 8 individuals
  Min 4625.764006197615
  Max 7406.053040513432
  Avg 5058.206463138371
  Std 907.9811054983581
-- Generation 3 --
  Evaluated 7 individuals
  Min 3401.344137923816
  Max 82325000000000.0
  Avg 31345400003573.43
  Std 38511562359345.53
-- End of (successful) evolution --
Total evaluations: 22 

Best individual is [0.08313813 0.74459164 0.96532478 0.81026412 0.23431502 0.77889302
 0.36469402 0.31814833 0.91814342 0.66892749 0.        ], (3401.344137923816,)

 o  Retrieving project data
 o  Retrieving project data
 o  Retrieving project data
 o  Retrieving project data
 o  Retrieving project data
 o  Retrieving project data
 o  Retrieving project data
 o  Retrieving project data
 o  Retrieving project data
 o  Retrieving project data
 o  Retrieving project data
 o  Retrieving project data
 o  Retrieving project data
 o  Retrieving project data
 o  Retrieving project data
 o  Retrieving project data
 o  Retrieving project data
 o  Retrieving project data
 o  Retrieving project data
 o  Retrieving project data
 o  Retrieving project data
 o  Retrieving project data
 o  Retrieving project data
 o  Retrieving project data
 o  Retrieving project data
 o  Retrieving project data
 o  Retrieving project data
 o  Retrieving project data
 o  Retrieving project data
 o  Retrieving project data
 o  Retrieving project data
 o  Retrieving project data
 o  Retrieving project data
 o  Retrieving project dataStart of evolution
  Evaluated 10 individuals
-- Generation 1 --
  Evaluated 8 individuals
  Min 5076.848522403375
  Max 81917000000131.7
  Avg 29230700005331.617
  Std 34169784355226.39
-- Generation 2 --
  Evaluated 8 individuals
  Min 4473.351128498088
  Max 10611000002807.803
  Avg 1061100006321.5084
  Std 3183299998828.7646
-- Generation 3 --
  Evaluated 8 individuals
  Min 3927.208865766449
  Max 92794000004997.02
  Avg 23340600005420.242
  Std 36123064358165.86
-- End of (successful) evolution --
Total evaluations: 24 

Best individual is [0.1141656  0.77230972 0.6528263  0.04688759 0.93302403 0.44981855
 0.79132432 0.97164852 0.3765452  0.50810088 0.02715204], (3927.208865766449,)

 o  Retrieving project data
 o  Retrieving project data
 o  Retrieving project data
 o  Retrieving project data
 o  Retrieving project data
 o  Retrieving project data
 o  Retrieving project data
 o  Retrieving project data
 o  Retrieving project data
 o  Retrieving project data
 o  Retrieving project data
 o  Retrieving project data
 o  Retrieving project data
 o  Retrieving project data
 o  Retrieving project data
 o  Retrieving project data
 o  Retrieving project data
 o  Retrieving project data
 o  Retrieving project data
 o  Retrieving project data
 o  Retrieving project data
 o  Retrieving project data
 o  Retrieving project data
 o  Retrieving project data
 o  Retrieving project data
 o  Retrieving project data
 o  Retrieving project data
 o  Retrieving project dataStart of evolution
  Evaluated 10 individuals
-- Generation 1 --
  Evaluated 6 individuals
  Min 5338.510100117618
  Max 92794000006447.77
  Avg 9279400007091.941
  Std 27838199999785.273
-- Generation 2 --
  Evaluated 8 individuals
  Min 5338.510100117618
  Max 42219000006533.125
  Avg 8443700006396.878
  Std 16887400001617.494
-- Generation 3 --
  Evaluated 4 individuals
  Min 5338.510100117618
  Max 98538000001206.64
  Avg 9853800005463.625
  Std 29561399998581.008
-- End of (successful) evolution --
Total evaluations: 18 

Best individual is [0.07414542 0.7330297  0.68377018 0.24104769 0.88578356 0.42932243
 0.14985702 0.41300522 0.72536597 0.34622549 0.04255508], (5338.510100117618,)

 o  Retrieving project data
 o  Retrieving project data
 o  Retrieving project data
 o  Retrieving project data
 o  Retrieving project data
 o  Retrieving project data
 o  Retrieving project data
 o  Retrieving project data
 o  Retrieving project data
 o  Retrieving project data
 o  Retrieving project data
 o  Retrieving project data
 o  Retrieving project data
 o  Retrieving project data
 o  Retrieving project data
 o  Retrieving project data
 o  Retrieving project data
 o  Retrieving project data
 o  Retrieving project data
 o  Retrieving project data
 o  Retrieving project data
 o  Retrieving project data
 o  Retrieving project data
 o  Retrieving project data
 o  Retrieving project data
 o  Retrieving project data
 o  Retrieving project data
 o  Retrieving project data
 o  Retrieving project data
 o  Retrieving project data
 o  Retrieving project data
 o  Retrieving project data
 o  Retrieving project dataStart of evolution
  Evaluated 10 individuals
-- Generation 1 --
  Evaluated 6 individuals
  Min 4476.178607270196
  Max 180858000000004.72
  Avg 39368900005047.3
  Std 65167238125532.53
-- Generation 2 --
  Evaluated 9 individuals
  Min 4444.42445942179
  Max 7989.350736268499
  Avg 5527.063618524588
  Std 1590.197856830393
-- Generation 3 --
  Evaluated 8 individuals
  Min 4444.42445942179
  Max 139631000000933.98
  Avg 22078400004102.188
  Std 46052218299284.375
-- End of (successful) evolution --
Total evaluations: 23 

Best individual is [0.03511407 0.92751295 0.29225403 0.96414891 0.5267739  0.50058621
 0.75096911 0.12384248 0.62258802 0.06056483 0.9011615 ], (4444.42445942179,)

 o  Retrieving project data
 o  Retrieving project data
 o  Retrieving project data
 o  Retrieving project data
 o  Retrieving project data
 o  Retrieving project data
 o  Retrieving project data
 o  Retrieving project data
 o  Retrieving project data
 o  Retrieving project data
 o  Retrieving project data
 o  Retrieving project data
 o  Retrieving project data
 o  Retrieving project data
 o  Retrieving project data
 o  Retrieving project data
 o  Retrieving project data
 o  Retrieving project data
 o  Retrieving project data
 o  Retrieving project data
 o  Retrieving project data
 o  Retrieving project data
 o  Retrieving project data
 o  Retrieving project data
 o  Retrieving project data
 o  Retrieving project data
 o  Retrieving project data
 o  Retrieving project data
 o  Retrieving project data
 o  Retrieving project data
 o  Retrieving project data
 o  Retrieving project data
 o  Retrieving project data
 o  Retrieving project dataStart of evolution
  Evaluated 10 individuals
-- Generation 1 --
  Evaluated 10 individuals
  Min 5548.852976608307
  Max 83831000003978.06
  Avg 8383100006455.572
  Std 25149299999174.164
-- Generation 2 --
  Evaluated 9 individuals
  Min 5037.651124518282
  Max 98546000000000.0
  Avg 9854600005301.166
  Std 29563799998232.94
-- Generation 3 --
  Evaluated 5 individuals
  Min 594.962539254398
  Max 93645000002408.92
  Avg 17765800004098.957
  Std 35596816847570.01
-- End of (successful) evolution --
Total evaluations: 24 

Best individual is [0.82393103 0.42224915 0.57034185 0.04757653 0.85962659 0.41350701
 0.56056591 0.23326497 0.         0.53152844 0.0365332 ], (594.962539254398,)

 o  Retrieving project data
 o  Retrieving project data
 o  Retrieving project data
 o  Retrieving project data
 o  Retrieving project data
 o  Retrieving project data
 o  Retrieving project data
 o  Retrieving project data
 o  Retrieving project data
 o  Retrieving project data
 o  Retrieving project data
 o  Retrieving project data
 o  Retrieving project data
 o  Retrieving project data
 o  Retrieving project data
 o  Retrieving project data
 o  Retrieving project data
 o  Retrieving project data
 o  Retrieving project data
 o  Retrieving project data
 o  Retrieving project data
 o  Retrieving project data
 o  Retrieving project data
 o  Retrieving project data
 o  Retrieving project data
 o  Retrieving project data
 o  Retrieving project data
 o  Retrieving project data
 o  Retrieving project data
 o  Retrieving project data
 o  Retrieving project data
 o  Retrieving project data
 o  Retrieving project dataStart of evolution
  Evaluated 10 individuals
-- Generation 1 --
  Evaluated 7 individuals
  Min 4250.182210637896
  Max 167111000000350.5
  Avg 34241300005421.906
  Std 56231411650416.945
-- Generation 2 --
  Evaluated 9 individuals
  Min 4250.182210637896
  Max 94446000000497.75
  Avg 9444600004565.902
  Std 28333799998643.95
-- Generation 3 --
  Evaluated 7 individuals
  Min 4250.182210637896
  Max 189899000000000.0
  Avg 47234300003373.695
  Std 76373220548707.6
-- End of (successful) evolution --
Total evaluations: 23 

Best individual is [0.84571091 0.02497629 0.54765451 0.6665958  0.80044918 0.23711361
 0.63885468 0.28408345 0.02136031 0.84231413 0.62646359], (4250.182210637896,)

 o  Retrieving project data
 o  Retrieving project data
 o  Retrieving project data
 o  Retrieving project data
 o  Retrieving project data
 o  Retrieving project data
 o  Retrieving project data
 o  Retrieving project data
 o  Retrieving project data
 o  Retrieving project data
 o  Retrieving project data
 o  Retrieving project data
 o  Retrieving project data
 o  Retrieving project data
 o  Retrieving project data
 o  Retrieving project data
 o  Retrieving project data
 o  Retrieving project data
 o  Retrieving project data
 o  Retrieving project data
 o  Retrieving project data
 o  Retrieving project data
 o  Retrieving project data
 o  Retrieving project data
 o  Retrieving project data
 o  Retrieving project data
 o  Retrieving project data
 o  Retrieving project data
 o  Retrieving project data
 o  Retrieving project data
 o  Retrieving project data
 o  Retrieving project data
 o  Retrieving project dataStart of evolution
  Evaluated 10 individuals
-- Generation 1 --
  Evaluated 7 individuals
  Min 2851.7665991537137
  Max 7778.951764879665
  Avg 6269.8407666630665
  Std 1386.1707289168478
-- Generation 2 --
  Evaluated 9 individuals
  Min 2851.7665991537137
  Max 154050000000871.38
  Avg 41504200003011.36
  Std 58447383271142.02
-- Generation 3 --
  Evaluated 7 individuals
  Min 1676.2033935237134
  Max 84010000000180.44
  Avg 12834200002370.182
  Std 26870128569110.98
-- End of (successful) evolution --
Total evaluations: 23 

Best individual is [0.47604631 0.92324264 0.05209791 0.04379488 0.39402674 0.04269532
 0.97367412 0.18403288 0.08068158 0.83781814 0.        ], (1676.2033935237134,)

 o  Retrieving project data
 o  Retrieving project data
 o  Retrieving project data
 o  Retrieving project data
 o  Retrieving project data
 o  Retrieving project data
 o  Retrieving project data
 o  Retrieving project data
 o  Retrieving project data
 o  Retrieving project data
 o  Retrieving project data
 o  Retrieving project data
 o  Retrieving project data
 o  Retrieving project data
 o  Retrieving project data
 o  Retrieving project data
 o  Retrieving project data
 o  Retrieving project data
 o  Retrieving project data
 o  Retrieving project data
 o  Retrieving project data
 o  Retrieving project data
 o  Retrieving project data
 o  Retrieving project data
 o  Retrieving project data
 o  Retrieving project data
 o  Retrieving project data
 o  Retrieving project data
 o  Retrieving project data
 o  Retrieving project data
 o  Retrieving project data
 o  Retrieving project dataStart of evolution
  Evaluated 10 individuals
-- Generation 1 --
  Evaluated 7 individuals
  Min 5465.9673226365185
  Max 115075000001349.7
  Avg 26733400005715.26
  Std 42136618897057.95
-- Generation 2 --
  Evaluated 9 individuals
  Min 5385.349813249805
  Max 97916000001367.36
  Avg 26046100005050.086
  Std 40032582678534.01
-- Generation 3 --
  Evaluated 6 individuals
  Min 5385.349813249805
  Max 93500000002887.98
  Avg 34883900004938.35
  Std 42902958638903.48
-- End of (successful) evolution --
Total evaluations: 22 

Best individual is [0.11521502 0.38468977 0.02187995 0.8497656  0.36103061 0.44207823
 0.90910593 0.54499475 0.17831256 0.44994421 0.91800462], (5385.349813249805,)

 o  Retrieving project data
 o  Retrieving project data
 o  Retrieving project data
 o  Retrieving project data
 o  Retrieving project data
 o  Retrieving project data
 o  Retrieving project data
 o  Retrieving project data
 o  Retrieving project data
 o  Retrieving project data
 o  Retrieving project data
 o  Retrieving project data
 o  Retrieving project data
 o  Retrieving project data
 o  Retrieving project data
 o  Retrieving project data
 o  Retrieving project data
 o  Retrieving project data
 o  Retrieving project data
 o  Retrieving project data
 o  Retrieving project data
 o  Retrieving project data
 o  Retrieving project data
 o  Retrieving project data
 o  Retrieving project data
 o  Retrieving project data
 o  Retrieving project data
 o  Retrieving project data
 o  Retrieving project data
 o  Retrieving project data
 o  Retrieving project data
 o  Retrieving project dataStart of evolution
  Evaluated 10 individuals
-- Generation 1 --
  Evaluated 7 individuals
  Min 5465.9673226365185
  Max 115075000001349.7
  Avg 26733400005715.26
  Std 42136618897057.95
-- Generation 2 --
  Evaluated 9 individuals
  Min 5385.349813249805
  Max 97916000001367.36
  Avg 26046100005050.086
  Std 40032582678534.01
-- Generation 3 --
  Evaluated 6 individuals
  Min 5385.349813249805
  Max 93500000002887.98
  Avg 34883900004938.35
  Std 42902958638903.48
-- End of (successful) evolution --
Total evaluations: 22 

Best individual is [0.11521502 0.38468977 0.02187995 0.8497656  0.36103061 0.44207823
 0.90910593 0.54499475 0.17831256 0.44994421 0.91800462], (5385.349813249805,)

 o  Retrieving project data
 o  Retrieving project data
 o  Retrieving project data
 o  Retrieving project data
 o  Retrieving project data
 o  Retrieving project data
 o  Retrieving project data
 o  Retrieving project data
 o  Retrieving project data
 o  Retrieving project data
 o  Retrieving project data
 o  Retrieving project data
 o  Retrieving project data
 o  Retrieving project data
 o  Retrieving project data
 o  Retrieving project data
 o  Retrieving project data
 o  Retrieving project data
 o  Retrieving project data
 o  Retrieving project data
 o  Retrieving project data
 o  Retrieving project data
 o  Retrieving project data
 o  Retrieving project data
 o  Retrieving project data
 o  Retrieving project data
 o  Retrieving project data
 o  Retrieving project data
 o  Retrieving project data
 o  Retrieving project data
 o  Retrieving project data
 o  Retrieving project data
 o  Retrieving project data
 o  Retrieving project data
 o  Retrieving project data
 o  Retrieving project data
 o  Retrieving project dataStart of evolution
  Evaluated 10 individuals
-- Generation 1 --
  Evaluated 9 individuals
  Min 6557.987808924819
  Max 78491000004002.69
  Avg 7849100007036.398
  Std 23547299998988.76
-- Generation 2 --
  Evaluated 9 individuals
  Min 6604.314031939291
  Max 97825000001269.69
  Avg 9782500006452.93
  Std 29347499998272.254
-- Generation 3 --
  Evaluated 9 individuals
  Min 6604.314031939291
  Max 97654000000015.1
  Avg 9765400005945.39
  Std 29296199998023.234
-- End of (successful) evolution --
Total evaluations: 27 

Best individual is [0.97511136 0.57790103 0.52344527 0.03325883 0.32254292 0.163394
 0.27555994 0.70271999 0.07089062 0.32557566 0.78093646], (6604.314031939291,)

 o  Retrieving project data
 o  Retrieving project data
 o  Retrieving project data
 o  Retrieving project data
 o  Retrieving project data
 o  Retrieving project data
 o  Retrieving project data
 o  Retrieving project data
 o  Retrieving project data
 o  Retrieving project data
 o  Retrieving project data
 o  Retrieving project data
 o  Retrieving project data
 o  Retrieving project data
 o  Retrieving project data
 o  Retrieving project data
 o  Retrieving project data
 o  Retrieving project data
 o  Retrieving project data
 o  Retrieving project data
 o  Retrieving project data
 o  Retrieving project data
 o  Retrieving project data
 o  Retrieving project data
 o  Retrieving project data
 o  Retrieving project data
 o  Retrieving project data
 o  Retrieving project data
 o  Retrieving project data
 o  Retrieving project data
 o  Retrieving project data
 o  Retrieving project dataStart of evolution
  Evaluated 10 individuals
-- Generation 1 --
  Evaluated 8 individuals
  Min 3955.84022916769
  Max 98111000001119.28
  Avg 23757600005959.977
  Std 37023601762961.71
-- Generation 2 --
  Evaluated 5 individuals
  Min 3955.84022916769
  Max 1902000003216.016
  Avg 190200005288.9167
  Std 570599999309.0332
-- Generation 3 --
  Evaluated 9 individuals
  Min 3955.84022916769
  Max 79509000003213.28
  Avg 7950900004056.349
  Std 23852699999718.98
-- End of (successful) evolution --
Total evaluations: 22 

Best individual is [0.15145156 0.02209686 0.50587495 0.00999876 0.14399075 0.62716289
 0.99632498 0.16147016 0.36564039 0.32151975 0.54791438], (3955.84022916769,)

 o  Retrieving project data
 o  Retrieving project data
 o  Retrieving project data
 o  Retrieving project data
 o  Retrieving project data
 o  Retrieving project data
 o  Retrieving project data
 o  Retrieving project data
 o  Retrieving project data
 o  Retrieving project data
 o  Retrieving project data
 o  Retrieving project data
 o  Retrieving project data
 o  Retrieving project data
 o  Retrieving project data
 o  Retrieving project data
 o  Retrieving project data
 o  Retrieving project data
 o  Retrieving project data
 o  Retrieving project data
 o  Retrieving project data
 o  Retrieving project data
 o  Retrieving project data
 o  Retrieving project data
 o  Retrieving project data
 o  Retrieving project data
 o  Retrieving project data
 o  Retrieving project data
 o  Retrieving project data
 o  Retrieving project data
 o  Retrieving project data
 o  Retrieving project dataStart of evolution
  Evaluated 10 individuals
-- Generation 1 --
  Evaluated 5 individuals
  Min 2613.068733328308
  Max 8925.115139006648
  Avg 6490.753543954044
  Std 2562.293124576202
-- Generation 2 --
  Evaluated 8 individuals
  Min 2613.068733328308
  Max 84023000001561.88
  Avg 16908900003759.213
  Std 33159058373723.582
-- Generation 3 --
  Evaluated 9 individuals
  Min 2613.068733328308
  Max 98640000000276.62
  Avg 23017400002629.51
  Std 39037636134161.875
-- End of (successful) evolution --
Total evaluations: 22 

Best individual is [0.08531334 0.33391512 0.72834395 0.83853456 0.0838322  0.03574523
 0.96352955 0.84800151 0.94373228 0.65381022 0.932054  ], (2613.068733328308,)

 o  Retrieving project data
 o  Retrieving project data
 o  Retrieving project data
 o  Retrieving project data
 o  Retrieving project data
 o  Retrieving project data
 o  Retrieving project data
 o  Retrieving project data
 o  Retrieving project data
 o  Retrieving project data
 o  Retrieving project data
 o  Retrieving project data
 o  Retrieving project data
 o  Retrieving project data
 o  Retrieving project data
 o  Retrieving project data
 o  Retrieving project data
 o  Retrieving project data
 o  Retrieving project data
 o  Retrieving project data
 o  Retrieving project data
 o  Retrieving project data
 o  Retrieving project data
 o  Retrieving project data
 o  Retrieving project data
 o  Retrieving project data
 o  Retrieving project data
 o  Retrieving project data
 o  Retrieving project data
 o  Retrieving project data
 o  Retrieving project data
 o  Retrieving project data
 o  Retrieving project data
 o  Retrieving project data
 o  Retrieving project data
 o  Retrieving project dataStart of evolution
  Evaluated 10 individuals
-- Generation 1 --
  Evaluated 10 individuals
  Min 5309.18617084909
  Max 85048000003375.12
  Avg 25331300004742.93
  Std 37843472510702.21
-- Generation 2 --
  Evaluated 7 individuals
  Min 5309.18617084909
  Max 140144000002656.0
  Avg 31580700005418.5
  Std 50186739398645.27
-- Generation 3 --
  Evaluated 9 individuals
  Min 5309.18617084909
  Max 135169000000000.0
  Avg 28798900004634.168
  Std 46613559781592.47
-- End of (successful) evolution --
Total evaluations: 26 

Best individual is [0.39039743 0.61558862 0.04696723 0.77523601 0.14372972 0.09233725
 0.90536161 0.46964554 0.09396972 0.2473656  0.07266637], (5309.18617084909,)

 o  Retrieving project data
 o  Retrieving project data
 o  Retrieving project data
 o  Retrieving project data
 o  Retrieving project data
 o  Retrieving project data
 o  Retrieving project data
 o  Retrieving project data
 o  Retrieving project data
 o  Retrieving project data
 o  Retrieving project data
 o  Retrieving project data
 o  Retrieving project data
 o  Retrieving project data
 o  Retrieving project data
 o  Retrieving project data
 o  Retrieving project data
 o  Retrieving project data
 o  Retrieving project data
 o  Retrieving project data
 o  Retrieving project data
 o  Retrieving project data
 o  Retrieving project data
 o  Retrieving project data
 o  Retrieving project data
 o  Retrieving project data
 o  Retrieving project data
 o  Retrieving project data
 o  Retrieving project data
 o  Retrieving project data
 o  Retrieving project data
 o  Retrieving project data
 o  Retrieving project data
 o  Retrieving project dataStart of evolution
  Evaluated 10 individuals
-- Generation 1 --
  Evaluated 6 individuals
  Min 77.46283972680345
  Max 84273000004219.66
  Avg 15560900004893.428
  Std 31255955171632.21
-- Generation 2 --
  Evaluated 9 individuals
  Min 77.46283972680345
  Max 140994000000000.0
  Avg 18444500003604.56
  Std 42854756601498.67
-- Generation 3 --
  Evaluated 9 individuals
  Min 77.46283972680345
  Max 70297000000897.2
  Avg 7029700001958.882
  Std 21089099999646.105
-- End of (successful) evolution --
Total evaluations: 24 

Best individual is [0.04575379 0.98197994 0.74013108 0.24204737 0.83722924 0.33293967
 0.05359362 0.59720232 0.         0.43165445 0.25739403], (77.46283972680345,)

 o  Retrieving project data
 o  Retrieving project data
 o  Retrieving project data
 o  Retrieving project data
 o  Retrieving project data
 o  Retrieving project data
 o  Retrieving project data
 o  Retrieving project data
 o  Retrieving project data
 o  Retrieving project data
 o  Retrieving project data
 o  Retrieving project data
 o  Retrieving project data
 o  Retrieving project data
 o  Retrieving project data
 o  Retrieving project data
 o  Retrieving project data
 o  Retrieving project data
 o  Retrieving project data
 o  Retrieving project data
 o  Retrieving project data
 o  Retrieving project data
 o  Retrieving project data
 o  Retrieving project data
 o  Retrieving project data
 o  Retrieving project data
 o  Retrieving project data
 o  Retrieving project data
 o  Retrieving project data
 o  Retrieving project data
 o  Retrieving project data
 o  Retrieving project data
 o  Retrieving project data
 o  Retrieving project dataStart of evolution
  Evaluated 10 individuals
-- Generation 1 --
  Evaluated 8 individuals
  Min 18.29340774278188
  Max 177089000000000.0
  Avg 27225600002772.1
  Std 57449925025965.49
-- Generation 2 --
  Evaluated 8 individuals
  Min 18.29340774278188
  Max 89486000000000.0
  Avg 23957500002022.555
  Std 36846380564627.234
-- Generation 3 --
  Evaluated 8 individuals
  Min 18.29340774278188
  Max 95167000000000.0
  Avg 17921600000936.88
  Std 35929312300772.18
-- End of (successful) evolution --
Total evaluations: 24 

Best individual is [2.91629450e-02 2.00066439e-01 7.20693769e-01 7.14867195e-01
 4.15460964e-01 3.72469238e-01 3.21557507e-01 2.34117146e-01
 1.30127653e-04 3.19086943e-02 8.46503767e-01], (18.29340774278188,)

 o  Retrieving project data
 o  Retrieving project data
 o  Retrieving project data
 o  Retrieving project data
 o  Retrieving project data
 o  Retrieving project data
 o  Retrieving project data
 o  Retrieving project data
 o  Retrieving project data
 o  Retrieving project data
 o  Retrieving project data
 o  Retrieving project data
 o  Retrieving project data
 o  Retrieving project data
 o  Retrieving project data
 o  Retrieving project data
 o  Retrieving project data
 o  Retrieving project data
 o  Retrieving project data
 o  Retrieving project data
 o  Retrieving project data
 o  Retrieving project data
 o  Retrieving project data
 o  Retrieving project data
 o  Retrieving project data
 o  Retrieving project data
 o  Retrieving project data
 o  Retrieving project data
 o  Retrieving project data
 o  Retrieving project data
 o  Retrieving project data
 o  Retrieving project data
 o  Retrieving project data
 o  Retrieving project data
 o  Retrieving project data
 o  Retrieving project data
 o  Retrieving project dataStart of evolution
  Evaluated 10 individuals
-- Generation 1 --
  Evaluated 8 individuals
  Min 6326.653489407058
  Max 97708000001075.78
  Avg 26067600005574.62
  Std 40052635354994.836
-- Generation 2 --
  Evaluated 10 individuals
  Min 4747.221710021468
  Max 166264000000603.75
  Avg 33313900005293.227
  Std 51838903305565.59
-- Generation 3 --
  Evaluated 9 individuals
  Min 4747.221710021468
  Max 178985000001611.94
  Avg 31961700005013.74
  Std 56310573844094.71
-- End of (successful) evolution --
Total evaluations: 27 

Best individual is [0.63610695 0.29910884 0.58373419 0.10163241 0.94764217 0.33477654
 0.28112216 0.97722475 0.51739557 0.59452516 0.        ], (4747.221710021468,)

 o  Retrieving project data
 o  Retrieving project data
 o  Retrieving project data
 o  Retrieving project data
 o  Retrieving project data
 o  Retrieving project data
 o  Retrieving project data
 o  Retrieving project data
 o  Retrieving project data
 o  Retrieving project data
 o  Retrieving project data
 o  Retrieving project data
 o  Retrieving project data
 o  Retrieving project data
 o  Retrieving project data
 o  Retrieving project data
 o  Retrieving project data
 o  Retrieving project data
 o  Retrieving project data
 o  Retrieving project data
 o  Retrieving project data
 o  Retrieving project data
 o  Retrieving project data
 o  Retrieving project data
 o  Retrieving project data
 o  Retrieving project data
 o  Retrieving project data
 o  Retrieving project data
 o  Retrieving project data
 o  Retrieving project data
 o  Retrieving project data
 o  Retrieving project data
 o  Retrieving project data
 o  Retrieving project data
 o  Retrieving project data
 o  Retrieving project data
 o  Retrieving project dataStart of evolution
  Evaluated 10 individuals
-- Generation 1 --
  Evaluated 9 individuals
  Min 6557.987808924819
  Max 78491000004002.69
  Avg 7849100007036.398
  Std 23547299998988.76
-- Generation 2 --
  Evaluated 9 individuals
  Min 6604.314031939291
  Max 97825000001269.69
  Avg 9782500006452.93
  Std 29347499998272.254
-- Generation 3 --
  Evaluated 9 individuals
  Min 6604.314031939291
  Max 97654000000015.1
  Avg 9765400005945.39
  Std 29296199998023.234
-- End of (successful) evolution --
Total evaluations: 27 

Best individual is [0.97511136 0.57790103 0.52344527 0.03325883 0.32254292 0.163394
 0.27555994 0.70271999 0.07089062 0.32557566 0.78093646], (6604.314031939291,)

 o  Retrieving project data
 o  Retrieving project data
 o  Retrieving project data
 o  Retrieving project data
 o  Retrieving project data
 o  Retrieving project data
 o  Retrieving project data
 o  Retrieving project data
 o  Retrieving project data
 o  Retrieving project data
 o  Retrieving project data
 o  Retrieving project data
 o  Retrieving project data
 o  Retrieving project data
 o  Retrieving project data
 o  Retrieving project data
 o  Retrieving project data
 o  Retrieving project data
 o  Retrieving project data
 o  Retrieving project data
 o  Retrieving project data
 o  Retrieving project data
 o  Retrieving project data
 o  Retrieving project data
 o  Retrieving project data
 o  Retrieving project data
 o  Retrieving project data
 o  Retrieving project dataStart of evolution
  Evaluated 10 individuals
-- Generation 1 --
  Evaluated 7 individuals
  Min 2371.378664178619
  Max 93916000000712.8
  Avg 25122200003335.555
  Std 33712771877449.47
-- Generation 2 --
  Evaluated 5 individuals
  Min 2371.378664178619
  Max 42517000001969.875
  Avg 12725300003366.387
  Std 19438369113538.59
-- Generation 3 --
  Evaluated 6 individuals
  Min 2371.378664178619
  Max 2371.378664178619
  Avg 2371.3786641786196
  Std 6.103515625e-05
-- End of (successful) evolution --
Total evaluations: 18 

Best individual is [0.93375325 0.49616528 0.47733746 0.00873067 0.25902558 0.21960539
 0.74310417 0.83519452 0.02428299 0.93513215 0.90522075], (2371.378664178619,)

 o  Retrieving project data
 o  Retrieving project data
 o  Retrieving project data
 o  Retrieving project data
 o  Retrieving project data
 o  Retrieving project data
 o  Retrieving project data
 o  Retrieving project data
 o  Retrieving project data
 o  Retrieving project data
 o  Retrieving project data
 o  Retrieving project data
 o  Retrieving project data
 o  Retrieving project data
 o  Retrieving project data
 o  Retrieving project data
 o  Retrieving project data
 o  Retrieving project data
 o  Retrieving project data
 o  Retrieving project data
 o  Retrieving project data
 o  Retrieving project data
 o  Retrieving project data
 o  Retrieving project data
 o  Retrieving project data
 o  Retrieving project data
 o  Retrieving project data
 o  Retrieving project data
 o  Retrieving project data
 o  Retrieving project data
 o  Retrieving project data
 o  Retrieving project data
 o  Retrieving project data
 o  Retrieving project dataStart of evolution
  Evaluated 10 individuals
-- Generation 1 --
  Evaluated 8 individuals
  Min 5869.752675563482
  Max 194160000000000.0
  Avg 44038600004642.2
  Std 62064297256186.39
-- Generation 2 --
  Evaluated 7 individuals
  Min 5869.752675563482
  Max 164167000000000.0
  Avg 31545100005084.53
  Std 53385796729626.59
-- Generation 3 --
  Evaluated 9 individuals
  Min 4067.7006120972205
  Max 70297000003721.17
  Avg 7029700005714.83
  Std 21089099999335.45
-- End of (successful) evolution --
Total evaluations: 24 

Best individual is [0.85043744 0.04968744 0.51876571 0.01844288 0.74552877 0.69358052
 0.13885355 0.13107942 0.05063545 0.32711884 0.87391934], (4067.7006120972205,)

 o  Retrieving project data
 o  Retrieving project data
 o  Retrieving project data
 o  Retrieving project data
 o  Retrieving project data
 o  Retrieving project data
 o  Retrieving project data
 o  Retrieving project data
 o  Retrieving project data
 o  Retrieving project data
 o  Retrieving project data
 o  Retrieving project data
 o  Retrieving project data
 o  Retrieving project data
 o  Retrieving project data
 o  Retrieving project data
 o  Retrieving project data
 o  Retrieving project data
 o  Retrieving project data
 o  Retrieving project data
 o  Retrieving project data
 o  Retrieving project data
 o  Retrieving project data
 o  Retrieving project data
 o  Retrieving project data
 o  Retrieving project data
 o  Retrieving project data
 o  Retrieving project data
 o  Retrieving project data
 o  Retrieving project data
 o  Retrieving project data
 o  Retrieving project data
 o  Retrieving project data
 o  Retrieving project data
 o  Retrieving project data
 o  Retrieving project data
 o  Retrieving project dataStart of evolution
  Evaluated 10 individuals
-- Generation 1 --
  Evaluated 8 individuals
  Min 6326.653489407058
  Max 97708000001075.78
  Avg 26067600005574.62
  Std 40052635354994.836
-- Generation 2 --
  Evaluated 10 individuals
  Min 4747.221710021468
  Max 166264000000603.75
  Avg 33313900005293.227
  Std 51838903305565.59
-- Generation 3 --
  Evaluated 9 individuals
  Min 4747.221710021468
  Max 178985000001611.94
  Avg 31961700005013.74
  Std 56310573844094.71
-- End of (successful) evolution --
Total evaluations: 27 

Best individual is [0.63610695 0.29910884 0.58373419 0.10163241 0.94764217 0.33477654
 0.28112216 0.97722475 0.51739557 0.59452516 0.        ], (4747.221710021468,)

 o  Retrieving project data
 o  Retrieving project data
 o  Retrieving project data
 o  Retrieving project data
 o  Retrieving project data
 o  Retrieving project data
 o  Retrieving project data
 o  Retrieving project data
 o  Retrieving project data
 o  Retrieving project data
 o  Retrieving project data
 o  Retrieving project data
 o  Retrieving project data
 o  Retrieving project data
 o  Retrieving project data
 o  Retrieving project data
 o  Retrieving project data
 o  Retrieving project data
 o  Retrieving project data
 o  Retrieving project data
 o  Retrieving project data
 o  Retrieving project data
 o  Retrieving project data
 o  Retrieving project data
 o  Retrieving project data
 o  Retrieving project data
 o  Retrieving project dataStart of evolution
  Evaluated 10 individuals
-- Generation 1 --
  Evaluated 3 individuals
  Min 4585.498983000132
  Max 81986000003010.06
  Avg 12513500006172.938
  Std 26490873096320.85
-- Generation 2 --
  Evaluated 9 individuals
  Min 4585.498983000132
  Max 93939000002689.56
  Avg 23595600004898.254
  Std 37877504108928.74
-- Generation 3 --
  Evaluated 5 individuals
  Min 4141.560661618378
  Max 98105000000000.0
  Avg 9810500004464.625
  Std 29431499998511.793
-- End of (successful) evolution --
Total evaluations: 17 

Best individual is [0.51337966 0.29236328 0.21548705 0.43365701 0.63937462 0.34425954
 0.96990476 0.32298176 0.01600886 0.86834279 0.        ], (4141.560661618378,)

 o  Retrieving project data
 o  Retrieving project data
 o  Retrieving project data
 o  Retrieving project data
 o  Retrieving project data
 o  Retrieving project data
 o  Retrieving project data
 o  Retrieving project data
 o  Retrieving project data
 o  Retrieving project data
 o  Retrieving project data
 o  Retrieving project data
 o  Retrieving project data
 o  Retrieving project data
 o  Retrieving project data
 o  Retrieving project data
 o  Retrieving project data
 o  Retrieving project data
 o  Retrieving project data
 o  Retrieving project data
 o  Retrieving project data
 o  Retrieving project data
 o  Retrieving project data
 o  Retrieving project data
 o  Retrieving project data
 o  Retrieving project data
 o  Retrieving project data
 o  Retrieving project data
 o  Retrieving project data
 o  Retrieving project data
 o  Retrieving project data
 o  Retrieving project dataStart of evolution
  Evaluated 10 individuals
-- Generation 1 --
  Evaluated 7 individuals
  Min 2718.732992327255
  Max 82086000002380.81
  Avg 13765700004807.277
  Std 28162568191556.492
-- Generation 2 --
  Evaluated 8 individuals
  Min 2615.7925271780105
  Max 98579000000000.0
  Avg 19714000002873.688
  Std 39428000204000.914
-- Generation 3 --
  Evaluated 7 individuals
  Min 2615.7925271780105
  Max 5629.830809904944
  Avg 3423.445718324271
  Std 1122.1006518453023
-- End of (successful) evolution --
Total evaluations: 22 

Best individual is [0.05901043 0.21966934 0.08068225 0.63434753 0.04860668 0.99925477
 0.59006884 0.96110079 0.39114069 0.28644526 0.88769249], (2615.7925271780105,)

 o  Retrieving project data
 o  Retrieving project data
 o  Retrieving project data
 o  Retrieving project data
 o  Retrieving project data
 o  Retrieving project data
 o  Retrieving project data
 o  Retrieving project data
 o  Retrieving project data
 o  Retrieving project data
 o  Retrieving project data
 o  Retrieving project data
 o  Retrieving project data
 o  Retrieving project data
 o  Retrieving project data
 o  Retrieving project data
 o  Retrieving project data
 o  Retrieving project data
 o  Retrieving project data
 o  Retrieving project data
 o  Retrieving project data
 o  Retrieving project data
 o  Retrieving project data
 o  Retrieving project data
 o  Retrieving project data
 o  Retrieving project data
 o  Retrieving project data
 o  Retrieving project data
 o  Retrieving project data
 o  Retrieving project data
 o  Retrieving project data
 o  Retrieving project data
 o  Retrieving project data
 o  Retrieving project dataStart of evolution
  Evaluated 10 individuals
-- Generation 1 --
  Evaluated 10 individuals
  Min 5548.852976608307
  Max 83831000003978.06
  Avg 8383100006455.572
  Std 25149299999174.164
-- Generation 2 --
  Evaluated 9 individuals
  Min 5037.651124518282
  Max 98546000000000.0
  Avg 9854600005301.166
  Std 29563799998232.94
-- Generation 3 --
  Evaluated 5 individuals
  Min 594.962539254398
  Max 93645000002408.92
  Avg 17765800004098.957
  Std 35596816847570.01
-- End of (successful) evolution --
Total evaluations: 24 

Best individual is [0.82393103 0.42224915 0.57034185 0.04757653 0.85962659 0.41350701
 0.56056591 0.23326497 0.         0.53152844 0.0365332 ], (594.962539254398,)

 o  Retrieving project data
 o  Retrieving project data
 o  Retrieving project data
 o  Retrieving project data
 o  Retrieving project data
 o  Retrieving project data
 o  Retrieving project data
 o  Retrieving project data
 o  Retrieving project data
 o  Retrieving project data
 o  Retrieving project data
 o  Retrieving project data
 o  Retrieving project data
 o  Retrieving project data
 o  Retrieving project data
 o  Retrieving project data
 o  Retrieving project data
 o  Retrieving project data
 o  Retrieving project data
 o  Retrieving project data
 o  Retrieving project data
 o  Retrieving project data
 o  Retrieving project data
 o  Retrieving project data
 o  Retrieving project data
 o  Retrieving project data
 o  Retrieving project data
 o  Retrieving project data
 o  Retrieving project data
 o  Retrieving project data
 o  Retrieving project data
 o  Retrieving project dataStart of evolution
  Evaluated 10 individuals
-- Generation 1 --
  Evaluated 8 individuals
  Min 4102.161406143819
  Max 105694000001870.08
  Avg 36263600004695.98
  Std 44870966982064.41
-- Generation 2 --
  Evaluated 7 individuals
  Min 774.2280424854771
  Max 95578000003831.62
  Avg 18949400004744.586
  Std 37900622074162.41
-- Generation 3 --
  Evaluated 7 individuals
  Min 774.2280424854771
  Max 80702000000369.77
  Avg 12330300002957.713
  Std 26090793441060.285
-- End of (successful) evolution --
Total evaluations: 22 

Best individual is [0.64370073 0.65344969 0.62388802 0.90302884 0.02987706 0.75055397
 0.63825363 0.13783596 0.         0.55450588 0.5505894 ], (774.2280424854771,)
