
 o  Retrieving project data
 o  Retrieving project data
 o  Retrieving project data
 o  Retrieving project data
 o  Retrieving project data
 o  Retrieving project data
 o  Retrieving project data
 o  Retrieving project data
 o  Retrieving project data
 o  Retrieving project data
 o  Retrieving project data
 o  Retrieving project data
 o  Retrieving project data
 o  Retrieving project data
 o  Retrieving project data
 o  Retrieving project data
 o  Retrieving project data
 o  Retrieving project data
 o  Retrieving project data
 o  Retrieving project data
 o  Retrieving project data
 o  Retrieving project data
 o  Retrieving project data
 o  Retrieving project data
 o  Retrieving project data
 o  Retrieving project data
 o  Retrieving project data
 o  Retrieving project data
 o  Retrieving project data
 o  Retrieving project data
 o  Retrieving project data
 o  Retrieving project data
 o  Retrieving project data
 o  Retrieving project data
 o  Retrieving project data
 o  Retrieving project data
 o  Retrieving project data
 o  Retrieving project data
 o  Retrieving project data
 o  Retrieving project data
 o  Retrieving project data
 o  Retrieving project data
 o  Retrieving project data
 o  Retrieving project data
 o  Retrieving project data
 o  Retrieving project data
 o  Retrieving project data
 o  Retrieving project data
 o  Retrieving project data
 o  Retrieving project data
 o  Retrieving project data
 o  Retrieving project data
 o  Retrieving project data
 o  Retrieving project data
 o  Retrieving project data
 o  Retrieving project data
 o  Retrieving project data
 o  Retrieving project data
 o  Retrieving project data
 o  Retrieving project data
 o  Retrieving project data
 o  Retrieving project data
 o  Retrieving project data
 o  Retrieving project data
 o  Retrieving project data
 o  Retrieving project data
 o  Retrieving project data
 o  Retrieving project data
 o  Retrieving project data
 o  Retrieving project data
 o  Retrieving project data
 o  Retrieving project data
 o  Retrieving project data
 o  Retrieving project data
 o  Retrieving project data
 o  Retrieving project data
 o  Retrieving project data
 o  Retrieving project data
 o  Retrieving project data
 o  Retrieving project data
 o  Retrieving project data
 o  Retrieving project data
 o  Retrieving project data
 o  Retrieving project data
 o  Retrieving project data
 o  Retrieving project data
 o  Retrieving project data
 o  Retrieving project data
 o  Retrieving project data
 o  Retrieving project data
 o  Retrieving project data
 o  Retrieving project data
 o  Retrieving project data
 o  Retrieving project data
 o  Retrieving project data
 o  Retrieving project data
 o  Retrieving project data
 o  Retrieving project data
 o  Retrieving project data
 o  Retrieving project data
 o  Retrieving project data
 o  Retrieving project data
 o  Retrieving project data
 o  Retrieving project data
 o  Retrieving project data
 o  Retrieving project data
 o  Retrieving project data
 o  Retrieving project data
 o  Retrieving project data
 o  Retrieving project data
 o  Retrieving project data
 o  Retrieving project data
 o  Retrieving project data
 o  Retrieving project dataStart of evolution
  Evaluated 20 individuals
-- Generation 1 --
  Evaluated 13 individuals
  Min 8227.682224639055
  Max 86332024.34632356
  Avg 4338460.714542849
  Std 18810616.72666488
-- Generation 2 --
  Evaluated 9 individuals
  Min 8227.682224639055
  Max 22520.51284730674
  Avg 13122.9316649442
  Std 5110.274537058534
-- Generation 3 --
  Evaluated 12 individuals
  Min 8227.682224639055
  Max 16093.292950557565
  Avg 9704.49181024609
  Std 2619.749026485284
-- Generation 4 --
  Evaluated 8 individuals
  Min 8227.682224639055
  Max 9742.272080447141
  Avg 8303.411717429457
  Std 330.0972061190271
-- Generation 5 --
  Evaluated 4 individuals
  Min 8227.682224639055
  Max 8227.682224639055
  Avg 8227.682224639053
  Std 0.00017263349150062197
-- Generation 6 --
  Evaluated 15 individuals
  Min 8227.682224639055
  Max 15644.003928427737
  Avg 8645.71240981041
  Std 1618.6184138740175
-- Generation 7 --
  Evaluated 16 individuals
  Min 8227.682224639055
  Max 8227.682224639055
  Avg 8227.682224639053
  Std 0.00017263349150062197
-- Generation 8 --
  Evaluated 10 individuals
  Min 8227.682224639055
  Max 8227.682224639055
  Avg 8227.682224639053
  Std 0.00017263349150062197
-- Generation 9 --
  Evaluated 7 individuals
  Min 8227.682224639055
  Max 8227.682224639055
  Avg 8227.682224639053
  Std 0.00017263349150062197
-- End of (successful) evolution --
Total evaluations: 94 

Best individual is [0.22051938 0.68429088 0.09918559 0.04114285], (8227.682224639055,)
{'Total_evaluations': 94, 'Best_action': [0.22051937518936504, 0.6842908817367843, 0.09918559174435926, 0.041142847578066855], 'Minima': 8227.682224639055}

 o  Retrieving project data
 o  Retrieving project data
 o  Retrieving project data
 o  Retrieving project data
 o  Retrieving project data
 o  Retrieving project data
 o  Retrieving project data
 o  Retrieving project data
 o  Retrieving project data
 o  Retrieving project data
 o  Retrieving project data
 o  Retrieving project data
 o  Retrieving project data
 o  Retrieving project data
 o  Retrieving project data
 o  Retrieving project data
 o  Retrieving project data
 o  Retrieving project data
 o  Retrieving project data
 o  Retrieving project data
 o  Retrieving project data
 o  Retrieving project data
 o  Retrieving project data
 o  Retrieving project data
 o  Retrieving project data
 o  Retrieving project data
 o  Retrieving project data
 o  Retrieving project data
 o  Retrieving project data
 o  Retrieving project data
 o  Retrieving project data
 o  Retrieving project data
 o  Retrieving project data
 o  Retrieving project data
 o  Retrieving project data
 o  Retrieving project data
 o  Retrieving project data
 o  Retrieving project data
 o  Retrieving project data
 o  Retrieving project data
 o  Retrieving project data
 o  Retrieving project data
 o  Retrieving project data
 o  Retrieving project data
 o  Retrieving project data
 o  Retrieving project data
 o  Retrieving project data
 o  Retrieving project data
 o  Retrieving project data
 o  Retrieving project data
 o  Retrieving project data
 o  Retrieving project data
 o  Retrieving project data
 o  Retrieving project data
 o  Retrieving project data
 o  Retrieving project data
 o  Retrieving project data
 o  Retrieving project data
 o  Retrieving project data
 o  Retrieving project data
 o  Retrieving project data
 o  Retrieving project data
 o  Retrieving project data
 o  Retrieving project data
 o  Retrieving project data
 o  Retrieving project data
 o  Retrieving project data
 o  Retrieving project data
 o  Retrieving project data
 o  Retrieving project data
 o  Retrieving project data
 o  Retrieving project data
 o  Retrieving project data
 o  Retrieving project data
 o  Retrieving project data
 o  Retrieving project data
 o  Retrieving project data
 o  Retrieving project data
 o  Retrieving project data
 o  Retrieving project data
 o  Retrieving project data
 o  Retrieving project data
 o  Retrieving project data
 o  Retrieving project data
 o  Retrieving project data
 o  Retrieving project data
 o  Retrieving project data
 o  Retrieving project data
 o  Retrieving project data
 o  Retrieving project data
 o  Retrieving project data
 o  Retrieving project data
 o  Retrieving project data
 o  Retrieving project data
 o  Retrieving project data
 o  Retrieving project data
 o  Retrieving project data
 o  Retrieving project data
 o  Retrieving project data
 o  Retrieving project data
 o  Retrieving project data
 o  Retrieving project data
 o  Retrieving project data
 o  Retrieving project data
 o  Retrieving project data
 o  Retrieving project data
 o  Retrieving project data
 o  Retrieving project data
 o  Retrieving project data
 o  Retrieving project data
 o  Retrieving project data
 o  Retrieving project data
 o  Retrieving project data
 o  Retrieving project data
 o  Retrieving project data
 o  Retrieving project data
 o  Retrieving project data
 o  Retrieving project data
 o  Retrieving project data
 o  Retrieving project data
 o  Retrieving project data
 o  Retrieving project data
 o  Retrieving project data
 o  Retrieving project data
 o  Retrieving project data
 o  Retrieving project dataStart of evolution
  Evaluated 20 individuals
-- Generation 1 --
  Evaluated 10 individuals
  Min 2702.8295302727115
  Max 63470083.4381692
  Avg 3188371.876312961
  Std 13829576.045429757
-- Generation 2 --
  Evaluated 11 individuals
  Min 2702.8295302727115
  Max 27754.56070748849
  Avg 8711.671916066425
  Std 6143.4798545238755
-- Generation 3 --
  Evaluated 8 individuals
  Min 2702.8295302727115
  Max 330831578.79955953
  Avg 16545919.72606723
  Std 72102075.14315557
-- Generation 4 --
  Evaluated 13 individuals
  Min 2702.8295302727115
  Max 143188364.799851
  Avg 7163371.691702269
  Std 31206273.68149263
-- Generation 5 --
  Evaluated 13 individuals
  Min 2702.8295302727115
  Max 4746.367508990965
  Avg 2812.3178783220346
  Std 444.8413435455169
-- Generation 6 --
  Evaluated 16 individuals
  Min 2702.8295302727115
  Max 9989.693061818252
  Avg 3067.1727068499895
  Std 1588.135087468942
-- Generation 7 --
  Evaluated 10 individuals
  Min 2702.8295302727115
  Max 2702.8295302727115
  Avg 2702.829530272712
  Std 3.0517578125e-05
-- Generation 8 --
  Evaluated 12 individuals
  Min 2702.8295302727115
  Max 143188364.799851
  Avg 7161985.928046308
  Std 31206591.534630153
-- Generation 9 --
  Evaluated 13 individuals
  Min 2702.8295302727115
  Max 143188364.799851
  Avg 7161985.928046307
  Std 31206591.534630157
-- End of (successful) evolution --
Total evaluations: 106 

Best individual is [0.34884803 0.58255289 0.94132813 0.14368082], (2702.8295302727115,)
{'Total_evaluations': 106, 'Best_action': [0.34884803341372816, 0.5825528877735536, 0.9413281256272454, 0.14368081604932004], 'Minima': 2702.8295302727115}

 o  Retrieving project data
 o  Retrieving project data
 o  Retrieving project data
 o  Retrieving project data
 o  Retrieving project data
 o  Retrieving project data
 o  Retrieving project data
 o  Retrieving project data
 o  Retrieving project data
 o  Retrieving project data
 o  Retrieving project data
 o  Retrieving project data
 o  Retrieving project data
 o  Retrieving project data
 o  Retrieving project data
 o  Retrieving project data
 o  Retrieving project data
 o  Retrieving project data
 o  Retrieving project data
 o  Retrieving project data
 o  Retrieving project data
 o  Retrieving project data
 o  Retrieving project data
 o  Retrieving project data
 o  Retrieving project data
 o  Retrieving project data
 o  Retrieving project data
 o  Retrieving project data
 o  Retrieving project data
 o  Retrieving project data
 o  Retrieving project data
 o  Retrieving project data
 o  Retrieving project data
 o  Retrieving project data
 o  Retrieving project data
 o  Retrieving project data
 o  Retrieving project data
 o  Retrieving project data
 o  Retrieving project data
 o  Retrieving project data
 o  Retrieving project data
 o  Retrieving project data
 o  Retrieving project data
 o  Retrieving project data
 o  Retrieving project data
 o  Retrieving project data
 o  Retrieving project data
 o  Retrieving project data
 o  Retrieving project data
 o  Retrieving project data
 o  Retrieving project data
 o  Retrieving project data
 o  Retrieving project data
 o  Retrieving project data
 o  Retrieving project data
 o  Retrieving project data
 o  Retrieving project data
 o  Retrieving project data
 o  Retrieving project data
 o  Retrieving project data
 o  Retrieving project data
 o  Retrieving project data
 o  Retrieving project data
 o  Retrieving project data
 o  Retrieving project data
 o  Retrieving project data
 o  Retrieving project data
 o  Retrieving project data
 o  Retrieving project data
 o  Retrieving project data
 o  Retrieving project data
 o  Retrieving project data
 o  Retrieving project data
 o  Retrieving project data
 o  Retrieving project data
 o  Retrieving project data
 o  Retrieving project data
 o  Retrieving project data
 o  Retrieving project data
 o  Retrieving project data
 o  Retrieving project data
 o  Retrieving project data
 o  Retrieving project data
 o  Retrieving project data
 o  Retrieving project data
 o  Retrieving project data
 o  Retrieving project data
 o  Retrieving project data
 o  Retrieving project data
 o  Retrieving project data
 o  Retrieving project data
 o  Retrieving project data
 o  Retrieving project data
 o  Retrieving project data
 o  Retrieving project data
 o  Retrieving project data
 o  Retrieving project data
 o  Retrieving project data
 o  Retrieving project data
 o  Retrieving project data
 o  Retrieving project data
 o  Retrieving project data
 o  Retrieving project data
 o  Retrieving project data
 o  Retrieving project data
 o  Retrieving project data
 o  Retrieving project data
 o  Retrieving project data
 o  Retrieving project data
 o  Retrieving project data
 o  Retrieving project data
 o  Retrieving project data
 o  Retrieving project data
 o  Retrieving project data
 o  Retrieving project data
 o  Retrieving project data
 o  Retrieving project data
 o  Retrieving project data
 o  Retrieving project data
 o  Retrieving project data
 o  Retrieving project data
 o  Retrieving project data
 o  Retrieving project data
 o  Retrieving project data
 o  Retrieving project data
 o  Retrieving project data
 o  Retrieving project data
 o  Retrieving project data
 o  Retrieving project data
 o  Retrieving project data
 o  Retrieving project data
 o  Retrieving project data
 o  Retrieving project dataStart of evolution
  Evaluated 20 individuals
-- Generation 1 --
  Evaluated 9 individuals
  Min 7679.9127243647545
  Max 551610118.1417037
  Avg 27601545.87446505
  Std 120215812.02532724
-- Generation 2 --
  Evaluated 15 individuals
  Min 7679.9127243647545
  Max 36698.317947268646
  Avg 11555.325893646816
  Std 6351.766300126265
-- Generation 3 --
  Evaluated 16 individuals
  Min 7679.9127243647545
  Max 233216953.45195022
  Avg 11668848.622351144
  Std 50826621.06704992
-- Generation 4 --
  Evaluated 12 individuals
  Min 7679.9127243647545
  Max 11877.097160651505
  Avg 8127.671147700741
  Std 866.6460012876363
-- Generation 5 --
  Evaluated 9 individuals
  Min 7679.9127243647545
  Max 7977.286726266816
  Avg 7962.418026171714
  Std 64.81116113623676
-- Generation 6 --
  Evaluated 13 individuals
  Min 1242.0947490408985
  Max 7977.286726266816
  Avg 7052.287452152411
  Std 2018.7910986911152
-- Generation 7 --
  Evaluated 13 individuals
  Min 1208.2593382797756
  Max 253816845.40738875
  Avg 12696866.471349787
  Std 55316717.0124282
-- Generation 8 --
  Evaluated 15 individuals
  Min 1208.2593382797756
  Max 9140.999502054323
  Avg 3077.84294746869
  Std 2441.1870350866393
-- Generation 9 --
  Evaluated 11 individuals
  Min 1208.2593382797756
  Max 7457.792723735731
  Avg 1630.9993887100825
  Std 1381.2867319628529
-- End of (successful) evolution --
Total evaluations: 113 

Best individual is [0.28544193 0.33978004 0.56873803 0.21724581], (1208.2593382797756,)
{'Total_evaluations': 113, 'Best_action': [0.2854419280611601, 0.33978004339112067, 0.5687380271639121, 0.21724580836861274], 'Minima': 1208.2593382797756}

 o  Retrieving project data
 o  Retrieving project data
 o  Retrieving project data
 o  Retrieving project data
 o  Retrieving project data
 o  Retrieving project data
 o  Retrieving project data
 o  Retrieving project data
 o  Retrieving project data
 o  Retrieving project data
 o  Retrieving project data
 o  Retrieving project data
 o  Retrieving project data
 o  Retrieving project data
 o  Retrieving project data
 o  Retrieving project data
 o  Retrieving project data
 o  Retrieving project data
 o  Retrieving project data
 o  Retrieving project data
 o  Retrieving project data
 o  Retrieving project data
 o  Retrieving project data
 o  Retrieving project data
 o  Retrieving project data
 o  Retrieving project data
 o  Retrieving project data
 o  Retrieving project data
 o  Retrieving project data
 o  Retrieving project data
 o  Retrieving project data
 o  Retrieving project data
 o  Retrieving project data
 o  Retrieving project data
 o  Retrieving project data
 o  Retrieving project data
 o  Retrieving project data
 o  Retrieving project data
 o  Retrieving project data
 o  Retrieving project data
 o  Retrieving project data
 o  Retrieving project data
 o  Retrieving project data
 o  Retrieving project data
 o  Retrieving project data
 o  Retrieving project data
 o  Retrieving project data
 o  Retrieving project data
 o  Retrieving project data
 o  Retrieving project data
 o  Retrieving project data
 o  Retrieving project data
 o  Retrieving project data
 o  Retrieving project data
 o  Retrieving project data
 o  Retrieving project data
 o  Retrieving project data
 o  Retrieving project data
 o  Retrieving project data
 o  Retrieving project data
 o  Retrieving project data
 o  Retrieving project data
 o  Retrieving project data
 o  Retrieving project data
 o  Retrieving project data
 o  Retrieving project data
 o  Retrieving project data
 o  Retrieving project data
 o  Retrieving project data
 o  Retrieving project data
 o  Retrieving project data
 o  Retrieving project data
 o  Retrieving project data
 o  Retrieving project data
 o  Retrieving project data
 o  Retrieving project data
 o  Retrieving project data
 o  Retrieving project data
 o  Retrieving project data
 o  Retrieving project data
 o  Retrieving project data
 o  Retrieving project data
 o  Retrieving project data
 o  Retrieving project data
 o  Retrieving project data
 o  Retrieving project data
 o  Retrieving project data
 o  Retrieving project data
 o  Retrieving project data
 o  Retrieving project data
 o  Retrieving project data
 o  Retrieving project data
 o  Retrieving project data
 o  Retrieving project data
 o  Retrieving project data
 o  Retrieving project data
 o  Retrieving project data
 o  Retrieving project data
 o  Retrieving project data
 o  Retrieving project data
 o  Retrieving project data
 o  Retrieving project data
 o  Retrieving project data
 o  Retrieving project data
 o  Retrieving project data
 o  Retrieving project data
 o  Retrieving project data
 o  Retrieving project data
 o  Retrieving project data
 o  Retrieving project data
 o  Retrieving project data
 o  Retrieving project data
 o  Retrieving project data
 o  Retrieving project data
 o  Retrieving project data
 o  Retrieving project data
 o  Retrieving project data
 o  Retrieving project data
 o  Retrieving project data
 o  Retrieving project data
 o  Retrieving project data
 o  Retrieving project data
 o  Retrieving project data
 o  Retrieving project data
 o  Retrieving project data
 o  Retrieving project data
 o  Retrieving project dataStart of evolution
  Evaluated 20 individuals
-- Generation 1 --
  Evaluated 11 individuals
  Min 10155.864541048702
  Max 65233.39585212337
  Avg 32698.45316881151
  Std 18868.23324382106
-- Generation 2 --
  Evaluated 12 individuals
  Min 10155.864541048702
  Max 42739.6990780587
  Avg 18198.005389325775
  Std 9989.02447857755
-- Generation 3 --
  Evaluated 9 individuals
  Min 10155.864541048702
  Max 30045.34004098019
  Avg 13434.60136668474
  Std 4518.807679334962
-- Generation 4 --
  Evaluated 9 individuals
  Min 3084.56047400757
  Max 218175829.03254163
  Avg 21068677.03400702
  Std 63220704.46343157
-- Generation 5 --
  Evaluated 15 individuals
  Min 3084.56047400757
  Max 20211.154102395878
  Avg 10533.439952404304
  Std 2827.489533636331
-- Generation 6 --
  Evaluated 15 individuals
  Min 3084.56047400757
  Max 16990.513024116117
  Avg 8343.128961261455
  Std 3720.961283502989
-- Generation 7 --
  Evaluated 10 individuals
  Min 3084.56047400757
  Max 10155.864541048702
  Avg 4172.201009860823
  Std 2514.441255884877
-- Generation 8 --
  Evaluated 16 individuals
  Min 3084.56047400757
  Max 626217120.4941705
  Avg 31313786.35715885
  Std 136480184.98308653
-- Generation 9 --
  Evaluated 10 individuals
  Min 3084.56047400757
  Max 626212003.4009476
  Avg 31313530.50249771
  Std 136479069.7384743
-- End of (successful) evolution --
Total evaluations: 107 

Best individual is [0.21456361 0.68772922 0.97055881 0.19373021], (3084.56047400757,)
{'Total_evaluations': 107, 'Best_action': [0.21456360581039746, 0.6877292206874644, 0.9705588081471532, 0.19373021269502821], 'Minima': 3084.56047400757}

 o  Retrieving project data
 o  Retrieving project data
 o  Retrieving project data
 o  Retrieving project data
 o  Retrieving project data
 o  Retrieving project data
 o  Retrieving project data
 o  Retrieving project data
 o  Retrieving project data
 o  Retrieving project data
 o  Retrieving project data
 o  Retrieving project data
 o  Retrieving project data
 o  Retrieving project data
 o  Retrieving project data
 o  Retrieving project data
 o  Retrieving project data
 o  Retrieving project data
 o  Retrieving project data
 o  Retrieving project data
 o  Retrieving project data
 o  Retrieving project data
 o  Retrieving project data
 o  Retrieving project data
 o  Retrieving project data
 o  Retrieving project data
 o  Retrieving project data
 o  Retrieving project data
 o  Retrieving project data
 o  Retrieving project data
 o  Retrieving project data
 o  Retrieving project data
 o  Retrieving project data
 o  Retrieving project data
 o  Retrieving project data
 o  Retrieving project data
 o  Retrieving project data
 o  Retrieving project data
 o  Retrieving project data
 o  Retrieving project data
 o  Retrieving project data
 o  Retrieving project data
 o  Retrieving project data
 o  Retrieving project data
 o  Retrieving project data
 o  Retrieving project data
 o  Retrieving project data
 o  Retrieving project data
 o  Retrieving project data
 o  Retrieving project data
 o  Retrieving project data
 o  Retrieving project data
 o  Retrieving project data
 o  Retrieving project data
 o  Retrieving project data
 o  Retrieving project data
 o  Retrieving project data
 o  Retrieving project data
 o  Retrieving project data
 o  Retrieving project data
 o  Retrieving project data
 o  Retrieving project data
 o  Retrieving project data
 o  Retrieving project data
 o  Retrieving project data
 o  Retrieving project data
 o  Retrieving project data
 o  Retrieving project data
 o  Retrieving project data
 o  Retrieving project data
 o  Retrieving project data
 o  Retrieving project data
 o  Retrieving project data
 o  Retrieving project data
 o  Retrieving project data
 o  Retrieving project data
 o  Retrieving project data
 o  Retrieving project data
 o  Retrieving project data
 o  Retrieving project data
 o  Retrieving project data
 o  Retrieving project data
 o  Retrieving project data
 o  Retrieving project data
 o  Retrieving project data
 o  Retrieving project data
 o  Retrieving project data
 o  Retrieving project data
 o  Retrieving project data
 o  Retrieving project data
 o  Retrieving project data
 o  Retrieving project data
 o  Retrieving project data
 o  Retrieving project data
 o  Retrieving project data
 o  Retrieving project data
 o  Retrieving project data
 o  Retrieving project data
 o  Retrieving project data
 o  Retrieving project data
 o  Retrieving project data
 o  Retrieving project data
 o  Retrieving project data
 o  Retrieving project data
 o  Retrieving project data
 o  Retrieving project data
 o  Retrieving project data
 o  Retrieving project data
 o  Retrieving project data
 o  Retrieving project data
 o  Retrieving project data
 o  Retrieving project data
 o  Retrieving project data
 o  Retrieving project data
 o  Retrieving project data
 o  Retrieving project data
 o  Retrieving project data
 o  Retrieving project data
 o  Retrieving project data
 o  Retrieving project data
 o  Retrieving project dataStart of evolution
  Evaluated 20 individuals
-- Generation 1 --
  Evaluated 14 individuals
  Min 1595.9238257997276
  Max 35074948.42609532
  Avg 1779524.682546734
  Std 7638514.413779789
-- Generation 2 --
  Evaluated 14 individuals
  Min 1595.9238257997276
  Max 34862.981095992545
  Avg 12502.142280808957
  Std 10945.865117376175
-- Generation 3 --
  Evaluated 12 individuals
  Min 1595.9238257997276
  Max 17447.009788819858
  Avg 3944.3717644532953
  Std 5541.392887330524
-- Generation 4 --
  Evaluated 8 individuals
  Min 1595.9238257997276
  Max 1601.0861853803874
  Avg 1596.1819437787606
  Std 1.125110185793621
-- Generation 5 --
  Evaluated 11 individuals
  Min 1595.9238257997276
  Max 1595.9238257997276
  Avg 1595.9238257997276
  Std 3.0517578125e-05
-- Generation 6 --
  Evaluated 9 individuals
  Min 1595.9238257997276
  Max 606237986.7918315
  Avg 60625610.763611436
  Std 181870792.01673853
-- Generation 7 --
  Evaluated 9 individuals
  Min 1595.9238257997276
  Max 14859.974783493042
  Avg 2670.8233413028893
  Std 3321.329746488688
-- Generation 8 --
  Evaluated 13 individuals
  Min 1595.9238257997276
  Max 1595.9238257997276
  Avg 1595.9238257997276
  Std 3.0517578125e-05
-- Generation 9 --
  Evaluated 11 individuals
  Min 1595.9238257997276
  Max 1595.9238257997276
  Avg 1595.9238257997276
  Std 3.0517578125e-05
-- End of (successful) evolution --
Total evaluations: 101 

Best individual is [0.32830145 0.4470766  0.30088683 0.20705289], (1595.9238257997276,)
{'Total_evaluations': 101, 'Best_action': [0.32830145322175974, 0.44707660103988534, 0.30088683364274005, 0.20705288728524252], 'Minima': 1595.9238257997276}

 o  Retrieving project data
 o  Retrieving project data
 o  Retrieving project data
 o  Retrieving project data
 o  Retrieving project data
 o  Retrieving project data
 o  Retrieving project data
 o  Retrieving project data
 o  Retrieving project data
 o  Retrieving project data
 o  Retrieving project data
 o  Retrieving project data
 o  Retrieving project data
 o  Retrieving project data
 o  Retrieving project data
 o  Retrieving project data
 o  Retrieving project data
 o  Retrieving project data
 o  Retrieving project data
 o  Retrieving project data
 o  Retrieving project data
 o  Retrieving project data
 o  Retrieving project data
 o  Retrieving project data
 o  Retrieving project data
 o  Retrieving project data
 o  Retrieving project data
 o  Retrieving project data
 o  Retrieving project data
 o  Retrieving project data
 o  Retrieving project data
 o  Retrieving project data
 o  Retrieving project data
 o  Retrieving project data
 o  Retrieving project data
 o  Retrieving project data
 o  Retrieving project data
 o  Retrieving project data
 o  Retrieving project data
 o  Retrieving project data
 o  Retrieving project data
 o  Retrieving project data
 o  Retrieving project data
 o  Retrieving project data
 o  Retrieving project data
 o  Retrieving project data
 o  Retrieving project data
 o  Retrieving project data
 o  Retrieving project data
 o  Retrieving project data
 o  Retrieving project data
 o  Retrieving project data
 o  Retrieving project data
 o  Retrieving project data
 o  Retrieving project data
 o  Retrieving project data
 o  Retrieving project data
 o  Retrieving project data
 o  Retrieving project data
 o  Retrieving project data
 o  Retrieving project data
 o  Retrieving project data
 o  Retrieving project data
 o  Retrieving project data
 o  Retrieving project data
 o  Retrieving project data
 o  Retrieving project data
 o  Retrieving project data
 o  Retrieving project data
 o  Retrieving project data
 o  Retrieving project data
 o  Retrieving project data
 o  Retrieving project data
 o  Retrieving project data
 o  Retrieving project data
 o  Retrieving project data
 o  Retrieving project data
 o  Retrieving project data
 o  Retrieving project data
 o  Retrieving project data
 o  Retrieving project data
 o  Retrieving project data
 o  Retrieving project data
 o  Retrieving project data
 o  Retrieving project data
 o  Retrieving project data
 o  Retrieving project data
 o  Retrieving project data
 o  Retrieving project data
 o  Retrieving project data
 o  Retrieving project data
 o  Retrieving project data
 o  Retrieving project data
 o  Retrieving project data
 o  Retrieving project data
 o  Retrieving project data
 o  Retrieving project data
 o  Retrieving project data
 o  Retrieving project data
 o  Retrieving project data
 o  Retrieving project data
 o  Retrieving project data
 o  Retrieving project data
 o  Retrieving project data
 o  Retrieving project data
 o  Retrieving project data
 o  Retrieving project data
 o  Retrieving project data
 o  Retrieving project data
 o  Retrieving project data
 o  Retrieving project data
 o  Retrieving project data
 o  Retrieving project data
 o  Retrieving project data
 o  Retrieving project data
 o  Retrieving project data
 o  Retrieving project data
 o  Retrieving project data
 o  Retrieving project data
 o  Retrieving project data
 o  Retrieving project data
 o  Retrieving project data
 o  Retrieving project data
 o  Retrieving project data
 o  Retrieving project data
 o  Retrieving project data
 o  Retrieving project data
 o  Retrieving project data
 o  Retrieving project data
 o  Retrieving project data
 o  Retrieving project data
 o  Retrieving project dataStart of evolution
  Evaluated 20 individuals
-- Generation 1 --
  Evaluated 9 individuals
  Min 974.3782721065959
  Max 148410775.12217838
  Avg 7439899.482147974
  Std 32340941.544378173
-- Generation 2 --
  Evaluated 15 individuals
  Min 934.92351633437
  Max 116195898.6720975
  Avg 5821852.632500412
  Std 25321543.9285789
-- Generation 3 --
  Evaluated 10 individuals
  Min 934.92351633437
  Max 13370.407464235997
  Avg 5416.549861819631
  Std 4075.5527985218537
-- Generation 4 --
  Evaluated 13 individuals
  Min 934.92351633437
  Max 3691.3209370730756
  Avg 2161.1479386343754
  Std 1356.9551403270154
-- Generation 5 --
  Evaluated 8 individuals
  Min 934.92351633437
  Max 9302.038196734922
  Avg 1353.2792503543972
  Std 1823.5703670440814
-- Generation 6 --
  Evaluated 15 individuals
  Min 934.92351633437
  Max 732198125.7377456
  Avg 36611248.79788427
  Std 159578573.85614493
-- Generation 7 --
  Evaluated 16 individuals
  Min 934.92351633437
  Max 934.92351633437
  Avg 934.9235163343695
  Std 2.8546580404464274e-05
-- Generation 8 --
  Evaluated 10 individuals
  Min 934.92351633437
  Max 732198125.7377456
  Avg 36610794.46422784
  Std 159578678.07517973
-- Generation 9 --
  Evaluated 16 individuals
  Min 934.92351633437
  Max 934.92351633437
  Avg 934.9235163343695
  Std 2.8546580404464274e-05
-- End of (successful) evolution --
Total evaluations: 112 

Best individual is [0.36493557 0.28559503 0.77283902 0.24875688], (934.92351633437,)
{'Total_evaluations': 112, 'Best_action': [0.36493557361826856, 0.28559502570132544, 0.7728390178330834, 0.24875687745922614], 'Minima': 934.92351633437}

 o  Retrieving project data
 o  Retrieving project data
 o  Retrieving project data
 o  Retrieving project data
 o  Retrieving project data
 o  Retrieving project data
 o  Retrieving project data
 o  Retrieving project data
 o  Retrieving project data
 o  Retrieving project data
 o  Retrieving project data
 o  Retrieving project data
 o  Retrieving project data
 o  Retrieving project data
 o  Retrieving project data
 o  Retrieving project data
 o  Retrieving project data
 o  Retrieving project data
 o  Retrieving project data
 o  Retrieving project data
 o  Retrieving project data
 o  Retrieving project data
 o  Retrieving project data
 o  Retrieving project data
 o  Retrieving project data
 o  Retrieving project data
 o  Retrieving project data
 o  Retrieving project data
 o  Retrieving project data
 o  Retrieving project data
 o  Retrieving project data
 o  Retrieving project data
 o  Retrieving project data
 o  Retrieving project data
 o  Retrieving project data
 o  Retrieving project data
 o  Retrieving project data
 o  Retrieving project data
 o  Retrieving project data
 o  Retrieving project data
 o  Retrieving project data
 o  Retrieving project data
 o  Retrieving project data
 o  Retrieving project data
 o  Retrieving project data
 o  Retrieving project data
 o  Retrieving project data
 o  Retrieving project data
 o  Retrieving project data
 o  Retrieving project data
 o  Retrieving project data
 o  Retrieving project data
 o  Retrieving project data
 o  Retrieving project data
 o  Retrieving project data
 o  Retrieving project data
 o  Retrieving project data
 o  Retrieving project data
 o  Retrieving project data
 o  Retrieving project data
 o  Retrieving project data
 o  Retrieving project data
 o  Retrieving project data
 o  Retrieving project data
 o  Retrieving project data
 o  Retrieving project data
 o  Retrieving project data
 o  Retrieving project data
 o  Retrieving project data
 o  Retrieving project data
 o  Retrieving project data
 o  Retrieving project data
 o  Retrieving project data
 o  Retrieving project data
 o  Retrieving project data
 o  Retrieving project data
 o  Retrieving project data
 o  Retrieving project data
 o  Retrieving project data
 o  Retrieving project data
 o  Retrieving project data
 o  Retrieving project data
 o  Retrieving project data
 o  Retrieving project data
 o  Retrieving project data
 o  Retrieving project data
 o  Retrieving project data
 o  Retrieving project data
 o  Retrieving project data
 o  Retrieving project data
 o  Retrieving project data
 o  Retrieving project data
 o  Retrieving project data
 o  Retrieving project data
 o  Retrieving project data
 o  Retrieving project data
 o  Retrieving project data
 o  Retrieving project data
 o  Retrieving project data
 o  Retrieving project data
 o  Retrieving project data
 o  Retrieving project data
 o  Retrieving project data
 o  Retrieving project data
 o  Retrieving project data
 o  Retrieving project data
 o  Retrieving project data
 o  Retrieving project data
 o  Retrieving project data
 o  Retrieving project data
 o  Retrieving project data
 o  Retrieving project data
 o  Retrieving project data
 o  Retrieving project data
 o  Retrieving project data
 o  Retrieving project data
 o  Retrieving project data
 o  Retrieving project data
 o  Retrieving project data
 o  Retrieving project data
 o  Retrieving project data
 o  Retrieving project data
 o  Retrieving project data
 o  Retrieving project data
 o  Retrieving project data
 o  Retrieving project data
 o  Retrieving project data
 o  Retrieving project data
 o  Retrieving project data
 o  Retrieving project data
 o  Retrieving project data
 o  Retrieving project dataStart of evolution
  Evaluated 20 individuals
-- Generation 1 --
  Evaluated 14 individuals
  Min 4345.585343225708
  Max 51483.68437090959
  Avg 17781.282003758617
  Std 11282.690346051544
-- Generation 2 --
  Evaluated 11 individuals
  Min 231.86353414107185
  Max 19128.079862612423
  Avg 9628.145371861516
  Std 5085.197754752669
-- Generation 3 --
  Evaluated 9 individuals
  Min 231.86353414107185
  Max 3268698.9205165156
  Avg 169336.14025343806
  Std 711052.7158964787
-- Generation 4 --
  Evaluated 14 individuals
  Min 231.86353414107185
  Max 10487.691407898266
  Avg 3728.51184975117
  Std 2989.0436291724172
-- Generation 5 --
  Evaluated 15 individuals
  Min 231.86353414107185
  Max 4368.582558834765
  Avg 1502.64506895913
  Std 1866.489845491877
-- Generation 6 --
  Evaluated 13 individuals
  Min 231.86353414107185
  Max 723080076.2430836
  Avg 36154429.940753266
  Std 157591551.2635021
-- Generation 7 --
  Evaluated 12 individuals
  Min 231.86353414107185
  Max 231.86353414107185
  Avg 231.86353414107185
  Std 3.814697265625e-06
-- Generation 8 --
  Evaluated 12 individuals
  Min 231.86353414107185
  Max 231.86353414107185
  Avg 231.86353414107185
  Std 3.814697265625e-06
-- Generation 9 --
  Evaluated 12 individuals
  Min 231.86353414107185
  Max 9466.453358906001
  Avg 693.5930253793183
  Std 2012.632191559966
-- End of (successful) evolution --
Total evaluations: 112 

Best individual is [0.28902201 0.49149343 0.70274069 0.28012077], (231.86353414107185,)
{'Total_evaluations': 112, 'Best_action': [0.2890220114627572, 0.4914934262609598, 0.7027406899254907, 0.2801207722188702], 'Minima': 231.86353414107185}

 o  Retrieving project data
 o  Retrieving project data
 o  Retrieving project data
 o  Retrieving project data
 o  Retrieving project data
 o  Retrieving project data
 o  Retrieving project data
 o  Retrieving project data
 o  Retrieving project data
 o  Retrieving project data
 o  Retrieving project data
 o  Retrieving project data
 o  Retrieving project data
 o  Retrieving project data
 o  Retrieving project data
 o  Retrieving project data
 o  Retrieving project data
 o  Retrieving project data
 o  Retrieving project data
 o  Retrieving project data
 o  Retrieving project data
 o  Retrieving project data
 o  Retrieving project data
 o  Retrieving project data
 o  Retrieving project data
 o  Retrieving project data
 o  Retrieving project data
 o  Retrieving project data
 o  Retrieving project data
 o  Retrieving project data
 o  Retrieving project data
 o  Retrieving project data
 o  Retrieving project data
 o  Retrieving project data
 o  Retrieving project data
 o  Retrieving project data
 o  Retrieving project data
 o  Retrieving project data
 o  Retrieving project data
 o  Retrieving project data
 o  Retrieving project data
 o  Retrieving project data
 o  Retrieving project data
 o  Retrieving project data
 o  Retrieving project data
 o  Retrieving project data
 o  Retrieving project data
 o  Retrieving project data
 o  Retrieving project data
 o  Retrieving project data
 o  Retrieving project data
 o  Retrieving project data
 o  Retrieving project data
 o  Retrieving project data
 o  Retrieving project data
 o  Retrieving project data
 o  Retrieving project data
 o  Retrieving project data
 o  Retrieving project data
 o  Retrieving project data
 o  Retrieving project data
 o  Retrieving project data
 o  Retrieving project data
 o  Retrieving project data
 o  Retrieving project data
 o  Retrieving project data
 o  Retrieving project data
 o  Retrieving project data
 o  Retrieving project data
 o  Retrieving project data
 o  Retrieving project data
 o  Retrieving project data
 o  Retrieving project data
 o  Retrieving project data
 o  Retrieving project data
 o  Retrieving project data
 o  Retrieving project data
 o  Retrieving project data
 o  Retrieving project data
 o  Retrieving project data
 o  Retrieving project data
 o  Retrieving project data
 o  Retrieving project data
 o  Retrieving project data
 o  Retrieving project data
 o  Retrieving project data
 o  Retrieving project data
 o  Retrieving project data
 o  Retrieving project data
 o  Retrieving project data
 o  Retrieving project data
 o  Retrieving project data
 o  Retrieving project data
 o  Retrieving project data
 o  Retrieving project data
 o  Retrieving project data
 o  Retrieving project data
 o  Retrieving project data
 o  Retrieving project data
 o  Retrieving project data
 o  Retrieving project data
 o  Retrieving project data
 o  Retrieving project data
 o  Retrieving project data
 o  Retrieving project data
 o  Retrieving project data
 o  Retrieving project data
 o  Retrieving project data
 o  Retrieving project data
 o  Retrieving project data
 o  Retrieving project data
 o  Retrieving project data
 o  Retrieving project data
 o  Retrieving project data
 o  Retrieving project data
 o  Retrieving project data
 o  Retrieving project data
 o  Retrieving project data
 o  Retrieving project data
 o  Retrieving project data
 o  Retrieving project dataStart of evolution
  Evaluated 20 individuals
-- Generation 1 --
  Evaluated 6 individuals
  Min 2594.143982740496
  Max 154799375.09280744
  Avg 7757609.120225856
  Std 33733696.89691238
-- Generation 2 --
  Evaluated 11 individuals
  Min 2594.143982740496
  Max 24390.274754010614
  Avg 8813.068299993658
  Std 7485.265940028835
-- Generation 3 --
  Evaluated 14 individuals
  Min 2594.143982740496
  Max 20727.699866230094
  Avg 3881.2557637623904
  Std 3953.7044691333313
-- Generation 4 --
  Evaluated 10 individuals
  Min 2594.143982740496
  Max 2826.094407667226
  Avg 2605.741503986833
  Std 50.55242310835745
-- Generation 5 --
  Evaluated 12 individuals
  Min 2594.143982740496
  Max 9173.983211803677
  Avg 2923.1359441936556
  Std 1434.0427132115492
-- Generation 6 --
  Evaluated 18 individuals
  Min 2594.143982740496
  Max 184176777.92731628
  Avg 9211303.333149416
  Std 40139832.75603192
-- Generation 7 --
  Evaluated 10 individuals
  Min 2594.143982740496
  Max 2594.143982740496
  Avg 2594.1439827404965
  Std 3.0517578125e-05
-- Generation 8 --
  Evaluated 10 individuals
  Min 2594.143982740496
  Max 2594.143982740496
  Avg 2594.1439827404965
  Std 3.0517578125e-05
-- Generation 9 --
  Evaluated 10 individuals
  Min 2594.143982740496
  Max 2594.143982740496
  Avg 2594.1439827404965
  Std 3.0517578125e-05
-- End of (successful) evolution --
Total evaluations: 101 

Best individual is [0.3095911  0.65749795 0.31504263 0.17081906], (2594.143982740496,)
{'Total_evaluations': 101, 'Best_action': [0.3095911020130483, 0.6574979454744762, 0.3150426334907629, 0.1708190570453798], 'Minima': 2594.143982740496}

 o  Retrieving project data
 o  Retrieving project data
 o  Retrieving project data
 o  Retrieving project data
 o  Retrieving project data
 o  Retrieving project data
 o  Retrieving project data
 o  Retrieving project data
 o  Retrieving project data
 o  Retrieving project data
 o  Retrieving project data
 o  Retrieving project data
 o  Retrieving project data
 o  Retrieving project data
 o  Retrieving project data
 o  Retrieving project data
 o  Retrieving project data
 o  Retrieving project data
 o  Retrieving project data
 o  Retrieving project data
 o  Retrieving project data
 o  Retrieving project data
 o  Retrieving project data
 o  Retrieving project data
 o  Retrieving project data
 o  Retrieving project data
 o  Retrieving project data
 o  Retrieving project data
 o  Retrieving project data
 o  Retrieving project data
 o  Retrieving project data
 o  Retrieving project data
 o  Retrieving project data
 o  Retrieving project data
 o  Retrieving project data
 o  Retrieving project data
 o  Retrieving project data
 o  Retrieving project data
 o  Retrieving project data
 o  Retrieving project data
 o  Retrieving project data
 o  Retrieving project data
 o  Retrieving project data
 o  Retrieving project data
 o  Retrieving project data
 o  Retrieving project data
 o  Retrieving project data
 o  Retrieving project data
 o  Retrieving project data
 o  Retrieving project data
 o  Retrieving project data
 o  Retrieving project data
 o  Retrieving project data
 o  Retrieving project data
 o  Retrieving project data
 o  Retrieving project data
 o  Retrieving project data
 o  Retrieving project data
 o  Retrieving project data
 o  Retrieving project data
 o  Retrieving project data
 o  Retrieving project data
 o  Retrieving project data
 o  Retrieving project data
 o  Retrieving project data
 o  Retrieving project data
 o  Retrieving project data
 o  Retrieving project data
 o  Retrieving project data
 o  Retrieving project data
 o  Retrieving project data
 o  Retrieving project data
 o  Retrieving project data
 o  Retrieving project data
 o  Retrieving project data
 o  Retrieving project data
 o  Retrieving project data
 o  Retrieving project data
 o  Retrieving project data
 o  Retrieving project data
 o  Retrieving project data
 o  Retrieving project data
 o  Retrieving project data
 o  Retrieving project data
 o  Retrieving project data
 o  Retrieving project data
 o  Retrieving project data
 o  Retrieving project data
 o  Retrieving project data
 o  Retrieving project data
 o  Retrieving project data
 o  Retrieving project data
 o  Retrieving project data
 o  Retrieving project data
 o  Retrieving project data
 o  Retrieving project data
 o  Retrieving project data
 o  Retrieving project data
 o  Retrieving project data
 o  Retrieving project data
 o  Retrieving project data
 o  Retrieving project data
 o  Retrieving project data
 o  Retrieving project data
 o  Retrieving project data
 o  Retrieving project data
 o  Retrieving project data
 o  Retrieving project data
 o  Retrieving project data
 o  Retrieving project data
 o  Retrieving project data
 o  Retrieving project data
 o  Retrieving project data
 o  Retrieving project data
 o  Retrieving project data
 o  Retrieving project data
 o  Retrieving project data
 o  Retrieving project data
 o  Retrieving project data
 o  Retrieving project data
 o  Retrieving project data
 o  Retrieving project data
 o  Retrieving project data
 o  Retrieving project data
 o  Retrieving project data
 o  Retrieving project data
 o  Retrieving project data
 o  Retrieving project data
 o  Retrieving project data
 o  Retrieving project data
 o  Retrieving project data
 o  Retrieving project data
 o  Retrieving project data
 o  Retrieving project data
 o  Retrieving project data
 o  Retrieving project data
 o  Retrieving project data
 o  Retrieving project data
 o  Retrieving project dataStart of evolution
  Evaluated 20 individuals
-- Generation 1 --
  Evaluated 15 individuals
  Min 349.40238592892763
  Max 38193.921703199405
  Avg 12369.97828801111
  Std 11846.321224450205
-- Generation 2 --
  Evaluated 10 individuals
  Min 135.97226606952535
  Max 15518.370868446378
  Avg 3078.135307814279
  Std 5109.464024172848
-- Generation 3 --
  Evaluated 17 individuals
  Min 135.97226606952535
  Max 9281.073752477409
  Avg 785.314448263382
  Std 1949.6143117846636
-- Generation 4 --
  Evaluated 11 individuals
  Min 135.97226606952535
  Max 248879862.04200193
  Avg 12444271.676836763
  Std 54242044.47682124
-- Generation 5 --
  Evaluated 11 individuals
  Min 135.97226606952535
  Max 9111.118706199715
  Avg 659.4301300268262
  Std 1941.5452328937552
-- Generation 6 --
  Evaluated 15 individuals
  Min 135.97226606952535
  Max 9470.246053930048
  Avg 1062.1147834620315
  Std 2743.8355812087425
-- Generation 7 --
  Evaluated 12 individuals
  Min 135.97226606952535
  Max 135.97226606952535
  Avg 135.97226606952535
  Std 0.0
-- Generation 8 --
  Evaluated 17 individuals
  Min 135.97226606952535
  Max 135.97226606952535
  Avg 135.97226606952535
  Std 0.0
-- Generation 9 --
  Evaluated 11 individuals
  Min 135.97226606952535
  Max 247149221.41828716
  Avg 12358039.001889134
  Std 53864791.455813944
-- End of (successful) evolution --
Total evaluations: 119 

Best individual is [0.32189266 0.34353993 0.57488192 0.28706985], (135.97226606952535,)
{'Total_evaluations': 119, 'Best_action': [0.32189266387100013, 0.34353992959635427, 0.5748819213611984, 0.2870698498646653], 'Minima': 135.97226606952535}

 o  Retrieving project data
 o  Retrieving project data
 o  Retrieving project data
 o  Retrieving project data
 o  Retrieving project data
 o  Retrieving project data
 o  Retrieving project data
 o  Retrieving project data
 o  Retrieving project data
 o  Retrieving project data
 o  Retrieving project data
 o  Retrieving project data
 o  Retrieving project data
 o  Retrieving project data
 o  Retrieving project data
 o  Retrieving project data
 o  Retrieving project data
 o  Retrieving project data
 o  Retrieving project data
 o  Retrieving project data
 o  Retrieving project data
 o  Retrieving project data
 o  Retrieving project data
 o  Retrieving project data
 o  Retrieving project data
 o  Retrieving project data
 o  Retrieving project data
 o  Retrieving project data
 o  Retrieving project data
 o  Retrieving project data
 o  Retrieving project data
 o  Retrieving project data
 o  Retrieving project data
 o  Retrieving project data
 o  Retrieving project data
 o  Retrieving project data
 o  Retrieving project data
 o  Retrieving project data
 o  Retrieving project data
 o  Retrieving project data
 o  Retrieving project data
 o  Retrieving project data
 o  Retrieving project data
 o  Retrieving project data
 o  Retrieving project data
 o  Retrieving project data
 o  Retrieving project data
 o  Retrieving project data
 o  Retrieving project data
 o  Retrieving project data
 o  Retrieving project data
 o  Retrieving project data
 o  Retrieving project data
 o  Retrieving project data
 o  Retrieving project data
 o  Retrieving project data
 o  Retrieving project data
 o  Retrieving project data
 o  Retrieving project data
 o  Retrieving project data
 o  Retrieving project data
 o  Retrieving project data
 o  Retrieving project data
 o  Retrieving project data
 o  Retrieving project data
 o  Retrieving project data
 o  Retrieving project data
 o  Retrieving project data
 o  Retrieving project data
 o  Retrieving project data
 o  Retrieving project data
 o  Retrieving project data
 o  Retrieving project data
 o  Retrieving project data
 o  Retrieving project data
 o  Retrieving project data
 o  Retrieving project data
 o  Retrieving project data
 o  Retrieving project data
 o  Retrieving project data
 o  Retrieving project data
 o  Retrieving project data
 o  Retrieving project data
 o  Retrieving project data
 o  Retrieving project data
 o  Retrieving project data
 o  Retrieving project data
 o  Retrieving project data
 o  Retrieving project data
 o  Retrieving project data
 o  Retrieving project data
 o  Retrieving project data
 o  Retrieving project data
 o  Retrieving project data
 o  Retrieving project data
 o  Retrieving project data
 o  Retrieving project data
 o  Retrieving project data
 o  Retrieving project data
 o  Retrieving project data
 o  Retrieving project data
 o  Retrieving project data
 o  Retrieving project data
 o  Retrieving project data
 o  Retrieving project data
 o  Retrieving project data
 o  Retrieving project data
 o  Retrieving project data
 o  Retrieving project data
 o  Retrieving project data
 o  Retrieving project data
 o  Retrieving project data
 o  Retrieving project data
 o  Retrieving project data
 o  Retrieving project data
 o  Retrieving project data
 o  Retrieving project data
 o  Retrieving project data
 o  Retrieving project data
 o  Retrieving project data
 o  Retrieving project data
 o  Retrieving project data
 o  Retrieving project data
 o  Retrieving project data
 o  Retrieving project data
 o  Retrieving project dataStart of evolution
  Evaluated 20 individuals
-- Generation 1 --
  Evaluated 9 individuals
  Min 13301.715456617538
  Max 41059.64003623606
  Avg 21014.241866091284
  Std 8330.489574345527
-- Generation 2 --
  Evaluated 13 individuals
  Min 13301.715456617538
  Max 19196.68506630876
  Avg 15135.525622411316
  Std 2087.940696142998
-- Generation 3 --
  Evaluated 16 individuals
  Min 13301.715456617538
  Max 16499.28795677469
  Avg 13780.655041827917
  Std 902.4373087750366
-- Generation 4 --
  Evaluated 12 individuals
  Min 12985.173354893432
  Max 13552.246103472535
  Avg 13300.923605497843
  Std 90.95862803778755
-- Generation 5 --
  Evaluated 10 individuals
  Min 12181.349180984615
  Max 13301.715456617538
  Avg 13150.734512318657
  Std 264.6232315702862
-- Generation 6 --
  Evaluated 14 individuals
  Min 12181.349180984615
  Max 18562.75300799271
  Avg 13214.12793972037
  Std 1367.7761621992859
-- Generation 7 --
  Evaluated 9 individuals
  Min 12181.349180984615
  Max 15628.795463519364
  Avg 12563.925570419455
  Std 781.7438501773789
-- Generation 8 --
  Evaluated 11 individuals
  Min 12181.349180984615
  Max 12985.173354893432
  Avg 12221.54038968005
  Std 175.189417122406
-- Generation 9 --
  Evaluated 12 individuals
  Min 12181.349180984615
  Max 12366.309817602634
  Avg 12190.59721281551
  Std 40.31123617837793
-- End of (successful) evolution --
Total evaluations: 106 

Best individual is [0.04394594 0.8989037  0.14080616 0.        ], (12181.349180984615,)
{'Total_evaluations': 106, 'Best_action': [0.0439459403114657, 0.8989037025446236, 0.14080616321107475, 0.0], 'Minima': 12181.349180984615}

 o  Retrieving project data
 o  Retrieving project data
 o  Retrieving project data
 o  Retrieving project data
 o  Retrieving project data
 o  Retrieving project data
 o  Retrieving project data
 o  Retrieving project data
 o  Retrieving project data
 o  Retrieving project data
 o  Retrieving project data
 o  Retrieving project data
 o  Retrieving project data
 o  Retrieving project data
 o  Retrieving project data
 o  Retrieving project data
 o  Retrieving project data
 o  Retrieving project data
 o  Retrieving project data
 o  Retrieving project data
 o  Retrieving project data
 o  Retrieving project data
 o  Retrieving project data
 o  Retrieving project data
 o  Retrieving project data
 o  Retrieving project data
 o  Retrieving project data
 o  Retrieving project data
 o  Retrieving project data
 o  Retrieving project data
 o  Retrieving project data
 o  Retrieving project data
 o  Retrieving project data
 o  Retrieving project data
 o  Retrieving project data
 o  Retrieving project data
 o  Retrieving project data
 o  Retrieving project data
 o  Retrieving project data
 o  Retrieving project data
 o  Retrieving project data
 o  Retrieving project data
 o  Retrieving project data
 o  Retrieving project data
 o  Retrieving project data
 o  Retrieving project data
 o  Retrieving project data
 o  Retrieving project data
 o  Retrieving project data
 o  Retrieving project data
 o  Retrieving project data
 o  Retrieving project data
 o  Retrieving project data
 o  Retrieving project data
 o  Retrieving project data
 o  Retrieving project data
 o  Retrieving project data
 o  Retrieving project data
 o  Retrieving project data
 o  Retrieving project data
 o  Retrieving project data
 o  Retrieving project data
 o  Retrieving project data
 o  Retrieving project data
 o  Retrieving project data
 o  Retrieving project data
 o  Retrieving project data
 o  Retrieving project data
 o  Retrieving project data
 o  Retrieving project data
 o  Retrieving project data
 o  Retrieving project data
 o  Retrieving project data
 o  Retrieving project data
 o  Retrieving project data
 o  Retrieving project data
 o  Retrieving project data
 o  Retrieving project data
 o  Retrieving project data
 o  Retrieving project data
 o  Retrieving project data
 o  Retrieving project data
 o  Retrieving project data
 o  Retrieving project data
 o  Retrieving project data
 o  Retrieving project data
 o  Retrieving project data
 o  Retrieving project data
 o  Retrieving project data
 o  Retrieving project data
 o  Retrieving project data
 o  Retrieving project data
 o  Retrieving project data
 o  Retrieving project data
 o  Retrieving project data
 o  Retrieving project data
 o  Retrieving project data
 o  Retrieving project data
 o  Retrieving project data
 o  Retrieving project data
 o  Retrieving project data
 o  Retrieving project data
 o  Retrieving project data
 o  Retrieving project data
 o  Retrieving project data
 o  Retrieving project data
 o  Retrieving project data
 o  Retrieving project data
 o  Retrieving project data
 o  Retrieving project data
 o  Retrieving project data
 o  Retrieving project data
 o  Retrieving project data
 o  Retrieving project data
 o  Retrieving project data
 o  Retrieving project data
 o  Retrieving project data
 o  Retrieving project data
 o  Retrieving project data
 o  Retrieving project data
 o  Retrieving project data
 o  Retrieving project data
 o  Retrieving project data
 o  Retrieving project data
 o  Retrieving project data
 o  Retrieving project data
 o  Retrieving project data
 o  Retrieving project data
 o  Retrieving project data
 o  Retrieving project data
 o  Retrieving project data
 o  Retrieving project data
 o  Retrieving project data
 o  Retrieving project data
 o  Retrieving project data
 o  Retrieving project data
 o  Retrieving project data
 o  Retrieving project data
 o  Retrieving project data
 o  Retrieving project data
 o  Retrieving project data
 o  Retrieving project data
 o  Retrieving project dataStart of evolution
  Evaluated 20 individuals
-- Generation 1 --
  Evaluated 12 individuals
  Min 5530.938780505937
  Max 20615297.31323524
  Avg 1050749.7626321346
  Std 4488432.589558663
-- Generation 2 --
  Evaluated 15 individuals
  Min 2947.75165787902
  Max 18503.392190619208
  Avg 10432.972769565991
  Std 4251.389465998372
-- Generation 3 --
  Evaluated 11 individuals
  Min 2947.75165787902
  Max 237609025.25052825
  Avg 11886608.015425608
  Std 51784274.040201604
-- Generation 4 --
  Evaluated 15 individuals
  Min 1099.1680056107803
  Max 9122.602973818786
  Avg 5230.341284309995
  Std 1988.5311262683138
-- Generation 5 --
  Evaluated 15 individuals
  Min 2947.75165787902
  Max 4187199.077616647
  Avg 213451.9115171309
  Std 911640.9891230159
-- Generation 6 --
  Evaluated 15 individuals
  Min 2947.75165787902
  Max 5530.938780505937
  Avg 3335.2297262730585
  Std 922.3822976886796
-- Generation 7 --
  Evaluated 16 individuals
  Min 2947.75165787902
  Max 2947.75165787902
  Avg 2947.7516578790214
  Std 8.631674575031098e-05
-- Generation 8 --
  Evaluated 12 individuals
  Min 2947.75165787902
  Max 2947.75165787902
  Avg 2947.7516578790214
  Std 8.631674575031098e-05
-- Generation 9 --
  Evaluated 12 individuals
  Min 2947.75165787902
  Max 2947.75165787902
  Avg 2947.7516578790214
  Std 8.631674575031098e-05
-- End of (successful) evolution --
Total evaluations: 123 

Best individual is [0.33149894 0.90052572 0.50042018 0.14549471], (2947.75165787902,)
{'Total_evaluations': 123, 'Best_action': [0.3314989438529946, 0.9005257213761646, 0.5004201805933018, 0.14549470838836331], 'Minima': 2947.75165787902}

 o  Retrieving project data
 o  Retrieving project data
 o  Retrieving project data
 o  Retrieving project data
 o  Retrieving project data
 o  Retrieving project data
 o  Retrieving project data
 o  Retrieving project data
 o  Retrieving project data
 o  Retrieving project data
 o  Retrieving project data
 o  Retrieving project data
 o  Retrieving project data
 o  Retrieving project data
 o  Retrieving project data
 o  Retrieving project data
 o  Retrieving project data
 o  Retrieving project data
 o  Retrieving project data
 o  Retrieving project data
 o  Retrieving project data
 o  Retrieving project data
 o  Retrieving project data
 o  Retrieving project data
 o  Retrieving project data
 o  Retrieving project data
 o  Retrieving project data
 o  Retrieving project data
 o  Retrieving project data
 o  Retrieving project data
 o  Retrieving project data
 o  Retrieving project data
 o  Retrieving project data
 o  Retrieving project data
 o  Retrieving project data
 o  Retrieving project data
 o  Retrieving project data
 o  Retrieving project data
 o  Retrieving project data
 o  Retrieving project data
 o  Retrieving project data
 o  Retrieving project data
 o  Retrieving project data
 o  Retrieving project data
 o  Retrieving project data
 o  Retrieving project data
 o  Retrieving project data
 o  Retrieving project data
 o  Retrieving project data
 o  Retrieving project data
 o  Retrieving project data
 o  Retrieving project data
 o  Retrieving project data
 o  Retrieving project data
 o  Retrieving project data
 o  Retrieving project data
 o  Retrieving project data
 o  Retrieving project data
 o  Retrieving project data
 o  Retrieving project data
 o  Retrieving project data
 o  Retrieving project data
 o  Retrieving project data
 o  Retrieving project data
 o  Retrieving project data
 o  Retrieving project data
 o  Retrieving project data
 o  Retrieving project data
 o  Retrieving project data
 o  Retrieving project data
 o  Retrieving project data
 o  Retrieving project data
 o  Retrieving project data
 o  Retrieving project data
 o  Retrieving project data
 o  Retrieving project data
 o  Retrieving project data
 o  Retrieving project data
 o  Retrieving project data
 o  Retrieving project data
 o  Retrieving project data
 o  Retrieving project data
 o  Retrieving project data
 o  Retrieving project data
 o  Retrieving project data
 o  Retrieving project data
 o  Retrieving project data
 o  Retrieving project data
 o  Retrieving project data
 o  Retrieving project data
 o  Retrieving project data
 o  Retrieving project data
 o  Retrieving project data
 o  Retrieving project data
 o  Retrieving project data
 o  Retrieving project data
 o  Retrieving project data
 o  Retrieving project data
 o  Retrieving project data
 o  Retrieving project data
 o  Retrieving project data
 o  Retrieving project data
 o  Retrieving project data
 o  Retrieving project data
 o  Retrieving project data
 o  Retrieving project data
 o  Retrieving project data
 o  Retrieving project data
 o  Retrieving project data
 o  Retrieving project data
 o  Retrieving project data
 o  Retrieving project data
 o  Retrieving project data
 o  Retrieving project data
 o  Retrieving project data
 o  Retrieving project data
 o  Retrieving project data
 o  Retrieving project data
 o  Retrieving project data
 o  Retrieving project data
 o  Retrieving project data
 o  Retrieving project data
 o  Retrieving project data
 o  Retrieving project data
 o  Retrieving project dataStart of evolution
  Evaluated 20 individuals
-- Generation 1 --
  Evaluated 13 individuals
  Min 2244.3762784399346
  Max 450699151.80776185
  Avg 22546068.579447776
  Std 98225053.95971659
-- Generation 2 --
  Evaluated 12 individuals
  Min 2244.3762784399346
  Max 14500.426465361681
  Avg 8348.143491750616
  Std 2048.477201779836
-- Generation 3 --
  Evaluated 9 individuals
  Min 2244.3762784399346
  Max 14900.68918612193
  Avg 7521.483677208533
  Std 2767.743518298222
-- Generation 4 --
  Evaluated 12 individuals
  Min 2244.3762784399346
  Max 9950.028718580961
  Avg 5129.371006554158
  Std 3045.529082731767
-- Generation 5 --
  Evaluated 15 individuals
  Min 2244.3762784399346
  Max 15821.2280425877
  Avg 3673.207728476552
  Std 3199.5795637765264
-- Generation 6 --
  Evaluated 14 individuals
  Min 2244.3762784399346
  Max 732806267.529003
  Avg 36642841.51072678
  Std 159710843.28312826
-- Generation 7 --
  Evaluated 12 individuals
  Min 2244.3762784399346
  Max 2244.3762784399346
  Avg 2244.3762784399346
  Std 4.315837287515549e-05
-- Generation 8 --
  Evaluated 9 individuals
  Min 2244.3762784399346
  Max 9110.750816567275
  Avg 2587.695005346302
  Std 1496.4916360098891
-- Generation 9 --
  Evaluated 9 individuals
  Min 2244.3762784399346
  Max 249355540.67989147
  Avg 12469909.191459086
  Std 54345290.991310164
-- End of (successful) evolution --
Total evaluations: 105 

Best individual is [0.25183013 0.37113018 0.45883289 0.32773967], (2244.3762784399346,)
{'Total_evaluations': 105, 'Best_action': [0.2518301330261564, 0.37113018338099735, 0.45883289278811046, 0.32773966562001533], 'Minima': 2244.3762784399346}

 o  Retrieving project data
 o  Retrieving project data
 o  Retrieving project data
 o  Retrieving project data
 o  Retrieving project data
 o  Retrieving project data
 o  Retrieving project data
 o  Retrieving project data
 o  Retrieving project data
 o  Retrieving project data
 o  Retrieving project data
 o  Retrieving project data
 o  Retrieving project data
 o  Retrieving project data
 o  Retrieving project data
 o  Retrieving project data
 o  Retrieving project data
 o  Retrieving project data
 o  Retrieving project data
 o  Retrieving project data
 o  Retrieving project data
 o  Retrieving project data
 o  Retrieving project data
 o  Retrieving project data
 o  Retrieving project data
 o  Retrieving project data
 o  Retrieving project data
 o  Retrieving project data
 o  Retrieving project data
 o  Retrieving project data
 o  Retrieving project data
 o  Retrieving project data
 o  Retrieving project data
 o  Retrieving project data
 o  Retrieving project data
 o  Retrieving project data
 o  Retrieving project data
 o  Retrieving project data
 o  Retrieving project data
 o  Retrieving project data
 o  Retrieving project data
 o  Retrieving project data
 o  Retrieving project data
 o  Retrieving project data
 o  Retrieving project data
 o  Retrieving project data
 o  Retrieving project data
 o  Retrieving project data
 o  Retrieving project data
 o  Retrieving project data
 o  Retrieving project data
 o  Retrieving project data
 o  Retrieving project data
 o  Retrieving project data
 o  Retrieving project data
 o  Retrieving project data
 o  Retrieving project data
 o  Retrieving project data
 o  Retrieving project data
 o  Retrieving project data
 o  Retrieving project data
 o  Retrieving project data
 o  Retrieving project data
 o  Retrieving project data
 o  Retrieving project data
 o  Retrieving project data
 o  Retrieving project data
 o  Retrieving project data
 o  Retrieving project data
 o  Retrieving project data
 o  Retrieving project data
 o  Retrieving project data
 o  Retrieving project data
 o  Retrieving project data
 o  Retrieving project data
 o  Retrieving project data
 o  Retrieving project data
 o  Retrieving project data
 o  Retrieving project data
 o  Retrieving project data
 o  Retrieving project data
 o  Retrieving project data
 o  Retrieving project data
 o  Retrieving project data
 o  Retrieving project data
 o  Retrieving project data
 o  Retrieving project data
 o  Retrieving project data
 o  Retrieving project data
 o  Retrieving project data
 o  Retrieving project data
 o  Retrieving project data
 o  Retrieving project data
 o  Retrieving project data
 o  Retrieving project data
 o  Retrieving project data
 o  Retrieving project data
 o  Retrieving project data
 o  Retrieving project data
 o  Retrieving project data
 o  Retrieving project data
 o  Retrieving project data
 o  Retrieving project data
 o  Retrieving project data
 o  Retrieving project data
 o  Retrieving project data
 o  Retrieving project data
 o  Retrieving project data
 o  Retrieving project data
 o  Retrieving project data
 o  Retrieving project data
 o  Retrieving project data
 o  Retrieving project data
 o  Retrieving project data
 o  Retrieving project data
 o  Retrieving project dataStart of evolution
  Evaluated 20 individuals
-- Generation 1 --
  Evaluated 12 individuals
  Min 665.2277177210924
  Max 28212.712630163736
  Avg 9091.057395530213
  Std 8499.90531544467
-- Generation 2 --
  Evaluated 10 individuals
  Min 665.2277177210924
  Max 13139.138841994336
  Avg 3204.7021828653437
  Std 3151.5284353974807
-- Generation 3 --
  Evaluated 13 individuals
  Min 665.2277177210924
  Max 2765.0962154466124
  Avg 1452.3420284014003
  Std 967.53855745978
-- Generation 4 --
  Evaluated 9 individuals
  Min 665.2277177210924
  Max 9110.905006923836
  Avg 1370.782352332998
  Std 1899.0955648968816
-- Generation 5 --
  Evaluated 17 individuals
  Min 665.2277177210924
  Max 9569.237083329625
  Avg 1555.6286542819457
  Std 2671.202809682561
-- Generation 6 --
  Evaluated 10 individuals
  Min 665.2277177210924
  Max 9110.905006923836
  Avg 1087.5115821812299
  Std 1840.6926906695644
-- Generation 7 --
  Evaluated 5 individuals
  Min 665.2277177210924
  Max 248188931.93932268
  Avg 12410078.563297974
  Std 54091378.67842029
-- Generation 8 --
  Evaluated 6 individuals
  Min 665.2277177210924
  Max 665.2277177210924
  Avg 665.2277177210925
  Std 1.52587890625e-05
-- Generation 9 --
  Evaluated 14 individuals
  Min 665.2277177210924
  Max 9110.905006923836
  Avg 1087.5115821812299
  Std 1840.6926906695644
-- End of (successful) evolution --
Total evaluations: 96 

Best individual is [0.33613299 0.38740553 0.33117752 0.24193039], (665.2277177210924,)
{'Total_evaluations': 96, 'Best_action': [0.33613299372341865, 0.38740553125770816, 0.3311775159605297, 0.2419303892408725], 'Minima': 665.2277177210924}

 o  Retrieving project data
 o  Retrieving project data
 o  Retrieving project data
 o  Retrieving project data
 o  Retrieving project data
 o  Retrieving project data
 o  Retrieving project data
 o  Retrieving project data
 o  Retrieving project data
 o  Retrieving project data
 o  Retrieving project data
 o  Retrieving project data
 o  Retrieving project data
 o  Retrieving project data
 o  Retrieving project data
 o  Retrieving project data
 o  Retrieving project data
 o  Retrieving project data
 o  Retrieving project data
 o  Retrieving project data
 o  Retrieving project data
 o  Retrieving project data
 o  Retrieving project data
 o  Retrieving project data
 o  Retrieving project data
 o  Retrieving project data
 o  Retrieving project data
 o  Retrieving project data
 o  Retrieving project data
 o  Retrieving project data