
 o  Retrieving project data
 o  Retrieving project data
 o  Retrieving project data
 o  Retrieving project data
 o  Retrieving project data
 o  Retrieving project data
 o  Retrieving project data
 o  Retrieving project data
 o  Retrieving project data
 o  Retrieving project data
 o  Retrieving project data
 o  Retrieving project data
 o  Retrieving project data
 o  Retrieving project data
 o  Retrieving project data
 o  Retrieving project data
 o  Retrieving project data
 o  Retrieving project data
 o  Retrieving project data
 o  Retrieving project data
 o  Retrieving project data
 o  Retrieving project data
 o  Retrieving project data
 o  Retrieving project data
 o  Retrieving project data
 o  Retrieving project data
 o  Retrieving project data
 o  Retrieving project data
 o  Retrieving project data
 o  Retrieving project datanum acquisition: 1, time elapsed: 46.86s
num acquisition: 2, time elapsed: 93.12s
num acquisition: 3, time elapsed: 139.74s
num acquisition: 4, time elapsed: 186.00s
num acquisition: 5, time elapsed: 232.74s
num acquisition: 6, time elapsed: 278.71s
num acquisition: 7, time elapsed: 325.73s
num acquisition: 8, time elapsed: 372.19s
num acquisition: 9, time elapsed: 418.88s
num acquisition: 10, time elapsed: 466.02s
num acquisition: 11, time elapsed: 512.64s
num acquisition: 12, time elapsed: 559.42s
num acquisition: 13, time elapsed: 605.86s
num acquisition: 14, time elapsed: 652.05s
num acquisition: 15, time elapsed: 697.79s
num acquisition: 16, time elapsed: 743.62s
num acquisition: 17, time elapsed: 789.37s
num acquisition: 18, time elapsed: 835.13s
num acquisition: 19, time elapsed: 880.97s
num acquisition: 20, time elapsed: 931.11s
num acquisition: 21, time elapsed: 976.95s
num acquisition: 22, time elapsed: 1022.97s
num acquisition: 23, time elapsed: 1068.99s
num acquisition: 24, time elapsed: 1115.15s
Model Saved, num acquisition 25
num acquisition: 25, time elapsed: 1160.92s

 o  Retrieving project data
 o  Retrieving project data
 o  Retrieving project data
 o  Retrieving project data
 o  Retrieving project data
 o  Retrieving project data
 o  Retrieving project data
 o  Retrieving project data
 o  Retrieving project data
 o  Retrieving project data
 o  Retrieving project data
 o  Retrieving project data
 o  Retrieving project data
 o  Retrieving project data
 o  Retrieving project data
 o  Retrieving project data
 o  Retrieving project data
 o  Retrieving project data
 o  Retrieving project data
 o  Retrieving project data
 o  Retrieving project data
 o  Retrieving project data
 o  Retrieving project data
 o  Retrieving project data
 o  Retrieving project data
 o  Retrieving project data
 o  Retrieving project data
 o  Retrieving project data
 o  Retrieving project data
 o  Retrieving project datanum acquisition: 1, time elapsed: 50.90s
num acquisition: 2, time elapsed: 103.98s
num acquisition: 3, time elapsed: 148.82s
num acquisition: 4, time elapsed: 201.39s
num acquisition: 5, time elapsed: 255.53s
num acquisition: 6, time elapsed: 300.42s
num acquisition: 7, time elapsed: 354.19s
num acquisition: 8, time elapsed: 398.76s
num acquisition: 9, time elapsed: 445.00s
num acquisition: 10, time elapsed: 498.20s
num acquisition: 11, time elapsed: 543.80s
num acquisition: 12, time elapsed: 588.48s
num acquisition: 13, time elapsed: 635.10s
num acquisition: 14, time elapsed: 680.56s
num acquisition: 15, time elapsed: 725.49s
num acquisition: 16, time elapsed: 770.78s
num acquisition: 17, time elapsed: 815.95s
num acquisition: 18, time elapsed: 867.99s
num acquisition: 19, time elapsed: 913.08s
num acquisition: 20, time elapsed: 966.75s
num acquisition: 21, time elapsed: 1012.11s
num acquisition: 22, time elapsed: 1057.23s
num acquisition: 23, time elapsed: 1112.17s
num acquisition: 24, time elapsed: 1157.44s
Model Saved, num acquisition 25
num acquisition: 25, time elapsed: 1210.03s

 o  Retrieving project data
 o  Retrieving project data
 o  Retrieving project data
 o  Retrieving project data
 o  Retrieving project data
 o  Retrieving project data
 o  Retrieving project data
 o  Retrieving project data
 o  Retrieving project data
 o  Retrieving project data
 o  Retrieving project data
 o  Retrieving project data
 o  Retrieving project data
 o  Retrieving project data
 o  Retrieving project data
 o  Retrieving project data
 o  Retrieving project data
 o  Retrieving project data
 o  Retrieving project data
 o  Retrieving project data
 o  Retrieving project data
 o  Retrieving project data
 o  Retrieving project data
 o  Retrieving project data
 o  Retrieving project data
 o  Retrieving project data
 o  Retrieving project data
 o  Retrieving project data
 o  Retrieving project data
 o  Retrieving project datanum acquisition: 1, time elapsed: 47.01s
num acquisition: 2, time elapsed: 92.22s
num acquisition: 3, time elapsed: 148.12s
num acquisition: 4, time elapsed: 203.19s
num acquisition: 5, time elapsed: 248.20s
num acquisition: 6, time elapsed: 293.27s
num acquisition: 7, time elapsed: 348.59s
num acquisition: 8, time elapsed: 401.37s
num acquisition: 9, time elapsed: 446.53s
num acquisition: 10, time elapsed: 500.06s
num acquisition: 11, time elapsed: 552.06s
num acquisition: 12, time elapsed: 597.45s
num acquisition: 13, time elapsed: 642.45s
num acquisition: 14, time elapsed: 696.65s
num acquisition: 15, time elapsed: 742.01s
num acquisition: 16, time elapsed: 787.00s
num acquisition: 17, time elapsed: 832.03s
num acquisition: 18, time elapsed: 877.00s
num acquisition: 19, time elapsed: 932.21s
num acquisition: 20, time elapsed: 977.27s
num acquisition: 21, time elapsed: 1022.84s
num acquisition: 22, time elapsed: 1076.16s
num acquisition: 23, time elapsed: 1130.33s
num acquisition: 24, time elapsed: 1183.13s
Model Saved, num acquisition 25
num acquisition: 25, time elapsed: 1237.57s

 o  Retrieving project data
 o  Retrieving project data
 o  Retrieving project data
 o  Retrieving project data
 o  Retrieving project data
 o  Retrieving project data
 o  Retrieving project data
 o  Retrieving project data
 o  Retrieving project data
 o  Retrieving project data
 o  Retrieving project data
 o  Retrieving project data
 o  Retrieving project data
 o  Retrieving project data
 o  Retrieving project data
 o  Retrieving project data
 o  Retrieving project data
 o  Retrieving project data
 o  Retrieving project data
 o  Retrieving project data
 o  Retrieving project data
 o  Retrieving project data
 o  Retrieving project data
 o  Retrieving project data
 o  Retrieving project data
 o  Retrieving project data
 o  Retrieving project data
 o  Retrieving project data
 o  Retrieving project data
 o  Retrieving project datanum acquisition: 1, time elapsed: 48.85s
num acquisition: 2, time elapsed: 102.12s
num acquisition: 3, time elapsed: 157.91s
num acquisition: 4, time elapsed: 204.77s
num acquisition: 5, time elapsed: 251.54s
num acquisition: 6, time elapsed: 297.07s
num acquisition: 7, time elapsed: 342.56s
num acquisition: 8, time elapsed: 394.53s
num acquisition: 9, time elapsed: 447.77s
num acquisition: 10, time elapsed: 494.59s
num acquisition: 11, time elapsed: 540.07s
num acquisition: 12, time elapsed: 585.74s
num acquisition: 13, time elapsed: 637.43s
num acquisition: 14, time elapsed: 682.68s
num acquisition: 15, time elapsed: 728.21s
num acquisition: 16, time elapsed: 784.14s
num acquisition: 17, time elapsed: 836.10s
num acquisition: 18, time elapsed: 881.36s
num acquisition: 19, time elapsed: 927.05s
num acquisition: 20, time elapsed: 980.64s
num acquisition: 21, time elapsed: 1026.23s
num acquisition: 22, time elapsed: 1079.75s
num acquisition: 23, time elapsed: 1133.92s
num acquisition: 24, time elapsed: 1184.77s
Model Saved, num acquisition 25
num acquisition: 25, time elapsed: 1230.91s

 o  Retrieving project data
 o  Retrieving project data
 o  Retrieving project data
 o  Retrieving project data
 o  Retrieving project data
 o  Retrieving project data
 o  Retrieving project data
 o  Retrieving project data
 o  Retrieving project data
 o  Retrieving project data
 o  Retrieving project data
 o  Retrieving project data
 o  Retrieving project data
 o  Retrieving project data
 o  Retrieving project data
 o  Retrieving project data
 o  Retrieving project data
 o  Retrieving project data
 o  Retrieving project data
 o  Retrieving project data
 o  Retrieving project data
 o  Retrieving project data
 o  Retrieving project data
 o  Retrieving project data
 o  Retrieving project data
 o  Retrieving project data
 o  Retrieving project data
 o  Retrieving project data
 o  Retrieving project data
 o  Retrieving project datanum acquisition: 1, time elapsed: 48.83s
num acquisition: 2, time elapsed: 99.28s
num acquisition: 3, time elapsed: 149.92s
num acquisition: 4, time elapsed: 200.65s
num acquisition: 5, time elapsed: 251.14s
num acquisition: 6, time elapsed: 300.81s
num acquisition: 7, time elapsed: 346.26s
num acquisition: 8, time elapsed: 394.08s
num acquisition: 9, time elapsed: 443.24s
num acquisition: 10, time elapsed: 489.53s
num acquisition: 11, time elapsed: 540.40s
num acquisition: 12, time elapsed: 587.06s
num acquisition: 13, time elapsed: 633.13s
num acquisition: 14, time elapsed: 678.95s
num acquisition: 15, time elapsed: 725.03s
num acquisition: 16, time elapsed: 774.90s
num acquisition: 17, time elapsed: 821.51s
num acquisition: 18, time elapsed: 867.71s
num acquisition: 19, time elapsed: 918.48s
num acquisition: 20, time elapsed: 963.85s
num acquisition: 21, time elapsed: 1009.56s
num acquisition: 22, time elapsed: 1055.56s
num acquisition: 23, time elapsed: 1105.24s
num acquisition: 24, time elapsed: 1151.09s
Model Saved, num acquisition 25
num acquisition: 25, time elapsed: 1196.88s

 o  Retrieving project data
 o  Retrieving project data
 o  Retrieving project data
 o  Retrieving project data
 o  Retrieving project data
 o  Retrieving project data
 o  Retrieving project data
 o  Retrieving project data
 o  Retrieving project data
 o  Retrieving project data
 o  Retrieving project data
 o  Retrieving project data
 o  Retrieving project data
 o  Retrieving project data
 o  Retrieving project data
 o  Retrieving project data
 o  Retrieving project data
 o  Retrieving project data
 o  Retrieving project data
 o  Retrieving project data
 o  Retrieving project data
 o  Retrieving project data
 o  Retrieving project data
 o  Retrieving project data
 o  Retrieving project data
 o  Retrieving project data
 o  Retrieving project data
 o  Retrieving project data
 o  Retrieving project data
 o  Retrieving project datanum acquisition: 1, time elapsed: 44.96s
num acquisition: 2, time elapsed: 90.18s
num acquisition: 3, time elapsed: 137.93s
num acquisition: 4, time elapsed: 191.59s
num acquisition: 5, time elapsed: 238.52s
num acquisition: 6, time elapsed: 293.04s
num acquisition: 7, time elapsed: 349.79s
num acquisition: 8, time elapsed: 395.82s
num acquisition: 9, time elapsed: 441.42s
num acquisition: 10, time elapsed: 487.34s
num acquisition: 11, time elapsed: 535.28s
num acquisition: 12, time elapsed: 582.29s
num acquisition: 13, time elapsed: 629.72s
num acquisition: 14, time elapsed: 683.78s
num acquisition: 15, time elapsed: 730.25s
num acquisition: 16, time elapsed: 786.68s
num acquisition: 17, time elapsed: 833.99s
num acquisition: 18, time elapsed: 880.02s
num acquisition: 19, time elapsed: 926.10s
num acquisition: 20, time elapsed: 980.62s
num acquisition: 21, time elapsed: 1026.56s
num acquisition: 22, time elapsed: 1074.77s
num acquisition: 23, time elapsed: 1128.65s
num acquisition: 24, time elapsed: 1174.42s
Model Saved, num acquisition 25
num acquisition: 25, time elapsed: 1220.21s

 o  Retrieving project data
 o  Retrieving project data
 o  Retrieving project data
 o  Retrieving project data
 o  Retrieving project data
 o  Retrieving project data
 o  Retrieving project data
 o  Retrieving project data
 o  Retrieving project data
 o  Retrieving project data
 o  Retrieving project data
 o  Retrieving project data
 o  Retrieving project data
 o  Retrieving project data
 o  Retrieving project data
 o  Retrieving project data
 o  Retrieving project data
 o  Retrieving project data
 o  Retrieving project data
 o  Retrieving project data
 o  Retrieving project data
 o  Retrieving project data
 o  Retrieving project data
 o  Retrieving project data
 o  Retrieving project data
 o  Retrieving project data
 o  Retrieving project data
 o  Retrieving project data
 o  Retrieving project data
 o  Retrieving project datanum acquisition: 1, time elapsed: 48.11s
num acquisition: 2, time elapsed: 94.69s
num acquisition: 3, time elapsed: 149.31s
num acquisition: 4, time elapsed: 195.23s
num acquisition: 5, time elapsed: 240.75s
num acquisition: 6, time elapsed: 296.46s
num acquisition: 7, time elapsed: 342.18s
num acquisition: 8, time elapsed: 387.76s
num acquisition: 9, time elapsed: 433.33s
num acquisition: 10, time elapsed: 478.75s
num acquisition: 11, time elapsed: 524.22s
num acquisition: 12, time elapsed: 572.58s
num acquisition: 13, time elapsed: 619.80s
num acquisition: 14, time elapsed: 666.12s
num acquisition: 15, time elapsed: 712.01s
num acquisition: 16, time elapsed: 757.79s
num acquisition: 17, time elapsed: 808.66s
num acquisition: 18, time elapsed: 853.53s
num acquisition: 19, time elapsed: 897.69s
num acquisition: 20, time elapsed: 943.88s
num acquisition: 21, time elapsed: 991.01s
num acquisition: 22, time elapsed: 1045.07s
num acquisition: 23, time elapsed: 1093.79s
num acquisition: 24, time elapsed: 1140.65s
Model Saved, num acquisition 25
num acquisition: 25, time elapsed: 1187.08s

 o  Retrieving project data
 o  Retrieving project data
 o  Retrieving project data
 o  Retrieving project data
 o  Retrieving project data
 o  Retrieving project data
 o  Retrieving project data
 o  Retrieving project data
 o  Retrieving project data
 o  Retrieving project data
 o  Retrieving project data
 o  Retrieving project data
 o  Retrieving project data
 o  Retrieving project data
 o  Retrieving project data
 o  Retrieving project data
 o  Retrieving project data
 o  Retrieving project data
 o  Retrieving project data
 o  Retrieving project data
 o  Retrieving project data
 o  Retrieving project data
 o  Retrieving project data
 o  Retrieving project data
 o  Retrieving project data
 o  Retrieving project data
 o  Retrieving project data
 o  Retrieving project data
 o  Retrieving project data
 o  Retrieving project datanum acquisition: 1, time elapsed: 46.47s
num acquisition: 2, time elapsed: 98.97s
num acquisition: 3, time elapsed: 151.39s
num acquisition: 4, time elapsed: 195.51s
num acquisition: 5, time elapsed: 247.28s
num acquisition: 6, time elapsed: 291.00s
num acquisition: 7, time elapsed: 334.87s
num acquisition: 8, time elapsed: 378.56s
num acquisition: 9, time elapsed: 422.37s
num acquisition: 10, time elapsed: 473.29s
num acquisition: 11, time elapsed: 521.74s
num acquisition: 12, time elapsed: 573.81s
num acquisition: 13, time elapsed: 626.79s
num acquisition: 14, time elapsed: 670.66s
num acquisition: 15, time elapsed: 716.37s
num acquisition: 16, time elapsed: 760.95s
num acquisition: 17, time elapsed: 807.61s
num acquisition: 18, time elapsed: 856.41s
num acquisition: 19, time elapsed: 900.65s
num acquisition: 20, time elapsed: 952.31s
num acquisition: 21, time elapsed: 1004.94s
num acquisition: 22, time elapsed: 1049.67s
num acquisition: 23, time elapsed: 1094.13s
num acquisition: 24, time elapsed: 1147.06s
Model Saved, num acquisition 25
num acquisition: 25, time elapsed: 1199.08s

 o  Retrieving project data
 o  Retrieving project data
 o  Retrieving project data
 o  Retrieving project data
 o  Retrieving project data
 o  Retrieving project data
 o  Retrieving project data
 o  Retrieving project data
 o  Retrieving project data
 o  Retrieving project data
 o  Retrieving project data
 o  Retrieving project data
 o  Retrieving project data
 o  Retrieving project data
 o  Retrieving project data
 o  Retrieving project data
 o  Retrieving project data
 o  Retrieving project data
 o  Retrieving project data
 o  Retrieving project data
 o  Retrieving project data
 o  Retrieving project data
 o  Retrieving project data
 o  Retrieving project data
 o  Retrieving project data
 o  Retrieving project data
 o  Retrieving project data
 o  Retrieving project data
 o  Retrieving project data
 o  Retrieving project datanum acquisition: 1, time elapsed: 44.60s
num acquisition: 2, time elapsed: 88.77s
num acquisition: 3, time elapsed: 133.01s
num acquisition: 4, time elapsed: 179.13s
num acquisition: 5, time elapsed: 223.55s
num acquisition: 6, time elapsed: 267.94s
num acquisition: 7, time elapsed: 312.64s
num acquisition: 8, time elapsed: 357.69s
num acquisition: 9, time elapsed: 403.90s
num acquisition: 10, time elapsed: 448.37s
num acquisition: 11, time elapsed: 493.04s
num acquisition: 12, time elapsed: 539.82s
num acquisition: 13, time elapsed: 594.00s
num acquisition: 14, time elapsed: 638.73s
num acquisition: 15, time elapsed: 683.57s
num acquisition: 16, time elapsed: 728.13s
num acquisition: 17, time elapsed: 772.88s
num acquisition: 18, time elapsed: 818.45s
num acquisition: 19, time elapsed: 864.49s
num acquisition: 20, time elapsed: 909.97s
num acquisition: 21, time elapsed: 955.54s
num acquisition: 22, time elapsed: 1001.26s
num acquisition: 23, time elapsed: 1047.08s
num acquisition: 24, time elapsed: 1092.82s
Model Saved, num acquisition 25
num acquisition: 25, time elapsed: 1138.57s
Traceback (most recent call last):
  File "epsilon_baeopt_run.py", line 46, in <module>
    os.mkdir(save_path)
FileExistsError: [Errno 17] File exists: './674_25_GeneralizabilityEpsilon'
