
 o  Retrieving project data
 o  Retrieving project data
 o  Retrieving project data
 o  Retrieving project data
 o  Retrieving project data
 o  Retrieving project data
 o  Retrieving project data
 o  Retrieving project data
 o  Retrieving project data
 o  Retrieving project data
 o  Retrieving project data
 o  Retrieving project data
 o  Retrieving project data
 o  Retrieving project data
 o  Retrieving project data
 o  Retrieving project data
 o  Retrieving project data
 o  Retrieving project data
 o  Retrieving project data
 o  Retrieving project data
 o  Retrieving project data
 o  Retrieving project data
 o  Retrieving project data
 o  Retrieving project data
 o  Retrieving project data
 o  Retrieving project data
 o  Retrieving project data
 o  Retrieving project data
 o  Retrieving project data
 o  Retrieving project datanum acquisition: 1, time elapsed: 52.33s
num acquisition: 2, time elapsed: 103.60s
num acquisition: 3, time elapsed: 156.88s
num acquisition: 4, time elapsed: 209.50s
num acquisition: 5, time elapsed: 261.51s
num acquisition: 6, time elapsed: 315.92s
num acquisition: 7, time elapsed: 363.78s
num acquisition: 8, time elapsed: 412.12s
num acquisition: 9, time elapsed: 457.77s
num acquisition: 10, time elapsed: 507.11s
num acquisition: 11, time elapsed: 553.39s
num acquisition: 12, time elapsed: 605.80s
num acquisition: 13, time elapsed: 655.32s
num acquisition: 14, time elapsed: 707.91s
num acquisition: 15, time elapsed: 759.43s
num acquisition: 16, time elapsed: 811.88s
num acquisition: 17, time elapsed: 864.25s
num acquisition: 18, time elapsed: 921.39s
num acquisition: 19, time elapsed: 974.36s
num acquisition: 20, time elapsed: 1024.89s
num acquisition: 21, time elapsed: 1078.30s
num acquisition: 22, time elapsed: 1131.13s
num acquisition: 23, time elapsed: 1176.80s
num acquisition: 24, time elapsed: 1227.39s
Model Saved, num acquisition 25
num acquisition: 25, time elapsed: 1280.41s

 o  Retrieving project data
 o  Retrieving project data
 o  Retrieving project data
 o  Retrieving project data
 o  Retrieving project data
 o  Retrieving project data
 o  Retrieving project data
 o  Retrieving project data
 o  Retrieving project data
 o  Retrieving project data
 o  Retrieving project data
 o  Retrieving project data
 o  Retrieving project data
 o  Retrieving project data
 o  Retrieving project data
 o  Retrieving project data
 o  Retrieving project data
 o  Retrieving project data
 o  Retrieving project data
 o  Retrieving project data
 o  Retrieving project data
 o  Retrieving project data
 o  Retrieving project data
 o  Retrieving project data
 o  Retrieving project data
 o  Retrieving project data
 o  Retrieving project data
 o  Retrieving project data
 o  Retrieving project data
 o  Retrieving project datanum acquisition: 1, time elapsed: 43.41s
num acquisition: 2, time elapsed: 86.56s
num acquisition: 3, time elapsed: 140.96s
num acquisition: 4, time elapsed: 184.12s
num acquisition: 5, time elapsed: 227.34s
num acquisition: 6, time elapsed: 280.60s
num acquisition: 7, time elapsed: 333.44s
num acquisition: 8, time elapsed: 376.54s
num acquisition: 9, time elapsed: 419.72s
num acquisition: 10, time elapsed: 462.86s
num acquisition: 11, time elapsed: 506.10s
num acquisition: 12, time elapsed: 553.68s
num acquisition: 13, time elapsed: 599.71s
num acquisition: 14, time elapsed: 643.06s
num acquisition: 15, time elapsed: 686.42s
num acquisition: 16, time elapsed: 729.67s
num acquisition: 17, time elapsed: 781.34s
num acquisition: 18, time elapsed: 826.28s
num acquisition: 19, time elapsed: 878.14s
num acquisition: 20, time elapsed: 922.02s
num acquisition: 21, time elapsed: 965.59s
num acquisition: 22, time elapsed: 1019.08s
num acquisition: 23, time elapsed: 1071.56s
num acquisition: 24, time elapsed: 1124.06s
Model Saved, num acquisition 25
num acquisition: 25, time elapsed: 1175.66s

 o  Retrieving project data
 o  Retrieving project data
 o  Retrieving project data
 o  Retrieving project data
 o  Retrieving project data
 o  Retrieving project data
 o  Retrieving project data
 o  Retrieving project data
 o  Retrieving project data
 o  Retrieving project data
 o  Retrieving project data
 o  Retrieving project data
 o  Retrieving project data
 o  Retrieving project data
 o  Retrieving project data
 o  Retrieving project data
 o  Retrieving project data
 o  Retrieving project data
 o  Retrieving project data
 o  Retrieving project data
 o  Retrieving project data
 o  Retrieving project data
 o  Retrieving project data
 o  Retrieving project data
 o  Retrieving project data
 o  Retrieving project data
 o  Retrieving project data
 o  Retrieving project data
 o  Retrieving project data
 o  Retrieving project datanum acquisition: 1, time elapsed: 47.61s
num acquisition: 2, time elapsed: 91.10s
num acquisition: 3, time elapsed: 137.01s
num acquisition: 4, time elapsed: 188.34s
num acquisition: 5, time elapsed: 232.68s
num acquisition: 6, time elapsed: 276.26s
num acquisition: 7, time elapsed: 319.75s
num acquisition: 8, time elapsed: 364.78s
num acquisition: 9, time elapsed: 417.17s
num acquisition: 10, time elapsed: 472.76s
num acquisition: 11, time elapsed: 526.74s
num acquisition: 12, time elapsed: 579.28s
num acquisition: 13, time elapsed: 624.04s
num acquisition: 14, time elapsed: 667.32s
num acquisition: 15, time elapsed: 718.82s
num acquisition: 16, time elapsed: 762.15s
num acquisition: 17, time elapsed: 805.74s
num acquisition: 18, time elapsed: 849.45s
num acquisition: 19, time elapsed: 893.20s
num acquisition: 20, time elapsed: 947.50s
num acquisition: 21, time elapsed: 991.20s
num acquisition: 22, time elapsed: 1034.89s
num acquisition: 23, time elapsed: 1078.74s
num acquisition: 24, time elapsed: 1122.74s
Model Saved, num acquisition 25
num acquisition: 25, time elapsed: 1166.65s

 o  Retrieving project data
 o  Retrieving project data
 o  Retrieving project data
 o  Retrieving project data
 o  Retrieving project data
 o  Retrieving project data
 o  Retrieving project data
 o  Retrieving project data
 o  Retrieving project data
 o  Retrieving project data
 o  Retrieving project data
 o  Retrieving project data
 o  Retrieving project data
 o  Retrieving project data
 o  Retrieving project data
 o  Retrieving project data
 o  Retrieving project data
 o  Retrieving project data
 o  Retrieving project data
 o  Retrieving project data
 o  Retrieving project data
 o  Retrieving project data
 o  Retrieving project data
 o  Retrieving project data
 o  Retrieving project data
 o  Retrieving project data
 o  Retrieving project data
 o  Retrieving project data
 o  Retrieving project data
 o  Retrieving project datanum acquisition: 1, time elapsed: 53.46s
num acquisition: 2, time elapsed: 96.40s
num acquisition: 3, time elapsed: 139.02s
num acquisition: 4, time elapsed: 181.77s
num acquisition: 5, time elapsed: 232.40s
num acquisition: 6, time elapsed: 283.24s
num acquisition: 7, time elapsed: 331.95s
num acquisition: 8, time elapsed: 374.55s
num acquisition: 9, time elapsed: 417.32s
num acquisition: 10, time elapsed: 461.03s
num acquisition: 11, time elapsed: 514.19s
num acquisition: 12, time elapsed: 556.86s
num acquisition: 13, time elapsed: 599.12s
num acquisition: 14, time elapsed: 645.64s
num acquisition: 15, time elapsed: 698.25s
num acquisition: 16, time elapsed: 747.55s
num acquisition: 17, time elapsed: 800.66s
num acquisition: 18, time elapsed: 842.94s
num acquisition: 19, time elapsed: 887.79s
num acquisition: 20, time elapsed: 930.90s
num acquisition: 21, time elapsed: 973.68s
num acquisition: 22, time elapsed: 1016.35s
num acquisition: 23, time elapsed: 1059.17s
num acquisition: 24, time elapsed: 1101.56s
Model Saved, num acquisition 25
num acquisition: 25, time elapsed: 1145.69s

 o  Retrieving project data
 o  Retrieving project data
 o  Retrieving project data
 o  Retrieving project data
 o  Retrieving project data
 o  Retrieving project data
 o  Retrieving project data
 o  Retrieving project data
 o  Retrieving project data
 o  Retrieving project data
 o  Retrieving project data
 o  Retrieving project data
 o  Retrieving project data
 o  Retrieving project data
 o  Retrieving project data
 o  Retrieving project data
 o  Retrieving project data
 o  Retrieving project data
 o  Retrieving project data
 o  Retrieving project data
 o  Retrieving project data
 o  Retrieving project data
 o  Retrieving project data
 o  Retrieving project data
 o  Retrieving project data
 o  Retrieving project data
 o  Retrieving project data
 o  Retrieving project data
 o  Retrieving project data
 o  Retrieving project datanum acquisition: 1, time elapsed: 43.52s
num acquisition: 2, time elapsed: 87.46s
num acquisition: 3, time elapsed: 131.82s
num acquisition: 4, time elapsed: 175.80s
num acquisition: 5, time elapsed: 230.03s
num acquisition: 6, time elapsed: 273.37s
num acquisition: 7, time elapsed: 316.63s
num acquisition: 8, time elapsed: 360.67s
num acquisition: 9, time elapsed: 404.22s
num acquisition: 10, time elapsed: 447.83s
num acquisition: 11, time elapsed: 491.09s
num acquisition: 12, time elapsed: 534.54s
num acquisition: 13, time elapsed: 578.12s
num acquisition: 14, time elapsed: 621.94s
num acquisition: 15, time elapsed: 668.59s
num acquisition: 16, time elapsed: 711.99s
num acquisition: 17, time elapsed: 755.69s
num acquisition: 18, time elapsed: 799.12s
num acquisition: 19, time elapsed: 842.79s
num acquisition: 20, time elapsed: 888.01s
num acquisition: 21, time elapsed: 933.12s
num acquisition: 22, time elapsed: 976.65s
num acquisition: 23, time elapsed: 1020.10s
num acquisition: 24, time elapsed: 1063.44s
Model Saved, num acquisition 25
num acquisition: 25, time elapsed: 1107.70s

 o  Retrieving project data
 o  Retrieving project data
 o  Retrieving project data
 o  Retrieving project data
 o  Retrieving project data
 o  Retrieving project data
 o  Retrieving project data
 o  Retrieving project data
 o  Retrieving project data
 o  Retrieving project data
 o  Retrieving project data
 o  Retrieving project data
 o  Retrieving project data
 o  Retrieving project data
 o  Retrieving project data
 o  Retrieving project data
 o  Retrieving project data
 o  Retrieving project data
 o  Retrieving project data
 o  Retrieving project data
 o  Retrieving project data
 o  Retrieving project data
 o  Retrieving project data
 o  Retrieving project data
 o  Retrieving project data
 o  Retrieving project data
 o  Retrieving project data
 o  Retrieving project data
 o  Retrieving project data
 o  Retrieving project datanum acquisition: 1, time elapsed: 45.02s
num acquisition: 2, time elapsed: 91.40s
num acquisition: 3, time elapsed: 144.74s
num acquisition: 4, time elapsed: 198.20s
num acquisition: 5, time elapsed: 250.83s
num acquisition: 6, time elapsed: 304.21s
num acquisition: 7, time elapsed: 358.49s
num acquisition: 8, time elapsed: 412.20s
num acquisition: 9, time elapsed: 465.33s
num acquisition: 10, time elapsed: 517.91s
num acquisition: 11, time elapsed: 571.88s
num acquisition: 12, time elapsed: 615.80s
num acquisition: 13, time elapsed: 659.24s
num acquisition: 14, time elapsed: 703.67s
num acquisition: 15, time elapsed: 751.00s
num acquisition: 16, time elapsed: 804.21s
num acquisition: 17, time elapsed: 855.63s
num acquisition: 18, time elapsed: 899.44s
num acquisition: 19, time elapsed: 944.21s
num acquisition: 20, time elapsed: 987.86s
num acquisition: 21, time elapsed: 1031.71s
num acquisition: 22, time elapsed: 1075.28s
num acquisition: 23, time elapsed: 1120.17s
num acquisition: 24, time elapsed: 1164.33s
Model Saved, num acquisition 25
num acquisition: 25, time elapsed: 1211.01s

 o  Retrieving project data
 o  Retrieving project data
 o  Retrieving project data
 o  Retrieving project data
 o  Retrieving project data
 o  Retrieving project data
 o  Retrieving project data
 o  Retrieving project data
 o  Retrieving project data
 o  Retrieving project data
 o  Retrieving project data
 o  Retrieving project data
 o  Retrieving project data
 o  Retrieving project data
 o  Retrieving project data
 o  Retrieving project data
 o  Retrieving project data
 o  Retrieving project data
 o  Retrieving project data
 o  Retrieving project data
 o  Retrieving project data
 o  Retrieving project data
 o  Retrieving project data
 o  Retrieving project data
 o  Retrieving project data
 o  Retrieving project data
 o  Retrieving project data
 o  Retrieving project data
 o  Retrieving project data
 o  Retrieving project datanum acquisition: 1, time elapsed: 46.67s
num acquisition: 2, time elapsed: 98.28s
num acquisition: 3, time elapsed: 142.55s
num acquisition: 4, time elapsed: 187.74s
num acquisition: 5, time elapsed: 242.35s
num acquisition: 6, time elapsed: 287.32s
num acquisition: 7, time elapsed: 330.67s
num acquisition: 8, time elapsed: 376.29s
num acquisition: 9, time elapsed: 425.12s
num acquisition: 10, time elapsed: 468.78s
num acquisition: 11, time elapsed: 513.03s
num acquisition: 12, time elapsed: 556.40s
num acquisition: 13, time elapsed: 600.10s
num acquisition: 14, time elapsed: 643.55s
num acquisition: 15, time elapsed: 687.11s
num acquisition: 16, time elapsed: 730.43s
num acquisition: 17, time elapsed: 774.05s
num acquisition: 18, time elapsed: 817.75s
num acquisition: 19, time elapsed: 861.39s
num acquisition: 20, time elapsed: 905.35s
num acquisition: 21, time elapsed: 951.61s
num acquisition: 22, time elapsed: 994.49s
num acquisition: 23, time elapsed: 1037.52s
num acquisition: 24, time elapsed: 1086.98s
Model Saved, num acquisition 25
num acquisition: 25, time elapsed: 1129.92s

 o  Retrieving project data
 o  Retrieving project data
 o  Retrieving project data
 o  Retrieving project data
 o  Retrieving project data
 o  Retrieving project data
 o  Retrieving project data
 o  Retrieving project data
 o  Retrieving project data
 o  Retrieving project data
 o  Retrieving project data
 o  Retrieving project data
 o  Retrieving project data
 o  Retrieving project data
 o  Retrieving project data
 o  Retrieving project data
 o  Retrieving project data
 o  Retrieving project data
 o  Retrieving project data
 o  Retrieving project data
 o  Retrieving project data
 o  Retrieving project data
 o  Retrieving project data
 o  Retrieving project data
 o  Retrieving project data
 o  Retrieving project data
 o  Retrieving project data
 o  Retrieving project data
 o  Retrieving project data
 o  Retrieving project datanum acquisition: 1, time elapsed: 44.17s
num acquisition: 2, time elapsed: 87.56s
num acquisition: 3, time elapsed: 131.03s
num acquisition: 4, time elapsed: 173.85s
num acquisition: 5, time elapsed: 217.72s
num acquisition: 6, time elapsed: 271.02s
num acquisition: 7, time elapsed: 314.46s
num acquisition: 8, time elapsed: 367.21s
num acquisition: 9, time elapsed: 410.48s
num acquisition: 10, time elapsed: 453.48s
num acquisition: 11, time elapsed: 496.56s
num acquisition: 12, time elapsed: 538.81s
num acquisition: 13, time elapsed: 587.84s
num acquisition: 14, time elapsed: 631.09s
num acquisition: 15, time elapsed: 675.78s
num acquisition: 16, time elapsed: 718.57s
num acquisition: 17, time elapsed: 760.99s
num acquisition: 18, time elapsed: 803.39s
num acquisition: 19, time elapsed: 845.34s
num acquisition: 20, time elapsed: 888.19s
num acquisition: 21, time elapsed: 935.67s
num acquisition: 22, time elapsed: 978.47s
num acquisition: 23, time elapsed: 1021.35s
num acquisition: 24, time elapsed: 1064.33s
Model Saved, num acquisition 25
num acquisition: 25, time elapsed: 1107.16s

 o  Retrieving project data
 o  Retrieving project data
 o  Retrieving project data
 o  Retrieving project data
 o  Retrieving project data
 o  Retrieving project data
 o  Retrieving project data
 o  Retrieving project data
 o  Retrieving project data
 o  Retrieving project data
 o  Retrieving project data
 o  Retrieving project data
 o  Retrieving project data
 o  Retrieving project data
 o  Retrieving project data
 o  Retrieving project data
 o  Retrieving project data
 o  Retrieving project data
 o  Retrieving project data
 o  Retrieving project data
 o  Retrieving project data
 o  Retrieving project data
 o  Retrieving project data
 o  Retrieving project data
 o  Retrieving project data
 o  Retrieving project data
 o  Retrieving project data
 o  Retrieving project data
 o  Retrieving project data
 o  Retrieving project datanum acquisition: 1, time elapsed: 42.31s
num acquisition: 2, time elapsed: 84.38s
num acquisition: 3, time elapsed: 136.05s
num acquisition: 4, time elapsed: 178.68s
num acquisition: 5, time elapsed: 223.32s
num acquisition: 6, time elapsed: 272.32s
num acquisition: 7, time elapsed: 315.00s
num acquisition: 8, time elapsed: 366.31s
num acquisition: 9, time elapsed: 408.80s
num acquisition: 10, time elapsed: 451.14s
num acquisition: 11, time elapsed: 505.25s
num acquisition: 12, time elapsed: 556.31s
num acquisition: 13, time elapsed: 599.23s
num acquisition: 14, time elapsed: 649.34s
num acquisition: 15, time elapsed: 694.35s
num acquisition: 16, time elapsed: 738.70s
num acquisition: 17, time elapsed: 781.76s
num acquisition: 18, time elapsed: 833.12s
num acquisition: 19, time elapsed: 876.59s
num acquisition: 20, time elapsed: 926.92s
num acquisition: 21, time elapsed: 972.48s
num acquisition: 22, time elapsed: 1015.52s
num acquisition: 23, time elapsed: 1066.32s
num acquisition: 24, time elapsed: 1116.93s
Model Saved, num acquisition 25
num acquisition: 25, time elapsed: 1168.91s
Traceback (most recent call last):
  File "epsilon_baeopt_run.py", line 46, in <module>
    os.mkdir(save_path)
FileExistsError: [Errno 17] File exists: './274_25_GeneralizabilityEpsilon'
