
 o  Retrieving project data
 o  Retrieving project data
 o  Retrieving project data
 o  Retrieving project data
 o  Retrieving project data
 o  Retrieving project data
 o  Retrieving project data
 o  Retrieving project data
 o  Retrieving project data
 o  Retrieving project data
 o  Retrieving project data
 o  Retrieving project data
 o  Retrieving project data
 o  Retrieving project data
 o  Retrieving project data
 o  Retrieving project data
 o  Retrieving project data
 o  Retrieving project data
 o  Retrieving project data
 o  Retrieving project data
 o  Retrieving project data
 o  Retrieving project data
 o  Retrieving project data
 o  Retrieving project data
 o  Retrieving project data
 o  Retrieving project data
 o  Retrieving project data
 o  Retrieving project data
 o  Retrieving project data
 o  Retrieving project datanum acquisition: 1, time elapsed: 48.31s
num acquisition: 2, time elapsed: 99.27s
num acquisition: 3, time elapsed: 144.92s
num acquisition: 4, time elapsed: 184.94s
num acquisition: 5, time elapsed: 234.30s
num acquisition: 6, time elapsed: 286.85s
num acquisition: 7, time elapsed: 330.63s
num acquisition: 8, time elapsed: 375.93s
num acquisition: 9, time elapsed: 415.49s
num acquisition: 10, time elapsed: 455.07s
num acquisition: 11, time elapsed: 503.80s
num acquisition: 12, time elapsed: 548.81s
num acquisition: 13, time elapsed: 597.05s
num acquisition: 14, time elapsed: 644.85s
num acquisition: 15, time elapsed: 684.09s
num acquisition: 16, time elapsed: 726.38s
num acquisition: 17, time elapsed: 765.87s
num acquisition: 18, time elapsed: 814.10s
num acquisition: 19, time elapsed: 853.76s
num acquisition: 20, time elapsed: 893.74s
num acquisition: 21, time elapsed: 933.51s
num acquisition: 22, time elapsed: 973.40s
num acquisition: 23, time elapsed: 1013.12s
num acquisition: 24, time elapsed: 1053.33s
Model Saved, num acquisition 25
num acquisition: 25, time elapsed: 1093.15s

 o  Retrieving project data
 o  Retrieving project data
 o  Retrieving project data
 o  Retrieving project data
 o  Retrieving project data
 o  Retrieving project data
 o  Retrieving project data
 o  Retrieving project data
 o  Retrieving project data
 o  Retrieving project data
 o  Retrieving project data
 o  Retrieving project data
 o  Retrieving project data
 o  Retrieving project data
 o  Retrieving project data
 o  Retrieving project data
 o  Retrieving project data
 o  Retrieving project data
 o  Retrieving project data
 o  Retrieving project data
 o  Retrieving project data
 o  Retrieving project data
 o  Retrieving project data
 o  Retrieving project data
 o  Retrieving project data
 o  Retrieving project data
 o  Retrieving project data
 o  Retrieving project data
 o  Retrieving project data
 o  Retrieving project datanum acquisition: 1, time elapsed: 42.18s
num acquisition: 2, time elapsed: 87.96s
num acquisition: 3, time elapsed: 128.84s
num acquisition: 4, time elapsed: 178.00s
num acquisition: 5, time elapsed: 217.78s
num acquisition: 6, time elapsed: 257.65s
num acquisition: 7, time elapsed: 298.35s
num acquisition: 8, time elapsed: 338.10s
num acquisition: 9, time elapsed: 379.62s
num acquisition: 10, time elapsed: 421.24s
num acquisition: 11, time elapsed: 463.55s
num acquisition: 12, time elapsed: 511.75s
num acquisition: 13, time elapsed: 551.57s
num acquisition: 14, time elapsed: 591.29s
num acquisition: 15, time elapsed: 633.01s
num acquisition: 16, time elapsed: 672.87s
num acquisition: 17, time elapsed: 720.47s
num acquisition: 18, time elapsed: 767.82s
num acquisition: 19, time elapsed: 817.44s
num acquisition: 20, time elapsed: 857.45s
num acquisition: 21, time elapsed: 897.29s
num acquisition: 22, time elapsed: 946.48s
num acquisition: 23, time elapsed: 986.43s
num acquisition: 24, time elapsed: 1027.10s
Model Saved, num acquisition 25
num acquisition: 25, time elapsed: 1067.33s

 o  Retrieving project data
 o  Retrieving project data
 o  Retrieving project data
 o  Retrieving project data
 o  Retrieving project data
 o  Retrieving project data
 o  Retrieving project data
 o  Retrieving project data
 o  Retrieving project data
 o  Retrieving project data
 o  Retrieving project data
 o  Retrieving project data
 o  Retrieving project data
 o  Retrieving project data
 o  Retrieving project data
 o  Retrieving project data
 o  Retrieving project data
 o  Retrieving project data
 o  Retrieving project data
 o  Retrieving project data
 o  Retrieving project data
 o  Retrieving project data
 o  Retrieving project data
 o  Retrieving project data
 o  Retrieving project data
 o  Retrieving project data
 o  Retrieving project data
 o  Retrieving project data
 o  Retrieving project data
 o  Retrieving project datanum acquisition: 1, time elapsed: 40.36s
num acquisition: 2, time elapsed: 86.69s
num acquisition: 3, time elapsed: 127.82s
num acquisition: 4, time elapsed: 170.97s
num acquisition: 5, time elapsed: 212.57s
num acquisition: 6, time elapsed: 252.41s
num acquisition: 7, time elapsed: 293.83s
num acquisition: 8, time elapsed: 333.60s
num acquisition: 9, time elapsed: 373.45s
num acquisition: 10, time elapsed: 422.69s
num acquisition: 11, time elapsed: 465.33s
num acquisition: 12, time elapsed: 505.24s
num acquisition: 13, time elapsed: 545.80s
num acquisition: 14, time elapsed: 594.54s
num acquisition: 15, time elapsed: 644.88s
num acquisition: 16, time elapsed: 691.78s
num acquisition: 17, time elapsed: 732.10s
num acquisition: 18, time elapsed: 779.44s
num acquisition: 19, time elapsed: 820.57s
num acquisition: 20, time elapsed: 868.61s
num acquisition: 21, time elapsed: 908.71s
num acquisition: 22, time elapsed: 948.46s
num acquisition: 23, time elapsed: 988.21s
num acquisition: 24, time elapsed: 1027.95s
Model Saved, num acquisition 25
num acquisition: 25, time elapsed: 1078.58s

 o  Retrieving project data
 o  Retrieving project data
 o  Retrieving project data
 o  Retrieving project data
 o  Retrieving project data
 o  Retrieving project data
 o  Retrieving project data
 o  Retrieving project data
 o  Retrieving project data
 o  Retrieving project data
 o  Retrieving project data
 o  Retrieving project data
 o  Retrieving project data
 o  Retrieving project data
 o  Retrieving project data
 o  Retrieving project data
 o  Retrieving project data
 o  Retrieving project data
 o  Retrieving project data
 o  Retrieving project data
 o  Retrieving project data
 o  Retrieving project data
 o  Retrieving project data
 o  Retrieving project data
 o  Retrieving project data
 o  Retrieving project data
 o  Retrieving project data
 o  Retrieving project data
 o  Retrieving project data
 o  Retrieving project datanum acquisition: 1, time elapsed: 49.34s
num acquisition: 2, time elapsed: 98.24s
num acquisition: 3, time elapsed: 138.19s
num acquisition: 4, time elapsed: 184.82s
num acquisition: 5, time elapsed: 232.24s
num acquisition: 6, time elapsed: 280.07s
num acquisition: 7, time elapsed: 328.76s
num acquisition: 8, time elapsed: 374.31s
num acquisition: 9, time elapsed: 414.45s
num acquisition: 10, time elapsed: 462.48s
num acquisition: 11, time elapsed: 509.20s
num acquisition: 12, time elapsed: 557.41s
num acquisition: 13, time elapsed: 605.15s
num acquisition: 14, time elapsed: 652.41s
num acquisition: 15, time elapsed: 695.11s
num acquisition: 16, time elapsed: 734.90s
num acquisition: 17, time elapsed: 780.56s
num acquisition: 18, time elapsed: 827.34s
num acquisition: 19, time elapsed: 871.05s
num acquisition: 20, time elapsed: 911.19s
num acquisition: 21, time elapsed: 950.88s
num acquisition: 22, time elapsed: 992.16s
num acquisition: 23, time elapsed: 1032.24s
num acquisition: 24, time elapsed: 1081.01s
Model Saved, num acquisition 25
num acquisition: 25, time elapsed: 1130.51s

 o  Retrieving project data
 o  Retrieving project data
 o  Retrieving project data
 o  Retrieving project data
 o  Retrieving project data
 o  Retrieving project data
 o  Retrieving project data
 o  Retrieving project data
 o  Retrieving project data
 o  Retrieving project data
 o  Retrieving project data
 o  Retrieving project data
 o  Retrieving project data
 o  Retrieving project data
 o  Retrieving project data
 o  Retrieving project data
 o  Retrieving project data
 o  Retrieving project data
 o  Retrieving project data
 o  Retrieving project data
 o  Retrieving project data
 o  Retrieving project data
 o  Retrieving project data
 o  Retrieving project data
 o  Retrieving project data
 o  Retrieving project data
 o  Retrieving project data
 o  Retrieving project data
 o  Retrieving project data
 o  Retrieving project datanum acquisition: 1, time elapsed: 40.59s
num acquisition: 2, time elapsed: 90.12s
num acquisition: 3, time elapsed: 141.72s
num acquisition: 4, time elapsed: 189.15s
num acquisition: 5, time elapsed: 238.79s
num acquisition: 6, time elapsed: 280.21s
num acquisition: 7, time elapsed: 323.80s
num acquisition: 8, time elapsed: 363.76s
num acquisition: 9, time elapsed: 413.03s
num acquisition: 10, time elapsed: 462.68s
num acquisition: 11, time elapsed: 517.67s
num acquisition: 12, time elapsed: 568.02s
num acquisition: 13, time elapsed: 617.64s
num acquisition: 14, time elapsed: 666.91s
num acquisition: 15, time elapsed: 717.17s
num acquisition: 16, time elapsed: 767.52s
num acquisition: 17, time elapsed: 811.84s
num acquisition: 18, time elapsed: 861.13s
num acquisition: 19, time elapsed: 901.18s
num acquisition: 20, time elapsed: 952.06s
num acquisition: 21, time elapsed: 1000.10s
num acquisition: 22, time elapsed: 1054.16s
num acquisition: 23, time elapsed: 1094.05s
num acquisition: 24, time elapsed: 1134.25s
Model Saved, num acquisition 25
num acquisition: 25, time elapsed: 1183.49s

 o  Retrieving project data
 o  Retrieving project data
 o  Retrieving project data
 o  Retrieving project data
 o  Retrieving project data
 o  Retrieving project data
 o  Retrieving project data
 o  Retrieving project data
 o  Retrieving project data
 o  Retrieving project data
 o  Retrieving project data
 o  Retrieving project data
 o  Retrieving project data
 o  Retrieving project data
 o  Retrieving project data
 o  Retrieving project data
 o  Retrieving project data
 o  Retrieving project data
 o  Retrieving project data
 o  Retrieving project data
 o  Retrieving project data
 o  Retrieving project data
 o  Retrieving project data
 o  Retrieving project data
 o  Retrieving project data
 o  Retrieving project data
 o  Retrieving project data
 o  Retrieving project data
 o  Retrieving project data
 o  Retrieving project datanum acquisition: 1, time elapsed: 46.74s
num acquisition: 2, time elapsed: 86.91s
num acquisition: 3, time elapsed: 135.17s
num acquisition: 4, time elapsed: 175.49s
num acquisition: 5, time elapsed: 224.29s
num acquisition: 6, time elapsed: 263.96s
num acquisition: 7, time elapsed: 303.93s
num acquisition: 8, time elapsed: 343.65s
num acquisition: 9, time elapsed: 383.42s
num acquisition: 10, time elapsed: 430.67s
num acquisition: 11, time elapsed: 476.32s
num acquisition: 12, time elapsed: 523.99s
num acquisition: 13, time elapsed: 563.63s
num acquisition: 14, time elapsed: 610.92s
num acquisition: 15, time elapsed: 650.77s
num acquisition: 16, time elapsed: 699.48s
num acquisition: 17, time elapsed: 747.46s
num acquisition: 18, time elapsed: 787.22s
num acquisition: 19, time elapsed: 826.73s
num acquisition: 20, time elapsed: 875.04s
num acquisition: 21, time elapsed: 914.85s
num acquisition: 22, time elapsed: 954.63s
num acquisition: 23, time elapsed: 1000.83s
num acquisition: 24, time elapsed: 1048.20s
Model Saved, num acquisition 25
num acquisition: 25, time elapsed: 1087.94s

 o  Retrieving project data
 o  Retrieving project data
 o  Retrieving project data
 o  Retrieving project data
 o  Retrieving project data
 o  Retrieving project data
 o  Retrieving project data
 o  Retrieving project data
 o  Retrieving project data
 o  Retrieving project data
 o  Retrieving project data
 o  Retrieving project data
 o  Retrieving project data
 o  Retrieving project data
 o  Retrieving project data
 o  Retrieving project data
 o  Retrieving project data
 o  Retrieving project data
 o  Retrieving project data
 o  Retrieving project data
 o  Retrieving project data
 o  Retrieving project data
 o  Retrieving project data
 o  Retrieving project data
 o  Retrieving project data
 o  Retrieving project data
 o  Retrieving project data
 o  Retrieving project data
 o  Retrieving project data
 o  Retrieving project datanum acquisition: 1, time elapsed: 39.94s
num acquisition: 2, time elapsed: 80.79s
num acquisition: 3, time elapsed: 129.48s
num acquisition: 4, time elapsed: 169.26s
num acquisition: 5, time elapsed: 216.26s
num acquisition: 6, time elapsed: 256.46s
num acquisition: 7, time elapsed: 296.56s
num acquisition: 8, time elapsed: 336.50s
num acquisition: 9, time elapsed: 376.57s
num acquisition: 10, time elapsed: 416.58s
num acquisition: 11, time elapsed: 465.30s
num acquisition: 12, time elapsed: 505.61s
num acquisition: 13, time elapsed: 545.79s
num acquisition: 14, time elapsed: 585.96s
num acquisition: 15, time elapsed: 626.18s
num acquisition: 16, time elapsed: 674.70s
num acquisition: 17, time elapsed: 714.91s
num acquisition: 18, time elapsed: 763.37s
num acquisition: 19, time elapsed: 812.45s
num acquisition: 20, time elapsed: 859.77s
num acquisition: 21, time elapsed: 907.60s
num acquisition: 22, time elapsed: 956.77s
num acquisition: 23, time elapsed: 1005.32s
num acquisition: 24, time elapsed: 1045.57s
Model Saved, num acquisition 25
num acquisition: 25, time elapsed: 1087.01s

 o  Retrieving project data
 o  Retrieving project data
 o  Retrieving project data
 o  Retrieving project data
 o  Retrieving project data
 o  Retrieving project data
 o  Retrieving project data
 o  Retrieving project data
 o  Retrieving project data
 o  Retrieving project data
 o  Retrieving project data
 o  Retrieving project data
 o  Retrieving project data
 o  Retrieving project data
 o  Retrieving project data
 o  Retrieving project data
 o  Retrieving project data
 o  Retrieving project data
 o  Retrieving project data
 o  Retrieving project data
 o  Retrieving project data
 o  Retrieving project data
 o  Retrieving project data
 o  Retrieving project data
 o  Retrieving project data
 o  Retrieving project data
 o  Retrieving project data
 o  Retrieving project data
 o  Retrieving project data
 o  Retrieving project datanum acquisition: 1, time elapsed: 49.04s
num acquisition: 2, time elapsed: 90.33s
num acquisition: 3, time elapsed: 129.78s
num acquisition: 4, time elapsed: 169.51s
num acquisition: 5, time elapsed: 209.09s
num acquisition: 6, time elapsed: 248.64s
num acquisition: 7, time elapsed: 288.56s
num acquisition: 8, time elapsed: 331.23s
num acquisition: 9, time elapsed: 371.06s
num acquisition: 10, time elapsed: 410.88s
num acquisition: 11, time elapsed: 450.60s
num acquisition: 12, time elapsed: 490.27s
num acquisition: 13, time elapsed: 529.86s
num acquisition: 14, time elapsed: 569.58s
num acquisition: 15, time elapsed: 617.24s
num acquisition: 16, time elapsed: 658.20s
num acquisition: 17, time elapsed: 697.75s
num acquisition: 18, time elapsed: 737.38s
num acquisition: 19, time elapsed: 776.80s
num acquisition: 20, time elapsed: 816.49s
num acquisition: 21, time elapsed: 855.97s
num acquisition: 22, time elapsed: 895.74s
num acquisition: 23, time elapsed: 935.50s
num acquisition: 24, time elapsed: 975.38s
Model Saved, num acquisition 25
num acquisition: 25, time elapsed: 1015.22s

 o  Retrieving project data
 o  Retrieving project data
 o  Retrieving project data
 o  Retrieving project data
 o  Retrieving project data
 o  Retrieving project data
 o  Retrieving project data
 o  Retrieving project data
 o  Retrieving project data
 o  Retrieving project data
 o  Retrieving project data
 o  Retrieving project data
 o  Retrieving project data
 o  Retrieving project data
 o  Retrieving project data
 o  Retrieving project data
 o  Retrieving project data
 o  Retrieving project data
 o  Retrieving project data
 o  Retrieving project data
 o  Retrieving project data
 o  Retrieving project data
 o  Retrieving project data
 o  Retrieving project data
 o  Retrieving project data
 o  Retrieving project data
 o  Retrieving project data
 o  Retrieving project data
 o  Retrieving project data
 o  Retrieving project datanum acquisition: 1, time elapsed: 41.87s
num acquisition: 2, time elapsed: 81.44s
num acquisition: 3, time elapsed: 129.70s
num acquisition: 4, time elapsed: 168.95s
num acquisition: 5, time elapsed: 208.83s
num acquisition: 6, time elapsed: 247.50s
num acquisition: 7, time elapsed: 287.23s
num acquisition: 8, time elapsed: 327.22s
num acquisition: 9, time elapsed: 367.16s
num acquisition: 10, time elapsed: 407.09s
num acquisition: 11, time elapsed: 449.44s
num acquisition: 12, time elapsed: 491.36s
num acquisition: 13, time elapsed: 531.50s
num acquisition: 14, time elapsed: 571.25s
num acquisition: 15, time elapsed: 611.09s
num acquisition: 16, time elapsed: 660.36s
num acquisition: 17, time elapsed: 700.31s
num acquisition: 18, time elapsed: 741.84s
num acquisition: 19, time elapsed: 781.73s
num acquisition: 20, time elapsed: 822.00s
num acquisition: 21, time elapsed: 861.87s
num acquisition: 22, time elapsed: 903.44s
num acquisition: 23, time elapsed: 944.76s
num acquisition: 24, time elapsed: 984.71s
Model Saved, num acquisition 25
num acquisition: 25, time elapsed: 1032.33s
Traceback (most recent call last):
  File "epsilon_baeopt_run.py", line 46, in <module>
    os.mkdir(save_path)
FileExistsError: [Errno 17] File exists: './774_25_GeneralizabilityEpsilon'
