
 o  Retrieving project data
 o  Retrieving project data
 o  Retrieving project data
 o  Retrieving project data
 o  Retrieving project data
 o  Retrieving project data
 o  Retrieving project data
 o  Retrieving project data
 o  Retrieving project data
 o  Retrieving project data
 o  Retrieving project data
 o  Retrieving project data
 o  Retrieving project data
 o  Retrieving project data
 o  Retrieving project data
 o  Retrieving project data
 o  Retrieving project data
 o  Retrieving project data
 o  Retrieving project data
 o  Retrieving project data
 o  Retrieving project data
 o  Retrieving project data
 o  Retrieving project data
 o  Retrieving project data
 o  Retrieving project data
 o  Retrieving project data
 o  Retrieving project data
 o  Retrieving project data
 o  Retrieving project data
 o  Retrieving project datanum acquisition: 1, time elapsed: 39.41s
num acquisition: 2, time elapsed: 80.29s
num acquisition: 3, time elapsed: 121.31s
num acquisition: 4, time elapsed: 167.62s
num acquisition: 5, time elapsed: 208.52s
num acquisition: 6, time elapsed: 248.91s
num acquisition: 7, time elapsed: 296.17s
num acquisition: 8, time elapsed: 335.71s
num acquisition: 9, time elapsed: 382.49s
num acquisition: 10, time elapsed: 429.79s
num acquisition: 11, time elapsed: 476.60s
num acquisition: 12, time elapsed: 524.86s
num acquisition: 13, time elapsed: 564.46s
num acquisition: 14, time elapsed: 605.08s
num acquisition: 15, time elapsed: 647.64s
num acquisition: 16, time elapsed: 687.04s
num acquisition: 17, time elapsed: 728.15s
num acquisition: 18, time elapsed: 768.01s
num acquisition: 19, time elapsed: 807.64s
num acquisition: 20, time elapsed: 847.11s
num acquisition: 21, time elapsed: 886.67s
num acquisition: 22, time elapsed: 926.16s
num acquisition: 23, time elapsed: 965.49s
num acquisition: 24, time elapsed: 1005.13s
Model Saved, num acquisition 25
num acquisition: 25, time elapsed: 1045.33s

 o  Retrieving project data
 o  Retrieving project data
 o  Retrieving project data
 o  Retrieving project data
 o  Retrieving project data
 o  Retrieving project data
 o  Retrieving project data
 o  Retrieving project data
 o  Retrieving project data
 o  Retrieving project data
 o  Retrieving project data
 o  Retrieving project data
 o  Retrieving project data
 o  Retrieving project data
 o  Retrieving project data
 o  Retrieving project data
 o  Retrieving project data
 o  Retrieving project data
 o  Retrieving project data
 o  Retrieving project data
 o  Retrieving project data
 o  Retrieving project data
 o  Retrieving project data
 o  Retrieving project data
 o  Retrieving project data
 o  Retrieving project data
 o  Retrieving project data
 o  Retrieving project data
 o  Retrieving project data
 o  Retrieving project datanum acquisition: 1, time elapsed: 43.72s
num acquisition: 2, time elapsed: 89.71s
num acquisition: 3, time elapsed: 138.96s
num acquisition: 4, time elapsed: 185.35s
num acquisition: 5, time elapsed: 226.95s
num acquisition: 6, time elapsed: 266.62s
num acquisition: 7, time elapsed: 309.27s
num acquisition: 8, time elapsed: 359.29s
num acquisition: 9, time elapsed: 398.78s
num acquisition: 10, time elapsed: 438.16s
num acquisition: 11, time elapsed: 477.60s
num acquisition: 12, time elapsed: 524.56s
num acquisition: 13, time elapsed: 563.88s
num acquisition: 14, time elapsed: 604.36s
num acquisition: 15, time elapsed: 646.33s
num acquisition: 16, time elapsed: 685.65s
num acquisition: 17, time elapsed: 726.53s
num acquisition: 18, time elapsed: 765.95s
num acquisition: 19, time elapsed: 812.81s
num acquisition: 20, time elapsed: 852.18s
num acquisition: 21, time elapsed: 899.24s
num acquisition: 22, time elapsed: 938.79s
num acquisition: 23, time elapsed: 978.39s
num acquisition: 24, time elapsed: 1020.22s
Model Saved, num acquisition 25
num acquisition: 25, time elapsed: 1061.85s

 o  Retrieving project data
 o  Retrieving project data
 o  Retrieving project data
 o  Retrieving project data
 o  Retrieving project data
 o  Retrieving project data
 o  Retrieving project data
 o  Retrieving project data
 o  Retrieving project data
 o  Retrieving project data
 o  Retrieving project data
 o  Retrieving project data
 o  Retrieving project data
 o  Retrieving project data
 o  Retrieving project data
 o  Retrieving project data
 o  Retrieving project data
 o  Retrieving project data
 o  Retrieving project data
 o  Retrieving project data
 o  Retrieving project data
 o  Retrieving project data
 o  Retrieving project data
 o  Retrieving project data
 o  Retrieving project data
 o  Retrieving project data
 o  Retrieving project data
 o  Retrieving project data
 o  Retrieving project data
 o  Retrieving project datanum acquisition: 1, time elapsed: 41.91s
num acquisition: 2, time elapsed: 84.92s
num acquisition: 3, time elapsed: 124.37s
num acquisition: 4, time elapsed: 171.74s
num acquisition: 5, time elapsed: 211.32s
num acquisition: 6, time elapsed: 250.70s
num acquisition: 7, time elapsed: 291.84s
num acquisition: 8, time elapsed: 331.14s
num acquisition: 9, time elapsed: 374.88s
num acquisition: 10, time elapsed: 414.46s
num acquisition: 11, time elapsed: 461.54s
num acquisition: 12, time elapsed: 509.54s
num acquisition: 13, time elapsed: 556.47s
num acquisition: 14, time elapsed: 595.83s
num acquisition: 15, time elapsed: 643.12s
num acquisition: 16, time elapsed: 690.76s
num acquisition: 17, time elapsed: 730.54s
num acquisition: 18, time elapsed: 769.97s
num acquisition: 19, time elapsed: 809.48s
num acquisition: 20, time elapsed: 849.85s
num acquisition: 21, time elapsed: 897.21s
num acquisition: 22, time elapsed: 937.60s
num acquisition: 23, time elapsed: 981.28s
num acquisition: 24, time elapsed: 1020.91s
Model Saved, num acquisition 25
num acquisition: 25, time elapsed: 1060.46s

 o  Retrieving project data
 o  Retrieving project data
 o  Retrieving project data
 o  Retrieving project data
 o  Retrieving project data
 o  Retrieving project data
 o  Retrieving project data
 o  Retrieving project data
 o  Retrieving project data
 o  Retrieving project data
 o  Retrieving project data
 o  Retrieving project data
 o  Retrieving project data
 o  Retrieving project data
 o  Retrieving project data
 o  Retrieving project data
 o  Retrieving project data
 o  Retrieving project data
 o  Retrieving project data
 o  Retrieving project data
 o  Retrieving project data
 o  Retrieving project data
 o  Retrieving project data
 o  Retrieving project data
 o  Retrieving project data
 o  Retrieving project data
 o  Retrieving project data
 o  Retrieving project data
 o  Retrieving project data
 o  Retrieving project datanum acquisition: 1, time elapsed: 47.19s
num acquisition: 2, time elapsed: 97.47s
num acquisition: 3, time elapsed: 137.26s
num acquisition: 4, time elapsed: 186.05s
num acquisition: 5, time elapsed: 234.05s
num acquisition: 6, time elapsed: 280.36s
num acquisition: 7, time elapsed: 321.32s
num acquisition: 8, time elapsed: 363.37s
num acquisition: 9, time elapsed: 403.12s
num acquisition: 10, time elapsed: 445.38s
num acquisition: 11, time elapsed: 492.14s
num acquisition: 12, time elapsed: 534.03s
num acquisition: 13, time elapsed: 574.05s
num acquisition: 14, time elapsed: 623.26s
num acquisition: 15, time elapsed: 663.20s
num acquisition: 16, time elapsed: 702.94s
num acquisition: 17, time elapsed: 751.63s
num acquisition: 18, time elapsed: 793.09s
num acquisition: 19, time elapsed: 833.01s
num acquisition: 20, time elapsed: 880.67s
num acquisition: 21, time elapsed: 927.57s
num acquisition: 22, time elapsed: 969.12s
num acquisition: 23, time elapsed: 1008.92s
num acquisition: 24, time elapsed: 1049.07s
Model Saved, num acquisition 25
num acquisition: 25, time elapsed: 1089.19s

 o  Retrieving project data
 o  Retrieving project data
 o  Retrieving project data
 o  Retrieving project data
 o  Retrieving project data
 o  Retrieving project data
 o  Retrieving project data
 o  Retrieving project data
 o  Retrieving project data
 o  Retrieving project data
 o  Retrieving project data
 o  Retrieving project data
 o  Retrieving project data
 o  Retrieving project data
 o  Retrieving project data
 o  Retrieving project data
 o  Retrieving project data
 o  Retrieving project data
 o  Retrieving project data
 o  Retrieving project data
 o  Retrieving project data
 o  Retrieving project data
 o  Retrieving project data
 o  Retrieving project data
 o  Retrieving project data
 o  Retrieving project data
 o  Retrieving project data
 o  Retrieving project data
 o  Retrieving project data
 o  Retrieving project datanum acquisition: 1, time elapsed: 48.05s
num acquisition: 2, time elapsed: 87.48s
num acquisition: 3, time elapsed: 135.53s
num acquisition: 4, time elapsed: 175.65s
num acquisition: 5, time elapsed: 223.37s
num acquisition: 6, time elapsed: 270.56s
num acquisition: 7, time elapsed: 310.67s
num acquisition: 8, time elapsed: 350.52s
num acquisition: 9, time elapsed: 392.70s
num acquisition: 10, time elapsed: 432.19s
num acquisition: 11, time elapsed: 471.86s
num acquisition: 12, time elapsed: 519.29s
num acquisition: 13, time elapsed: 566.15s
num acquisition: 14, time elapsed: 605.75s
num acquisition: 15, time elapsed: 656.20s
num acquisition: 16, time elapsed: 697.41s
num acquisition: 17, time elapsed: 744.42s
num acquisition: 18, time elapsed: 785.25s
num acquisition: 19, time elapsed: 824.67s
num acquisition: 20, time elapsed: 864.35s
num acquisition: 21, time elapsed: 905.55s
num acquisition: 22, time elapsed: 953.51s
num acquisition: 23, time elapsed: 993.35s
num acquisition: 24, time elapsed: 1034.41s
Model Saved, num acquisition 25
num acquisition: 25, time elapsed: 1081.51s

 o  Retrieving project data
 o  Retrieving project data
 o  Retrieving project data
 o  Retrieving project data
 o  Retrieving project data
 o  Retrieving project data
 o  Retrieving project data
 o  Retrieving project data
 o  Retrieving project data
 o  Retrieving project data
 o  Retrieving project data
 o  Retrieving project data
 o  Retrieving project data
 o  Retrieving project data
 o  Retrieving project data
 o  Retrieving project data
 o  Retrieving project data
 o  Retrieving project data
 o  Retrieving project data
 o  Retrieving project data
 o  Retrieving project data
 o  Retrieving project data
 o  Retrieving project data
 o  Retrieving project data
 o  Retrieving project data
 o  Retrieving project data
 o  Retrieving project data
 o  Retrieving project data
 o  Retrieving project data
 o  Retrieving project datanum acquisition: 1, time elapsed: 39.38s
num acquisition: 2, time elapsed: 79.61s
num acquisition: 3, time elapsed: 128.56s
num acquisition: 4, time elapsed: 174.67s
num acquisition: 5, time elapsed: 221.93s
num acquisition: 6, time elapsed: 268.58s
num acquisition: 7, time elapsed: 308.42s
num acquisition: 8, time elapsed: 347.90s
num acquisition: 9, time elapsed: 387.54s
num acquisition: 10, time elapsed: 427.14s
num acquisition: 11, time elapsed: 466.75s
num acquisition: 12, time elapsed: 513.42s
num acquisition: 13, time elapsed: 552.88s
num acquisition: 14, time elapsed: 592.41s
num acquisition: 15, time elapsed: 632.23s
num acquisition: 16, time elapsed: 673.37s
num acquisition: 17, time elapsed: 713.03s
num acquisition: 18, time elapsed: 752.95s
num acquisition: 19, time elapsed: 792.39s
num acquisition: 20, time elapsed: 832.29s
num acquisition: 21, time elapsed: 872.01s
num acquisition: 22, time elapsed: 911.73s
num acquisition: 23, time elapsed: 951.37s
num acquisition: 24, time elapsed: 991.25s
Model Saved, num acquisition 25
num acquisition: 25, time elapsed: 1030.86s

 o  Retrieving project data
 o  Retrieving project data
 o  Retrieving project data
 o  Retrieving project data
 o  Retrieving project data
 o  Retrieving project data
 o  Retrieving project data
 o  Retrieving project data
 o  Retrieving project data
 o  Retrieving project data
 o  Retrieving project data
 o  Retrieving project data
 o  Retrieving project data
 o  Retrieving project data
 o  Retrieving project data
 o  Retrieving project data
 o  Retrieving project data
 o  Retrieving project data
 o  Retrieving project data
 o  Retrieving project data
 o  Retrieving project data
 o  Retrieving project data
 o  Retrieving project data
 o  Retrieving project data
 o  Retrieving project data
 o  Retrieving project data
 o  Retrieving project data
 o  Retrieving project data
 o  Retrieving project data
 o  Retrieving project datanum acquisition: 1, time elapsed: 39.42s
num acquisition: 2, time elapsed: 86.50s
num acquisition: 3, time elapsed: 136.73s
num acquisition: 4, time elapsed: 185.93s
num acquisition: 5, time elapsed: 227.98s
num acquisition: 6, time elapsed: 276.89s
num acquisition: 7, time elapsed: 324.55s
num acquisition: 8, time elapsed: 364.85s
num acquisition: 9, time elapsed: 405.47s
num acquisition: 10, time elapsed: 446.67s
num acquisition: 11, time elapsed: 495.14s
num acquisition: 12, time elapsed: 534.51s
num acquisition: 13, time elapsed: 573.77s
num acquisition: 14, time elapsed: 613.20s
num acquisition: 15, time elapsed: 652.63s
num acquisition: 16, time elapsed: 699.62s
num acquisition: 17, time elapsed: 749.04s
num acquisition: 18, time elapsed: 796.01s
num acquisition: 19, time elapsed: 835.38s
num acquisition: 20, time elapsed: 874.63s
num acquisition: 21, time elapsed: 913.81s
num acquisition: 22, time elapsed: 959.87s
num acquisition: 23, time elapsed: 999.37s
num acquisition: 24, time elapsed: 1039.99s
Model Saved, num acquisition 25
num acquisition: 25, time elapsed: 1079.23s

 o  Retrieving project data
 o  Retrieving project data
 o  Retrieving project data
 o  Retrieving project data
 o  Retrieving project data
 o  Retrieving project data
 o  Retrieving project data
 o  Retrieving project data
 o  Retrieving project data
 o  Retrieving project data
 o  Retrieving project data
 o  Retrieving project data
 o  Retrieving project data
 o  Retrieving project data
 o  Retrieving project data
 o  Retrieving project data
 o  Retrieving project data
 o  Retrieving project data
 o  Retrieving project data
 o  Retrieving project data
 o  Retrieving project data
 o  Retrieving project data
 o  Retrieving project data
 o  Retrieving project data
 o  Retrieving project data
 o  Retrieving project data
 o  Retrieving project data
 o  Retrieving project data
 o  Retrieving project data
 o  Retrieving project datanum acquisition: 1, time elapsed: 39.65s
num acquisition: 2, time elapsed: 88.90s
num acquisition: 3, time elapsed: 137.34s
num acquisition: 4, time elapsed: 177.54s
num acquisition: 5, time elapsed: 216.86s
num acquisition: 6, time elapsed: 258.20s
num acquisition: 7, time elapsed: 297.63s
num acquisition: 8, time elapsed: 337.09s
num acquisition: 9, time elapsed: 376.69s
num acquisition: 10, time elapsed: 416.35s
num acquisition: 11, time elapsed: 455.95s
num acquisition: 12, time elapsed: 502.08s
num acquisition: 13, time elapsed: 541.53s
num acquisition: 14, time elapsed: 581.12s
num acquisition: 15, time elapsed: 620.66s
num acquisition: 16, time elapsed: 660.35s
num acquisition: 17, time elapsed: 699.90s
num acquisition: 18, time elapsed: 739.65s
num acquisition: 19, time elapsed: 779.51s
num acquisition: 20, time elapsed: 825.14s
num acquisition: 21, time elapsed: 864.84s
num acquisition: 22, time elapsed: 904.40s
num acquisition: 23, time elapsed: 944.05s
num acquisition: 24, time elapsed: 983.83s
Model Saved, num acquisition 25
num acquisition: 25, time elapsed: 1023.53s

 o  Retrieving project data
 o  Retrieving project data
 o  Retrieving project data
 o  Retrieving project data
 o  Retrieving project data
 o  Retrieving project data
 o  Retrieving project data
 o  Retrieving project data
 o  Retrieving project data
 o  Retrieving project data
 o  Retrieving project data
 o  Retrieving project data
 o  Retrieving project data
 o  Retrieving project data
 o  Retrieving project data
 o  Retrieving project data
 o  Retrieving project data
 o  Retrieving project data
 o  Retrieving project data
 o  Retrieving project data
 o  Retrieving project data
 o  Retrieving project data
 o  Retrieving project data
 o  Retrieving project data
 o  Retrieving project data
 o  Retrieving project data
 o  Retrieving project data
 o  Retrieving project data
 o  Retrieving project data
 o  Retrieving project datanum acquisition: 1, time elapsed: 39.68s
num acquisition: 2, time elapsed: 86.33s
num acquisition: 3, time elapsed: 132.41s
num acquisition: 4, time elapsed: 172.16s
num acquisition: 5, time elapsed: 219.70s
num acquisition: 6, time elapsed: 259.23s
num acquisition: 7, time elapsed: 306.68s
num acquisition: 8, time elapsed: 345.74s
num acquisition: 9, time elapsed: 387.25s
num acquisition: 10, time elapsed: 427.81s
num acquisition: 11, time elapsed: 470.75s
num acquisition: 12, time elapsed: 517.22s
num acquisition: 13, time elapsed: 556.99s
num acquisition: 14, time elapsed: 596.92s
num acquisition: 15, time elapsed: 636.58s
num acquisition: 16, time elapsed: 676.15s
num acquisition: 17, time elapsed: 716.19s
num acquisition: 18, time elapsed: 765.53s
num acquisition: 19, time elapsed: 812.43s
num acquisition: 20, time elapsed: 852.03s
num acquisition: 21, time elapsed: 891.55s
num acquisition: 22, time elapsed: 931.37s
num acquisition: 23, time elapsed: 971.17s
num acquisition: 24, time elapsed: 1011.05s
Model Saved, num acquisition 25
num acquisition: 25, time elapsed: 1050.69s
Traceback (most recent call last):
  File "epsilon_baeopt_run.py", line 46, in <module>
    os.mkdir(save_path)
FileExistsError: [Errno 17] File exists: './474_25_GeneralizabilityEpsilon'
