
 o  Retrieving project data
 o  Retrieving project data
 o  Retrieving project data
 o  Retrieving project data
 o  Retrieving project data
 o  Retrieving project data
 o  Retrieving project data
 o  Retrieving project data
 o  Retrieving project data
 o  Retrieving project data
 o  Retrieving project data
 o  Retrieving project data
 o  Retrieving project data
 o  Retrieving project data
 o  Retrieving project data
 o  Retrieving project data
 o  Retrieving project data
 o  Retrieving project data
 o  Retrieving project data
 o  Retrieving project data
 o  Retrieving project data
 o  Retrieving project data
 o  Retrieving project data
 o  Retrieving project data
 o  Retrieving project data
 o  Retrieving project data
 o  Retrieving project data
 o  Retrieving project data
 o  Retrieving project data
 o  Retrieving project datanum acquisition: 1, time elapsed: 47.53s
num acquisition: 2, time elapsed: 94.85s
num acquisition: 3, time elapsed: 134.87s
num acquisition: 4, time elapsed: 182.56s
num acquisition: 5, time elapsed: 230.32s
num acquisition: 6, time elapsed: 269.42s
num acquisition: 7, time elapsed: 314.65s
num acquisition: 8, time elapsed: 353.80s
num acquisition: 9, time elapsed: 394.94s
num acquisition: 10, time elapsed: 441.17s
num acquisition: 11, time elapsed: 480.86s
num acquisition: 12, time elapsed: 519.83s
num acquisition: 13, time elapsed: 559.02s
num acquisition: 14, time elapsed: 600.49s
num acquisition: 15, time elapsed: 647.80s
num acquisition: 16, time elapsed: 686.94s
num acquisition: 17, time elapsed: 728.14s
num acquisition: 18, time elapsed: 767.37s
num acquisition: 19, time elapsed: 806.61s
num acquisition: 20, time elapsed: 845.81s
num acquisition: 21, time elapsed: 885.07s
num acquisition: 22, time elapsed: 924.29s
num acquisition: 23, time elapsed: 963.33s
num acquisition: 24, time elapsed: 1008.99s
Model Saved, num acquisition 25
num acquisition: 25, time elapsed: 1057.69s

 o  Retrieving project data
 o  Retrieving project data
 o  Retrieving project data
 o  Retrieving project data
 o  Retrieving project data
 o  Retrieving project data
 o  Retrieving project data
 o  Retrieving project data
 o  Retrieving project data
 o  Retrieving project data
 o  Retrieving project data
 o  Retrieving project data
 o  Retrieving project data
 o  Retrieving project data
 o  Retrieving project data
 o  Retrieving project data
 o  Retrieving project data
 o  Retrieving project data
 o  Retrieving project data
 o  Retrieving project data
 o  Retrieving project data
 o  Retrieving project data
 o  Retrieving project data
 o  Retrieving project data
 o  Retrieving project data
 o  Retrieving project data
 o  Retrieving project data
 o  Retrieving project data
 o  Retrieving project data
 o  Retrieving project datanum acquisition: 1, time elapsed: 41.03s
num acquisition: 2, time elapsed: 80.30s
num acquisition: 3, time elapsed: 119.53s
num acquisition: 4, time elapsed: 158.70s
num acquisition: 5, time elapsed: 197.97s
num acquisition: 6, time elapsed: 237.15s
num acquisition: 7, time elapsed: 276.50s
num acquisition: 8, time elapsed: 315.84s
num acquisition: 9, time elapsed: 355.14s
num acquisition: 10, time elapsed: 395.81s
num acquisition: 11, time elapsed: 443.93s
num acquisition: 12, time elapsed: 483.39s
num acquisition: 13, time elapsed: 522.67s
num acquisition: 14, time elapsed: 569.28s
num acquisition: 15, time elapsed: 615.67s
num acquisition: 16, time elapsed: 654.91s
num acquisition: 17, time elapsed: 701.51s
num acquisition: 18, time elapsed: 740.83s
num acquisition: 19, time elapsed: 780.32s
num acquisition: 20, time elapsed: 819.64s
num acquisition: 21, time elapsed: 858.74s
num acquisition: 22, time elapsed: 899.71s
num acquisition: 23, time elapsed: 946.74s
num acquisition: 24, time elapsed: 994.31s
Model Saved, num acquisition 25
num acquisition: 25, time elapsed: 1041.47s

 o  Retrieving project data
 o  Retrieving project data
 o  Retrieving project data
 o  Retrieving project data
 o  Retrieving project data
 o  Retrieving project data
 o  Retrieving project data
 o  Retrieving project data
 o  Retrieving project data
 o  Retrieving project data
 o  Retrieving project data
 o  Retrieving project data
 o  Retrieving project data
 o  Retrieving project data
 o  Retrieving project data
 o  Retrieving project data
 o  Retrieving project data
 o  Retrieving project data
 o  Retrieving project data
 o  Retrieving project data
 o  Retrieving project data
 o  Retrieving project data
 o  Retrieving project data
 o  Retrieving project data
 o  Retrieving project data
 o  Retrieving project data
 o  Retrieving project data
 o  Retrieving project data
 o  Retrieving project data
 o  Retrieving project datanum acquisition: 1, time elapsed: 40.42s
num acquisition: 2, time elapsed: 79.90s
num acquisition: 3, time elapsed: 130.05s
num acquisition: 4, time elapsed: 171.08s
num acquisition: 5, time elapsed: 211.66s
num acquisition: 6, time elapsed: 251.11s
num acquisition: 7, time elapsed: 290.65s
num acquisition: 8, time elapsed: 330.21s
num acquisition: 9, time elapsed: 369.77s
num acquisition: 10, time elapsed: 409.47s
num acquisition: 11, time elapsed: 449.75s
num acquisition: 12, time elapsed: 489.75s
num acquisition: 13, time elapsed: 538.54s
num acquisition: 14, time elapsed: 583.46s
num acquisition: 15, time elapsed: 628.19s
num acquisition: 16, time elapsed: 673.81s
num acquisition: 17, time elapsed: 720.23s
num acquisition: 18, time elapsed: 760.89s
num acquisition: 19, time elapsed: 809.29s
num acquisition: 20, time elapsed: 858.59s
num acquisition: 21, time elapsed: 906.05s
num acquisition: 22, time elapsed: 947.12s
num acquisition: 23, time elapsed: 992.31s
num acquisition: 24, time elapsed: 1039.11s
Model Saved, num acquisition 25
num acquisition: 25, time elapsed: 1084.13s

 o  Retrieving project data
 o  Retrieving project data
 o  Retrieving project data
 o  Retrieving project data
 o  Retrieving project data
 o  Retrieving project data
 o  Retrieving project data
 o  Retrieving project data
 o  Retrieving project data
 o  Retrieving project data
 o  Retrieving project data
 o  Retrieving project data
 o  Retrieving project data
 o  Retrieving project data
 o  Retrieving project data
 o  Retrieving project data
 o  Retrieving project data
 o  Retrieving project data
 o  Retrieving project data
 o  Retrieving project data
 o  Retrieving project data
 o  Retrieving project data
 o  Retrieving project data
 o  Retrieving project data
 o  Retrieving project data
 o  Retrieving project data
 o  Retrieving project data
 o  Retrieving project data
 o  Retrieving project data
 o  Retrieving project datanum acquisition: 1, time elapsed: 45.85s
num acquisition: 2, time elapsed: 87.12s
num acquisition: 3, time elapsed: 126.75s
num acquisition: 4, time elapsed: 166.52s
num acquisition: 5, time elapsed: 206.10s
num acquisition: 6, time elapsed: 245.63s
num acquisition: 7, time elapsed: 292.81s
num acquisition: 8, time elapsed: 332.67s
num acquisition: 9, time elapsed: 372.58s
num acquisition: 10, time elapsed: 412.94s
num acquisition: 11, time elapsed: 452.78s
num acquisition: 12, time elapsed: 492.70s
num acquisition: 13, time elapsed: 534.02s
num acquisition: 14, time elapsed: 573.63s
num acquisition: 15, time elapsed: 613.30s
num acquisition: 16, time elapsed: 652.92s
num acquisition: 17, time elapsed: 692.70s
num acquisition: 18, time elapsed: 732.48s
num acquisition: 19, time elapsed: 772.30s
num acquisition: 20, time elapsed: 812.47s
num acquisition: 21, time elapsed: 852.41s
num acquisition: 22, time elapsed: 892.22s
num acquisition: 23, time elapsed: 932.13s
num acquisition: 24, time elapsed: 972.00s
Model Saved, num acquisition 25
num acquisition: 25, time elapsed: 1011.89s

 o  Retrieving project data
 o  Retrieving project data
 o  Retrieving project data
 o  Retrieving project data
 o  Retrieving project data
 o  Retrieving project data
 o  Retrieving project data
 o  Retrieving project data
 o  Retrieving project data
 o  Retrieving project data
 o  Retrieving project data
 o  Retrieving project data
 o  Retrieving project data
 o  Retrieving project data
 o  Retrieving project data
 o  Retrieving project data
 o  Retrieving project data
 o  Retrieving project data
 o  Retrieving project data
 o  Retrieving project data
 o  Retrieving project data
 o  Retrieving project data
 o  Retrieving project data
 o  Retrieving project data
 o  Retrieving project data
 o  Retrieving project data
 o  Retrieving project data
 o  Retrieving project data
 o  Retrieving project data
 o  Retrieving project datanum acquisition: 1, time elapsed: 39.19s
num acquisition: 2, time elapsed: 78.00s
num acquisition: 3, time elapsed: 117.17s
num acquisition: 4, time elapsed: 156.40s
num acquisition: 5, time elapsed: 195.63s
num acquisition: 6, time elapsed: 234.76s
num acquisition: 7, time elapsed: 274.25s
num acquisition: 8, time elapsed: 313.44s
num acquisition: 9, time elapsed: 352.89s
num acquisition: 10, time elapsed: 392.37s
num acquisition: 11, time elapsed: 432.09s
num acquisition: 12, time elapsed: 471.84s
num acquisition: 13, time elapsed: 511.32s
num acquisition: 14, time elapsed: 550.55s
num acquisition: 15, time elapsed: 589.81s
num acquisition: 16, time elapsed: 629.14s
num acquisition: 17, time elapsed: 672.20s
num acquisition: 18, time elapsed: 711.95s
num acquisition: 19, time elapsed: 751.46s
num acquisition: 20, time elapsed: 790.88s
num acquisition: 21, time elapsed: 830.37s
num acquisition: 22, time elapsed: 869.62s
num acquisition: 23, time elapsed: 909.02s
num acquisition: 24, time elapsed: 948.66s
Model Saved, num acquisition 25
num acquisition: 25, time elapsed: 987.99s

 o  Retrieving project data
 o  Retrieving project data
 o  Retrieving project data
 o  Retrieving project data
 o  Retrieving project data
 o  Retrieving project data
 o  Retrieving project data
 o  Retrieving project data
 o  Retrieving project data
 o  Retrieving project data
 o  Retrieving project data
 o  Retrieving project data
 o  Retrieving project data
 o  Retrieving project data
 o  Retrieving project data
 o  Retrieving project data
 o  Retrieving project data
 o  Retrieving project data
 o  Retrieving project data
 o  Retrieving project data
 o  Retrieving project data
 o  Retrieving project data
 o  Retrieving project data
 o  Retrieving project data
 o  Retrieving project data
 o  Retrieving project data
 o  Retrieving project data
 o  Retrieving project data
 o  Retrieving project data
 o  Retrieving project datanum acquisition: 1, time elapsed: 38.79s
num acquisition: 2, time elapsed: 77.75s
num acquisition: 3, time elapsed: 116.39s
num acquisition: 4, time elapsed: 162.33s
num acquisition: 5, time elapsed: 201.09s
num acquisition: 6, time elapsed: 241.30s
num acquisition: 7, time elapsed: 280.10s
num acquisition: 8, time elapsed: 321.55s
num acquisition: 9, time elapsed: 368.04s
num acquisition: 10, time elapsed: 408.18s
num acquisition: 11, time elapsed: 447.01s
num acquisition: 12, time elapsed: 487.46s
num acquisition: 13, time elapsed: 527.77s
num acquisition: 14, time elapsed: 566.32s
num acquisition: 15, time elapsed: 612.99s
num acquisition: 16, time elapsed: 652.98s
num acquisition: 17, time elapsed: 692.53s
num acquisition: 18, time elapsed: 738.11s
num acquisition: 19, time elapsed: 787.00s
num acquisition: 20, time elapsed: 835.07s
num acquisition: 21, time elapsed: 875.48s
num acquisition: 22, time elapsed: 921.19s
num acquisition: 23, time elapsed: 960.10s
num acquisition: 24, time elapsed: 1007.44s
Model Saved, num acquisition 25
num acquisition: 25, time elapsed: 1045.94s

 o  Retrieving project data
 o  Retrieving project data
 o  Retrieving project data
 o  Retrieving project data
 o  Retrieving project data
 o  Retrieving project data
 o  Retrieving project data
 o  Retrieving project data
 o  Retrieving project data
 o  Retrieving project data
 o  Retrieving project data
 o  Retrieving project data
 o  Retrieving project data
 o  Retrieving project data
 o  Retrieving project data
 o  Retrieving project data
 o  Retrieving project data
 o  Retrieving project data
 o  Retrieving project data
 o  Retrieving project data
 o  Retrieving project data
 o  Retrieving project data
 o  Retrieving project data
 o  Retrieving project data
 o  Retrieving project data
 o  Retrieving project data
 o  Retrieving project data
 o  Retrieving project data
 o  Retrieving project data
 o  Retrieving project datanum acquisition: 1, time elapsed: 39.59s
num acquisition: 2, time elapsed: 78.34s
num acquisition: 3, time elapsed: 117.19s
num acquisition: 4, time elapsed: 157.78s
num acquisition: 5, time elapsed: 196.84s
num acquisition: 6, time elapsed: 245.31s
num acquisition: 7, time elapsed: 288.73s
num acquisition: 8, time elapsed: 337.39s
num acquisition: 9, time elapsed: 383.13s
num acquisition: 10, time elapsed: 423.24s
num acquisition: 11, time elapsed: 471.52s
num acquisition: 12, time elapsed: 518.07s
num acquisition: 13, time elapsed: 557.02s
num acquisition: 14, time elapsed: 597.11s
num acquisition: 15, time elapsed: 637.02s
num acquisition: 16, time elapsed: 676.13s
num acquisition: 17, time elapsed: 715.11s
num acquisition: 18, time elapsed: 761.88s
num acquisition: 19, time elapsed: 805.52s
num acquisition: 20, time elapsed: 844.51s
num acquisition: 21, time elapsed: 883.31s
num acquisition: 22, time elapsed: 928.78s
num acquisition: 23, time elapsed: 974.51s
num acquisition: 24, time elapsed: 1016.84s
Model Saved, num acquisition 25
num acquisition: 25, time elapsed: 1059.38s

 o  Retrieving project data
 o  Retrieving project data
 o  Retrieving project data
 o  Retrieving project data
 o  Retrieving project data
 o  Retrieving project data
 o  Retrieving project data
 o  Retrieving project data
 o  Retrieving project data
 o  Retrieving project data
 o  Retrieving project data
 o  Retrieving project data
 o  Retrieving project data
 o  Retrieving project data
 o  Retrieving project data
 o  Retrieving project data
 o  Retrieving project data
 o  Retrieving project data
 o  Retrieving project data
 o  Retrieving project data
 o  Retrieving project data
 o  Retrieving project data
 o  Retrieving project data
 o  Retrieving project data
 o  Retrieving project data
 o  Retrieving project data
 o  Retrieving project data
 o  Retrieving project data
 o  Retrieving project data
 o  Retrieving project datanum acquisition: 1, time elapsed: 49.24s
num acquisition: 2, time elapsed: 90.41s
num acquisition: 3, time elapsed: 137.18s
num acquisition: 4, time elapsed: 176.44s
num acquisition: 5, time elapsed: 223.09s
num acquisition: 6, time elapsed: 269.72s
num acquisition: 7, time elapsed: 316.75s
num acquisition: 8, time elapsed: 355.87s
num acquisition: 9, time elapsed: 395.52s
num acquisition: 10, time elapsed: 434.58s
num acquisition: 11, time elapsed: 480.96s
num acquisition: 12, time elapsed: 521.45s
num acquisition: 13, time elapsed: 570.55s
num acquisition: 14, time elapsed: 617.29s
num acquisition: 15, time elapsed: 656.47s
num acquisition: 16, time elapsed: 695.42s
num acquisition: 17, time elapsed: 734.56s
num acquisition: 18, time elapsed: 783.54s
num acquisition: 19, time elapsed: 823.54s
num acquisition: 20, time elapsed: 862.56s
num acquisition: 21, time elapsed: 901.76s
num acquisition: 22, time elapsed: 949.03s
num acquisition: 23, time elapsed: 988.06s
num acquisition: 24, time elapsed: 1035.27s
Model Saved, num acquisition 25
num acquisition: 25, time elapsed: 1081.40s

 o  Retrieving project data
 o  Retrieving project data
 o  Retrieving project data
 o  Retrieving project data
 o  Retrieving project data
 o  Retrieving project data
 o  Retrieving project data
 o  Retrieving project data
 o  Retrieving project data
 o  Retrieving project data
 o  Retrieving project data
 o  Retrieving project data
 o  Retrieving project data
 o  Retrieving project data
 o  Retrieving project data
 o  Retrieving project data
 o  Retrieving project data
 o  Retrieving project data
 o  Retrieving project data
 o  Retrieving project data
 o  Retrieving project data
 o  Retrieving project data
 o  Retrieving project data
 o  Retrieving project data
 o  Retrieving project data
 o  Retrieving project data
 o  Retrieving project data
 o  Retrieving project data
 o  Retrieving project data
 o  Retrieving project datanum acquisition: 1, time elapsed: 47.93s
num acquisition: 2, time elapsed: 94.80s
num acquisition: 3, time elapsed: 142.83s
num acquisition: 4, time elapsed: 191.41s
num acquisition: 5, time elapsed: 230.45s
num acquisition: 6, time elapsed: 277.45s
num acquisition: 7, time elapsed: 328.79s
num acquisition: 8, time elapsed: 376.45s
num acquisition: 9, time elapsed: 424.06s
num acquisition: 10, time elapsed: 473.18s
num acquisition: 11, time elapsed: 520.59s
num acquisition: 12, time elapsed: 568.35s
num acquisition: 13, time elapsed: 607.68s
num acquisition: 14, time elapsed: 655.65s
num acquisition: 15, time elapsed: 705.10s
num acquisition: 16, time elapsed: 753.31s
num acquisition: 17, time elapsed: 800.51s
num acquisition: 18, time elapsed: 847.92s
num acquisition: 19, time elapsed: 895.63s
num acquisition: 20, time elapsed: 943.52s
num acquisition: 21, time elapsed: 991.26s
num acquisition: 22, time elapsed: 1040.80s
num acquisition: 23, time elapsed: 1088.18s
num acquisition: 24, time elapsed: 1136.30s
Model Saved, num acquisition 25
num acquisition: 25, time elapsed: 1184.44s
Traceback (most recent call last):
  File "epsilon_baeopt_run.py", line 46, in <module>
    os.mkdir(save_path)
FileExistsError: [Errno 17] File exists: './174_25_GeneralizabilityEpsilon'
