
 o  Retrieving project data
 o  Retrieving project data
 o  Retrieving project data
 o  Retrieving project data
 o  Retrieving project data
 o  Retrieving project data
 o  Retrieving project data
 o  Retrieving project data
 o  Retrieving project data
 o  Retrieving project data
 o  Retrieving project data
 o  Retrieving project data
 o  Retrieving project data
 o  Retrieving project data
 o  Retrieving project data
 o  Retrieving project data
 o  Retrieving project data
 o  Retrieving project data
 o  Retrieving project data
 o  Retrieving project data
 o  Retrieving project data
 o  Retrieving project data
 o  Retrieving project data
 o  Retrieving project data
 o  Retrieving project data
 o  Retrieving project data
 o  Retrieving project data
 o  Retrieving project data
 o  Retrieving project data
 o  Retrieving project datanum acquisition: 1, time elapsed: 41.02s
num acquisition: 2, time elapsed: 81.25s
num acquisition: 3, time elapsed: 128.72s
num acquisition: 4, time elapsed: 171.16s
num acquisition: 5, time elapsed: 219.22s
num acquisition: 6, time elapsed: 259.98s
num acquisition: 7, time elapsed: 300.55s
num acquisition: 8, time elapsed: 341.25s
num acquisition: 9, time elapsed: 393.29s
num acquisition: 10, time elapsed: 439.00s
num acquisition: 11, time elapsed: 480.35s
num acquisition: 12, time elapsed: 521.23s
num acquisition: 13, time elapsed: 561.85s
num acquisition: 14, time elapsed: 603.26s
num acquisition: 15, time elapsed: 643.91s
num acquisition: 16, time elapsed: 684.43s
num acquisition: 17, time elapsed: 725.07s
num acquisition: 18, time elapsed: 765.94s
num acquisition: 19, time elapsed: 806.38s
num acquisition: 20, time elapsed: 847.95s
num acquisition: 21, time elapsed: 891.19s
num acquisition: 22, time elapsed: 939.74s
num acquisition: 23, time elapsed: 989.89s
num acquisition: 24, time elapsed: 1030.66s
Model Saved, num acquisition 25
num acquisition: 25, time elapsed: 1071.11s

 o  Retrieving project data
 o  Retrieving project data
 o  Retrieving project data
 o  Retrieving project data
 o  Retrieving project data
 o  Retrieving project data
 o  Retrieving project data
 o  Retrieving project data
 o  Retrieving project data
 o  Retrieving project data
 o  Retrieving project data
 o  Retrieving project data
 o  Retrieving project data
 o  Retrieving project data
 o  Retrieving project data
 o  Retrieving project data
 o  Retrieving project data
 o  Retrieving project data
 o  Retrieving project data
 o  Retrieving project data
 o  Retrieving project data
 o  Retrieving project data
 o  Retrieving project data
 o  Retrieving project data
 o  Retrieving project data
 o  Retrieving project data
 o  Retrieving project data
 o  Retrieving project data
 o  Retrieving project data
 o  Retrieving project datanum acquisition: 1, time elapsed: 40.97s
num acquisition: 2, time elapsed: 81.40s
num acquisition: 3, time elapsed: 122.67s
num acquisition: 4, time elapsed: 168.07s
num acquisition: 5, time elapsed: 210.98s
num acquisition: 6, time elapsed: 259.40s
num acquisition: 7, time elapsed: 300.79s
num acquisition: 8, time elapsed: 349.89s
num acquisition: 9, time elapsed: 390.49s
num acquisition: 10, time elapsed: 437.38s
num acquisition: 11, time elapsed: 488.34s
num acquisition: 12, time elapsed: 529.09s
num acquisition: 13, time elapsed: 570.06s
num acquisition: 14, time elapsed: 611.27s
num acquisition: 15, time elapsed: 659.08s
num acquisition: 16, time elapsed: 708.57s
num acquisition: 17, time elapsed: 751.56s
num acquisition: 18, time elapsed: 800.03s
num acquisition: 19, time elapsed: 842.05s
num acquisition: 20, time elapsed: 888.77s
num acquisition: 21, time elapsed: 930.75s
num acquisition: 22, time elapsed: 979.46s
num acquisition: 23, time elapsed: 1028.42s
num acquisition: 24, time elapsed: 1069.35s
Model Saved, num acquisition 25
num acquisition: 25, time elapsed: 1117.53s

 o  Retrieving project data
 o  Retrieving project data
 o  Retrieving project data
 o  Retrieving project data
 o  Retrieving project data
 o  Retrieving project data
 o  Retrieving project data
 o  Retrieving project data
 o  Retrieving project data
 o  Retrieving project data
 o  Retrieving project data
 o  Retrieving project data
 o  Retrieving project data
 o  Retrieving project data
 o  Retrieving project data
 o  Retrieving project data
 o  Retrieving project data
 o  Retrieving project data
 o  Retrieving project data
 o  Retrieving project data
 o  Retrieving project data
 o  Retrieving project data
 o  Retrieving project data
 o  Retrieving project data
 o  Retrieving project data
 o  Retrieving project data
 o  Retrieving project data
 o  Retrieving project data
 o  Retrieving project data
 o  Retrieving project datanum acquisition: 1, time elapsed: 41.53s
num acquisition: 2, time elapsed: 82.86s
num acquisition: 3, time elapsed: 130.00s
num acquisition: 4, time elapsed: 170.76s
num acquisition: 5, time elapsed: 212.00s
num acquisition: 6, time elapsed: 253.16s
num acquisition: 7, time elapsed: 295.00s
num acquisition: 8, time elapsed: 337.64s
num acquisition: 9, time elapsed: 378.86s
num acquisition: 10, time elapsed: 420.01s
num acquisition: 11, time elapsed: 463.06s
num acquisition: 12, time elapsed: 514.38s
num acquisition: 13, time elapsed: 556.15s
num acquisition: 14, time elapsed: 597.96s
num acquisition: 15, time elapsed: 640.76s
num acquisition: 16, time elapsed: 682.24s
num acquisition: 17, time elapsed: 726.53s
num acquisition: 18, time elapsed: 768.00s
num acquisition: 19, time elapsed: 809.03s
num acquisition: 20, time elapsed: 857.47s
num acquisition: 21, time elapsed: 906.77s
num acquisition: 22, time elapsed: 948.06s
num acquisition: 23, time elapsed: 999.43s
num acquisition: 24, time elapsed: 1040.65s
Model Saved, num acquisition 25
num acquisition: 25, time elapsed: 1089.99s

 o  Retrieving project data
 o  Retrieving project data
 o  Retrieving project data
 o  Retrieving project data
 o  Retrieving project data
 o  Retrieving project data
 o  Retrieving project data
 o  Retrieving project data
 o  Retrieving project data
 o  Retrieving project data
 o  Retrieving project data
 o  Retrieving project data
 o  Retrieving project data
 o  Retrieving project data
 o  Retrieving project data
 o  Retrieving project data
 o  Retrieving project data
 o  Retrieving project data
 o  Retrieving project data
 o  Retrieving project data
 o  Retrieving project data
 o  Retrieving project data
 o  Retrieving project data
 o  Retrieving project data
 o  Retrieving project data
 o  Retrieving project data
 o  Retrieving project data
 o  Retrieving project data
 o  Retrieving project data
 o  Retrieving project datanum acquisition: 1, time elapsed: 42.92s
num acquisition: 2, time elapsed: 84.73s
num acquisition: 3, time elapsed: 125.15s
num acquisition: 4, time elapsed: 174.22s
num acquisition: 5, time elapsed: 214.80s
num acquisition: 6, time elapsed: 262.27s
num acquisition: 7, time elapsed: 309.18s
num acquisition: 8, time elapsed: 350.09s
num acquisition: 9, time elapsed: 390.44s
num acquisition: 10, time elapsed: 432.29s
num acquisition: 11, time elapsed: 472.69s
num acquisition: 12, time elapsed: 521.03s
num acquisition: 13, time elapsed: 562.98s
num acquisition: 14, time elapsed: 609.71s
num acquisition: 15, time elapsed: 650.21s
num acquisition: 16, time elapsed: 697.96s
num acquisition: 17, time elapsed: 744.78s
num acquisition: 18, time elapsed: 788.42s
num acquisition: 19, time elapsed: 829.06s
num acquisition: 20, time elapsed: 879.62s
num acquisition: 21, time elapsed: 922.98s
num acquisition: 22, time elapsed: 971.70s
num acquisition: 23, time elapsed: 1012.21s
num acquisition: 24, time elapsed: 1052.67s
Model Saved, num acquisition 25
num acquisition: 25, time elapsed: 1099.86s

 o  Retrieving project data
 o  Retrieving project data
 o  Retrieving project data
 o  Retrieving project data
 o  Retrieving project data
 o  Retrieving project data
 o  Retrieving project data
 o  Retrieving project data
 o  Retrieving project data
 o  Retrieving project data
 o  Retrieving project data
 o  Retrieving project data
 o  Retrieving project data
 o  Retrieving project data
 o  Retrieving project data
 o  Retrieving project data
 o  Retrieving project data
 o  Retrieving project data
 o  Retrieving project data
 o  Retrieving project data
 o  Retrieving project data
 o  Retrieving project data
 o  Retrieving project data
 o  Retrieving project data
 o  Retrieving project data
 o  Retrieving project data
 o  Retrieving project data
 o  Retrieving project data
 o  Retrieving project data
 o  Retrieving project datanum acquisition: 1, time elapsed: 48.86s
num acquisition: 2, time elapsed: 89.53s
num acquisition: 3, time elapsed: 130.05s
num acquisition: 4, time elapsed: 178.41s
num acquisition: 5, time elapsed: 218.10s
num acquisition: 6, time elapsed: 258.42s
num acquisition: 7, time elapsed: 301.65s
num acquisition: 8, time elapsed: 349.08s
num acquisition: 9, time elapsed: 389.78s
num acquisition: 10, time elapsed: 437.54s
num acquisition: 11, time elapsed: 478.39s
num acquisition: 12, time elapsed: 519.17s
num acquisition: 13, time elapsed: 559.91s
num acquisition: 14, time elapsed: 605.38s
num acquisition: 15, time elapsed: 645.98s
num acquisition: 16, time elapsed: 692.11s
num acquisition: 17, time elapsed: 733.29s
num acquisition: 18, time elapsed: 774.03s
num acquisition: 19, time elapsed: 815.87s
num acquisition: 20, time elapsed: 856.58s
num acquisition: 21, time elapsed: 899.24s
num acquisition: 22, time elapsed: 941.19s
num acquisition: 23, time elapsed: 982.02s
num acquisition: 24, time elapsed: 1023.72s
Model Saved, num acquisition 25
num acquisition: 25, time elapsed: 1070.83s

 o  Retrieving project data
 o  Retrieving project data
 o  Retrieving project data
 o  Retrieving project data
 o  Retrieving project data
 o  Retrieving project data
 o  Retrieving project data
 o  Retrieving project data
 o  Retrieving project data
 o  Retrieving project data
 o  Retrieving project data
 o  Retrieving project data
 o  Retrieving project data
 o  Retrieving project data
 o  Retrieving project data
 o  Retrieving project data
 o  Retrieving project data
 o  Retrieving project data
 o  Retrieving project data
 o  Retrieving project data
 o  Retrieving project data
 o  Retrieving project data
 o  Retrieving project data
 o  Retrieving project data
 o  Retrieving project data
 o  Retrieving project data
 o  Retrieving project data
 o  Retrieving project data
 o  Retrieving project data
 o  Retrieving project datanum acquisition: 1, time elapsed: 48.53s
num acquisition: 2, time elapsed: 97.12s
num acquisition: 3, time elapsed: 139.65s
num acquisition: 4, time elapsed: 180.03s
num acquisition: 5, time elapsed: 220.93s
num acquisition: 6, time elapsed: 269.57s
num acquisition: 7, time elapsed: 310.16s
num acquisition: 8, time elapsed: 350.79s
num acquisition: 9, time elapsed: 399.70s
num acquisition: 10, time elapsed: 441.50s
num acquisition: 11, time elapsed: 488.59s
num acquisition: 12, time elapsed: 529.74s
num acquisition: 13, time elapsed: 579.35s
num acquisition: 14, time elapsed: 619.81s
num acquisition: 15, time elapsed: 660.45s
num acquisition: 16, time elapsed: 709.31s
num acquisition: 17, time elapsed: 756.60s
num acquisition: 18, time elapsed: 797.00s
num acquisition: 19, time elapsed: 846.92s
num acquisition: 20, time elapsed: 887.29s
num acquisition: 21, time elapsed: 927.97s
num acquisition: 22, time elapsed: 976.47s
num acquisition: 23, time elapsed: 1025.10s
num acquisition: 24, time elapsed: 1073.40s
Model Saved, num acquisition 25
num acquisition: 25, time elapsed: 1113.81s

 o  Retrieving project data
 o  Retrieving project data
 o  Retrieving project data
 o  Retrieving project data
 o  Retrieving project data
 o  Retrieving project data
 o  Retrieving project data
 o  Retrieving project data
 o  Retrieving project data
 o  Retrieving project data
 o  Retrieving project data
 o  Retrieving project data
 o  Retrieving project data
 o  Retrieving project data
 o  Retrieving project data
 o  Retrieving project data
 o  Retrieving project data
 o  Retrieving project data
 o  Retrieving project data
 o  Retrieving project data
 o  Retrieving project data
 o  Retrieving project data
 o  Retrieving project data
 o  Retrieving project data
 o  Retrieving project data
 o  Retrieving project data
 o  Retrieving project data
 o  Retrieving project data
 o  Retrieving project data
 o  Retrieving project datanum acquisition: 1, time elapsed: 40.38s
num acquisition: 2, time elapsed: 80.84s
num acquisition: 3, time elapsed: 130.17s
num acquisition: 4, time elapsed: 178.58s
num acquisition: 5, time elapsed: 229.21s
num acquisition: 6, time elapsed: 269.53s
num acquisition: 7, time elapsed: 309.84s
num acquisition: 8, time elapsed: 350.43s
num acquisition: 9, time elapsed: 390.93s
num acquisition: 10, time elapsed: 439.38s
num acquisition: 11, time elapsed: 479.80s
num acquisition: 12, time elapsed: 520.23s
num acquisition: 13, time elapsed: 560.05s
num acquisition: 14, time elapsed: 600.34s
num acquisition: 15, time elapsed: 641.77s
num acquisition: 16, time elapsed: 682.19s
num acquisition: 17, time elapsed: 722.53s
num acquisition: 18, time elapsed: 764.56s
num acquisition: 19, time elapsed: 812.86s
num acquisition: 20, time elapsed: 854.37s
num acquisition: 21, time elapsed: 903.10s
num acquisition: 22, time elapsed: 943.56s
num acquisition: 23, time elapsed: 985.92s
num acquisition: 24, time elapsed: 1026.33s
Model Saved, num acquisition 25
num acquisition: 25, time elapsed: 1066.70s

 o  Retrieving project data
 o  Retrieving project data
 o  Retrieving project data
 o  Retrieving project data
 o  Retrieving project data
 o  Retrieving project data
 o  Retrieving project data
 o  Retrieving project data
 o  Retrieving project data
 o  Retrieving project data
 o  Retrieving project data
 o  Retrieving project data
 o  Retrieving project data
 o  Retrieving project data
 o  Retrieving project data
 o  Retrieving project data
 o  Retrieving project data
 o  Retrieving project data
 o  Retrieving project data
 o  Retrieving project data
 o  Retrieving project data
 o  Retrieving project data
 o  Retrieving project data
 o  Retrieving project data
 o  Retrieving project data
 o  Retrieving project data
 o  Retrieving project data
 o  Retrieving project data
 o  Retrieving project data
 o  Retrieving project datanum acquisition: 1, time elapsed: 47.73s
num acquisition: 2, time elapsed: 88.53s
num acquisition: 3, time elapsed: 128.99s
num acquisition: 4, time elapsed: 169.47s
num acquisition: 5, time elapsed: 219.08s
num acquisition: 6, time elapsed: 262.25s
num acquisition: 7, time elapsed: 302.96s
num acquisition: 8, time elapsed: 356.03s
num acquisition: 9, time elapsed: 403.90s
num acquisition: 10, time elapsed: 445.85s
num acquisition: 11, time elapsed: 487.44s
num acquisition: 12, time elapsed: 527.83s
num acquisition: 13, time elapsed: 568.58s
num acquisition: 14, time elapsed: 609.62s
num acquisition: 15, time elapsed: 657.39s
num acquisition: 16, time elapsed: 698.26s
num acquisition: 17, time elapsed: 745.01s
num acquisition: 18, time elapsed: 789.38s
num acquisition: 19, time elapsed: 837.07s
num acquisition: 20, time elapsed: 877.40s
num acquisition: 21, time elapsed: 917.63s
num acquisition: 22, time elapsed: 964.12s
num acquisition: 23, time elapsed: 1005.10s
num acquisition: 24, time elapsed: 1049.72s
Model Saved, num acquisition 25
num acquisition: 25, time elapsed: 1089.95s

 o  Retrieving project data
 o  Retrieving project data
 o  Retrieving project data
 o  Retrieving project data
 o  Retrieving project data
 o  Retrieving project data
 o  Retrieving project data
 o  Retrieving project data
 o  Retrieving project data
 o  Retrieving project data
 o  Retrieving project data
 o  Retrieving project data
 o  Retrieving project data
 o  Retrieving project data
 o  Retrieving project data
 o  Retrieving project data
 o  Retrieving project data
 o  Retrieving project data
 o  Retrieving project data
 o  Retrieving project data
 o  Retrieving project data
 o  Retrieving project data
 o  Retrieving project data
 o  Retrieving project data
 o  Retrieving project data
 o  Retrieving project data
 o  Retrieving project data
 o  Retrieving project data
 o  Retrieving project data
 o  Retrieving project datanum acquisition: 1, time elapsed: 48.66s
num acquisition: 2, time elapsed: 92.71s
num acquisition: 3, time elapsed: 134.93s
num acquisition: 4, time elapsed: 186.91s
num acquisition: 5, time elapsed: 227.12s
num acquisition: 6, time elapsed: 268.24s
num acquisition: 7, time elapsed: 308.77s
num acquisition: 8, time elapsed: 349.30s
num acquisition: 9, time elapsed: 390.18s
num acquisition: 10, time elapsed: 436.68s
num acquisition: 11, time elapsed: 478.49s
num acquisition: 12, time elapsed: 519.23s
num acquisition: 13, time elapsed: 564.70s
num acquisition: 14, time elapsed: 606.41s
num acquisition: 15, time elapsed: 648.43s
num acquisition: 16, time elapsed: 698.62s
num acquisition: 17, time elapsed: 747.39s
num acquisition: 18, time elapsed: 789.30s
num acquisition: 19, time elapsed: 835.84s
num acquisition: 20, time elapsed: 882.72s
num acquisition: 21, time elapsed: 924.05s
num acquisition: 22, time elapsed: 964.70s
num acquisition: 23, time elapsed: 1006.50s
num acquisition: 24, time elapsed: 1047.24s
Model Saved, num acquisition 25
num acquisition: 25, time elapsed: 1095.78s
Traceback (most recent call last):
  File "epsilon_baeopt_run.py", line 46, in <module>
    os.mkdir(save_path)
FileExistsError: [Errno 17] File exists: './74_25_GeneralizabilityEpsilon'
