
 o  Retrieving project data
 o  Retrieving project data
 o  Retrieving project data
 o  Retrieving project data
 o  Retrieving project data
 o  Retrieving project data
 o  Retrieving project data
 o  Retrieving project data
 o  Retrieving project data
 o  Retrieving project data
 o  Retrieving project data
 o  Retrieving project data
 o  Retrieving project data
 o  Retrieving project data
 o  Retrieving project data
 o  Retrieving project data
 o  Retrieving project data
 o  Retrieving project data
 o  Retrieving project data
 o  Retrieving project data
 o  Retrieving project data
 o  Retrieving project data
 o  Retrieving project data
 o  Retrieving project data
 o  Retrieving project data
 o  Retrieving project data
 o  Retrieving project data
 o  Retrieving project data
 o  Retrieving project data
 o  Retrieving project datanum acquisition: 1, time elapsed: 48.73s
num acquisition: 2, time elapsed: 96.35s
num acquisition: 3, time elapsed: 142.68s
num acquisition: 4, time elapsed: 188.57s
num acquisition: 5, time elapsed: 244.46s
num acquisition: 6, time elapsed: 290.37s
num acquisition: 7, time elapsed: 342.95s
num acquisition: 8, time elapsed: 388.91s
num acquisition: 9, time elapsed: 442.57s
num acquisition: 10, time elapsed: 489.49s
num acquisition: 11, time elapsed: 535.74s
num acquisition: 12, time elapsed: 581.89s
num acquisition: 13, time elapsed: 627.87s
num acquisition: 14, time elapsed: 673.28s
num acquisition: 15, time elapsed: 718.69s
num acquisition: 16, time elapsed: 765.26s
num acquisition: 17, time elapsed: 810.76s
num acquisition: 18, time elapsed: 857.39s
num acquisition: 19, time elapsed: 907.31s
num acquisition: 20, time elapsed: 952.72s
num acquisition: 21, time elapsed: 998.43s
num acquisition: 22, time elapsed: 1044.08s
num acquisition: 23, time elapsed: 1089.93s
num acquisition: 24, time elapsed: 1136.97s
Model Saved, num acquisition 25
num acquisition: 25, time elapsed: 1189.65s

 o  Retrieving project data
 o  Retrieving project data
 o  Retrieving project data
 o  Retrieving project data
 o  Retrieving project data
 o  Retrieving project data
 o  Retrieving project data
 o  Retrieving project data
 o  Retrieving project data
 o  Retrieving project data
 o  Retrieving project data
 o  Retrieving project data
 o  Retrieving project data
 o  Retrieving project data
 o  Retrieving project data
 o  Retrieving project data
 o  Retrieving project data
 o  Retrieving project data
 o  Retrieving project data
 o  Retrieving project data
 o  Retrieving project data
 o  Retrieving project data
 o  Retrieving project data
 o  Retrieving project data
 o  Retrieving project data
 o  Retrieving project data
 o  Retrieving project data
 o  Retrieving project data
 o  Retrieving project data
 o  Retrieving project datanum acquisition: 1, time elapsed: 48.31s
num acquisition: 2, time elapsed: 93.37s
num acquisition: 3, time elapsed: 149.11s
num acquisition: 4, time elapsed: 195.16s
num acquisition: 5, time elapsed: 240.16s
num acquisition: 6, time elapsed: 284.85s
num acquisition: 7, time elapsed: 338.44s
num acquisition: 8, time elapsed: 392.25s
num acquisition: 9, time elapsed: 436.61s
num acquisition: 10, time elapsed: 481.73s
num acquisition: 11, time elapsed: 526.51s
num acquisition: 12, time elapsed: 571.43s
num acquisition: 13, time elapsed: 616.37s
num acquisition: 14, time elapsed: 671.35s
num acquisition: 15, time elapsed: 716.99s
num acquisition: 16, time elapsed: 762.68s
num acquisition: 17, time elapsed: 807.97s
num acquisition: 18, time elapsed: 853.52s
num acquisition: 19, time elapsed: 906.50s
num acquisition: 20, time elapsed: 960.53s
num acquisition: 21, time elapsed: 1006.13s
num acquisition: 22, time elapsed: 1058.69s
num acquisition: 23, time elapsed: 1113.47s
num acquisition: 24, time elapsed: 1158.34s
Model Saved, num acquisition 25
num acquisition: 25, time elapsed: 1204.18s

 o  Retrieving project data
 o  Retrieving project data
 o  Retrieving project data
 o  Retrieving project data
 o  Retrieving project data
 o  Retrieving project data
 o  Retrieving project data
 o  Retrieving project data
 o  Retrieving project data
 o  Retrieving project data
 o  Retrieving project data
 o  Retrieving project data
 o  Retrieving project data
 o  Retrieving project data
 o  Retrieving project data
 o  Retrieving project data
 o  Retrieving project data
 o  Retrieving project data
 o  Retrieving project data
 o  Retrieving project data
 o  Retrieving project data
 o  Retrieving project data
 o  Retrieving project data
 o  Retrieving project data
 o  Retrieving project data
 o  Retrieving project data
 o  Retrieving project data
 o  Retrieving project data
 o  Retrieving project data
 o  Retrieving project datanum acquisition: 1, time elapsed: 45.23s
num acquisition: 2, time elapsed: 89.98s
num acquisition: 3, time elapsed: 143.58s
num acquisition: 4, time elapsed: 197.26s
num acquisition: 5, time elapsed: 243.88s
num acquisition: 6, time elapsed: 299.48s
num acquisition: 7, time elapsed: 350.96s
num acquisition: 8, time elapsed: 396.13s
num acquisition: 9, time elapsed: 442.93s
num acquisition: 10, time elapsed: 487.97s
num acquisition: 11, time elapsed: 534.15s
num acquisition: 12, time elapsed: 579.61s
num acquisition: 13, time elapsed: 631.16s
num acquisition: 14, time elapsed: 676.31s
num acquisition: 15, time elapsed: 722.27s
num acquisition: 16, time elapsed: 767.38s
num acquisition: 17, time elapsed: 812.63s
num acquisition: 18, time elapsed: 860.15s
num acquisition: 19, time elapsed: 905.29s
num acquisition: 20, time elapsed: 951.05s
num acquisition: 21, time elapsed: 998.34s
num acquisition: 22, time elapsed: 1044.04s
num acquisition: 23, time elapsed: 1089.56s
num acquisition: 24, time elapsed: 1136.13s
Model Saved, num acquisition 25
num acquisition: 25, time elapsed: 1181.39s

 o  Retrieving project data
 o  Retrieving project data
 o  Retrieving project data
 o  Retrieving project data
 o  Retrieving project data
 o  Retrieving project data
 o  Retrieving project data
 o  Retrieving project data
 o  Retrieving project data
 o  Retrieving project data
 o  Retrieving project data
 o  Retrieving project data
 o  Retrieving project data
 o  Retrieving project data
 o  Retrieving project data
 o  Retrieving project data
 o  Retrieving project data
 o  Retrieving project data
 o  Retrieving project data
 o  Retrieving project data
 o  Retrieving project data
 o  Retrieving project data
 o  Retrieving project data
 o  Retrieving project data
 o  Retrieving project data
 o  Retrieving project data
 o  Retrieving project data
 o  Retrieving project data
 o  Retrieving project data
 o  Retrieving project datanum acquisition: 1, time elapsed: 47.18s
num acquisition: 2, time elapsed: 93.47s
num acquisition: 3, time elapsed: 138.87s
num acquisition: 4, time elapsed: 184.14s
num acquisition: 5, time elapsed: 237.22s
num acquisition: 6, time elapsed: 282.50s
num acquisition: 7, time elapsed: 327.96s
num acquisition: 8, time elapsed: 373.48s
num acquisition: 9, time elapsed: 418.82s
num acquisition: 10, time elapsed: 468.14s
num acquisition: 11, time elapsed: 519.17s
num acquisition: 12, time elapsed: 564.57s
num acquisition: 13, time elapsed: 617.22s
num acquisition: 14, time elapsed: 663.38s
num acquisition: 15, time elapsed: 708.80s
num acquisition: 16, time elapsed: 757.56s
num acquisition: 17, time elapsed: 808.09s
num acquisition: 18, time elapsed: 852.99s
num acquisition: 19, time elapsed: 905.75s
num acquisition: 20, time elapsed: 951.96s
num acquisition: 21, time elapsed: 997.26s
num acquisition: 22, time elapsed: 1043.24s
num acquisition: 23, time elapsed: 1088.23s
num acquisition: 24, time elapsed: 1133.82s
Model Saved, num acquisition 25
num acquisition: 25, time elapsed: 1184.74s

 o  Retrieving project data
 o  Retrieving project data
 o  Retrieving project data
 o  Retrieving project data
 o  Retrieving project data
 o  Retrieving project data
 o  Retrieving project data
 o  Retrieving project data
 o  Retrieving project data
 o  Retrieving project data
 o  Retrieving project data
 o  Retrieving project data
 o  Retrieving project data
 o  Retrieving project data
 o  Retrieving project data
 o  Retrieving project data
 o  Retrieving project data
 o  Retrieving project data
 o  Retrieving project data
 o  Retrieving project data
 o  Retrieving project data
 o  Retrieving project data
 o  Retrieving project data
 o  Retrieving project data
 o  Retrieving project data
 o  Retrieving project data
 o  Retrieving project data
 o  Retrieving project data
 o  Retrieving project data
 o  Retrieving project datanum acquisition: 1, time elapsed: 54.68s
num acquisition: 2, time elapsed: 111.38s
num acquisition: 3, time elapsed: 156.82s
num acquisition: 4, time elapsed: 202.35s
num acquisition: 5, time elapsed: 248.06s
num acquisition: 6, time elapsed: 293.59s
num acquisition: 7, time elapsed: 339.22s
num acquisition: 8, time elapsed: 384.61s
num acquisition: 9, time elapsed: 430.99s
num acquisition: 10, time elapsed: 476.44s
num acquisition: 11, time elapsed: 521.97s
num acquisition: 12, time elapsed: 568.46s
num acquisition: 13, time elapsed: 621.44s
num acquisition: 14, time elapsed: 672.84s
num acquisition: 15, time elapsed: 718.51s
num acquisition: 16, time elapsed: 764.23s
num acquisition: 17, time elapsed: 809.98s
num acquisition: 18, time elapsed: 855.58s
num acquisition: 19, time elapsed: 902.95s
num acquisition: 20, time elapsed: 949.35s
num acquisition: 21, time elapsed: 995.88s
num acquisition: 22, time elapsed: 1049.87s
num acquisition: 23, time elapsed: 1104.36s
num acquisition: 24, time elapsed: 1150.12s
Model Saved, num acquisition 25
num acquisition: 25, time elapsed: 1201.65s

 o  Retrieving project data
 o  Retrieving project data
 o  Retrieving project data
 o  Retrieving project data
 o  Retrieving project data
 o  Retrieving project data
 o  Retrieving project data
 o  Retrieving project data
 o  Retrieving project data
 o  Retrieving project data
 o  Retrieving project data
 o  Retrieving project data
 o  Retrieving project data
 o  Retrieving project data
 o  Retrieving project data
 o  Retrieving project data
 o  Retrieving project data
 o  Retrieving project data
 o  Retrieving project data
 o  Retrieving project data
 o  Retrieving project data
 o  Retrieving project data
 o  Retrieving project data
 o  Retrieving project data
 o  Retrieving project data
 o  Retrieving project data
 o  Retrieving project data
 o  Retrieving project data
 o  Retrieving project data
 o  Retrieving project datanum acquisition: 1, time elapsed: 53.73s
num acquisition: 2, time elapsed: 100.11s
num acquisition: 3, time elapsed: 147.01s
num acquisition: 4, time elapsed: 193.70s
num acquisition: 5, time elapsed: 239.92s
num acquisition: 6, time elapsed: 293.39s
num acquisition: 7, time elapsed: 340.74s
num acquisition: 8, time elapsed: 394.35s
num acquisition: 9, time elapsed: 440.79s
num acquisition: 10, time elapsed: 489.94s
num acquisition: 11, time elapsed: 538.74s
num acquisition: 12, time elapsed: 584.25s
num acquisition: 13, time elapsed: 632.17s
num acquisition: 14, time elapsed: 679.41s
num acquisition: 15, time elapsed: 725.07s
num acquisition: 16, time elapsed: 772.05s
num acquisition: 17, time elapsed: 818.02s
num acquisition: 18, time elapsed: 864.02s
num acquisition: 19, time elapsed: 909.73s
num acquisition: 20, time elapsed: 955.65s
num acquisition: 21, time elapsed: 1009.99s
num acquisition: 22, time elapsed: 1055.56s
num acquisition: 23, time elapsed: 1104.64s
num acquisition: 24, time elapsed: 1153.48s
Model Saved, num acquisition 25
num acquisition: 25, time elapsed: 1199.05s

 o  Retrieving project data
 o  Retrieving project data
 o  Retrieving project data
 o  Retrieving project data
 o  Retrieving project data
 o  Retrieving project data
 o  Retrieving project data
 o  Retrieving project data
 o  Retrieving project data
 o  Retrieving project data
 o  Retrieving project data
 o  Retrieving project data
 o  Retrieving project data
 o  Retrieving project data
 o  Retrieving project data
 o  Retrieving project data
 o  Retrieving project data
 o  Retrieving project data
 o  Retrieving project data
 o  Retrieving project data
 o  Retrieving project data
 o  Retrieving project data
 o  Retrieving project data
 o  Retrieving project data
 o  Retrieving project data
 o  Retrieving project data
 o  Retrieving project data
 o  Retrieving project data
 o  Retrieving project data
 o  Retrieving project datanum acquisition: 1, time elapsed: 46.42s
num acquisition: 2, time elapsed: 94.12s
num acquisition: 3, time elapsed: 142.01s
num acquisition: 4, time elapsed: 188.63s
num acquisition: 5, time elapsed: 234.29s
num acquisition: 6, time elapsed: 280.85s
num acquisition: 7, time elapsed: 334.45s
num acquisition: 8, time elapsed: 380.01s
num acquisition: 9, time elapsed: 425.69s
num acquisition: 10, time elapsed: 471.45s
num acquisition: 11, time elapsed: 524.97s
num acquisition: 12, time elapsed: 573.56s
num acquisition: 13, time elapsed: 621.06s
num acquisition: 14, time elapsed: 667.09s
num acquisition: 15, time elapsed: 714.27s
num acquisition: 16, time elapsed: 767.64s
num acquisition: 17, time elapsed: 813.79s
num acquisition: 18, time elapsed: 859.90s
num acquisition: 19, time elapsed: 904.97s
num acquisition: 20, time elapsed: 949.11s
num acquisition: 21, time elapsed: 995.39s
num acquisition: 22, time elapsed: 1042.51s
num acquisition: 23, time elapsed: 1089.65s
num acquisition: 24, time elapsed: 1139.08s
Model Saved, num acquisition 25
num acquisition: 25, time elapsed: 1186.49s

 o  Retrieving project data
 o  Retrieving project data
 o  Retrieving project data
 o  Retrieving project data
 o  Retrieving project data
 o  Retrieving project data
 o  Retrieving project data
 o  Retrieving project data
 o  Retrieving project data
 o  Retrieving project data
 o  Retrieving project data
 o  Retrieving project data
 o  Retrieving project data
 o  Retrieving project data
 o  Retrieving project data
 o  Retrieving project data
 o  Retrieving project data
 o  Retrieving project data
 o  Retrieving project data
 o  Retrieving project data
 o  Retrieving project data
 o  Retrieving project data
 o  Retrieving project data
 o  Retrieving project data
 o  Retrieving project data
 o  Retrieving project data
 o  Retrieving project data
 o  Retrieving project data
 o  Retrieving project data
 o  Retrieving project datanum acquisition: 1, time elapsed: 52.02s
num acquisition: 2, time elapsed: 96.27s
num acquisition: 3, time elapsed: 146.89s
num acquisition: 4, time elapsed: 191.15s
num acquisition: 5, time elapsed: 239.19s
num acquisition: 6, time elapsed: 288.51s
num acquisition: 7, time elapsed: 338.57s
num acquisition: 8, time elapsed: 391.66s
num acquisition: 9, time elapsed: 442.75s
num acquisition: 10, time elapsed: 491.19s
num acquisition: 11, time elapsed: 544.21s
num acquisition: 12, time elapsed: 599.75s
num acquisition: 13, time elapsed: 654.14s
num acquisition: 14, time elapsed: 707.31s
num acquisition: 15, time elapsed: 755.33s
num acquisition: 16, time elapsed: 799.61s
num acquisition: 17, time elapsed: 846.75s
num acquisition: 18, time elapsed: 901.76s
num acquisition: 19, time elapsed: 945.70s
num acquisition: 20, time elapsed: 990.01s
num acquisition: 21, time elapsed: 1036.04s
num acquisition: 22, time elapsed: 1079.91s
num acquisition: 23, time elapsed: 1124.17s
num acquisition: 24, time elapsed: 1175.08s
Model Saved, num acquisition 25
num acquisition: 25, time elapsed: 1226.93s

 o  Retrieving project data
 o  Retrieving project data
 o  Retrieving project data
 o  Retrieving project data
 o  Retrieving project data
 o  Retrieving project data
 o  Retrieving project data
 o  Retrieving project data
 o  Retrieving project data
 o  Retrieving project data
 o  Retrieving project data
 o  Retrieving project data
 o  Retrieving project data
 o  Retrieving project data
 o  Retrieving project data
 o  Retrieving project data
 o  Retrieving project data
 o  Retrieving project data
 o  Retrieving project data
 o  Retrieving project data
 o  Retrieving project data
 o  Retrieving project data
 o  Retrieving project data
 o  Retrieving project data
 o  Retrieving project data
 o  Retrieving project data
 o  Retrieving project data
 o  Retrieving project data
 o  Retrieving project data
 o  Retrieving project datanum acquisition: 1, time elapsed: 52.53s
num acquisition: 2, time elapsed: 105.05s
num acquisition: 3, time elapsed: 156.05s
num acquisition: 4, time elapsed: 208.68s
num acquisition: 5, time elapsed: 261.41s
num acquisition: 6, time elapsed: 314.38s
num acquisition: 7, time elapsed: 367.24s
num acquisition: 8, time elapsed: 420.24s
num acquisition: 9, time elapsed: 473.20s
num acquisition: 10, time elapsed: 524.61s
num acquisition: 11, time elapsed: 569.29s
num acquisition: 12, time elapsed: 614.05s
num acquisition: 13, time elapsed: 660.21s
num acquisition: 14, time elapsed: 706.06s
num acquisition: 15, time elapsed: 752.22s
num acquisition: 16, time elapsed: 803.31s
num acquisition: 17, time elapsed: 850.18s
num acquisition: 18, time elapsed: 897.03s
num acquisition: 19, time elapsed: 951.06s
num acquisition: 20, time elapsed: 997.25s
num acquisition: 21, time elapsed: 1043.23s
num acquisition: 22, time elapsed: 1089.67s
num acquisition: 23, time elapsed: 1135.72s
num acquisition: 24, time elapsed: 1179.69s
Model Saved, num acquisition 25
num acquisition: 25, time elapsed: 1219.81s
Traceback (most recent call last):
  File "epsilon_baeopt_run.py", line 46, in <module>
    os.mkdir(save_path)
FileExistsError: [Errno 17] File exists: './874_25_GeneralizabilityEpsilon'
