
 o  Retrieving project data
 o  Retrieving project data
 o  Retrieving project data
 o  Retrieving project data
 o  Retrieving project data
 o  Retrieving project data
 o  Retrieving project data
 o  Retrieving project data
 o  Retrieving project data
 o  Retrieving project data
 o  Retrieving project data
 o  Retrieving project data
 o  Retrieving project data
 o  Retrieving project data
 o  Retrieving project data
 o  Retrieving project data
 o  Retrieving project data
 o  Retrieving project data
 o  Retrieving project data
 o  Retrieving project data
 o  Retrieving project data
 o  Retrieving project data
 o  Retrieving project data
 o  Retrieving project data
 o  Retrieving project data
 o  Retrieving project data
 o  Retrieving project data
 o  Retrieving project data
 o  Retrieving project data
 o  Retrieving project datanum acquisition: 1, time elapsed: 38.97s
num acquisition: 2, time elapsed: 77.34s
num acquisition: 3, time elapsed: 117.49s
num acquisition: 4, time elapsed: 158.05s
num acquisition: 5, time elapsed: 197.71s
num acquisition: 6, time elapsed: 238.87s
num acquisition: 7, time elapsed: 278.36s
num acquisition: 8, time elapsed: 317.85s
num acquisition: 9, time elapsed: 358.45s
num acquisition: 10, time elapsed: 407.71s
num acquisition: 11, time elapsed: 446.93s
num acquisition: 12, time elapsed: 486.35s
num acquisition: 13, time elapsed: 525.80s
num acquisition: 14, time elapsed: 565.22s
num acquisition: 15, time elapsed: 604.74s
num acquisition: 16, time elapsed: 644.23s
num acquisition: 17, time elapsed: 693.05s
num acquisition: 18, time elapsed: 732.54s
num acquisition: 19, time elapsed: 772.13s
num acquisition: 20, time elapsed: 811.90s
num acquisition: 21, time elapsed: 851.89s
num acquisition: 22, time elapsed: 892.63s
num acquisition: 23, time elapsed: 932.41s
num acquisition: 24, time elapsed: 972.28s
Model Saved, num acquisition 25
num acquisition: 25, time elapsed: 1012.19s

 o  Retrieving project data
 o  Retrieving project data
 o  Retrieving project data
 o  Retrieving project data
 o  Retrieving project data
 o  Retrieving project data
 o  Retrieving project data
 o  Retrieving project data
 o  Retrieving project data
 o  Retrieving project data
 o  Retrieving project data
 o  Retrieving project data
 o  Retrieving project data
 o  Retrieving project data
 o  Retrieving project data
 o  Retrieving project data
 o  Retrieving project data
 o  Retrieving project data
 o  Retrieving project data
 o  Retrieving project data
 o  Retrieving project data
 o  Retrieving project data
 o  Retrieving project data
 o  Retrieving project data
 o  Retrieving project data
 o  Retrieving project data
 o  Retrieving project data
 o  Retrieving project data
 o  Retrieving project data
 o  Retrieving project datanum acquisition: 1, time elapsed: 48.37s
num acquisition: 2, time elapsed: 88.33s
num acquisition: 3, time elapsed: 135.43s
num acquisition: 4, time elapsed: 175.41s
num acquisition: 5, time elapsed: 216.08s
num acquisition: 6, time elapsed: 257.18s
num acquisition: 7, time elapsed: 297.84s
num acquisition: 8, time elapsed: 339.13s
num acquisition: 9, time elapsed: 380.15s
num acquisition: 10, time elapsed: 421.59s
num acquisition: 11, time elapsed: 461.59s
num acquisition: 12, time elapsed: 501.49s
num acquisition: 13, time elapsed: 543.72s
num acquisition: 14, time elapsed: 591.20s
num acquisition: 15, time elapsed: 639.06s
num acquisition: 16, time elapsed: 685.65s
num acquisition: 17, time elapsed: 725.41s
num acquisition: 18, time elapsed: 765.32s
num acquisition: 19, time elapsed: 812.16s
num acquisition: 20, time elapsed: 853.22s
num acquisition: 21, time elapsed: 901.44s
num acquisition: 22, time elapsed: 951.22s
num acquisition: 23, time elapsed: 993.83s
num acquisition: 24, time elapsed: 1033.75s
Model Saved, num acquisition 25
num acquisition: 25, time elapsed: 1074.47s

 o  Retrieving project data
 o  Retrieving project data
 o  Retrieving project data
 o  Retrieving project data
 o  Retrieving project data
 o  Retrieving project data
 o  Retrieving project data
 o  Retrieving project data
 o  Retrieving project data
 o  Retrieving project data
 o  Retrieving project data
 o  Retrieving project data
 o  Retrieving project data
 o  Retrieving project data
 o  Retrieving project data
 o  Retrieving project data
 o  Retrieving project data
 o  Retrieving project data
 o  Retrieving project data
 o  Retrieving project data
 o  Retrieving project data
 o  Retrieving project data
 o  Retrieving project data
 o  Retrieving project data
 o  Retrieving project data
 o  Retrieving project data
 o  Retrieving project data
 o  Retrieving project data
 o  Retrieving project data
 o  Retrieving project datanum acquisition: 1, time elapsed: 39.76s
num acquisition: 2, time elapsed: 79.50s
num acquisition: 3, time elapsed: 119.91s
num acquisition: 4, time elapsed: 166.29s
num acquisition: 5, time elapsed: 207.39s
num acquisition: 6, time elapsed: 252.88s
num acquisition: 7, time elapsed: 299.47s
num acquisition: 8, time elapsed: 349.08s
num acquisition: 9, time elapsed: 388.58s
num acquisition: 10, time elapsed: 428.21s
num acquisition: 11, time elapsed: 467.78s
num acquisition: 12, time elapsed: 507.35s
num acquisition: 13, time elapsed: 546.80s
num acquisition: 14, time elapsed: 586.50s
num acquisition: 15, time elapsed: 626.09s
num acquisition: 16, time elapsed: 665.76s
num acquisition: 17, time elapsed: 705.52s
num acquisition: 18, time elapsed: 745.22s
num acquisition: 19, time elapsed: 784.76s
num acquisition: 20, time elapsed: 824.31s
num acquisition: 21, time elapsed: 864.29s
num acquisition: 22, time elapsed: 904.03s
num acquisition: 23, time elapsed: 943.68s
num acquisition: 24, time elapsed: 983.08s
Model Saved, num acquisition 25
num acquisition: 25, time elapsed: 1022.44s

 o  Retrieving project data
 o  Retrieving project data
 o  Retrieving project data
 o  Retrieving project data
 o  Retrieving project data
 o  Retrieving project data
 o  Retrieving project data
 o  Retrieving project data
 o  Retrieving project data
 o  Retrieving project data
 o  Retrieving project data
 o  Retrieving project data
 o  Retrieving project data
 o  Retrieving project data
 o  Retrieving project data
 o  Retrieving project data
 o  Retrieving project data
 o  Retrieving project data
 o  Retrieving project data
 o  Retrieving project data
 o  Retrieving project data
 o  Retrieving project data
 o  Retrieving project data
 o  Retrieving project data
 o  Retrieving project data
 o  Retrieving project data
 o  Retrieving project data
 o  Retrieving project data
 o  Retrieving project data
 o  Retrieving project datanum acquisition: 1, time elapsed: 41.91s
num acquisition: 2, time elapsed: 84.46s
num acquisition: 3, time elapsed: 132.40s
num acquisition: 4, time elapsed: 178.14s
num acquisition: 5, time elapsed: 225.03s
num acquisition: 6, time elapsed: 267.21s
num acquisition: 7, time elapsed: 311.89s
num acquisition: 8, time elapsed: 358.32s
num acquisition: 9, time elapsed: 406.98s
num acquisition: 10, time elapsed: 446.18s
num acquisition: 11, time elapsed: 486.55s
num acquisition: 12, time elapsed: 526.23s
num acquisition: 13, time elapsed: 565.73s
num acquisition: 14, time elapsed: 613.00s
num acquisition: 15, time elapsed: 660.24s
num acquisition: 16, time elapsed: 699.50s
num acquisition: 17, time elapsed: 741.71s
num acquisition: 18, time elapsed: 780.95s
num acquisition: 19, time elapsed: 820.40s
num acquisition: 20, time elapsed: 861.99s
num acquisition: 21, time elapsed: 910.47s
num acquisition: 22, time elapsed: 949.61s
num acquisition: 23, time elapsed: 990.20s
num acquisition: 24, time elapsed: 1029.29s
Model Saved, num acquisition 25
num acquisition: 25, time elapsed: 1068.35s

 o  Retrieving project data
 o  Retrieving project data
 o  Retrieving project data
 o  Retrieving project data
 o  Retrieving project data
 o  Retrieving project data
 o  Retrieving project data
 o  Retrieving project data
 o  Retrieving project data
 o  Retrieving project data
 o  Retrieving project data
 o  Retrieving project data
 o  Retrieving project data
 o  Retrieving project data
 o  Retrieving project data
 o  Retrieving project data
 o  Retrieving project data
 o  Retrieving project data
 o  Retrieving project data
 o  Retrieving project data
 o  Retrieving project data
 o  Retrieving project data
 o  Retrieving project data
 o  Retrieving project data
 o  Retrieving project data
 o  Retrieving project data
 o  Retrieving project data
 o  Retrieving project data
 o  Retrieving project data
 o  Retrieving project datanum acquisition: 1, time elapsed: 48.20s
num acquisition: 2, time elapsed: 95.56s
num acquisition: 3, time elapsed: 140.75s
num acquisition: 4, time elapsed: 187.62s
num acquisition: 5, time elapsed: 234.66s
num acquisition: 6, time elapsed: 281.50s
num acquisition: 7, time elapsed: 330.08s
num acquisition: 8, time elapsed: 377.37s
num acquisition: 9, time elapsed: 424.85s
num acquisition: 10, time elapsed: 471.76s
num acquisition: 11, time elapsed: 519.13s
num acquisition: 12, time elapsed: 566.14s
num acquisition: 13, time elapsed: 607.09s
num acquisition: 14, time elapsed: 652.49s
num acquisition: 15, time elapsed: 693.82s
num acquisition: 16, time elapsed: 743.07s
num acquisition: 17, time elapsed: 792.20s
num acquisition: 18, time elapsed: 838.76s
num acquisition: 19, time elapsed: 885.44s
num acquisition: 20, time elapsed: 932.57s
num acquisition: 21, time elapsed: 979.33s
num acquisition: 22, time elapsed: 1028.37s
num acquisition: 23, time elapsed: 1074.19s
num acquisition: 24, time elapsed: 1120.60s
Model Saved, num acquisition 25
num acquisition: 25, time elapsed: 1164.15s

 o  Retrieving project data
 o  Retrieving project data
 o  Retrieving project data
 o  Retrieving project data
 o  Retrieving project data
 o  Retrieving project data
 o  Retrieving project data
 o  Retrieving project data
 o  Retrieving project data
 o  Retrieving project data
 o  Retrieving project data
 o  Retrieving project data
 o  Retrieving project data
 o  Retrieving project data
 o  Retrieving project data
 o  Retrieving project data
 o  Retrieving project data
 o  Retrieving project data
 o  Retrieving project data
 o  Retrieving project data
 o  Retrieving project data
 o  Retrieving project data
 o  Retrieving project data
 o  Retrieving project data
 o  Retrieving project data
 o  Retrieving project data
 o  Retrieving project data
 o  Retrieving project data
 o  Retrieving project data
 o  Retrieving project datanum acquisition: 1, time elapsed: 42.04s
num acquisition: 2, time elapsed: 81.36s
num acquisition: 3, time elapsed: 131.40s
num acquisition: 4, time elapsed: 171.67s
num acquisition: 5, time elapsed: 218.24s
num acquisition: 6, time elapsed: 257.09s
num acquisition: 7, time elapsed: 296.08s
num acquisition: 8, time elapsed: 337.33s
num acquisition: 9, time elapsed: 376.28s
num acquisition: 10, time elapsed: 423.74s
num acquisition: 11, time elapsed: 471.66s
num acquisition: 12, time elapsed: 510.65s
num acquisition: 13, time elapsed: 551.25s
num acquisition: 14, time elapsed: 590.26s
num acquisition: 15, time elapsed: 629.22s
num acquisition: 16, time elapsed: 669.32s
num acquisition: 17, time elapsed: 708.75s
num acquisition: 18, time elapsed: 747.83s
num acquisition: 19, time elapsed: 787.49s
num acquisition: 20, time elapsed: 826.51s
num acquisition: 21, time elapsed: 865.50s
num acquisition: 22, time elapsed: 906.04s
num acquisition: 23, time elapsed: 944.92s
num acquisition: 24, time elapsed: 985.00s
Model Saved, num acquisition 25
num acquisition: 25, time elapsed: 1030.70s

 o  Retrieving project data
 o  Retrieving project data
 o  Retrieving project data
 o  Retrieving project data
 o  Retrieving project data
 o  Retrieving project data
 o  Retrieving project data
 o  Retrieving project data
 o  Retrieving project data
 o  Retrieving project data
 o  Retrieving project data
 o  Retrieving project data
 o  Retrieving project data
 o  Retrieving project data
 o  Retrieving project data
 o  Retrieving project data
 o  Retrieving project data
 o  Retrieving project data
 o  Retrieving project data
 o  Retrieving project data
 o  Retrieving project data
 o  Retrieving project data
 o  Retrieving project data
 o  Retrieving project data
 o  Retrieving project data
 o  Retrieving project data
 o  Retrieving project data
 o  Retrieving project data
 o  Retrieving project data
 o  Retrieving project datanum acquisition: 1, time elapsed: 40.61s
num acquisition: 2, time elapsed: 79.61s
num acquisition: 3, time elapsed: 119.93s
num acquisition: 4, time elapsed: 159.66s
num acquisition: 5, time elapsed: 198.92s
num acquisition: 6, time elapsed: 243.14s
num acquisition: 7, time elapsed: 288.18s
num acquisition: 8, time elapsed: 329.03s
num acquisition: 9, time elapsed: 375.53s
num acquisition: 10, time elapsed: 414.41s
num acquisition: 11, time elapsed: 462.95s
num acquisition: 12, time elapsed: 501.73s
num acquisition: 13, time elapsed: 544.99s
num acquisition: 14, time elapsed: 586.01s
num acquisition: 15, time elapsed: 624.72s
num acquisition: 16, time elapsed: 663.34s
num acquisition: 17, time elapsed: 702.95s
num acquisition: 18, time elapsed: 750.73s
num acquisition: 19, time elapsed: 789.62s
num acquisition: 20, time elapsed: 835.48s
num acquisition: 21, time elapsed: 874.94s
num acquisition: 22, time elapsed: 913.71s
num acquisition: 23, time elapsed: 952.50s
num acquisition: 24, time elapsed: 991.84s
Model Saved, num acquisition 25
num acquisition: 25, time elapsed: 1030.73s

 o  Retrieving project data
 o  Retrieving project data
 o  Retrieving project data
 o  Retrieving project data
 o  Retrieving project data
 o  Retrieving project data
 o  Retrieving project data
 o  Retrieving project data
 o  Retrieving project data
 o  Retrieving project data
 o  Retrieving project data
 o  Retrieving project data
 o  Retrieving project data
 o  Retrieving project data
 o  Retrieving project data
 o  Retrieving project data
 o  Retrieving project data
 o  Retrieving project data
 o  Retrieving project data
 o  Retrieving project data
 o  Retrieving project data
 o  Retrieving project data
 o  Retrieving project data
 o  Retrieving project data
 o  Retrieving project data
 o  Retrieving project data
 o  Retrieving project data
 o  Retrieving project data
 o  Retrieving project data
 o  Retrieving project datanum acquisition: 1, time elapsed: 38.87s
num acquisition: 2, time elapsed: 77.96s
num acquisition: 3, time elapsed: 116.59s
num acquisition: 4, time elapsed: 164.20s
num acquisition: 5, time elapsed: 212.75s
num acquisition: 6, time elapsed: 251.43s
num acquisition: 7, time elapsed: 290.24s
num acquisition: 8, time elapsed: 331.19s
num acquisition: 9, time elapsed: 371.05s
num acquisition: 10, time elapsed: 409.84s
num acquisition: 11, time elapsed: 448.68s
num acquisition: 12, time elapsed: 487.73s
num acquisition: 13, time elapsed: 526.58s
num acquisition: 14, time elapsed: 571.65s
num acquisition: 15, time elapsed: 619.60s
num acquisition: 16, time elapsed: 668.49s
num acquisition: 17, time elapsed: 708.05s
num acquisition: 18, time elapsed: 754.07s
num acquisition: 19, time elapsed: 793.04s
num acquisition: 20, time elapsed: 831.98s
num acquisition: 21, time elapsed: 877.09s
num acquisition: 22, time elapsed: 925.44s
num acquisition: 23, time elapsed: 964.51s
num acquisition: 24, time elapsed: 1004.97s
Model Saved, num acquisition 25
num acquisition: 25, time elapsed: 1043.91s

 o  Retrieving project data
 o  Retrieving project data
 o  Retrieving project data
 o  Retrieving project data
 o  Retrieving project data
 o  Retrieving project data
 o  Retrieving project data
 o  Retrieving project data
 o  Retrieving project data
 o  Retrieving project data
 o  Retrieving project data
 o  Retrieving project data
 o  Retrieving project data
 o  Retrieving project data
 o  Retrieving project data
 o  Retrieving project data
 o  Retrieving project data
 o  Retrieving project data
 o  Retrieving project data
 o  Retrieving project data
 o  Retrieving project data
 o  Retrieving project data
 o  Retrieving project data
 o  Retrieving project data
 o  Retrieving project data
 o  Retrieving project data
 o  Retrieving project data
 o  Retrieving project data
 o  Retrieving project data
 o  Retrieving project datanum acquisition: 1, time elapsed: 48.38s
num acquisition: 2, time elapsed: 96.78s
num acquisition: 3, time elapsed: 142.97s
num acquisition: 4, time elapsed: 188.55s
num acquisition: 5, time elapsed: 234.73s
num acquisition: 6, time elapsed: 283.47s
num acquisition: 7, time elapsed: 327.33s
num acquisition: 8, time elapsed: 374.15s
num acquisition: 9, time elapsed: 413.44s
num acquisition: 10, time elapsed: 453.74s
num acquisition: 11, time elapsed: 493.47s
num acquisition: 12, time elapsed: 540.09s
num acquisition: 13, time elapsed: 579.33s
num acquisition: 14, time elapsed: 619.31s
num acquisition: 15, time elapsed: 664.87s
num acquisition: 16, time elapsed: 703.67s
num acquisition: 17, time elapsed: 742.67s
num acquisition: 18, time elapsed: 781.53s
num acquisition: 19, time elapsed: 823.30s
num acquisition: 20, time elapsed: 871.00s
num acquisition: 21, time elapsed: 917.28s
num acquisition: 22, time elapsed: 956.43s
num acquisition: 23, time elapsed: 1003.25s
num acquisition: 24, time elapsed: 1042.23s
Model Saved, num acquisition 25
num acquisition: 25, time elapsed: 1081.56s
Traceback (most recent call last):
  File "epsilon_baeopt_run.py", line 46, in <module>
    os.mkdir(save_path)
FileExistsError: [Errno 17] File exists: './374_25_GeneralizabilityEpsilon'
