
 o  Retrieving project data
 o  Retrieving project data
 o  Retrieving project data
 o  Retrieving project data
 o  Retrieving project data
 o  Retrieving project data
 o  Retrieving project data
 o  Retrieving project data
 o  Retrieving project data
 o  Retrieving project data
 o  Retrieving project data
 o  Retrieving project data
 o  Retrieving project data
 o  Retrieving project data
 o  Retrieving project data
 o  Retrieving project data
 o  Retrieving project data
 o  Retrieving project data
 o  Retrieving project data
 o  Retrieving project data
 o  Retrieving project data
 o  Retrieving project data
 o  Retrieving project data
 o  Retrieving project data
 o  Retrieving project data
 o  Retrieving project data
 o  Retrieving project data
 o  Retrieving project data
 o  Retrieving project data
 o  Retrieving project datanum acquisition: 1, time elapsed: 45.83s
num acquisition: 2, time elapsed: 86.66s
num acquisition: 3, time elapsed: 125.87s
num acquisition: 4, time elapsed: 165.10s
num acquisition: 5, time elapsed: 204.44s
num acquisition: 6, time elapsed: 243.63s
num acquisition: 7, time elapsed: 282.90s
num acquisition: 8, time elapsed: 323.77s
num acquisition: 9, time elapsed: 365.55s
num acquisition: 10, time elapsed: 404.81s
num acquisition: 11, time elapsed: 444.05s
num acquisition: 12, time elapsed: 490.56s
num acquisition: 13, time elapsed: 529.93s
num acquisition: 14, time elapsed: 569.37s
num acquisition: 15, time elapsed: 608.64s
num acquisition: 16, time elapsed: 647.88s
num acquisition: 17, time elapsed: 687.23s
num acquisition: 18, time elapsed: 728.26s
num acquisition: 19, time elapsed: 775.30s
num acquisition: 20, time elapsed: 814.53s
num acquisition: 21, time elapsed: 853.88s
num acquisition: 22, time elapsed: 893.07s
num acquisition: 23, time elapsed: 942.21s
num acquisition: 24, time elapsed: 984.05s
Model Saved, num acquisition 25
num acquisition: 25, time elapsed: 1023.70s

 o  Retrieving project data
 o  Retrieving project data
 o  Retrieving project data
 o  Retrieving project data
 o  Retrieving project data
 o  Retrieving project data
 o  Retrieving project data
 o  Retrieving project data
 o  Retrieving project data
 o  Retrieving project data
 o  Retrieving project data
 o  Retrieving project data
 o  Retrieving project data
 o  Retrieving project data
 o  Retrieving project data
 o  Retrieving project data
 o  Retrieving project data
 o  Retrieving project data
 o  Retrieving project data
 o  Retrieving project data
 o  Retrieving project data
 o  Retrieving project data
 o  Retrieving project data
 o  Retrieving project data
 o  Retrieving project data
 o  Retrieving project data
 o  Retrieving project data
 o  Retrieving project data
 o  Retrieving project data
 o  Retrieving project datanum acquisition: 1, time elapsed: 39.52s
num acquisition: 2, time elapsed: 82.47s
num acquisition: 3, time elapsed: 128.97s
num acquisition: 4, time elapsed: 169.30s
num acquisition: 5, time elapsed: 216.43s
num acquisition: 6, time elapsed: 264.53s
num acquisition: 7, time elapsed: 312.26s
num acquisition: 8, time elapsed: 359.84s
num acquisition: 9, time elapsed: 410.31s
num acquisition: 10, time elapsed: 461.16s
num acquisition: 11, time elapsed: 501.63s
num acquisition: 12, time elapsed: 550.08s
num acquisition: 13, time elapsed: 598.04s
num acquisition: 14, time elapsed: 639.48s
num acquisition: 15, time elapsed: 680.45s
num acquisition: 16, time elapsed: 720.67s
num acquisition: 17, time elapsed: 762.10s
num acquisition: 18, time elapsed: 809.55s
num acquisition: 19, time elapsed: 856.75s
num acquisition: 20, time elapsed: 897.23s
num acquisition: 21, time elapsed: 943.46s
num acquisition: 22, time elapsed: 990.92s
num acquisition: 23, time elapsed: 1037.98s
num acquisition: 24, time elapsed: 1085.68s
Model Saved, num acquisition 25
num acquisition: 25, time elapsed: 1125.69s

 o  Retrieving project data
 o  Retrieving project data
 o  Retrieving project data
 o  Retrieving project data
 o  Retrieving project data
 o  Retrieving project data
 o  Retrieving project data
 o  Retrieving project data
 o  Retrieving project data
 o  Retrieving project data
 o  Retrieving project data
 o  Retrieving project data
 o  Retrieving project data
 o  Retrieving project data
 o  Retrieving project data
 o  Retrieving project data
 o  Retrieving project data
 o  Retrieving project data
 o  Retrieving project data
 o  Retrieving project data
 o  Retrieving project data
 o  Retrieving project data
 o  Retrieving project data
 o  Retrieving project data
 o  Retrieving project data
 o  Retrieving project data
 o  Retrieving project data
 o  Retrieving project data
 o  Retrieving project data
 o  Retrieving project datanum acquisition: 1, time elapsed: 38.35s
num acquisition: 2, time elapsed: 78.22s
num acquisition: 3, time elapsed: 116.60s
num acquisition: 4, time elapsed: 156.05s
num acquisition: 5, time elapsed: 195.95s
num acquisition: 6, time elapsed: 234.40s
num acquisition: 7, time elapsed: 272.76s
num acquisition: 8, time elapsed: 311.24s
num acquisition: 9, time elapsed: 352.23s
num acquisition: 10, time elapsed: 398.28s
num acquisition: 11, time elapsed: 437.65s
num acquisition: 12, time elapsed: 481.72s
num acquisition: 13, time elapsed: 522.81s
num acquisition: 14, time elapsed: 564.38s
num acquisition: 15, time elapsed: 603.50s
num acquisition: 16, time elapsed: 652.23s
num acquisition: 17, time elapsed: 698.55s
num acquisition: 18, time elapsed: 745.55s
num acquisition: 19, time elapsed: 793.55s
num acquisition: 20, time elapsed: 839.31s
num acquisition: 21, time elapsed: 883.52s
num acquisition: 22, time elapsed: 924.08s
num acquisition: 23, time elapsed: 970.80s
num acquisition: 24, time elapsed: 1011.48s
Model Saved, num acquisition 25
num acquisition: 25, time elapsed: 1057.28s

 o  Retrieving project data
 o  Retrieving project data
 o  Retrieving project data
 o  Retrieving project data
 o  Retrieving project data
 o  Retrieving project data
 o  Retrieving project data
 o  Retrieving project data
 o  Retrieving project data
 o  Retrieving project data
 o  Retrieving project data
 o  Retrieving project data
 o  Retrieving project data
 o  Retrieving project data
 o  Retrieving project data
 o  Retrieving project data
 o  Retrieving project data
 o  Retrieving project data
 o  Retrieving project data
 o  Retrieving project data
 o  Retrieving project data
 o  Retrieving project data
 o  Retrieving project data
 o  Retrieving project data
 o  Retrieving project data
 o  Retrieving project data
 o  Retrieving project data
 o  Retrieving project data
 o  Retrieving project data
 o  Retrieving project datanum acquisition: 1, time elapsed: 39.77s
num acquisition: 2, time elapsed: 85.23s
num acquisition: 3, time elapsed: 126.25s
num acquisition: 4, time elapsed: 166.07s
num acquisition: 5, time elapsed: 205.77s
num acquisition: 6, time elapsed: 245.43s
num acquisition: 7, time elapsed: 292.73s
num acquisition: 8, time elapsed: 339.92s
num acquisition: 9, time elapsed: 381.11s
num acquisition: 10, time elapsed: 434.07s
num acquisition: 11, time elapsed: 473.67s
num acquisition: 12, time elapsed: 516.83s
num acquisition: 13, time elapsed: 562.34s
num acquisition: 14, time elapsed: 601.97s
num acquisition: 15, time elapsed: 641.68s
num acquisition: 16, time elapsed: 681.73s
num acquisition: 17, time elapsed: 731.46s
num acquisition: 18, time elapsed: 771.16s
num acquisition: 19, time elapsed: 820.27s
num acquisition: 20, time elapsed: 862.27s
num acquisition: 21, time elapsed: 910.73s
num acquisition: 22, time elapsed: 950.86s
num acquisition: 23, time elapsed: 999.30s
num acquisition: 24, time elapsed: 1046.62s
Model Saved, num acquisition 25
num acquisition: 25, time elapsed: 1093.69s

 o  Retrieving project data
 o  Retrieving project data
 o  Retrieving project data
 o  Retrieving project data
 o  Retrieving project data
 o  Retrieving project data
 o  Retrieving project data
 o  Retrieving project data
 o  Retrieving project data
 o  Retrieving project data
 o  Retrieving project data
 o  Retrieving project data
 o  Retrieving project data
 o  Retrieving project data
 o  Retrieving project data
 o  Retrieving project data
 o  Retrieving project data
 o  Retrieving project data
 o  Retrieving project data
 o  Retrieving project data
 o  Retrieving project data
 o  Retrieving project data
 o  Retrieving project data
 o  Retrieving project data
 o  Retrieving project data
 o  Retrieving project data
 o  Retrieving project data
 o  Retrieving project data
 o  Retrieving project data
 o  Retrieving project datanum acquisition: 1, time elapsed: 41.80s
num acquisition: 2, time elapsed: 90.29s
num acquisition: 3, time elapsed: 138.05s
num acquisition: 4, time elapsed: 185.31s
num acquisition: 5, time elapsed: 234.45s
num acquisition: 6, time elapsed: 282.31s
num acquisition: 7, time elapsed: 330.12s
num acquisition: 8, time elapsed: 378.90s
num acquisition: 9, time elapsed: 429.48s
num acquisition: 10, time elapsed: 477.75s
num acquisition: 11, time elapsed: 526.24s
num acquisition: 12, time elapsed: 576.47s
num acquisition: 13, time elapsed: 619.14s
num acquisition: 14, time elapsed: 666.37s
num acquisition: 15, time elapsed: 714.20s
num acquisition: 16, time elapsed: 762.69s
num acquisition: 17, time elapsed: 809.68s
num acquisition: 18, time elapsed: 857.35s
num acquisition: 19, time elapsed: 905.04s
num acquisition: 20, time elapsed: 944.67s
num acquisition: 21, time elapsed: 991.69s
num acquisition: 22, time elapsed: 1037.91s
num acquisition: 23, time elapsed: 1078.71s
num acquisition: 24, time elapsed: 1118.48s
Model Saved, num acquisition 25
num acquisition: 25, time elapsed: 1165.70s

 o  Retrieving project data
 o  Retrieving project data
 o  Retrieving project data
 o  Retrieving project data
 o  Retrieving project data
 o  Retrieving project data
 o  Retrieving project data
 o  Retrieving project data
 o  Retrieving project data
 o  Retrieving project data
 o  Retrieving project data
 o  Retrieving project data
 o  Retrieving project data
 o  Retrieving project data
 o  Retrieving project data
 o  Retrieving project data
 o  Retrieving project data
 o  Retrieving project data
 o  Retrieving project data
 o  Retrieving project data
 o  Retrieving project data
 o  Retrieving project data
 o  Retrieving project data
 o  Retrieving project data
 o  Retrieving project data
 o  Retrieving project data
 o  Retrieving project data
 o  Retrieving project data
 o  Retrieving project data
 o  Retrieving project datanum acquisition: 1, time elapsed: 46.71s
num acquisition: 2, time elapsed: 86.02s
num acquisition: 3, time elapsed: 125.03s
num acquisition: 4, time elapsed: 166.33s
num acquisition: 5, time elapsed: 216.22s
num acquisition: 6, time elapsed: 255.42s
num acquisition: 7, time elapsed: 299.11s
num acquisition: 8, time elapsed: 347.91s
num acquisition: 9, time elapsed: 387.41s
num acquisition: 10, time elapsed: 428.25s
num acquisition: 11, time elapsed: 469.25s
num acquisition: 12, time elapsed: 511.88s
num acquisition: 13, time elapsed: 552.75s
num acquisition: 14, time elapsed: 594.77s
num acquisition: 15, time elapsed: 634.39s
num acquisition: 16, time elapsed: 673.76s
num acquisition: 17, time elapsed: 712.90s
num acquisition: 18, time elapsed: 752.23s
num acquisition: 19, time elapsed: 792.93s
num acquisition: 20, time elapsed: 839.85s
num acquisition: 21, time elapsed: 884.79s
num acquisition: 22, time elapsed: 925.91s
num acquisition: 23, time elapsed: 966.91s
num acquisition: 24, time elapsed: 1006.43s
Model Saved, num acquisition 25
num acquisition: 25, time elapsed: 1048.08s

 o  Retrieving project data
 o  Retrieving project data
 o  Retrieving project data
 o  Retrieving project data
 o  Retrieving project data
 o  Retrieving project data
 o  Retrieving project data
 o  Retrieving project data
 o  Retrieving project data
 o  Retrieving project data
 o  Retrieving project data
 o  Retrieving project data
 o  Retrieving project data
 o  Retrieving project data
 o  Retrieving project data
 o  Retrieving project data
 o  Retrieving project data
 o  Retrieving project data
 o  Retrieving project data
 o  Retrieving project data
 o  Retrieving project data
 o  Retrieving project data
 o  Retrieving project data
 o  Retrieving project data
 o  Retrieving project data
 o  Retrieving project data
 o  Retrieving project data
 o  Retrieving project data
 o  Retrieving project data
 o  Retrieving project datanum acquisition: 1, time elapsed: 46.98s
num acquisition: 2, time elapsed: 95.03s
num acquisition: 3, time elapsed: 143.20s
num acquisition: 4, time elapsed: 193.47s
num acquisition: 5, time elapsed: 241.90s
num acquisition: 6, time elapsed: 287.87s
num acquisition: 7, time elapsed: 329.85s
num acquisition: 8, time elapsed: 374.13s
num acquisition: 9, time elapsed: 422.41s
num acquisition: 10, time elapsed: 470.87s
num acquisition: 11, time elapsed: 515.81s
num acquisition: 12, time elapsed: 561.72s
num acquisition: 13, time elapsed: 602.40s
num acquisition: 14, time elapsed: 643.96s
num acquisition: 15, time elapsed: 685.02s
num acquisition: 16, time elapsed: 726.92s
num acquisition: 17, time elapsed: 772.83s
num acquisition: 18, time elapsed: 814.64s
num acquisition: 19, time elapsed: 856.77s
num acquisition: 20, time elapsed: 905.10s
num acquisition: 21, time elapsed: 944.94s
num acquisition: 22, time elapsed: 986.46s
num acquisition: 23, time elapsed: 1025.95s
num acquisition: 24, time elapsed: 1071.00s
Model Saved, num acquisition 25
num acquisition: 25, time elapsed: 1113.14s

 o  Retrieving project data
 o  Retrieving project data
 o  Retrieving project data
 o  Retrieving project data
 o  Retrieving project data
 o  Retrieving project data
 o  Retrieving project data
 o  Retrieving project data
 o  Retrieving project data
 o  Retrieving project data
 o  Retrieving project data
 o  Retrieving project data
 o  Retrieving project data
 o  Retrieving project data
 o  Retrieving project data
 o  Retrieving project data
 o  Retrieving project data
 o  Retrieving project data
 o  Retrieving project data
 o  Retrieving project data
 o  Retrieving project data
 o  Retrieving project data
 o  Retrieving project data
 o  Retrieving project data
 o  Retrieving project data
 o  Retrieving project data
 o  Retrieving project data
 o  Retrieving project data
 o  Retrieving project data
 o  Retrieving project datanum acquisition: 1, time elapsed: 40.04s
num acquisition: 2, time elapsed: 86.29s
num acquisition: 3, time elapsed: 130.74s
num acquisition: 4, time elapsed: 170.70s
num acquisition: 5, time elapsed: 212.76s
num acquisition: 6, time elapsed: 259.53s
num acquisition: 7, time elapsed: 298.37s
num acquisition: 8, time elapsed: 338.74s
num acquisition: 9, time elapsed: 377.69s
num acquisition: 10, time elapsed: 420.59s
num acquisition: 11, time elapsed: 462.66s
num acquisition: 12, time elapsed: 509.00s
num acquisition: 13, time elapsed: 547.82s
num acquisition: 14, time elapsed: 592.19s
num acquisition: 15, time elapsed: 631.13s
num acquisition: 16, time elapsed: 671.20s
num acquisition: 17, time elapsed: 709.96s
num acquisition: 18, time elapsed: 748.71s
num acquisition: 19, time elapsed: 789.48s
num acquisition: 20, time elapsed: 828.41s
num acquisition: 21, time elapsed: 868.90s
num acquisition: 22, time elapsed: 907.55s
num acquisition: 23, time elapsed: 948.69s
num acquisition: 24, time elapsed: 995.96s
Model Saved, num acquisition 25
num acquisition: 25, time elapsed: 1035.12s

 o  Retrieving project data
 o  Retrieving project data
 o  Retrieving project data
 o  Retrieving project data
 o  Retrieving project data
 o  Retrieving project data
 o  Retrieving project data
 o  Retrieving project data
 o  Retrieving project data
 o  Retrieving project data
 o  Retrieving project data
 o  Retrieving project data
 o  Retrieving project data
 o  Retrieving project data
 o  Retrieving project data
 o  Retrieving project data
 o  Retrieving project data
 o  Retrieving project data
 o  Retrieving project data
 o  Retrieving project data
 o  Retrieving project data
 o  Retrieving project data
 o  Retrieving project data
 o  Retrieving project data
 o  Retrieving project data
 o  Retrieving project data
 o  Retrieving project data
 o  Retrieving project data
 o  Retrieving project data
 o  Retrieving project datanum acquisition: 1, time elapsed: 39.77s
num acquisition: 2, time elapsed: 80.26s
num acquisition: 3, time elapsed: 127.02s
num acquisition: 4, time elapsed: 174.01s
num acquisition: 5, time elapsed: 221.08s
num acquisition: 6, time elapsed: 270.09s
num acquisition: 7, time elapsed: 316.42s
num acquisition: 8, time elapsed: 364.07s
num acquisition: 9, time elapsed: 413.63s
num acquisition: 10, time elapsed: 460.79s
num acquisition: 11, time elapsed: 509.10s
num acquisition: 12, time elapsed: 549.71s
num acquisition: 13, time elapsed: 591.70s
num acquisition: 14, time elapsed: 636.38s
num acquisition: 15, time elapsed: 677.76s
num acquisition: 16, time elapsed: 724.87s
num acquisition: 17, time elapsed: 766.41s
num acquisition: 18, time elapsed: 813.74s
num acquisition: 19, time elapsed: 854.69s
num acquisition: 20, time elapsed: 895.71s
num acquisition: 21, time elapsed: 941.61s
num acquisition: 22, time elapsed: 985.67s
num acquisition: 23, time elapsed: 1027.46s
num acquisition: 24, time elapsed: 1074.91s
Model Saved, num acquisition 25
num acquisition: 25, time elapsed: 1121.37s
Traceback (most recent call last):
  File "epsilon_baeopt_run.py", line 46, in <module>
    os.mkdir(save_path)
FileExistsError: [Errno 17] File exists: './574_25_GeneralizabilityEpsilon'
