
 o  Retrieving project data
 o  Retrieving project data
 o  Retrieving project data
 o  Retrieving project data
 o  Retrieving project data
 o  Retrieving project data
 o  Retrieving project data
 o  Retrieving project data
 o  Retrieving project data
 o  Retrieving project data
 o  Retrieving project data
 o  Retrieving project data
 o  Retrieving project data
 o  Retrieving project data
 o  Retrieving project data
 o  Retrieving project data
 o  Retrieving project data
 o  Retrieving project data
 o  Retrieving project data
 o  Retrieving project data
 o  Retrieving project data
 o  Retrieving project data
 o  Retrieving project data
 o  Retrieving project data
 o  Retrieving project data
 o  Retrieving project data
 o  Retrieving project data
 o  Retrieving project data
 o  Retrieving project data
 o  Retrieving project data
 o  Retrieving project data
 o  Retrieving project data
 o  Retrieving project data
 o  Retrieving project data
 o  Retrieving project data
 o  Retrieving project data
 o  Retrieving project data
 o  Retrieving project data
 o  Retrieving project data
 o  Retrieving project data
 o  Retrieving project data
 o  Retrieving project data
 o  Retrieving project data
 o  Retrieving project data
 o  Retrieving project data
 o  Retrieving project data
 o  Retrieving project data
 o  Retrieving project data
 o  Retrieving project data
 o  Retrieving project data
 o  Retrieving project data
 o  Retrieving project data
 o  Retrieving project data
 o  Retrieving project data
 o  Retrieving project data
 o  Retrieving project data
 o  Retrieving project data
 o  Retrieving project data
 o  Retrieving project data
 o  Retrieving project data
 o  Retrieving project data
 o  Retrieving project data
 o  Retrieving project data
 o  Retrieving project data
 o  Retrieving project data
 o  Retrieving project data
 o  Retrieving project data
 o  Retrieving project data
 o  Retrieving project data
 o  Retrieving project data
 o  Retrieving project data
 o  Retrieving project data
 o  Retrieving project data
 o  Retrieving project data
 o  Retrieving project data
 o  Retrieving project data
 o  Retrieving project data
 o  Retrieving project data
 o  Retrieving project data
 o  Retrieving project data
 o  Retrieving project data
 o  Retrieving project data
 o  Retrieving project data
 o  Retrieving project data
 o  Retrieving project data
 o  Retrieving project data
 o  Retrieving project data
 o  Retrieving project data
 o  Retrieving project data
 o  Retrieving project data
 o  Retrieving project data
 o  Retrieving project data
 o  Retrieving project data
 o  Retrieving project data
 o  Retrieving project data
 o  Retrieving project data
 o  Retrieving project data
 o  Retrieving project data
 o  Retrieving project data
 o  Retrieving project data
 o  Retrieving project data
 o  Retrieving project data
 o  Retrieving project data
 o  Retrieving project data
 o  Retrieving project data
 o  Retrieving project data
 o  Retrieving project data
 o  Retrieving project data
 o  Retrieving project data
 o  Retrieving project data
 o  Retrieving project data
 o  Retrieving project data
 o  Retrieving project data
 o  Retrieving project data
 o  Retrieving project data
 o  Retrieving project data
 o  Retrieving project data
 o  Retrieving project data
 o  Retrieving project data
 o  Retrieving project data
 o  Retrieving project data
 o  Retrieving project data
 o  Retrieving project data
 o  Retrieving project data
 o  Retrieving project data
 o  Retrieving project data
 o  Retrieving project data
 o  Retrieving project dataStart of evolution
  Evaluated 20 individuals
-- Generation 1 --
  Evaluated 12 individuals
  Min 3947.969781299242
  Max 8392.01785321471
  Avg 6410.32163828842
  Std 1392.632658287834
-- Generation 2 --
  Evaluated 14 individuals
  Min 2568.23734379423
  Max 42229000005245.266
  Avg 2111450005368.015
  Std 9203597174310.795
-- Generation 3 --
  Evaluated 12 individuals
  Min 3930.5909540254556
  Max 81412000002062.66
  Avg 4070600004120.505
  Std 17743334039104.562
-- Generation 4 --
  Evaluated 13 individuals
  Min 3930.5909540254556
  Max 79475000003440.1
  Avg 3973750003971.178
  Std 17321174676772.912
-- Generation 5 --
  Evaluated 12 individuals
  Min 3930.5909540254556
  Max 229249000000000.0
  Avg 24548750003324.48
  Std 56330025258795.805
-- Generation 6 --
  Evaluated 9 individuals
  Min 3930.5909540254556
  Max 42509000003051.99
  Avg 2125450003892.7441
  Std 9264621759355.643
-- Generation 7 --
  Evaluated 10 individuals
  Min 2498.358065564831
  Max 3947.969781299242
  Avg 3788.449704471521
  Std 429.3373586439297
-- Generation 8 --
  Evaluated 18 individuals
  Min 2498.358065564831
  Max 159082000000167.2
  Avg 15670600003275.566
  Std 40248242624621.87
-- Generation 9 --
  Evaluated 8 individuals
  Min 2498.358065564831
  Max 3930.5909540254556
  Avg 3430.1618347779904
  Std 681.9710763299955
-- End of (successful) evolution --
Total evaluations: 108 

Best individual is [0.72405218 0.02015569 0.39944189 0.03505575 0.94805753 0.72390343
 0.24578345 0.1700513  0.81728446 0.1241984  0.        ], (2498.358065564831,)

 o  Retrieving project data
 o  Retrieving project data
 o  Retrieving project data
 o  Retrieving project data
 o  Retrieving project data
 o  Retrieving project data
 o  Retrieving project data
 o  Retrieving project data
 o  Retrieving project data
 o  Retrieving project data
 o  Retrieving project data
 o  Retrieving project data
 o  Retrieving project data
 o  Retrieving project data
 o  Retrieving project data
 o  Retrieving project data
 o  Retrieving project data
 o  Retrieving project data
 o  Retrieving project data
 o  Retrieving project data
 o  Retrieving project data
 o  Retrieving project data
 o  Retrieving project data
 o  Retrieving project data
 o  Retrieving project data
 o  Retrieving project data
 o  Retrieving project data
 o  Retrieving project data
 o  Retrieving project data
 o  Retrieving project data
 o  Retrieving project data
 o  Retrieving project data
 o  Retrieving project data
 o  Retrieving project data
 o  Retrieving project data
 o  Retrieving project data
 o  Retrieving project data
 o  Retrieving project data
 o  Retrieving project data
 o  Retrieving project data
 o  Retrieving project data
 o  Retrieving project data
 o  Retrieving project data
 o  Retrieving project data
 o  Retrieving project data
 o  Retrieving project data
 o  Retrieving project data
 o  Retrieving project data
 o  Retrieving project data
 o  Retrieving project data
 o  Retrieving project data
 o  Retrieving project data
 o  Retrieving project data
 o  Retrieving project data
 o  Retrieving project data
 o  Retrieving project data
 o  Retrieving project data
 o  Retrieving project data
 o  Retrieving project data
 o  Retrieving project data
 o  Retrieving project data
 o  Retrieving project data
 o  Retrieving project data
 o  Retrieving project data
 o  Retrieving project data
 o  Retrieving project data
 o  Retrieving project data
 o  Retrieving project data
 o  Retrieving project data
 o  Retrieving project data
 o  Retrieving project data
 o  Retrieving project data
 o  Retrieving project data
 o  Retrieving project data
 o  Retrieving project data
 o  Retrieving project data
 o  Retrieving project data
 o  Retrieving project data
 o  Retrieving project data
 o  Retrieving project data
 o  Retrieving project data
 o  Retrieving project data
 o  Retrieving project data
 o  Retrieving project data
 o  Retrieving project data
 o  Retrieving project data
 o  Retrieving project data
 o  Retrieving project data
 o  Retrieving project data
 o  Retrieving project dataStart of evolution
  Evaluated 20 individuals
-- Generation 1 --
  Evaluated 8 individuals
  Min 3082.08537466452
  Max 154143000000144.5
  Avg 10353100006623.309
  Std 34940486126752.69
-- Generation 2 --
  Evaluated 10 individuals
  Min 4608.829805630455
  Max 98358000000520.66
  Avg 10266550006347.902
  Std 25857592270878.195
-- Generation 3 --
  Evaluated 17 individuals
  Min 4608.829805630455
  Max 59984000001407.4
  Avg 5960750006213.444
  Std 17882646343517.12
-- Generation 4 --
  Evaluated 11 individuals
  Min 679.5287948880939
  Max 82270000004285.94
  Avg 4113500005640.282
  Std 17930330803943.85
-- Generation 5 --
  Evaluated 14 individuals
  Min 0.8903972411945495
  Max 7354.725044681091
  Avg 3794.771205886746
  Std 2275.56387566
-- Generation 6 --
  Evaluated 10 individuals
  Min 0.0
  Max 4589.263145648141
  Avg 1476.6269767166843
  Std 1689.3881406520204
-- End of (successful) evolution --
Total evaluations: 70 

Best individual is [0.1010647  0.94801286 0.56283769 0.87691746 0.01477674 0.90980571
 0.1880569  0.24684668 0.         0.77327336 0.35817799], (0.0,)
