
 o  Retrieving project data
 o  Retrieving project data
 o  Retrieving project data
 o  Retrieving project data
 o  Retrieving project data
 o  Retrieving project data
 o  Retrieving project data
 o  Retrieving project data
 o  Retrieving project data
 o  Retrieving project data
 o  Retrieving project data
 o  Retrieving project data
 o  Retrieving project data
 o  Retrieving project data
 o  Retrieving project data
 o  Retrieving project data
 o  Retrieving project data
 o  Retrieving project data
 o  Retrieving project data
 o  Retrieving project data
 o  Retrieving project data
 o  Retrieving project data
 o  Retrieving project data
 o  Retrieving project data
 o  Retrieving project data
 o  Retrieving project data
 o  Retrieving project data
 o  Retrieving project data
 o  Retrieving project data
 o  Retrieving project data
 o  Retrieving project data
 o  Retrieving project data
 o  Retrieving project data
 o  Retrieving project data
 o  Retrieving project data
 o  Retrieving project data
 o  Retrieving project data
 o  Retrieving project data
 o  Retrieving project data
 o  Retrieving project data
 o  Retrieving project data
 o  Retrieving project data
 o  Retrieving project data
 o  Retrieving project data
 o  Retrieving project data
 o  Retrieving project data
 o  Retrieving project data
 o  Retrieving project data
 o  Retrieving project data
 o  Retrieving project data
 o  Retrieving project data
 o  Retrieving project data
 o  Retrieving project data
 o  Retrieving project data
 o  Retrieving project data
 o  Retrieving project data
 o  Retrieving project data
 o  Retrieving project data
 o  Retrieving project data
 o  Retrieving project data
 o  Retrieving project data
 o  Retrieving project data
 o  Retrieving project data
 o  Retrieving project data
 o  Retrieving project data
 o  Retrieving project data
 o  Retrieving project data
 o  Retrieving project data
 o  Retrieving project data
 o  Retrieving project data
 o  Retrieving project data
 o  Retrieving project data
 o  Retrieving project data
 o  Retrieving project data
 o  Retrieving project data
 o  Retrieving project data
 o  Retrieving project data
 o  Retrieving project data
 o  Retrieving project data
 o  Retrieving project data
 o  Retrieving project data
 o  Retrieving project data
 o  Retrieving project data
 o  Retrieving project data
 o  Retrieving project data
 o  Retrieving project data
 o  Retrieving project data
 o  Retrieving project data
 o  Retrieving project data
 o  Retrieving project data
 o  Retrieving project data
 o  Retrieving project data
 o  Retrieving project data
 o  Retrieving project data
 o  Retrieving project data
 o  Retrieving project data
 o  Retrieving project data
 o  Retrieving project data
 o  Retrieving project data
 o  Retrieving project data
 o  Retrieving project data
 o  Retrieving project data
 o  Retrieving project data
 o  Retrieving project data
 o  Retrieving project data
 o  Retrieving project data
 o  Retrieving project data
 o  Retrieving project data
 o  Retrieving project data
 o  Retrieving project data
 o  Retrieving project data
 o  Retrieving project data
 o  Retrieving project data
 o  Retrieving project data
 o  Retrieving project data
 o  Retrieving project data
 o  Retrieving project data
 o  Retrieving project data
 o  Retrieving project data
 o  Retrieving project dataStart of evolution
  Evaluated 20 individuals
-- Generation 1 --
  Evaluated 12 individuals
  Min 5213.770959810223
  Max 70473000004228.9
  Avg 3523650006159.6865
  Std 15359234261964.143
-- Generation 2 --
  Evaluated 12 individuals
  Min 5178.061461037188
  Max 98372000000254.73
  Avg 9733850005070.184
  Std 29203378820986.516
-- Generation 3 --
  Evaluated 10 individuals
  Min 2568.5773864398343
  Max 96096000000795.45
  Avg 9006700004643.629
  Std 27087279081581.414
-- Generation 4 --
  Evaluated 12 individuals
  Min 2568.5773864398343
  Max 138810000000299.53
  Avg 20097300004020.305
  Std 41657115296324.125
-- Generation 5 --
  Evaluated 13 individuals
  Min 2542.4799325182735
  Max 93638000003891.1
  Avg 4681900004003.296
  Std 20407928963737.34
-- Generation 6 --
  Evaluated 14 individuals
  Min 1334.5295758843806
  Max 83807000002406.03
  Avg 4190350003272.7866
  Std 18265312187866.812
-- Generation 7 --
  Evaluated 16 individuals
  Min 1334.5295758843806
  Max 82483000001586.78
  Avg 9443950002222.508
  Std 23770946681376.03
-- Generation 8 --
  Evaluated 11 individuals
  Min 0.0
  Max 98662000000251.75
  Avg 8091250001929.864
  Std 24914241189889.676
-- End of (successful) evolution --
Total evaluations: 100 

Best individual is [0.04813771 0.86865225 0.75815768 0.20340496 0.74078665 0.04026318
 0.90458241 0.37241257 0.         0.73523227 1.        ], (0.0,)

 o  Retrieving project data
 o  Retrieving project data
 o  Retrieving project data
 o  Retrieving project data
 o  Retrieving project data
 o  Retrieving project data
 o  Retrieving project data
 o  Retrieving project data
 o  Retrieving project data
 o  Retrieving project data
 o  Retrieving project data
 o  Retrieving project data
 o  Retrieving project data
 o  Retrieving project data
 o  Retrieving project data
 o  Retrieving project data
 o  Retrieving project data
 o  Retrieving project data
 o  Retrieving project data
 o  Retrieving project data
 o  Retrieving project data
 o  Retrieving project data
 o  Retrieving project data
 o  Retrieving project data
 o  Retrieving project data
 o  Retrieving project data
 o  Retrieving project data
 o  Retrieving project data
 o  Retrieving project data
 o  Retrieving project data
 o  Retrieving project data
 o  Retrieving project data
 o  Retrieving project data
 o  Retrieving project data
 o  Retrieving project data
 o  Retrieving project data
 o  Retrieving project data
 o  Retrieving project data
 o  Retrieving project data
 o  Retrieving project data
 o  Retrieving project data
 o  Retrieving project data
 o  Retrieving project data
 o  Retrieving project data
 o  Retrieving project data
 o  Retrieving project data
 o  Retrieving project data
 o  Retrieving project data
 o  Retrieving project data
 o  Retrieving project data
 o  Retrieving project data
 o  Retrieving project data
 o  Retrieving project data
 o  Retrieving project data
 o  Retrieving project data
 o  Retrieving project data
 o  Retrieving project data
 o  Retrieving project data
 o  Retrieving project data
 o  Retrieving project data
 o  Retrieving project data
 o  Retrieving project data
 o  Retrieving project data
 o  Retrieving project data
 o  Retrieving project data
 o  Retrieving project data
 o  Retrieving project data
 o  Retrieving project data
 o  Retrieving project data
 o  Retrieving project data
 o  Retrieving project data
 o  Retrieving project data
 o  Retrieving project data
 o  Retrieving project data
 o  Retrieving project data
 o  Retrieving project data
 o  Retrieving project data
 o  Retrieving project data
 o  Retrieving project data
 o  Retrieving project data
 o  Retrieving project data
 o  Retrieving project data
 o  Retrieving project data
 o  Retrieving project data
 o  Retrieving project data
 o  Retrieving project data
 o  Retrieving project data
 o  Retrieving project data
 o  Retrieving project data
 o  Retrieving project data
 o  Retrieving project data
 o  Retrieving project data
 o  Retrieving project data
 o  Retrieving project data
 o  Retrieving project data
 o  Retrieving project data
 o  Retrieving project data
 o  Retrieving project data
 o  Retrieving project data
 o  Retrieving project data
 o  Retrieving project data
 o  Retrieving project data
 o  Retrieving project data
 o  Retrieving project data
 o  Retrieving project data
 o  Retrieving project data
 o  Retrieving project data
 o  Retrieving project data
 o  Retrieving project data
 o  Retrieving project data
 o  Retrieving project data
 o  Retrieving project data
 o  Retrieving project data
 o  Retrieving project data
 o  Retrieving project data
 o  Retrieving project data
 o  Retrieving project data
 o  Retrieving project data
 o  Retrieving project data
 o  Retrieving project data
 o  Retrieving project data
 o  Retrieving project data
 o  Retrieving project data
 o  Retrieving project data
 o  Retrieving project data
 o  Retrieving project data
 o  Retrieving project data
 o  Retrieving project data
 o  Retrieving project data
 o  Retrieving project data
 o  Retrieving project data
 o  Retrieving project data
 o  Retrieving project data
 o  Retrieving project data
 o  Retrieving project data
 o  Retrieving project dataStart of evolution
  Evaluated 20 individuals
-- Generation 1 --
  Evaluated 16 individuals
  Min 1765.8151467781195
  Max 98704000000103.67
  Avg 4935200005114.742
  Std 21512038065012.312
-- Generation 2 --
  Evaluated 12 individuals
  Min 195.90020434086347
  Max 168817000000170.62
  Avg 20634500003576.85
  Std 44628934037874.4
-- Generation 3 --
  Evaluated 12 individuals
  Min 167.19458315345662
  Max 80158000003823.08
  Avg 4007900003087.632
  Std 17470031075985.389
-- Generation 4 --
  Evaluated 12 individuals
  Min 167.19458315345662
  Max 210366000000000.0
  Avg 18715650001849.773
  Std 56624624354636.17
-- Generation 5 --
  Evaluated 13 individuals
  Min 167.19458315345662
  Max 84333000000000.0
  Avg 8305750000523.966
  Std 24920514392339.418
-- Generation 6 --
  Evaluated 10 individuals
  Min 167.19458315345662
  Max 48115000000000.0
  Avg 4533750000260.371
  Std 13629580044367.86
-- Generation 7 --
  Evaluated 14 individuals
  Min 167.19458315345662
  Max 95744000000000.0
  Avg 8336150000374.641
  Std 25313142871897.125
-- Generation 8 --
  Evaluated 12 individuals
  Min 167.19458315345662
  Max 154317000000000.0
  Avg 11918950000150.469
  Std 37442575332686.63
-- Generation 9 --
  Evaluated 15 individuals
  Min 167.19458315345662
  Max 84062000000000.0
  Avg 9014600000142.113
  Std 22440216165122.78
-- End of (successful) evolution --
Total evaluations: 116 

Best individual is [0.17518873 0.12694377 0.60768963 0.01338696 0.35332554 0.80425471
 0.68500718 0.07393534 0.         0.85044577 0.93651923], (167.19458315345662,)
