
 o  Retrieving project data
 o  Retrieving project data
 o  Retrieving project data
 o  Retrieving project data
 o  Retrieving project data
 o  Retrieving project data
 o  Retrieving project data
 o  Retrieving project data
 o  Retrieving project data
 o  Retrieving project data
 o  Retrieving project data
 o  Retrieving project data
 o  Retrieving project data
 o  Retrieving project data
 o  Retrieving project data
 o  Retrieving project data
 o  Retrieving project data
 o  Retrieving project data
 o  Retrieving project data
 o  Retrieving project data
 o  Retrieving project data
 o  Retrieving project data
 o  Retrieving project data
 o  Retrieving project data
 o  Retrieving project data
 o  Retrieving project data
 o  Retrieving project data
 o  Retrieving project data
 o  Retrieving project data
 o  Retrieving project data
 o  Retrieving project data
 o  Retrieving project data
 o  Retrieving project data
 o  Retrieving project data
 o  Retrieving project data
 o  Retrieving project data
 o  Retrieving project data
 o  Retrieving project data
 o  Retrieving project data
 o  Retrieving project data
 o  Retrieving project data
 o  Retrieving project data
 o  Retrieving project data
 o  Retrieving project data
 o  Retrieving project data
 o  Retrieving project data
 o  Retrieving project data
 o  Retrieving project data
 o  Retrieving project data
 o  Retrieving project data
 o  Retrieving project data
 o  Retrieving project data
 o  Retrieving project data
 o  Retrieving project data
 o  Retrieving project data
 o  Retrieving project data
 o  Retrieving project data
 o  Retrieving project data
 o  Retrieving project data
 o  Retrieving project data
 o  Retrieving project data
 o  Retrieving project data
 o  Retrieving project data
 o  Retrieving project data
 o  Retrieving project data
 o  Retrieving project data
 o  Retrieving project data
 o  Retrieving project data
 o  Retrieving project data
 o  Retrieving project data
 o  Retrieving project data
 o  Retrieving project data
 o  Retrieving project data
 o  Retrieving project data
 o  Retrieving project data
 o  Retrieving project data
 o  Retrieving project data
 o  Retrieving project data
 o  Retrieving project data
 o  Retrieving project data
 o  Retrieving project data
 o  Retrieving project data
 o  Retrieving project data
 o  Retrieving project data
 o  Retrieving project data
 o  Retrieving project data
 o  Retrieving project data
 o  Retrieving project data
 o  Retrieving project data
 o  Retrieving project data
 o  Retrieving project data
 o  Retrieving project data
 o  Retrieving project data
 o  Retrieving project data
 o  Retrieving project data
 o  Retrieving project data
 o  Retrieving project data
 o  Retrieving project data
 o  Retrieving project data
 o  Retrieving project data
 o  Retrieving project data
 o  Retrieving project data
 o  Retrieving project data
 o  Retrieving project data
 o  Retrieving project data
 o  Retrieving project data
 o  Retrieving project data
 o  Retrieving project data
 o  Retrieving project data
 o  Retrieving project data
 o  Retrieving project data
 o  Retrieving project data
 o  Retrieving project data
 o  Retrieving project data
 o  Retrieving project data
 o  Retrieving project data
 o  Retrieving project data
 o  Retrieving project data
 o  Retrieving project data
 o  Retrieving project data
 o  Retrieving project data
 o  Retrieving project data
 o  Retrieving project data
 o  Retrieving project data
 o  Retrieving project dataStart of evolution
  Evaluated 20 individuals
-- Generation 1 --
  Evaluated 13 individuals
  Min 4942.099880098926
  Max 97396000001294.72
  Avg 8799000006796.078
  Std 26564052637555.6
-- Generation 2 --
  Evaluated 8 individuals
  Min 4942.099880098926
  Max 94003000003472.31
  Avg 8213800006264.151
  Std 24925417076296.348
-- Generation 3 --
  Evaluated 13 individuals
  Min 3526.8557971375785
  Max 83711000003626.08
  Avg 4185550005662.2485
  Std 18244389472669.54
-- Generation 4 --
  Evaluated 14 individuals
  Min 4799.728292375224
  Max 70297000004284.016
  Avg 3514850005279.9365
  Std 15320875951475.457
-- Generation 5 --
  Evaluated 7 individuals
  Min 4778.957336270478
  Max 82004000004493.19
  Avg 4100200004966.2437
  Std 17872357448196.945
-- Generation 6 --
  Evaluated 13 individuals
  Min 4778.957336270478
  Max 119026000004440.06
  Avg 16273950004680.578
  Std 38964486954495.54
-- Generation 7 --
  Evaluated 12 individuals
  Min 4778.957336270478
  Max 71783000004456.25
  Avg 3589150004772.6733
  Std 15644742143136.416
-- Generation 8 --
  Evaluated 16 individuals
  Min 4778.957336270478
  Max 83711000003644.42
  Avg 8437150004575.021
  Std 21446493921119.285
-- Generation 9 --
  Evaluated 9 individuals
  Min 4778.957336270478
  Max 4799.728292375224
  Avg 4779.995884075715
  Std 4.526924931422508
-- End of (successful) evolution --
Total evaluations: 105 

Best individual is [0.60280884 0.67950717 0.73546377 0.41015341 0.80347122 0.00495334
 0.66392241 0.75115142 0.17880026 0.84761245 0.63473444], (4778.957336270478,)

 o  Retrieving project data
 o  Retrieving project data
 o  Retrieving project data
 o  Retrieving project data
 o  Retrieving project data
 o  Retrieving project data
 o  Retrieving project data
 o  Retrieving project data
 o  Retrieving project data
 o  Retrieving project data
 o  Retrieving project data
 o  Retrieving project data
 o  Retrieving project data
 o  Retrieving project data
 o  Retrieving project data
 o  Retrieving project data
 o  Retrieving project data
 o  Retrieving project data
 o  Retrieving project data
 o  Retrieving project data
 o  Retrieving project data
 o  Retrieving project data
 o  Retrieving project data
 o  Retrieving project data
 o  Retrieving project data
 o  Retrieving project data
 o  Retrieving project data
 o  Retrieving project data
 o  Retrieving project data
 o  Retrieving project data
 o  Retrieving project data
 o  Retrieving project data
 o  Retrieving project data
 o  Retrieving project data
 o  Retrieving project data
 o  Retrieving project data
 o  Retrieving project data
 o  Retrieving project data
 o  Retrieving project data
 o  Retrieving project data
 o  Retrieving project data
 o  Retrieving project data
 o  Retrieving project data
 o  Retrieving project data
 o  Retrieving project data
 o  Retrieving project data
 o  Retrieving project data
 o  Retrieving project data
 o  Retrieving project data
 o  Retrieving project data
 o  Retrieving project data
 o  Retrieving project data
 o  Retrieving project data
 o  Retrieving project data
 o  Retrieving project data
 o  Retrieving project data
 o  Retrieving project data
 o  Retrieving project data
 o  Retrieving project data
 o  Retrieving project data
 o  Retrieving project data
 o  Retrieving project data
 o  Retrieving project data
 o  Retrieving project data
 o  Retrieving project data
 o  Retrieving project data
 o  Retrieving project data
 o  Retrieving project data
 o  Retrieving project data
 o  Retrieving project data
 o  Retrieving project data
 o  Retrieving project data
 o  Retrieving project data
 o  Retrieving project data
 o  Retrieving project data
 o  Retrieving project data
 o  Retrieving project data
 o  Retrieving project data
 o  Retrieving project data
 o  Retrieving project data
 o  Retrieving project data
 o  Retrieving project data
 o  Retrieving project data
 o  Retrieving project data
 o  Retrieving project data
 o  Retrieving project data
 o  Retrieving project data
 o  Retrieving project data
 o  Retrieving project data
 o  Retrieving project data
 o  Retrieving project data
 o  Retrieving project data
 o  Retrieving project data
 o  Retrieving project data
 o  Retrieving project data
 o  Retrieving project data
 o  Retrieving project data
 o  Retrieving project data
 o  Retrieving project data
 o  Retrieving project data
 o  Retrieving project data
 o  Retrieving project data
 o  Retrieving project data
 o  Retrieving project data
 o  Retrieving project data
 o  Retrieving project data
 o  Retrieving project data
 o  Retrieving project data
 o  Retrieving project data
 o  Retrieving project data
 o  Retrieving project data
 o  Retrieving project data
 o  Retrieving project data
 o  Retrieving project data
 o  Retrieving project data
 o  Retrieving project data
 o  Retrieving project data
 o  Retrieving project data
 o  Retrieving project data
 o  Retrieving project data
 o  Retrieving project dataStart of evolution
  Evaluated 20 individuals
-- Generation 1 --
  Evaluated 12 individuals
  Min 5854.559894270363
  Max 8126.31304760501
  Avg 6746.212185908173
  Std 743.6437028155639
-- Generation 2 --
  Evaluated 11 individuals
  Min 4992.248973129862
  Max 97628000001481.3
  Avg 7006850005961.025
  Std 22755573521215.98
-- Generation 3 --
  Evaluated 8 individuals
  Min 4992.248973129862
  Max 84017000001446.48
  Avg 4200850005741.6665
  Std 18311080625987.457
-- Generation 4 --
  Evaluated 9 individuals
  Min 4992.248973129862
  Max 77587000002859.78
  Avg 3879350005448.2764
  Std 16909694616030.672
-- Generation 5 --
  Evaluated 11 individuals
  Min 4992.248973129862
  Max 39597000002964.7
  Avg 1979850005457.5903
  Std 8629966072797.095
-- Generation 6 --
  Evaluated 14 individuals
  Min 4992.248973129862
  Max 33952000002539.52
  Avg 1697600005302.4878
  Std 7399666845920.779
-- Generation 7 --
  Evaluated 10 individuals
  Min 4992.248973129862
  Max 11325000003772.312
  Avg 566250005021.3542
  Std 2468226526493.3564
-- Generation 8 --
  Evaluated 11 individuals
  Min 4992.248973129862
  Max 42502000004101.81
  Avg 2125100004947.7273
  Std 9263096144724.219
-- Generation 9 --
  Evaluated 15 individuals
  Min 886.1664902707373
  Max 84033000000911.47
  Avg 4201650004582.9062
  Std 18314567745285.387
-- End of (successful) evolution --
Total evaluations: 101 

Best individual is [0.47430154 0.12287532 0.459905   0.87069795 0.07023766 0.98314712
 0.99583094 0.59717675 0.         0.15125887 0.00782843], (886.1664902707373,)
