
 o  Retrieving project data
 o  Retrieving project data
 o  Retrieving project data
 o  Retrieving project data
 o  Retrieving project data
 o  Retrieving project data
 o  Retrieving project data
 o  Retrieving project data
 o  Retrieving project data
 o  Retrieving project data
 o  Retrieving project data
 o  Retrieving project data
 o  Retrieving project data
 o  Retrieving project data
 o  Retrieving project data
 o  Retrieving project data
 o  Retrieving project data
 o  Retrieving project data
 o  Retrieving project data
 o  Retrieving project data
 o  Retrieving project data
 o  Retrieving project data
 o  Retrieving project data
 o  Retrieving project data
 o  Retrieving project data
 o  Retrieving project data
 o  Retrieving project data
 o  Retrieving project data
 o  Retrieving project data
 o  Retrieving project data
 o  Retrieving project data
 o  Retrieving project data
 o  Retrieving project data
 o  Retrieving project data
 o  Retrieving project data
 o  Retrieving project data
 o  Retrieving project data
 o  Retrieving project data
 o  Retrieving project data
 o  Retrieving project data
 o  Retrieving project data
 o  Retrieving project data
 o  Retrieving project data
 o  Retrieving project data
 o  Retrieving project data
 o  Retrieving project data
 o  Retrieving project data
 o  Retrieving project data
 o  Retrieving project data
 o  Retrieving project data
 o  Retrieving project data
 o  Retrieving project data
 o  Retrieving project data
 o  Retrieving project data
 o  Retrieving project data
 o  Retrieving project data
 o  Retrieving project data
 o  Retrieving project data
 o  Retrieving project data
 o  Retrieving project data
 o  Retrieving project data
 o  Retrieving project data
 o  Retrieving project data
 o  Retrieving project data
 o  Retrieving project data
 o  Retrieving project data
 o  Retrieving project data
 o  Retrieving project data
 o  Retrieving project data
 o  Retrieving project data
 o  Retrieving project data
 o  Retrieving project data
 o  Retrieving project data
 o  Retrieving project data
 o  Retrieving project data
 o  Retrieving project data
 o  Retrieving project data
 o  Retrieving project data
 o  Retrieving project data
 o  Retrieving project data
 o  Retrieving project data
 o  Retrieving project data
 o  Retrieving project data
 o  Retrieving project data
 o  Retrieving project data
 o  Retrieving project data
 o  Retrieving project data
 o  Retrieving project data
 o  Retrieving project data
 o  Retrieving project data
 o  Retrieving project data
 o  Retrieving project data
 o  Retrieving project data
 o  Retrieving project data
 o  Retrieving project data
 o  Retrieving project data
 o  Retrieving project data
 o  Retrieving project data
 o  Retrieving project data
 o  Retrieving project data
 o  Retrieving project data
 o  Retrieving project data
 o  Retrieving project data
 o  Retrieving project data
 o  Retrieving project data
 o  Retrieving project data
 o  Retrieving project data
 o  Retrieving project data
 o  Retrieving project data
 o  Retrieving project data
 o  Retrieving project data
 o  Retrieving project data
 o  Retrieving project data
 o  Retrieving project data
 o  Retrieving project data
 o  Retrieving project data
 o  Retrieving project dataStart of evolution
  Evaluated 20 individuals
-- Generation 1 --
  Evaluated 8 individuals
  Min 5126.5958146816
  Max 174577000000693.44
  Avg 8728850006588.639
  Std 38048175041972.555
-- Generation 2 --
  Evaluated 15 individuals
  Min 2005.4629875019386
  Max 80526000001338.73
  Avg 4026300005483.764
  Std 17550234815426.879
-- Generation 3 --
  Evaluated 14 individuals
  Min 2005.4629875019386
  Max 57397000001211.54
  Avg 2869850004316.9434
  Std 12509386132407.773
-- Generation 4 --
  Evaluated 10 individuals
  Min 2001.6933728615006
  Max 135012000000973.12
  Avg 6750600003243.248
  Std 29425183207744.87
-- Generation 5 --
  Evaluated 13 individuals
  Min 175.89742557681612
  Max 7672.371235867701
  Avg 2738.9515690150547
  Std 1563.9747342301525
-- Generation 6 --
  Evaluated 11 individuals
  Min 175.89742557681612
  Max 112515000001038.25
  Avg 13808650001765.613
  Std 33544236801674.266
-- Generation 7 --
  Evaluated 6 individuals
  Min 175.89742557681612
  Max 6363.531657499776
  Avg 2041.0300851434374
  Std 1131.7430577041207
-- Generation 8 --
  Evaluated 9 individuals
  Min 175.89742557681612
  Max 82077000000205.28
  Avg 7075650001277.828
  Std 21526699196865.36
-- Generation 9 --
  Evaluated 11 individuals
  Min 175.89742557681612
  Max 43651000000192.58
  Avg 2182550000726.8413
  Std 9513514889102.129
-- End of (successful) evolution --
Total evaluations: 97 

Best individual is [0.05113352 0.68325356 0.52682005 0.21873992 0.53448486 0.40423132
 0.49139512 0.07531114 0.         0.1631843  0.02072046], (175.89742557681612,)

 o  Retrieving project data
 o  Retrieving project data
 o  Retrieving project data
 o  Retrieving project data
 o  Retrieving project data
 o  Retrieving project data
 o  Retrieving project data
 o  Retrieving project data
 o  Retrieving project data
 o  Retrieving project data
 o  Retrieving project data
 o  Retrieving project data
 o  Retrieving project data
 o  Retrieving project data
 o  Retrieving project data
 o  Retrieving project data
 o  Retrieving project data
 o  Retrieving project data
 o  Retrieving project data
 o  Retrieving project data
 o  Retrieving project data
 o  Retrieving project data
 o  Retrieving project data
 o  Retrieving project data
 o  Retrieving project data
 o  Retrieving project data
 o  Retrieving project data
 o  Retrieving project data
 o  Retrieving project data
 o  Retrieving project data
 o  Retrieving project data
 o  Retrieving project data
 o  Retrieving project data
 o  Retrieving project data
 o  Retrieving project data
 o  Retrieving project data
 o  Retrieving project data
 o  Retrieving project data
 o  Retrieving project data
 o  Retrieving project data
 o  Retrieving project data
 o  Retrieving project data
 o  Retrieving project data
 o  Retrieving project data
 o  Retrieving project data
 o  Retrieving project data
 o  Retrieving project data
 o  Retrieving project data
 o  Retrieving project data
 o  Retrieving project data
 o  Retrieving project data
 o  Retrieving project data
 o  Retrieving project data
 o  Retrieving project data
 o  Retrieving project data
 o  Retrieving project data
 o  Retrieving project data
 o  Retrieving project data
 o  Retrieving project data
 o  Retrieving project data
 o  Retrieving project data
 o  Retrieving project data
 o  Retrieving project data
 o  Retrieving project data
 o  Retrieving project data
 o  Retrieving project data
 o  Retrieving project data
 o  Retrieving project data
 o  Retrieving project data
 o  Retrieving project data
 o  Retrieving project data
 o  Retrieving project data
 o  Retrieving project data
 o  Retrieving project data
 o  Retrieving project data
 o  Retrieving project data
 o  Retrieving project data
 o  Retrieving project data
 o  Retrieving project data
 o  Retrieving project data
 o  Retrieving project data
 o  Retrieving project data
 o  Retrieving project data
 o  Retrieving project data
 o  Retrieving project data
 o  Retrieving project data
 o  Retrieving project data
 o  Retrieving project data
 o  Retrieving project data
 o  Retrieving project data
 o  Retrieving project data
 o  Retrieving project data
 o  Retrieving project data
 o  Retrieving project data
 o  Retrieving project data
 o  Retrieving project data
 o  Retrieving project data
 o  Retrieving project data
 o  Retrieving project data
 o  Retrieving project data
 o  Retrieving project data
 o  Retrieving project data
 o  Retrieving project data
 o  Retrieving project data
 o  Retrieving project data
 o  Retrieving project data
 o  Retrieving project data
 o  Retrieving project data
 o  Retrieving project data
 o  Retrieving project data
 o  Retrieving project data
 o  Retrieving project data
 o  Retrieving project data
 o  Retrieving project data
 o  Retrieving project data
 o  Retrieving project data
 o  Retrieving project data
 o  Retrieving project data
 o  Retrieving project data
 o  Retrieving project dataStart of evolution
  Evaluated 20 individuals
-- Generation 1 --
  Evaluated 16 individuals
  Min 4527.290059100967
  Max 93156000006114.52
  Avg 10085200006654.246
  Std 26140674148263.16
-- Generation 2 --
  Evaluated 7 individuals
  Min 4527.290059100967
  Max 7919.2960052645185
  Avg 6646.865014993689
  Std 991.7435393992581
-- Generation 3 --
  Evaluated 14 individuals
  Min 1907.7122022936865
  Max 168455000000656.44
  Avg 14065600004950.746
  Std 43102765227222.914
-- Generation 4 --
  Evaluated 12 individuals
  Min 1907.7122022936865
  Max 99352000000850.58
  Avg 9160750003704.94
  Std 27591154253566.75
-- Generation 5 --
  Evaluated 11 individuals
  Min 1907.7122022936865
  Max 83571000000391.7
  Avg 4178550002879.747
  Std 18213877179961.086
-- Generation 6 --
  Evaluated 9 individuals
  Min 1907.7122022936865
  Max 93652000001620.81
  Avg 4682600002417.283
  Std 20410980192840.836
-- Generation 7 --
  Evaluated 10 individuals
  Min 1907.7122022936865
  Max 93652000001620.81
  Avg 4682600001893.369
  Std 20410980192961.027
-- Generation 8 --
  Evaluated 9 individuals
  Min 1907.7122022936865
  Max 93712000000000.0
  Avg 4685600001812.332
  Std 20424056889438.402
-- Generation 9 --
  Evaluated 12 individuals
  Min 0.0
  Max 80050000000391.28
  Avg 6196150001702.141
  Std 19448646652528.105
-- End of (successful) evolution --
Total evaluations: 100 

Best individual is [0.05793296 0.4725873  0.93072182 0.05447563 0.63281544 0.09504583
 0.26745041 0.48608956 0.         0.33086516 0.80514697], (0.0,)
