
 o  Retrieving project data
 o  Retrieving project data
 o  Retrieving project data
 o  Retrieving project data
 o  Retrieving project data
 o  Retrieving project data
 o  Retrieving project data
 o  Retrieving project data
 o  Retrieving project data
 o  Retrieving project data
 o  Retrieving project data
 o  Retrieving project data
 o  Retrieving project data
 o  Retrieving project data
 o  Retrieving project data
 o  Retrieving project data
 o  Retrieving project data
 o  Retrieving project data
 o  Retrieving project data
 o  Retrieving project data
 o  Retrieving project data
 o  Retrieving project data
 o  Retrieving project data
 o  Retrieving project data
 o  Retrieving project data
 o  Retrieving project data
 o  Retrieving project data
 o  Retrieving project data
 o  Retrieving project data
 o  Retrieving project data
 o  Retrieving project data
 o  Retrieving project data
 o  Retrieving project data
 o  Retrieving project data
 o  Retrieving project data
 o  Retrieving project data
 o  Retrieving project data
 o  Retrieving project data
 o  Retrieving project data
 o  Retrieving project data
 o  Retrieving project data
 o  Retrieving project data
 o  Retrieving project data
 o  Retrieving project data
 o  Retrieving project data
 o  Retrieving project data
 o  Retrieving project data
 o  Retrieving project data
 o  Retrieving project data
 o  Retrieving project data
 o  Retrieving project data
 o  Retrieving project data
 o  Retrieving project data
 o  Retrieving project data
 o  Retrieving project data
 o  Retrieving project data
 o  Retrieving project data
 o  Retrieving project data
 o  Retrieving project data
 o  Retrieving project data
 o  Retrieving project data
 o  Retrieving project data
 o  Retrieving project data
 o  Retrieving project data
 o  Retrieving project data
 o  Retrieving project data
 o  Retrieving project data
 o  Retrieving project data
 o  Retrieving project data
 o  Retrieving project data
 o  Retrieving project data
 o  Retrieving project data
 o  Retrieving project data
 o  Retrieving project data
 o  Retrieving project data
 o  Retrieving project data
 o  Retrieving project data
 o  Retrieving project data
 o  Retrieving project data
 o  Retrieving project data
 o  Retrieving project data
 o  Retrieving project data
 o  Retrieving project data
 o  Retrieving project data
 o  Retrieving project data
 o  Retrieving project data
 o  Retrieving project data
 o  Retrieving project data
 o  Retrieving project data
 o  Retrieving project data
 o  Retrieving project data
 o  Retrieving project data
 o  Retrieving project data
 o  Retrieving project data
 o  Retrieving project data
 o  Retrieving project data
 o  Retrieving project data
 o  Retrieving project data
 o  Retrieving project data
 o  Retrieving project data
 o  Retrieving project data
 o  Retrieving project data
 o  Retrieving project data
 o  Retrieving project data
 o  Retrieving project data
 o  Retrieving project data
 o  Retrieving project data
 o  Retrieving project data
 o  Retrieving project data
 o  Retrieving project data
 o  Retrieving project data
 o  Retrieving project data
 o  Retrieving project data
 o  Retrieving project data
 o  Retrieving project data
 o  Retrieving project data
 o  Retrieving project data
 o  Retrieving project data
 o  Retrieving project data
 o  Retrieving project data
 o  Retrieving project data
 o  Retrieving project data
 o  Retrieving project data
 o  Retrieving project data
 o  Retrieving project dataStart of evolution
  Evaluated 20 individuals
-- Generation 1 --
  Evaluated 11 individuals
  Min 5351.394313390868
  Max 7710.916430215194
  Avg 5980.637375849151
  Std 619.0348144847221
-- Generation 2 --
  Evaluated 11 individuals
  Min 4741.59220345691
  Max 98607000000518.12
  Avg 13185800005012.588
  Std 31761795918444.504
-- Generation 3 --
  Evaluated 10 individuals
  Min 3800.250020377803
  Max 194360000000027.2
  Avg 13938850005007.86
  Std 45285874563860.87
-- Generation 4 --
  Evaluated 11 individuals
  Min 3800.250020377803
  Max 211566000000027.06
  Avg 10578300004894.2
  Std 46109740693339.71
-- Generation 5 --
  Evaluated 13 individuals
  Min 3709.9353839156447
  Max 5351.394313390868
  Avg 4701.272577276401
  Std 650.9112615394804
-- Generation 6 --
  Evaluated 12 individuals
  Min 3525.6373001587467
  Max 5351.394313390868
  Avg 4218.530936421795
  Std 575.5947773023453
-- Generation 7 --
  Evaluated 12 individuals
  Min 3525.6373001587467
  Max 141604000000000.0
  Avg 25261700003136.06
  Std 45067140952212.164
-- Generation 8 --
  Evaluated 14 individuals
  Min 3536.337406876414
  Max 81148000003035.16
  Avg 4057400003668.628
  Std 17685796573376.598
-- Generation 9 --
  Evaluated 11 individuals
  Min 3536.337406876414
  Max 70291000003241.016
  Avg 6343150003576.706
  Std 19152682353154.043
-- End of (successful) evolution --
Total evaluations: 105 

Best individual is [0.11262438 0.23703701 0.81842472 0.03007724 0.93168038 0.33803209
 0.56271245 0.76120279 0.97506758 0.05053113 0.16891748], (3536.337406876414,)

 o  Retrieving project data
 o  Retrieving project data
 o  Retrieving project data
 o  Retrieving project data
 o  Retrieving project data
 o  Retrieving project data
 o  Retrieving project data
 o  Retrieving project data
 o  Retrieving project data
 o  Retrieving project data
 o  Retrieving project data
 o  Retrieving project data
 o  Retrieving project data
 o  Retrieving project data
 o  Retrieving project data
 o  Retrieving project data
 o  Retrieving project data
 o  Retrieving project data
 o  Retrieving project data
 o  Retrieving project data
 o  Retrieving project data
 o  Retrieving project data
 o  Retrieving project data
 o  Retrieving project data
 o  Retrieving project data
 o  Retrieving project data
 o  Retrieving project data
 o  Retrieving project data
 o  Retrieving project data
 o  Retrieving project data
 o  Retrieving project data
 o  Retrieving project data
 o  Retrieving project data
 o  Retrieving project data
 o  Retrieving project data
 o  Retrieving project data
 o  Retrieving project data
 o  Retrieving project data
 o  Retrieving project data
 o  Retrieving project data
 o  Retrieving project data
 o  Retrieving project data
 o  Retrieving project data
 o  Retrieving project data
 o  Retrieving project data
 o  Retrieving project data
 o  Retrieving project data
 o  Retrieving project data
 o  Retrieving project data
 o  Retrieving project data
 o  Retrieving project data
 o  Retrieving project data
 o  Retrieving project data
 o  Retrieving project data
 o  Retrieving project data
 o  Retrieving project data
 o  Retrieving project data
 o  Retrieving project data
 o  Retrieving project data
 o  Retrieving project data
 o  Retrieving project data
 o  Retrieving project data
 o  Retrieving project data
 o  Retrieving project data
 o  Retrieving project data
 o  Retrieving project data
 o  Retrieving project data
 o  Retrieving project data
 o  Retrieving project data
 o  Retrieving project data
 o  Retrieving project data
 o  Retrieving project data
 o  Retrieving project data
 o  Retrieving project data
 o  Retrieving project data
 o  Retrieving project data
 o  Retrieving project data
 o  Retrieving project data
 o  Retrieving project data
 o  Retrieving project data
 o  Retrieving project data
 o  Retrieving project data
 o  Retrieving project data
 o  Retrieving project data
 o  Retrieving project data
 o  Retrieving project data
 o  Retrieving project data
 o  Retrieving project data
 o  Retrieving project data
 o  Retrieving project data
 o  Retrieving project dataStart of evolution
  Evaluated 20 individuals
-- Generation 1 --
  Evaluated 16 individuals
  Min 2591.6972388540835
  Max 81753000002862.92
  Avg 4713250005285.135
  Std 17882685258795.312
-- Generation 2 --
  Evaluated 14 individuals
  Min 2591.6972388540835
  Max 79097000001243.34
  Avg 3954850004394.401
  Std 17238791486138.93
-- Generation 3 --
  Evaluated 16 individuals
  Min 2591.6972388540835
  Max 165520000000018.12
  Avg 13055100004046.29
  Std 40696484124666.375
-- Generation 4 --
  Evaluated 11 individuals
  Min 2591.6972388540835
  Max 135396000002472.75
  Avg 6769800004232.274
  Std 29508874067577.99
-- Generation 5 --
  Evaluated 14 individuals
  Min 0.0
  Max 109603000002064.12
  Avg 16667700003254.594
  Std 31758569245941.863
-- End of (successful) evolution --
Total evaluations: 71 

Best individual is [0.10233566 0.08345874 0.37486362 0.01145813 0.03617134 0.91691157
 0.4868088  0.04684937 0.         0.98833844 0.6099536 ], (0.0,)
