
 o  Retrieving project data
 o  Retrieving project data
 o  Retrieving project data
 o  Retrieving project data
 o  Retrieving project data
 o  Retrieving project data
 o  Retrieving project data
 o  Retrieving project data
 o  Retrieving project data
 o  Retrieving project data
 o  Retrieving project data
 o  Retrieving project data
 o  Retrieving project data
 o  Retrieving project data
 o  Retrieving project data
 o  Retrieving project data
 o  Retrieving project data
 o  Retrieving project data
 o  Retrieving project data
 o  Retrieving project data
 o  Retrieving project data
 o  Retrieving project data
 o  Retrieving project data
 o  Retrieving project data
 o  Retrieving project data
 o  Retrieving project data
 o  Retrieving project data
 o  Retrieving project data
 o  Retrieving project data
 o  Retrieving project data
 o  Retrieving project data
 o  Retrieving project data
 o  Retrieving project data
 o  Retrieving project data
 o  Retrieving project data
 o  Retrieving project data
 o  Retrieving project data
 o  Retrieving project data
 o  Retrieving project data
 o  Retrieving project data
 o  Retrieving project data
 o  Retrieving project data
 o  Retrieving project data
 o  Retrieving project data
 o  Retrieving project data
 o  Retrieving project data
 o  Retrieving project data
 o  Retrieving project data
 o  Retrieving project data
 o  Retrieving project data
 o  Retrieving project data
 o  Retrieving project data
 o  Retrieving project data
 o  Retrieving project data
 o  Retrieving project data
 o  Retrieving project data
 o  Retrieving project data
 o  Retrieving project data
 o  Retrieving project data
 o  Retrieving project data
 o  Retrieving project data
 o  Retrieving project data
 o  Retrieving project data
 o  Retrieving project data
 o  Retrieving project data
 o  Retrieving project data
 o  Retrieving project data
 o  Retrieving project data
 o  Retrieving project data
 o  Retrieving project data
 o  Retrieving project data
 o  Retrieving project data
 o  Retrieving project data
 o  Retrieving project data
 o  Retrieving project data
 o  Retrieving project data
 o  Retrieving project data
 o  Retrieving project data
 o  Retrieving project data
 o  Retrieving project data
 o  Retrieving project data
 o  Retrieving project data
 o  Retrieving project data
 o  Retrieving project data
 o  Retrieving project data
 o  Retrieving project data
 o  Retrieving project data
 o  Retrieving project data
 o  Retrieving project data
 o  Retrieving project data
 o  Retrieving project data
 o  Retrieving project data
 o  Retrieving project data
 o  Retrieving project data
 o  Retrieving project data
 o  Retrieving project data
 o  Retrieving project data
 o  Retrieving project data
 o  Retrieving project data
 o  Retrieving project data
 o  Retrieving project data
 o  Retrieving project data
 o  Retrieving project data
 o  Retrieving project data
 o  Retrieving project data
 o  Retrieving project data
 o  Retrieving project data
 o  Retrieving project data
 o  Retrieving project data
 o  Retrieving project data
 o  Retrieving project data
 o  Retrieving project data
 o  Retrieving project data
 o  Retrieving project data
 o  Retrieving project data
 o  Retrieving project data
 o  Retrieving project data
 o  Retrieving project data
 o  Retrieving project data
 o  Retrieving project data
 o  Retrieving project data
 o  Retrieving project data
 o  Retrieving project data
 o  Retrieving project data
 o  Retrieving project data
 o  Retrieving project data
 o  Retrieving project data
 o  Retrieving project data
 o  Retrieving project data
 o  Retrieving project data
 o  Retrieving project data
 o  Retrieving project data
 o  Retrieving project dataStart of evolution
  Evaluated 20 individuals
-- Generation 1 --
  Evaluated 16 individuals
  Min 4701.943175247432
  Max 74196000001791.75
  Avg 5828600006498.159
  Std 18195219471064.535
-- Generation 2 --
  Evaluated 13 individuals
  Min 4701.943175247432
  Max 82489000003387.78
  Avg 6250250006186.111
  Std 19787284901010.613
-- Generation 3 --
  Evaluated 14 individuals
  Min 3164.8328859722374
  Max 84019000002357.94
  Avg 11915950004982.066
  Std 28475661537397.49
-- Generation 4 --
  Evaluated 16 individuals
  Min 3164.8328859722374
  Max 177648000001125.0
  Avg 13119350004492.506
  Std 39816365968927.58
-- Generation 5 --
  Evaluated 9 individuals
  Min 3164.8328859722374
  Max 179239000000000.0
  Avg 8961950003835.951
  Std 39064234386184.31
-- Generation 6 --
  Evaluated 13 individuals
  Min 3158.5636036692617
  Max 93668000002103.95
  Avg 17935900003131.965
  Std 35925589667350.36
-- Generation 7 --
  Evaluated 9 individuals
  Min 2236.1183432572034
  Max 121157000001130.19
  Avg 10168800003011.035
  Std 31121449789906.566
-- Generation 8 --
  Evaluated 11 individuals
  Min 2236.1183432572034
  Max 78613000002412.47
  Avg 3930650003150.569
  Std 17133306132258.816
-- Generation 9 --
  Evaluated 12 individuals
  Min 2085.15579923987
  Max 89376000000500.7
  Avg 4468800002854.51
  Std 19479047598354.562
-- End of (successful) evolution --
Total evaluations: 113 

Best individual is [0.24976523 0.9610797  0.22270247 0.20262354 0.97029402 0.43957458
 0.02146553 0.13631861 0.01985349 0.29847601 0.        ], (2085.15579923987,)

 o  Retrieving project data
 o  Retrieving project data
 o  Retrieving project data
 o  Retrieving project data
 o  Retrieving project data
 o  Retrieving project data
 o  Retrieving project data
 o  Retrieving project data
 o  Retrieving project data
 o  Retrieving project data
 o  Retrieving project data
 o  Retrieving project data
 o  Retrieving project data
 o  Retrieving project data
 o  Retrieving project data
 o  Retrieving project data
 o  Retrieving project data
 o  Retrieving project data
 o  Retrieving project data
 o  Retrieving project data
 o  Retrieving project data
 o  Retrieving project data
 o  Retrieving project data
 o  Retrieving project data
 o  Retrieving project data
 o  Retrieving project data
 o  Retrieving project data
 o  Retrieving project data
 o  Retrieving project data
 o  Retrieving project data
 o  Retrieving project data
 o  Retrieving project data
 o  Retrieving project data
 o  Retrieving project data
 o  Retrieving project data
 o  Retrieving project data
 o  Retrieving project data
 o  Retrieving project data
 o  Retrieving project data
 o  Retrieving project data
 o  Retrieving project data
 o  Retrieving project data
 o  Retrieving project data
 o  Retrieving project data
 o  Retrieving project data
 o  Retrieving project data
 o  Retrieving project data
 o  Retrieving project data
 o  Retrieving project data
 o  Retrieving project data
 o  Retrieving project data
 o  Retrieving project data
 o  Retrieving project data
 o  Retrieving project data
 o  Retrieving project data
 o  Retrieving project data
 o  Retrieving project data
 o  Retrieving project data
 o  Retrieving project data
 o  Retrieving project data
 o  Retrieving project data
 o  Retrieving project data
 o  Retrieving project data
 o  Retrieving project data
 o  Retrieving project data
 o  Retrieving project data
 o  Retrieving project data
 o  Retrieving project data
 o  Retrieving project data
 o  Retrieving project data
 o  Retrieving project data
 o  Retrieving project data
 o  Retrieving project data
 o  Retrieving project data
 o  Retrieving project data
 o  Retrieving project data
 o  Retrieving project data
 o  Retrieving project data
 o  Retrieving project data
 o  Retrieving project data
 o  Retrieving project data
 o  Retrieving project data
 o  Retrieving project data
 o  Retrieving project data
 o  Retrieving project data
 o  Retrieving project data
 o  Retrieving project data
 o  Retrieving project data
 o  Retrieving project data
 o  Retrieving project data
 o  Retrieving project data
 o  Retrieving project data
 o  Retrieving project data
 o  Retrieving project data
 o  Retrieving project data
 o  Retrieving project data
 o  Retrieving project data
 o  Retrieving project data
 o  Retrieving project data
 o  Retrieving project data
 o  Retrieving project data
 o  Retrieving project data
 o  Retrieving project data
 o  Retrieving project data
 o  Retrieving project data
 o  Retrieving project data
 o  Retrieving project data
 o  Retrieving project data
 o  Retrieving project data
 o  Retrieving project data
 o  Retrieving project data
 o  Retrieving project data
 o  Retrieving project data
 o  Retrieving project data
 o  Retrieving project data
 o  Retrieving project data
 o  Retrieving project data
 o  Retrieving project data
 o  Retrieving project data
 o  Retrieving project data
 o  Retrieving project data
 o  Retrieving project data
 o  Retrieving project data
 o  Retrieving project data
 o  Retrieving project data
 o  Retrieving project data
 o  Retrieving project data
 o  Retrieving project data
 o  Retrieving project data
 o  Retrieving project data
 o  Retrieving project data
 o  Retrieving project data
 o  Retrieving project data
 o  Retrieving project data
 o  Retrieving project data
 o  Retrieving project data
 o  Retrieving project dataStart of evolution
  Evaluated 20 individuals
-- Generation 1 --
  Evaluated 13 individuals
  Min 1022.3825804089204
  Max 182149000000000.0
  Avg 13747150005297.086
  Std 43594324156229.73
-- Generation 2 --
  Evaluated 14 individuals
  Min 1022.3825804089204
  Max 93732000001504.8
  Avg 11265200003717.49
  Std 28296639175246.664
-- Generation 3 --
  Evaluated 13 individuals
  Min 739.0061190259544
  Max 42635000002404.78
  Avg 2131750001946.273
  Std 9292082822998.02
-- Generation 4 --
  Evaluated 10 individuals
  Min 739.0061190259544
  Max 176535000001447.12
  Avg 13512650000996.805
  Std 42600372972908.49
-- Generation 5 --
  Evaluated 15 individuals
  Min 739.0061190259544
  Max 99506000000000.0
  Avg 4975300000899.869
  Std 21686829913591.47
-- Generation 6 --
  Evaluated 13 individuals
  Min 739.0061190259544
  Max 99506000000000.0
  Avg 4975300000855.615
  Std 21686829913601.62
-- Generation 7 --
  Evaluated 11 individuals
  Min 696.4474509529973
  Max 1001.4635477838984
  Avg 808.986401682321
  Std 102.4760176918206
-- Generation 8 --
  Evaluated 16 individuals
  Min 696.4474509529973
  Max 94411000000000.0
  Avg 11088900000629.832
  Std 27067264935284.215
-- Generation 9 --
  Evaluated 12 individuals
  Min 696.4474509529973
  Max 84010000000000.0
  Avg 4200500000693.543
  Std 18309555012183.49
-- End of (successful) evolution --
Total evaluations: 117 

Best individual is [0.11473047 0.07936957 0.55107957 0.07149112 0.72931303 0.30614406
 0.17822502 0.20402126 0.         0.107905   0.84922841], (696.4474509529973,)
