
 o  Retrieving project data
 o  Retrieving project data
 o  Retrieving project data
 o  Retrieving project data
 o  Retrieving project data
 o  Retrieving project data
 o  Retrieving project data
 o  Retrieving project data
 o  Retrieving project data
 o  Retrieving project data
 o  Retrieving project data
 o  Retrieving project data
 o  Retrieving project data
 o  Retrieving project data
 o  Retrieving project data
 o  Retrieving project data
 o  Retrieving project data
 o  Retrieving project data
 o  Retrieving project data
 o  Retrieving project data
 o  Retrieving project data
 o  Retrieving project data
 o  Retrieving project data
 o  Retrieving project data
 o  Retrieving project data
 o  Retrieving project data
 o  Retrieving project data
 o  Retrieving project data
 o  Retrieving project data
 o  Retrieving project data
 o  Retrieving project data
 o  Retrieving project data
 o  Retrieving project data
 o  Retrieving project data
 o  Retrieving project data
 o  Retrieving project data
 o  Retrieving project data
 o  Retrieving project data
 o  Retrieving project data
 o  Retrieving project data
 o  Retrieving project data
 o  Retrieving project data
 o  Retrieving project data
 o  Retrieving project data
 o  Retrieving project data
 o  Retrieving project data
 o  Retrieving project data
 o  Retrieving project data
 o  Retrieving project data
 o  Retrieving project data
 o  Retrieving project data
 o  Retrieving project data
 o  Retrieving project data
 o  Retrieving project data
 o  Retrieving project data
 o  Retrieving project data
 o  Retrieving project data
 o  Retrieving project data
 o  Retrieving project data
 o  Retrieving project data
 o  Retrieving project data
 o  Retrieving project data
 o  Retrieving project data
 o  Retrieving project data
 o  Retrieving project data
 o  Retrieving project data
 o  Retrieving project data
 o  Retrieving project data
 o  Retrieving project data
 o  Retrieving project data
 o  Retrieving project data
 o  Retrieving project data
 o  Retrieving project data
 o  Retrieving project data
 o  Retrieving project data
 o  Retrieving project data
 o  Retrieving project data
 o  Retrieving project data
 o  Retrieving project data
 o  Retrieving project data
 o  Retrieving project data
 o  Retrieving project data
 o  Retrieving project data
 o  Retrieving project data
 o  Retrieving project data
 o  Retrieving project data
 o  Retrieving project data
 o  Retrieving project data
 o  Retrieving project data
 o  Retrieving project data
 o  Retrieving project data
 o  Retrieving project data
 o  Retrieving project data
 o  Retrieving project data
 o  Retrieving project data
 o  Retrieving project data
 o  Retrieving project data
 o  Retrieving project data
 o  Retrieving project data
 o  Retrieving project data
 o  Retrieving project data
 o  Retrieving project data
 o  Retrieving project data
 o  Retrieving project data
 o  Retrieving project data
 o  Retrieving project data
 o  Retrieving project data
 o  Retrieving project data
 o  Retrieving project data
 o  Retrieving project data
 o  Retrieving project data
 o  Retrieving project data
 o  Retrieving project dataStart of evolution
  Evaluated 20 individuals
-- Generation 1 --
  Evaluated 9 individuals
  Min 3047.4318679035687
  Max 97368000003110.02
  Avg 9052150006290.607
  Std 27242617950069.44
-- Generation 2 --
  Evaluated 14 individuals
  Min 3047.4318679035687
  Max 120900000002704.9
  Avg 10232050005008.488
  Std 31253374326526.473
-- Generation 3 --
  Evaluated 8 individuals
  Min 3047.4318679035687
  Max 82001000004163.45
  Avg 4100050004450.807
  Std 17871703613398.016
-- Generation 4 --
  Evaluated 6 individuals
  Min 3047.4318679035687
  Max 4632.113997029103
  Avg 3127.3907503166265
  Std 345.22160367725
-- Generation 5 --
  Evaluated 11 individuals
  Min 3047.4318679035687
  Max 69513000002649.63
  Avg 3475650003027.54
  Std 15150007113030.443
-- Generation 6 --
  Evaluated 11 individuals
  Min 3047.4318679035687
  Max 69513000002649.63
  Avg 3475650003027.54
  Std 15150007113030.443
-- Generation 7 --
  Evaluated 8 individuals
  Min 3047.4318679035687
  Max 167841000000052.56
  Avg 8392050002897.689
  Std 36580097878487.79
-- Generation 8 --
  Evaluated 13 individuals
  Min 3047.4318679035687
  Max 99028000000163.6
  Avg 5222850002883.474
  Std 21552790517713.477
-- Generation 9 --
  Evaluated 13 individuals
  Min 3047.4318679035687
  Max 221788000000513.8
  Avg 14603300002913.45
  Std 49931846956193.14
-- End of (successful) evolution --
Total evaluations: 93 

Best individual is [0.77203293 0.74892346 0.05183368 0.77565887 0.0367522  0.00597729
 0.85427138 0.57697999 0.95424415 0.07911615 0.8702465 ], (3047.4318679035687,)

 o  Retrieving project data
 o  Retrieving project data
 o  Retrieving project data
 o  Retrieving project data
 o  Retrieving project data
 o  Retrieving project data
 o  Retrieving project data
 o  Retrieving project data
 o  Retrieving project data
 o  Retrieving project data
 o  Retrieving project data
 o  Retrieving project data
 o  Retrieving project data
 o  Retrieving project data
 o  Retrieving project data
 o  Retrieving project data
 o  Retrieving project data
 o  Retrieving project data
 o  Retrieving project data
 o  Retrieving project data
 o  Retrieving project data
 o  Retrieving project data
 o  Retrieving project data
 o  Retrieving project data
 o  Retrieving project data
 o  Retrieving project data
 o  Retrieving project data
 o  Retrieving project data
 o  Retrieving project data
 o  Retrieving project data
 o  Retrieving project data
 o  Retrieving project data
 o  Retrieving project data
 o  Retrieving project data
 o  Retrieving project data
 o  Retrieving project data
 o  Retrieving project data
 o  Retrieving project data
 o  Retrieving project data
 o  Retrieving project data
 o  Retrieving project data
 o  Retrieving project data
 o  Retrieving project data
 o  Retrieving project data
 o  Retrieving project data
 o  Retrieving project data
 o  Retrieving project data
 o  Retrieving project data
 o  Retrieving project data
 o  Retrieving project data
 o  Retrieving project data
 o  Retrieving project data
 o  Retrieving project data
 o  Retrieving project data
 o  Retrieving project data
 o  Retrieving project data
 o  Retrieving project data
 o  Retrieving project data
 o  Retrieving project data
 o  Retrieving project data
 o  Retrieving project data
 o  Retrieving project data
 o  Retrieving project data
 o  Retrieving project data
 o  Retrieving project data
 o  Retrieving project data
 o  Retrieving project data
 o  Retrieving project data
 o  Retrieving project data
 o  Retrieving project data
 o  Retrieving project data
 o  Retrieving project data
 o  Retrieving project data
 o  Retrieving project data
 o  Retrieving project data
 o  Retrieving project data
 o  Retrieving project data
 o  Retrieving project data
 o  Retrieving project data
 o  Retrieving project data
 o  Retrieving project data
 o  Retrieving project data
 o  Retrieving project data
 o  Retrieving project data
 o  Retrieving project data
 o  Retrieving project data
 o  Retrieving project data
 o  Retrieving project data
 o  Retrieving project data
 o  Retrieving project data
 o  Retrieving project data
 o  Retrieving project data
 o  Retrieving project data
 o  Retrieving project data
 o  Retrieving project data
 o  Retrieving project data
 o  Retrieving project data
 o  Retrieving project data
 o  Retrieving project data
 o  Retrieving project data
 o  Retrieving project data
 o  Retrieving project data
 o  Retrieving project data
 o  Retrieving project data
 o  Retrieving project data
 o  Retrieving project data
 o  Retrieving project data
 o  Retrieving project data
 o  Retrieving project data
 o  Retrieving project data
 o  Retrieving project data
 o  Retrieving project data
 o  Retrieving project data
 o  Retrieving project data
 o  Retrieving project data
 o  Retrieving project data
 o  Retrieving project data
 o  Retrieving project data
 o  Retrieving project data
 o  Retrieving project data
 o  Retrieving project data
 o  Retrieving project data
 o  Retrieving project data
 o  Retrieving project data
 o  Retrieving project data
 o  Retrieving project data
 o  Retrieving project data
 o  Retrieving project data
 o  Retrieving project data
 o  Retrieving project data
 o  Retrieving project data
 o  Retrieving project data
 o  Retrieving project data
 o  Retrieving project data
 o  Retrieving project data
 o  Retrieving project dataStart of evolution
  Evaluated 20 individuals
-- Generation 1 --
  Evaluated 11 individuals
  Min 4330.262927508411
  Max 4775000003722.093
  Avg 238750005506.27988
  Std 1040687122361.0153
-- Generation 2 --
  Evaluated 12 individuals
  Min 4330.262927508411
  Max 116757000001459.47
  Avg 15374400004800.254
  Std 36806651345540.11
-- Generation 3 --
  Evaluated 13 individuals
  Min 2469.846008680936
  Max 83842000002519.25
  Avg 4192100004289.5376
  Std 18272940260810.727
-- Generation 4 --
  Evaluated 14 individuals
  Min 2469.846008680936
  Max 125788000002055.0
  Avg 14795950003484.803
  Std 37107895511792.1
-- Generation 5 --
  Evaluated 18 individuals
  Min 1108.8429584877488
  Max 109646000001907.75
  Avg 16601850002878.926
  Std 34958627029861.215
-- Generation 6 --
  Evaluated 15 individuals
  Min 1108.8429584877488
  Max 85506000000209.94
  Avg 12412700002362.256
  Std 29559453110120.863
-- Generation 7 --
  Evaluated 9 individuals
  Min 920.7325074772752
  Max 5000000000.0
  Avg 250002162.2214736
  Std 1089724239.8377185
-- Generation 8 --
  Evaluated 14 individuals
  Min 920.7325074772752
  Max 78395000000257.22
  Avg 3919750002024.6846
  Std 17085794133538.07
-- Generation 9 --
  Evaluated 10 individuals
  Min 920.7325074772752
  Max 82373000000266.47
  Avg 8137400001372.303
  Std 24414243976036.746
-- End of (successful) evolution --
Total evaluations: 116 

Best individual is [0.04208136 0.04210343 0.91693549 0.01113474 0.85198731 0.28884387
 0.2915763  0.83420092 0.26991556 0.80209727 0.        ], (920.7325074772752,)
