
 o  Retrieving project data
 o  Retrieving project data
 o  Retrieving project data
 o  Retrieving project data
 o  Retrieving project data
 o  Retrieving project data
 o  Retrieving project data
 o  Retrieving project data
 o  Retrieving project data
 o  Retrieving project data
 o  Retrieving project data
 o  Retrieving project data
 o  Retrieving project data
 o  Retrieving project data
 o  Retrieving project data
 o  Retrieving project data
 o  Retrieving project data
 o  Retrieving project data
 o  Retrieving project data
 o  Retrieving project data
 o  Retrieving project data
 o  Retrieving project data
 o  Retrieving project data
 o  Retrieving project data
 o  Retrieving project data
 o  Retrieving project data
 o  Retrieving project data
 o  Retrieving project data
 o  Retrieving project data
 o  Retrieving project data
 o  Retrieving project data
 o  Retrieving project data
 o  Retrieving project data
 o  Retrieving project data
 o  Retrieving project data
 o  Retrieving project data
 o  Retrieving project data
 o  Retrieving project data
 o  Retrieving project data
 o  Retrieving project data
 o  Retrieving project data
 o  Retrieving project data
 o  Retrieving project data
 o  Retrieving project data
 o  Retrieving project data
 o  Retrieving project data
 o  Retrieving project data
 o  Retrieving project data
 o  Retrieving project data
 o  Retrieving project data
 o  Retrieving project data
 o  Retrieving project data
 o  Retrieving project data
 o  Retrieving project data
 o  Retrieving project data
 o  Retrieving project data
 o  Retrieving project data
 o  Retrieving project data
 o  Retrieving project data
 o  Retrieving project data
 o  Retrieving project data
 o  Retrieving project data
 o  Retrieving project data
 o  Retrieving project data
 o  Retrieving project data
 o  Retrieving project data
 o  Retrieving project data
 o  Retrieving project data
 o  Retrieving project data
 o  Retrieving project data
 o  Retrieving project data
 o  Retrieving project data
 o  Retrieving project data
 o  Retrieving project data
 o  Retrieving project data
 o  Retrieving project data
 o  Retrieving project data
 o  Retrieving project data
 o  Retrieving project dataStart of evolution
  Evaluated 20 individuals
-- Generation 1 --
  Evaluated 10 individuals
  Min 3748.0654933147002
  Max 163928000003972.56
  Avg 10540000005957.049
  Std 36638464465009.77
-- Generation 2 --
  Evaluated 11 individuals
  Min 3307.099183287721
  Max 97269000002453.16
  Avg 9555500004520.025
  Std 28671623634140.473
-- Generation 3 --
  Evaluated 18 individuals
  Min 3307.099183287721
  Max 141089000000604.12
  Avg 17618550003405.367
  Std 38822086188961.32
-- Generation 4 --
  Evaluated 10 individuals
  Min 1184.4689554251395
  Max 5040.4943613586565
  Avg 3635.5632980162045
  Std 871.7342553803542
-- Generation 5 --
  Evaluated 10 individuals
  Min 0.0
  Max 98871000000871.1
  Avg 9153450002412.904
  Std 27558179281511.684
-- End of (successful) evolution --
Total evaluations: 59 

Best individual is [0.26471595 0.91579031 0.83294432 0.02623012 0.78579446 0.98414875
 0.77748746 0.2029279  0.         0.9399582  0.94096239], (0.0,)

 o  Retrieving project data
 o  Retrieving project data
 o  Retrieving project data
 o  Retrieving project data
 o  Retrieving project data
 o  Retrieving project data
 o  Retrieving project data
 o  Retrieving project data
 o  Retrieving project data
 o  Retrieving project data
 o  Retrieving project data
 o  Retrieving project data
 o  Retrieving project data
 o  Retrieving project data
 o  Retrieving project data
 o  Retrieving project data
 o  Retrieving project data
 o  Retrieving project data
 o  Retrieving project data
 o  Retrieving project data
 o  Retrieving project data
 o  Retrieving project data
 o  Retrieving project data
 o  Retrieving project data
 o  Retrieving project data
 o  Retrieving project data
 o  Retrieving project data
 o  Retrieving project data
 o  Retrieving project data
 o  Retrieving project data
 o  Retrieving project data
 o  Retrieving project data
 o  Retrieving project data
 o  Retrieving project data
 o  Retrieving project data
 o  Retrieving project data
 o  Retrieving project data
 o  Retrieving project data
 o  Retrieving project data
 o  Retrieving project data
 o  Retrieving project data
 o  Retrieving project data
 o  Retrieving project data
 o  Retrieving project data
 o  Retrieving project data
 o  Retrieving project data
 o  Retrieving project data
 o  Retrieving project data
 o  Retrieving project data
 o  Retrieving project data
 o  Retrieving project data
 o  Retrieving project data
 o  Retrieving project data
 o  Retrieving project data
 o  Retrieving project data
 o  Retrieving project data
 o  Retrieving project data
 o  Retrieving project data
 o  Retrieving project data
 o  Retrieving project data
 o  Retrieving project data
 o  Retrieving project data
 o  Retrieving project data
 o  Retrieving project data
 o  Retrieving project data
 o  Retrieving project data
 o  Retrieving project data
 o  Retrieving project data
 o  Retrieving project data
 o  Retrieving project data
 o  Retrieving project data
 o  Retrieving project data
 o  Retrieving project data
 o  Retrieving project data
 o  Retrieving project data
 o  Retrieving project data
 o  Retrieving project data
 o  Retrieving project data
 o  Retrieving project data
 o  Retrieving project data
 o  Retrieving project data
 o  Retrieving project data
 o  Retrieving project data
 o  Retrieving project data
 o  Retrieving project data
 o  Retrieving project data
 o  Retrieving project data
 o  Retrieving project data
 o  Retrieving project data
 o  Retrieving project data
 o  Retrieving project data
 o  Retrieving project data
 o  Retrieving project data
 o  Retrieving project data
 o  Retrieving project data
 o  Retrieving project data
 o  Retrieving project data
 o  Retrieving project data
 o  Retrieving project data
 o  Retrieving project data
 o  Retrieving project data
 o  Retrieving project data
 o  Retrieving project data
 o  Retrieving project data
 o  Retrieving project data
 o  Retrieving project data
 o  Retrieving project data
 o  Retrieving project data
 o  Retrieving project data
 o  Retrieving project dataStart of evolution
  Evaluated 20 individuals
-- Generation 1 --
  Evaluated 11 individuals
  Min 1105.9609288716556
  Max 4255000004407.161
  Avg 212750005884.30902
  Std 927355749899.3973
-- Generation 2 --
  Evaluated 8 individuals
  Min 1105.9609288716556
  Max 93632000003654.52
  Avg 4681600004007.268
  Std 20406621293999.09
-- Generation 3 --
  Evaluated 9 individuals
  Min 1083.2874105451297
  Max 42813000004077.7
  Avg 2140650001814.4832
  Std 9330877024009.56
-- Generation 4 --
  Evaluated 9 individuals
  Min 1083.2874105451297
  Max 134149000000000.0
  Avg 11620450000992.002
  Std 35320167494286.39
-- Generation 5 --
  Evaluated 11 individuals
  Min 1083.2874105451297
  Max 94756000000000.0
  Avg 8860150000989.697
  Std 26651606128148.492
-- Generation 6 --
  Evaluated 12 individuals
  Min 1041.3723430764614
  Max 176893000000000.0
  Avg 16560050000981.504
  Std 49808326207723.47
-- Generation 7 --
  Evaluated 10 individuals
  Min 1041.3723430764614
  Max 1105.9609288716556
  Avg 1081.229863926042
  Std 15.109281754239888
-- Generation 8 --
  Evaluated 8 individuals
  Min 1041.3723430764614
  Max 1083.2874105451297
  Avg 1072.808643677963
  Std 18.14975661458538
-- Generation 9 --
  Evaluated 12 individuals
  Min 1041.3723430764614
  Max 192592000000000.0
  Avg 22729250000841.484
  Std 50075488171851.58
-- End of (successful) evolution --
Total evaluations: 90 

Best individual is [0.26981232 0.7590513  0.05275237 0.46342592 0.57552511 0.84283435
 0.72900031 0.48785002 0.00455363 0.30388704 0.07179512], (1041.3723430764614,)
